[0.020s] Invoking command in '/home/ingeolko/turtlebot3-master/build/turtlebot3_teleop': /usr/bin/cmake --build /home/ingeolko/turtlebot3-master/build/turtlebot3_teleop -- -j4 -l4
[0.070s] Invoked command in '/home/ingeolko/turtlebot3-master/build/turtlebot3_teleop' returned '0': /usr/bin/cmake --build /home/ingeolko/turtlebot3-master/build/turtlebot3_teleop -- -j4 -l4
[0.103s] Invoking command in '/home/ingeolko/turtlebot3-master/build/turtlebot3_teleop': /usr/bin/cmake --build /home/ingeolko/turtlebot3-master/build/turtlebot3_teleop --target tests -- -j4 -l4
[0.165s] Built target tests
[0.176s] Invoked command in '/home/ingeolko/turtlebot3-master/build/turtlebot3_teleop' returned '0': /usr/bin/cmake --build /home/ingeolko/turtlebot3-master/build/turtlebot3_teleop --target tests -- -j4 -l4
[0.224s] Invoking command in '/home/ingeolko/turtlebot3-master/build/turtlebot3_teleop': /usr/bin/cmake --build /home/ingeolko/turtlebot3-master/build/turtlebot3_teleop --target install -- -j4 -l4
[0.272s] [36mInstall the project...[0m
[0.280s] -- Install configuration: ""
[0.281s] + cd /home/ingeolko/turtlebot3-master/turtlebot3_teleop
[0.281s] + mkdir -p /home/ingeolko/turtlebot3-master/install/turtlebot3_teleop/lib/python2.7/dist-packages
[0.281s] + /usr/bin/env PYTHONPATH=/home/ingeolko/turtlebot3-master/install/turtlebot3_teleop/lib/python2.7/dist-packages:/home/ingeolko/turtlebot3-master/build/turtlebot3_teleop/lib/python2.7/dist-packages:/home/ingeolko/turtlebot3-master/install/turtlebot3_teleop/lib/python2.7/dist-packages:/opt/ros/melodic/lib/python2.7/dist-packages CATKIN_BINARY_DIR=/home/ingeolko/turtlebot3-master/build/turtlebot3_teleop /usr/bin/python2 /home/ingeolko/turtlebot3-master/turtlebot3_teleop/setup.py build --build-base /home/ingeolko/turtlebot3-master/build/turtlebot3_teleop install --root=/ --install-layout=deb --prefix=/home/ingeolko/turtlebot3-master/install/turtlebot3_teleop --install-scripts=/home/ingeolko/turtlebot3-master/install/turtlebot3_teleop/bin
[0.315s] running build
[0.315s] running build_py
[0.315s] running install
[0.316s] running install_lib
[0.316s] running install_egg_info
[0.316s] Removing /home/ingeolko/turtlebot3-master/install/turtlebot3_teleop/lib/python2.7/dist-packages/turtlebot3_teleop-1.2.6.egg-info
[0.317s] Writing /home/ingeolko/turtlebot3-master/install/turtlebot3_teleop/lib/python2.7/dist-packages/turtlebot3_teleop-1.2.6.egg-info
[0.322s] -- Up-to-date: /home/ingeolko/turtlebot3-master/install/turtlebot3_teleop/lib/pkgconfig/turtlebot3_teleop.pc
[0.323s] -- Up-to-date: /home/ingeolko/turtlebot3-master/install/turtlebot3_teleop/share/turtlebot3_teleop/cmake/turtlebot3_teleopConfig.cmake
[0.323s] -- Up-to-date: /home/ingeolko/turtlebot3-master/install/turtlebot3_teleop/share/turtlebot3_teleop/cmake/turtlebot3_teleopConfig-version.cmake
[0.323s] -- Up-to-date: /home/ingeolko/turtlebot3-master/install/turtlebot3_teleop/share/turtlebot3_teleop/package.xml
[0.323s] -- Up-to-date: /home/ingeolko/turtlebot3-master/install/turtlebot3_teleop/lib/turtlebot3_teleop/turtlebot3_teleop_key
[0.324s] -- Up-to-date: /home/ingeolko/turtlebot3-master/install/turtlebot3_teleop/share/turtlebot3_teleop/launch
[0.324s] -- Up-to-date: /home/ingeolko/turtlebot3-master/install/turtlebot3_teleop/share/turtlebot3_teleop/launch/turtlebot3_teleop_key.launch
[0.326s] Invoked command in '/home/ingeolko/turtlebot3-master/build/turtlebot3_teleop' returned '0': /usr/bin/cmake --build /home/ingeolko/turtlebot3-master/build/turtlebot3_teleop --target install -- -j4 -l4
