[0.017s] Invoking command in '/home/ingeolko/turtlebot3-master/build/turtlebot3_teleop': /usr/bin/cmake /home/ingeolko/turtlebot3-master/turtlebot3_teleop -DCATKIN_INSTALL_INTO_PREFIX_ROOT=0 -DCMAKE_INSTALL_PREFIX=/home/ingeolko/turtlebot3-master/install/turtlebot3_teleop
[0.086s] -- The C compiler identification is GNU 7.5.0
[0.147s] -- The CXX compiler identification is GNU 7.5.0
[0.152s] -- Check for working C compiler: /usr/bin/cc
[0.215s] -- Check for working C compiler: /usr/bin/cc -- works
[0.215s] -- Detecting C compiler ABI info
[0.282s] -- Detecting C compiler ABI info - done
[0.291s] -- Detecting C compile features
[0.485s] -- Detecting C compile features - done
[0.488s] -- Check for working CXX compiler: /usr/bin/c++
[0.570s] -- Check for working CXX compiler: /usr/bin/c++ -- works
[0.570s] -- Detecting CXX compiler ABI info
[0.642s] -- Detecting CXX compiler ABI info - done
[0.651s] -- Detecting CXX compile features
[0.980s] -- Detecting CXX compile features - done
[0.982s] -- Using CATKIN_DEVEL_PREFIX: /home/ingeolko/turtlebot3-master/build/turtlebot3_teleop/devel
[0.982s] -- Using CMAKE_PREFIX_PATH: /opt/ros/melodic
[0.982s] -- This workspace overlays: /opt/ros/melodic
[0.994s] -- Found PythonInterp: /usr/bin/python2 (found suitable version "2.7.17", minimum required is "2") 
[0.995s] -- Using PYTHON_EXECUTABLE: /usr/bin/python2
[0.995s] -- Using Debian Python package layout
[0.995s] -- Using empy: /usr/bin/empy
[1.139s] -- Using CATKIN_ENABLE_TESTING: ON
[1.139s] -- Call enable_testing()
[1.141s] -- Using CATKIN_TEST_RESULTS_DIR: /home/ingeolko/turtlebot3-master/build/turtlebot3_teleop/test_results
[1.158s] -- Found gtest sources under '/usr/src/googletest': gtests will be built
[1.158s] -- Found gmock sources under '/usr/src/googletest': gmock will be built
[1.170s] -- Found PythonInterp: /usr/bin/python2 (found version "2.7.17") 
[1.171s] -- Looking for pthread.h
[1.249s] -- Looking for pthread.h - found
[1.250s] -- Looking for pthread_create
[1.316s] -- Looking for pthread_create - not found
[1.317s] -- Looking for pthread_create in pthreads
[1.370s] -- Looking for pthread_create in pthreads - not found
[1.370s] -- Looking for pthread_create in pthread
[1.434s] -- Looking for pthread_create in pthread - found
[1.435s] -- Found Threads: TRUE  
[1.439s] -- Using Python nosetests: /usr/bin/nosetests-2.7
[1.480s] -- catkin 0.7.29
[1.480s] -- BUILD_SHARED_LIBS is on
[2.297s] -- Configuring done
[2.311s] -- Generating done
[2.364s] -- Build files have been written to: /home/ingeolko/turtlebot3-master/build/turtlebot3_teleop
[2.369s] Invoked command in '/home/ingeolko/turtlebot3-master/build/turtlebot3_teleop' returned '0': /usr/bin/cmake /home/ingeolko/turtlebot3-master/turtlebot3_teleop -DCATKIN_INSTALL_INTO_PREFIX_ROOT=0 -DCMAKE_INSTALL_PREFIX=/home/ingeolko/turtlebot3-master/install/turtlebot3_teleop
[2.372s] Invoking command in '/home/ingeolko/turtlebot3-master/build/turtlebot3_teleop': /usr/bin/cmake --build /home/ingeolko/turtlebot3-master/build/turtlebot3_teleop -- -j4 -l4
[2.413s] Invoked command in '/home/ingeolko/turtlebot3-master/build/turtlebot3_teleop' returned '0': /usr/bin/cmake --build /home/ingeolko/turtlebot3-master/build/turtlebot3_teleop -- -j4 -l4
[2.442s] Invoking command in '/home/ingeolko/turtlebot3-master/build/turtlebot3_teleop': /usr/bin/cmake --build /home/ingeolko/turtlebot3-master/build/turtlebot3_teleop --target tests -- -j4 -l4
[2.494s] [35m[1mScanning dependencies of target tests[0m
[2.508s] Built target tests
[2.520s] Invoked command in '/home/ingeolko/turtlebot3-master/build/turtlebot3_teleop' returned '0': /usr/bin/cmake --build /home/ingeolko/turtlebot3-master/build/turtlebot3_teleop --target tests -- -j4 -l4
[2.553s] Invoking command in '/home/ingeolko/turtlebot3-master/build/turtlebot3_teleop': /usr/bin/cmake --build /home/ingeolko/turtlebot3-master/build/turtlebot3_teleop --target install -- -j4 -l4
[2.599s] [36mInstall the project...[0m
[2.608s] -- Install configuration: ""
[2.609s] + cd /home/ingeolko/turtlebot3-master/turtlebot3_teleop
[2.609s] + mkdir -p /home/ingeolko/turtlebot3-master/install/turtlebot3_teleop/lib/python2.7/dist-packages
[3.048s] + /usr/bin/env PYTHONPATH=/home/ingeolko/turtlebot3-master/install/turtlebot3_teleop/lib/python2.7/dist-packages:/home/ingeolko/turtlebot3-master/build/turtlebot3_teleop/lib/python2.7/dist-packages:/opt/ros/melodic/lib/python2.7/dist-packages CATKIN_BINARY_DIR=/home/ingeolko/turtlebot3-master/build/turtlebot3_teleop /usr/bin/python2 /home/ingeolko/turtlebot3-master/turtlebot3_teleop/setup.py build --build-base /home/ingeolko/turtlebot3-master/build/turtlebot3_teleop install --root=/ --install-layout=deb --prefix=/home/ingeolko/turtlebot3-master/install/turtlebot3_teleop --install-scripts=/home/ingeolko/turtlebot3-master/install/turtlebot3_teleop/bin
[3.299s] running build
[3.299s] running build_py
[3.397s] creating /home/ingeolko/turtlebot3-master/build/turtlebot3_teleop/lib.linux-x86_64-2.7
[3.397s] creating /home/ingeolko/turtlebot3-master/build/turtlebot3_teleop/lib.linux-x86_64-2.7/turtlebot3_teleop
[3.397s] copying src/turtlebot3_teleop/__init__.py -> /home/ingeolko/turtlebot3-master/build/turtlebot3_teleop/lib.linux-x86_64-2.7/turtlebot3_teleop
[3.397s] running install
[3.398s] running install_lib
[3.463s] creating /home/ingeolko/turtlebot3-master/install/turtlebot3_teleop/lib/python2.7/dist-packages/turtlebot3_teleop
[3.463s] copying /home/ingeolko/turtlebot3-master/build/turtlebot3_teleop/lib.linux-x86_64-2.7/turtlebot3_teleop/__init__.py -> /home/ingeolko/turtlebot3-master/install/turtlebot3_teleop/lib/python2.7/dist-packages/turtlebot3_teleop
[3.483s] byte-compiling /home/ingeolko/turtlebot3-master/install/turtlebot3_teleop/lib/python2.7/dist-packages/turtlebot3_teleop/__init__.py to __init__.pyc
[3.485s] running install_egg_info
[3.493s] Writing /home/ingeolko/turtlebot3-master/install/turtlebot3_teleop/lib/python2.7/dist-packages/turtlebot3_teleop-1.2.6.egg-info
[3.495s] -- Installing: /home/ingeolko/turtlebot3-master/install/turtlebot3_teleop/lib/pkgconfig/turtlebot3_teleop.pc
[3.495s] -- Installing: /home/ingeolko/turtlebot3-master/install/turtlebot3_teleop/share/turtlebot3_teleop/cmake/turtlebot3_teleopConfig.cmake
[3.496s] -- Installing: /home/ingeolko/turtlebot3-master/install/turtlebot3_teleop/share/turtlebot3_teleop/cmake/turtlebot3_teleopConfig-version.cmake
[3.496s] -- Installing: /home/ingeolko/turtlebot3-master/install/turtlebot3_teleop/share/turtlebot3_teleop/package.xml
[3.496s] -- Installing: /home/ingeolko/turtlebot3-master/install/turtlebot3_teleop/lib/turtlebot3_teleop/turtlebot3_teleop_key
[3.496s] -- Installing: /home/ingeolko/turtlebot3-master/install/turtlebot3_teleop/share/turtlebot3_teleop/launch
[3.496s] -- Installing: /home/ingeolko/turtlebot3-master/install/turtlebot3_teleop/share/turtlebot3_teleop/launch/turtlebot3_teleop_key.launch
[3.504s] Invoked command in '/home/ingeolko/turtlebot3-master/build/turtlebot3_teleop' returned '0': /usr/bin/cmake --build /home/ingeolko/turtlebot3-master/build/turtlebot3_teleop --target install -- -j4 -l4
