-- The C compiler identification is GNU 7.5.0
-- The CXX compiler identification is GNU 7.5.0
-- Check for working C compiler: /usr/bin/cc
-- Check for working C compiler: /usr/bin/cc -- works
-- Detecting C compiler ABI info
-- Detecting C compiler ABI info - done
-- Detecting C compile features
-- Detecting C compile features - done
-- Check for working CXX compiler: /usr/bin/c++
-- Check for working CXX compiler: /usr/bin/c++ -- works
-- Detecting CXX compiler ABI info
-- Detecting CXX compiler ABI info - done
-- Detecting CXX compile features
-- Detecting CXX compile features - done
-- Using CATKIN_DEVEL_PREFIX: /home/ingeolko/turtlebot3-master/build/turtlebot3_bringup/devel
-- Using CMAKE_PREFIX_PATH: /home/ingeolko/turtlebot3-master/install/turtlebot3_teleop;/home/ingeolko/turtlebot3-master/install/turtlebot3_description;/opt/ros/melodic
-- This workspace overlays: /home/ingeolko/turtlebot3-master/install/turtlebot3_teleop;/home/ingeolko/turtlebot3-master/install/turtlebot3_description;/opt/ros/melodic
-- Found PythonInterp: /usr/bin/python2 (found suitable version "2.7.17", minimum required is "2") 
-- Using PYTHON_EXECUTABLE: /usr/bin/python2
-- Using Debian Python package layout
-- Using empy: /usr/bin/empy
-- Using CATKIN_ENABLE_TESTING: ON
-- Call enable_testing()
-- Using CATKIN_TEST_RESULTS_DIR: /home/ingeolko/turtlebot3-master/build/turtlebot3_bringup/test_results
-- Found gtest sources under '/usr/src/googletest': gtests will be built
-- Found gmock sources under '/usr/src/googletest': gmock will be built
-- Found PythonInterp: /usr/bin/python2 (found version "2.7.17") 
-- Looking for pthread.h
-- Looking for pthread.h - found
-- Looking for pthread_create
-- Looking for pthread_create - not found
-- Looking for pthread_create in pthreads
-- Looking for pthread_create in pthreads - not found
-- Looking for pthread_create in pthread
-- Looking for pthread_create in pthread - found
-- Found Threads: TRUE  
-- Using Python nosetests: /usr/bin/nosetests-2.7
-- catkin 0.7.29
-- BUILD_SHARED_LIBS is on
-- Could NOT find turtlebot3_msgs (missing: turtlebot3_msgs_DIR)
-- Could not find the required component 'turtlebot3_msgs'. The following CMake error indicates that you either need to install the package with the same name or change your environment so that it can be found.
-- Configuring incomplete, errors occurred!
See also "/home/ingeolko/turtlebot3-master/build/turtlebot3_bringup/CMakeFiles/CMakeOutput.log".
See also "/home/ingeolko/turtlebot3-master/build/turtlebot3_bringup/CMakeFiles/CMakeError.log".
