[0.013s] Invoking command in '/home/ingeolko/turtlebot3-master/build/turtlebot3_bringup': CMAKE_PREFIX_PATH=/home/ingeolko/turtlebot3-master/install/turtlebot3_teleop:/home/ingeolko/turtlebot3-master/install/turtlebot3_description:${CMAKE_PREFIX_PATH} PKG_CONFIG_PATH=/home/ingeolko/turtlebot3-master/install/turtlebot3_teleop/lib/x86_64-linux-gnu/pkgconfig:/home/ingeolko/turtlebot3-master/install/turtlebot3_teleop/lib/pkgconfig:/home/ingeolko/turtlebot3-master/install/turtlebot3_description/lib/x86_64-linux-gnu/pkgconfig:/home/ingeolko/turtlebot3-master/install/turtlebot3_description/lib/pkgconfig:${PKG_CONFIG_PATH} PYTHONPATH=/home/ingeolko/turtlebot3-master/install/turtlebot3_teleop/lib/python2.7/dist-packages:${PYTHONPATH} ROS_PACKAGE_PATH=/home/ingeolko/turtlebot3-master/install/turtlebot3_teleop/share:/home/ingeolko/turtlebot3-master/install/turtlebot3_description/share:${ROS_PACKAGE_PATH} /usr/bin/cmake /home/ingeolko/turtlebot3-master/turtlebot3_bringup -DCATKIN_INSTALL_INTO_PREFIX_ROOT=0 -DCMAKE_INSTALL_PREFIX=/home/ingeolko/turtlebot3-master/install/turtlebot3_bringup
[0.070s] -- The C compiler identification is GNU 7.5.0
[0.126s] -- The CXX compiler identification is GNU 7.5.0
[0.131s] -- Check for working C compiler: /usr/bin/cc
[0.195s] -- Check for working C compiler: /usr/bin/cc -- works
[0.195s] -- Detecting C compiler ABI info
[0.258s] -- Detecting C compiler ABI info - done
[0.266s] -- Detecting C compile features
[0.457s] -- Detecting C compile features - done
[0.460s] -- Check for working CXX compiler: /usr/bin/c++
[0.532s] -- Check for working CXX compiler: /usr/bin/c++ -- works
[0.532s] -- Detecting CXX compiler ABI info
[0.606s] -- Detecting CXX compiler ABI info - done
[0.614s] -- Detecting CXX compile features
[0.940s] -- Detecting CXX compile features - done
[0.942s] -- Using CATKIN_DEVEL_PREFIX: /home/ingeolko/turtlebot3-master/build/turtlebot3_bringup/devel
[0.942s] -- Using CMAKE_PREFIX_PATH: /home/ingeolko/turtlebot3-master/install/turtlebot3_teleop;/home/ingeolko/turtlebot3-master/install/turtlebot3_description;/opt/ros/melodic
[0.943s] -- This workspace overlays: /home/ingeolko/turtlebot3-master/install/turtlebot3_teleop;/home/ingeolko/turtlebot3-master/install/turtlebot3_description;/opt/ros/melodic
[0.955s] -- Found PythonInterp: /usr/bin/python2 (found suitable version "2.7.17", minimum required is "2") 
[0.955s] -- Using PYTHON_EXECUTABLE: /usr/bin/python2
[0.955s] -- Using Debian Python package layout
[0.956s] -- Using empy: /usr/bin/empy
[1.091s] -- Using CATKIN_ENABLE_TESTING: ON
[1.091s] -- Call enable_testing()
[1.092s] -- Using CATKIN_TEST_RESULTS_DIR: /home/ingeolko/turtlebot3-master/build/turtlebot3_bringup/test_results
[1.110s] -- Found gtest sources under '/usr/src/googletest': gtests will be built
[1.110s] -- Found gmock sources under '/usr/src/googletest': gmock will be built
[1.121s] -- Found PythonInterp: /usr/bin/python2 (found version "2.7.17") 
[1.122s] -- Looking for pthread.h
[1.188s] -- Looking for pthread.h - found
[1.188s] -- Looking for pthread_create
[1.254s] -- Looking for pthread_create - not found
[1.254s] -- Looking for pthread_create in pthreads
[1.308s] -- Looking for pthread_create in pthreads - not found
[1.308s] -- Looking for pthread_create in pthread
[1.372s] -- Looking for pthread_create in pthread - found
[1.373s] -- Found Threads: TRUE  
[1.377s] -- Using Python nosetests: /usr/bin/nosetests-2.7
[1.415s] -- catkin 0.7.29
[1.415s] -- BUILD_SHARED_LIBS is on
[1.565s] -- Could NOT find turtlebot3_msgs (missing: turtlebot3_msgs_DIR)
[1.565s] -- Could not find the required component 'turtlebot3_msgs'. The following CMake error indicates that you either need to install the package with the same name or change your environment so that it can be found.
[1.565s] CMake Error at /opt/ros/melodic/share/catkin/cmake/catkinConfig.cmake:83 (find_package):
[1.565s]   Could not find a package configuration file provided by "turtlebot3_msgs"
[1.566s]   with any of the following names:
[1.566s] 
[1.566s]     turtlebot3_msgsConfig.cmake
[1.566s]     turtlebot3_msgs-config.cmake
[1.566s] 
[1.566s]   Add the installation prefix of "turtlebot3_msgs" to CMAKE_PREFIX_PATH or
[1.566s]   set "turtlebot3_msgs_DIR" to a directory containing one of the above files.
[1.566s]   If "turtlebot3_msgs" provides a separate development package or SDK, be
[1.566s]   sure it has been installed.
[1.566s] Call Stack (most recent call first):
[1.566s]   CMakeLists.txt:13 (find_package)
[1.567s] 
[1.567s] 
[1.567s] -- Configuring incomplete, errors occurred!
[1.567s] See also "/home/ingeolko/turtlebot3-master/build/turtlebot3_bringup/CMakeFiles/CMakeOutput.log".
[1.567s] See also "/home/ingeolko/turtlebot3-master/build/turtlebot3_bringup/CMakeFiles/CMakeError.log".
[1.570s] Invoked command in '/home/ingeolko/turtlebot3-master/build/turtlebot3_bringup' returned '1': CMAKE_PREFIX_PATH=/home/ingeolko/turtlebot3-master/install/turtlebot3_teleop:/home/ingeolko/turtlebot3-master/install/turtlebot3_description:${CMAKE_PREFIX_PATH} PKG_CONFIG_PATH=/home/ingeolko/turtlebot3-master/install/turtlebot3_teleop/lib/x86_64-linux-gnu/pkgconfig:/home/ingeolko/turtlebot3-master/install/turtlebot3_teleop/lib/pkgconfig:/home/ingeolko/turtlebot3-master/install/turtlebot3_description/lib/x86_64-linux-gnu/pkgconfig:/home/ingeolko/turtlebot3-master/install/turtlebot3_description/lib/pkgconfig:${PKG_CONFIG_PATH} PYTHONPATH=/home/ingeolko/turtlebot3-master/install/turtlebot3_teleop/lib/python2.7/dist-packages:${PYTHONPATH} ROS_PACKAGE_PATH=/home/ingeolko/turtlebot3-master/install/turtlebot3_teleop/share:/home/ingeolko/turtlebot3-master/install/turtlebot3_description/share:${ROS_PACKAGE_PATH} /usr/bin/cmake /home/ingeolko/turtlebot3-master/turtlebot3_bringup -DCATKIN_INSTALL_INTO_PREFIX_ROOT=0 -DCMAKE_INSTALL_PREFIX=/home/ingeolko/turtlebot3-master/install/turtlebot3_bringup
