[0.036s] Invoking command in '/home/ingeolko/turtlebot3-master-IngeolKo/turtlebot3-master/build/turtlebot3_example': CMAKE_PREFIX_PATH=/home/ingeolko/turtlebot3-master-IngeolKo/turtlebot3-master/install/turtlebot3_bringup:/home/ingeolko/turtlebot3-master-IngeolKo/turtlebot3-master/install/turtlebot3_teleop:/home/ingeolko/turtlebot3-master-IngeolKo/turtlebot3-master/install/turtlebot3_description:/home/ingeolko/turtlebot3-master-IngeolKo/turtlebot3-master/install/turtlebot3_slam:/home/ingeolko/turtlebot3-master-IngeolKo/turtlebot3-master/install/turtlebot3_navigation:/home/ingeolko/turtlebot3-master-IngeolKo/turtlebot3-master/install/turtlebot3_example:/opt/ros/melodic PKG_CONFIG_PATH=/home/ingeolko/turtlebot3-master-IngeolKo/turtlebot3-master/install/turtlebot3_bringup/lib/x86_64-linux-gnu/pkgconfig:/home/ingeolko/turtlebot3-master-IngeolKo/turtlebot3-master/install/turtlebot3_bringup/lib/pkgconfig:/home/ingeolko/turtlebot3-master-IngeolKo/turtlebot3-master/install/turtlebot3_teleop/lib/x86_64-linux-gnu/pkgconfig:/home/ingeolko/turtlebot3-master-IngeolKo/turtlebot3-master/install/turtlebot3_teleop/lib/pkgconfig:/home/ingeolko/turtlebot3-master-IngeolKo/turtlebot3-master/install/turtlebot3_description/lib/x86_64-linux-gnu/pkgconfig:/home/ingeolko/turtlebot3-master-IngeolKo/turtlebot3-master/install/turtlebot3_description/lib/pkgconfig:/home/ingeolko/turtlebot3-master-IngeolKo/turtlebot3-master/install/turtlebot3/lib/x86_64-linux-gnu/pkgconfig:/home/ingeolko/turtlebot3-master-IngeolKo/turtlebot3-master/install/turtlebot3/lib/pkgconfig:/home/ingeolko/turtlebot3-master-IngeolKo/turtlebot3-master/install/turtlebot3_slam/lib/x86_64-linux-gnu/pkgconfig:/home/ingeolko/turtlebot3-master-IngeolKo/turtlebot3-master/install/turtlebot3_slam/lib/pkgconfig:/home/ingeolko/turtlebot3-master-IngeolKo/turtlebot3-master/install/turtlebot3_navigation/lib/x86_64-linux-gnu/pkgconfig:/home/ingeolko/turtlebot3-master-IngeolKo/turtlebot3-master/install/turtlebot3_navigation/lib/pkgconfig:/home/ingeolko/turtlebot3-master-IngeolKo/turtlebot3-master/install/turtlebot3_example/lib/x86_64-linux-gnu/pkgconfig:/home/ingeolko/turtlebot3-master-IngeolKo/turtlebot3-master/install/turtlebot3_example/lib/pkgconfig:/opt/ros/melodic/lib/pkgconfig PYTHONPATH=/home/ingeolko/turtlebot3-master-IngeolKo/turtlebot3-master/install/turtlebot3_teleop/lib/python2.7/dist-packages:/home/ingeolko/turtlebot3-master-IngeolKo/turtlebot3-master/install/turtlebot3_example/lib/python2.7/dist-packages:/opt/ros/melodic/lib/python2.7/dist-packages ROS_PACKAGE_PATH=/home/ingeolko/turtlebot3-master-IngeolKo/turtlebot3-master/install/turtlebot3_bringup/share:/home/ingeolko/turtlebot3-master-IngeolKo/turtlebot3-master/install/turtlebot3_teleop/share:/home/ingeolko/turtlebot3-master-IngeolKo/turtlebot3-master/install/turtlebot3_description/share:/home/ingeolko/turtlebot3-master-IngeolKo/turtlebot3-master/install/turtlebot3/share:/home/ingeolko/turtlebot3-master-IngeolKo/turtlebot3-master/install/turtlebot3_slam/share:/home/ingeolko/turtlebot3-master-IngeolKo/turtlebot3-master/install/turtlebot3_navigation/share:/home/ingeolko/turtlebot3-master-IngeolKo/turtlebot3-master/install/turtlebot3_example/share:/opt/ros/melodic/share /usr/bin/cmake --build /home/ingeolko/turtlebot3-master-IngeolKo/turtlebot3-master/build/turtlebot3_example -- -j4 -l4
[0.054s] CMake Error: The current CMakeCache.txt directory /home/ingeolko/turtlebot3-master-IngeolKo/turtlebot3-master/build/turtlebot3_example/CMakeCache.txt is different than the directory /home/ingeolko/turtlebot3-master/build/turtlebot3_example where CMakeCache.txt was created. This may result in binaries being created in the wrong place. If you are not sure, reedit the CMakeCache.txt
[0.221s] [  0%] Built target _turtlebot3_example_generate_messages_check_deps_Turtlebot3Feedback
[0.272s] [  0%] Built target geometry_msgs_generate_messages_eus
[0.325s] [  0%] Built target std_msgs_generate_messages_eus
[0.522s] [  0%] Built target _turtlebot3_example_generate_messages_check_deps_Turtlebot3ActionFeedback
[0.614s] [  0%] Built target actionlib_msgs_generate_messages_eus
[0.735s] [  0%] Built target _turtlebot3_example_generate_messages_check_deps_Turtlebot3Goal
[0.873s] [  0%] Built target _turtlebot3_example_generate_messages_check_deps_Turtlebot3Result
[1.040s] [  0%] Built target _turtlebot3_example_generate_messages_check_deps_Turtlebot3ActionResult
[1.089s] [  0%] Built target std_msgs_generate_messages_py
[1.122s] [  0%] Built target actionlib_msgs_generate_messages_py
[1.229s] [  0%] Built target geometry_msgs_generate_messages_py
[1.317s] [  0%] Built target std_msgs_generate_messages_lisp
[1.399s] [  0%] Built target actionlib_msgs_generate_messages_lisp
[1.455s] [  0%] Built target geometry_msgs_generate_messages_lisp
[1.506s] [  0%] Built target std_msgs_generate_messages_nodejs
[1.550s] [  0%] Built target actionlib_msgs_generate_messages_nodejs
[1.595s] [  0%] Built target geometry_msgs_generate_messages_nodejs
[1.621s] [  0%] Built target std_msgs_generate_messages_cpp
[1.707s] [  0%] Built target actionlib_msgs_generate_messages_cpp
[1.752s] [  0%] Built target geometry_msgs_generate_messages_cpp
[1.846s] [  0%] Built target _turtlebot3_example_generate_messages_check_deps_Turtlebot3Action
[1.967s] [  0%] Built target _turtlebot3_example_generate_messages_check_deps_Turtlebot3ActionGoal
[2.021s] [ 21%] Built target turtlebot3_example_generate_messages_eus
[2.079s] [ 40%] Built target turtlebot3_example_generate_messages_nodejs
[2.111s] [ 59%] Built target turtlebot3_example_generate_messages_cpp
[2.153s] [ 78%] Built target turtlebot3_example_generate_messages_lisp
[2.189s] [100%] Built target turtlebot3_example_generate_messages_py
[2.237s] [100%] Built target turtlebot3_example_generate_messages
[2.260s] Invoked command in '/home/ingeolko/turtlebot3-master-IngeolKo/turtlebot3-master/build/turtlebot3_example' returned '0': CMAKE_PREFIX_PATH=/home/ingeolko/turtlebot3-master-IngeolKo/turtlebot3-master/install/turtlebot3_bringup:/home/ingeolko/turtlebot3-master-IngeolKo/turtlebot3-master/install/turtlebot3_teleop:/home/ingeolko/turtlebot3-master-IngeolKo/turtlebot3-master/install/turtlebot3_description:/home/ingeolko/turtlebot3-master-IngeolKo/turtlebot3-master/install/turtlebot3_slam:/home/ingeolko/turtlebot3-master-IngeolKo/turtlebot3-master/install/turtlebot3_navigation:/home/ingeolko/turtlebot3-master-IngeolKo/turtlebot3-master/install/turtlebot3_example:/opt/ros/melodic PKG_CONFIG_PATH=/home/ingeolko/turtlebot3-master-IngeolKo/turtlebot3-master/install/turtlebot3_bringup/lib/x86_64-linux-gnu/pkgconfig:/home/ingeolko/turtlebot3-master-IngeolKo/turtlebot3-master/install/turtlebot3_bringup/lib/pkgconfig:/home/ingeolko/turtlebot3-master-IngeolKo/turtlebot3-master/install/turtlebot3_teleop/lib/x86_64-linux-gnu/pkgconfig:/home/ingeolko/turtlebot3-master-IngeolKo/turtlebot3-master/install/turtlebot3_teleop/lib/pkgconfig:/home/ingeolko/turtlebot3-master-IngeolKo/turtlebot3-master/install/turtlebot3_description/lib/x86_64-linux-gnu/pkgconfig:/home/ingeolko/turtlebot3-master-IngeolKo/turtlebot3-master/install/turtlebot3_description/lib/pkgconfig:/home/ingeolko/turtlebot3-master-IngeolKo/turtlebot3-master/install/turtlebot3/lib/x86_64-linux-gnu/pkgconfig:/home/ingeolko/turtlebot3-master-IngeolKo/turtlebot3-master/install/turtlebot3/lib/pkgconfig:/home/ingeolko/turtlebot3-master-IngeolKo/turtlebot3-master/install/turtlebot3_slam/lib/x86_64-linux-gnu/pkgconfig:/home/ingeolko/turtlebot3-master-IngeolKo/turtlebot3-master/install/turtlebot3_slam/lib/pkgconfig:/home/ingeolko/turtlebot3-master-IngeolKo/turtlebot3-master/install/turtlebot3_navigation/lib/x86_64-linux-gnu/pkgconfig:/home/ingeolko/turtlebot3-master-IngeolKo/turtlebot3-master/install/turtlebot3_navigation/lib/pkgconfig:/home/ingeolko/turtlebot3-master-IngeolKo/turtlebot3-master/install/turtlebot3_example/lib/x86_64-linux-gnu/pkgconfig:/home/ingeolko/turtlebot3-master-IngeolKo/turtlebot3-master/install/turtlebot3_example/lib/pkgconfig:/opt/ros/melodic/lib/pkgconfig PYTHONPATH=/home/ingeolko/turtlebot3-master-IngeolKo/turtlebot3-master/install/turtlebot3_teleop/lib/python2.7/dist-packages:/home/ingeolko/turtlebot3-master-IngeolKo/turtlebot3-master/install/turtlebot3_example/lib/python2.7/dist-packages:/opt/ros/melodic/lib/python2.7/dist-packages ROS_PACKAGE_PATH=/home/ingeolko/turtlebot3-master-IngeolKo/turtlebot3-master/install/turtlebot3_bringup/share:/home/ingeolko/turtlebot3-master-IngeolKo/turtlebot3-master/install/turtlebot3_teleop/share:/home/ingeolko/turtlebot3-master-IngeolKo/turtlebot3-master/install/turtlebot3_description/share:/home/ingeolko/turtlebot3-master-IngeolKo/turtlebot3-master/install/turtlebot3/share:/home/ingeolko/turtlebot3-master-IngeolKo/turtlebot3-master/install/turtlebot3_slam/share:/home/ingeolko/turtlebot3-master-IngeolKo/turtlebot3-master/install/turtlebot3_navigation/share:/home/ingeolko/turtlebot3-master-IngeolKo/turtlebot3-master/install/turtlebot3_example/share:/opt/ros/melodic/share /usr/bin/cmake --build /home/ingeolko/turtlebot3-master-IngeolKo/turtlebot3-master/build/turtlebot3_example -- -j4 -l4
[2.544s] Invoking command in '/home/ingeolko/turtlebot3-master-IngeolKo/turtlebot3-master/build/turtlebot3_example': CMAKE_PREFIX_PATH=/home/ingeolko/turtlebot3-master-IngeolKo/turtlebot3-master/install/turtlebot3_bringup:/home/ingeolko/turtlebot3-master-IngeolKo/turtlebot3-master/install/turtlebot3_teleop:/home/ingeolko/turtlebot3-master-IngeolKo/turtlebot3-master/install/turtlebot3_description:/home/ingeolko/turtlebot3-master-IngeolKo/turtlebot3-master/install/turtlebot3_slam:/home/ingeolko/turtlebot3-master-IngeolKo/turtlebot3-master/install/turtlebot3_navigation:/home/ingeolko/turtlebot3-master-IngeolKo/turtlebot3-master/install/turtlebot3_example:/opt/ros/melodic PKG_CONFIG_PATH=/home/ingeolko/turtlebot3-master-IngeolKo/turtlebot3-master/install/turtlebot3_bringup/lib/x86_64-linux-gnu/pkgconfig:/home/ingeolko/turtlebot3-master-IngeolKo/turtlebot3-master/install/turtlebot3_bringup/lib/pkgconfig:/home/ingeolko/turtlebot3-master-IngeolKo/turtlebot3-master/install/turtlebot3_teleop/lib/x86_64-linux-gnu/pkgconfig:/home/ingeolko/turtlebot3-master-IngeolKo/turtlebot3-master/install/turtlebot3_teleop/lib/pkgconfig:/home/ingeolko/turtlebot3-master-IngeolKo/turtlebot3-master/install/turtlebot3_description/lib/x86_64-linux-gnu/pkgconfig:/home/ingeolko/turtlebot3-master-IngeolKo/turtlebot3-master/install/turtlebot3_description/lib/pkgconfig:/home/ingeolko/turtlebot3-master-IngeolKo/turtlebot3-master/install/turtlebot3/lib/x86_64-linux-gnu/pkgconfig:/home/ingeolko/turtlebot3-master-IngeolKo/turtlebot3-master/install/turtlebot3/lib/pkgconfig:/home/ingeolko/turtlebot3-master-IngeolKo/turtlebot3-master/install/turtlebot3_slam/lib/x86_64-linux-gnu/pkgconfig:/home/ingeolko/turtlebot3-master-IngeolKo/turtlebot3-master/install/turtlebot3_slam/lib/pkgconfig:/home/ingeolko/turtlebot3-master-IngeolKo/turtlebot3-master/install/turtlebot3_navigation/lib/x86_64-linux-gnu/pkgconfig:/home/ingeolko/turtlebot3-master-IngeolKo/turtlebot3-master/install/turtlebot3_navigation/lib/pkgconfig:/home/ingeolko/turtlebot3-master-IngeolKo/turtlebot3-master/install/turtlebot3_example/lib/x86_64-linux-gnu/pkgconfig:/home/ingeolko/turtlebot3-master-IngeolKo/turtlebot3-master/install/turtlebot3_example/lib/pkgconfig:/opt/ros/melodic/lib/pkgconfig PYTHONPATH=/home/ingeolko/turtlebot3-master-IngeolKo/turtlebot3-master/install/turtlebot3_teleop/lib/python2.7/dist-packages:/home/ingeolko/turtlebot3-master-IngeolKo/turtlebot3-master/install/turtlebot3_example/lib/python2.7/dist-packages:/opt/ros/melodic/lib/python2.7/dist-packages ROS_PACKAGE_PATH=/home/ingeolko/turtlebot3-master-IngeolKo/turtlebot3-master/install/turtlebot3_bringup/share:/home/ingeolko/turtlebot3-master-IngeolKo/turtlebot3-master/install/turtlebot3_teleop/share:/home/ingeolko/turtlebot3-master-IngeolKo/turtlebot3-master/install/turtlebot3_description/share:/home/ingeolko/turtlebot3-master-IngeolKo/turtlebot3-master/install/turtlebot3/share:/home/ingeolko/turtlebot3-master-IngeolKo/turtlebot3-master/install/turtlebot3_slam/share:/home/ingeolko/turtlebot3-master-IngeolKo/turtlebot3-master/install/turtlebot3_navigation/share:/home/ingeolko/turtlebot3-master-IngeolKo/turtlebot3-master/install/turtlebot3_example/share:/opt/ros/melodic/share /usr/bin/cmake --build /home/ingeolko/turtlebot3-master-IngeolKo/turtlebot3-master/build/turtlebot3_example --target tests -- -j4 -l4
[2.564s] CMake Error: The current CMakeCache.txt directory /home/ingeolko/turtlebot3-master-IngeolKo/turtlebot3-master/build/turtlebot3_example/CMakeCache.txt is different than the directory /home/ingeolko/turtlebot3-master/build/turtlebot3_example where CMakeCache.txt was created. This may result in binaries being created in the wrong place. If you are not sure, reedit the CMakeCache.txt
[2.741s] Built target tests
[2.780s] Invoked command in '/home/ingeolko/turtlebot3-master-IngeolKo/turtlebot3-master/build/turtlebot3_example' returned '0': CMAKE_PREFIX_PATH=/home/ingeolko/turtlebot3-master-IngeolKo/turtlebot3-master/install/turtlebot3_bringup:/home/ingeolko/turtlebot3-master-IngeolKo/turtlebot3-master/install/turtlebot3_teleop:/home/ingeolko/turtlebot3-master-IngeolKo/turtlebot3-master/install/turtlebot3_description:/home/ingeolko/turtlebot3-master-IngeolKo/turtlebot3-master/install/turtlebot3_slam:/home/ingeolko/turtlebot3-master-IngeolKo/turtlebot3-master/install/turtlebot3_navigation:/home/ingeolko/turtlebot3-master-IngeolKo/turtlebot3-master/install/turtlebot3_example:/opt/ros/melodic PKG_CONFIG_PATH=/home/ingeolko/turtlebot3-master-IngeolKo/turtlebot3-master/install/turtlebot3_bringup/lib/x86_64-linux-gnu/pkgconfig:/home/ingeolko/turtlebot3-master-IngeolKo/turtlebot3-master/install/turtlebot3_bringup/lib/pkgconfig:/home/ingeolko/turtlebot3-master-IngeolKo/turtlebot3-master/install/turtlebot3_teleop/lib/x86_64-linux-gnu/pkgconfig:/home/ingeolko/turtlebot3-master-IngeolKo/turtlebot3-master/install/turtlebot3_teleop/lib/pkgconfig:/home/ingeolko/turtlebot3-master-IngeolKo/turtlebot3-master/install/turtlebot3_description/lib/x86_64-linux-gnu/pkgconfig:/home/ingeolko/turtlebot3-master-IngeolKo/turtlebot3-master/install/turtlebot3_description/lib/pkgconfig:/home/ingeolko/turtlebot3-master-IngeolKo/turtlebot3-master/install/turtlebot3/lib/x86_64-linux-gnu/pkgconfig:/home/ingeolko/turtlebot3-master-IngeolKo/turtlebot3-master/install/turtlebot3/lib/pkgconfig:/home/ingeolko/turtlebot3-master-IngeolKo/turtlebot3-master/install/turtlebot3_slam/lib/x86_64-linux-gnu/pkgconfig:/home/ingeolko/turtlebot3-master-IngeolKo/turtlebot3-master/install/turtlebot3_slam/lib/pkgconfig:/home/ingeolko/turtlebot3-master-IngeolKo/turtlebot3-master/install/turtlebot3_navigation/lib/x86_64-linux-gnu/pkgconfig:/home/ingeolko/turtlebot3-master-IngeolKo/turtlebot3-master/install/turtlebot3_navigation/lib/pkgconfig:/home/ingeolko/turtlebot3-master-IngeolKo/turtlebot3-master/install/turtlebot3_example/lib/x86_64-linux-gnu/pkgconfig:/home/ingeolko/turtlebot3-master-IngeolKo/turtlebot3-master/install/turtlebot3_example/lib/pkgconfig:/opt/ros/melodic/lib/pkgconfig PYTHONPATH=/home/ingeolko/turtlebot3-master-IngeolKo/turtlebot3-master/install/turtlebot3_teleop/lib/python2.7/dist-packages:/home/ingeolko/turtlebot3-master-IngeolKo/turtlebot3-master/install/turtlebot3_example/lib/python2.7/dist-packages:/opt/ros/melodic/lib/python2.7/dist-packages ROS_PACKAGE_PATH=/home/ingeolko/turtlebot3-master-IngeolKo/turtlebot3-master/install/turtlebot3_bringup/share:/home/ingeolko/turtlebot3-master-IngeolKo/turtlebot3-master/install/turtlebot3_teleop/share:/home/ingeolko/turtlebot3-master-IngeolKo/turtlebot3-master/install/turtlebot3_description/share:/home/ingeolko/turtlebot3-master-IngeolKo/turtlebot3-master/install/turtlebot3/share:/home/ingeolko/turtlebot3-master-IngeolKo/turtlebot3-master/install/turtlebot3_slam/share:/home/ingeolko/turtlebot3-master-IngeolKo/turtlebot3-master/install/turtlebot3_navigation/share:/home/ingeolko/turtlebot3-master-IngeolKo/turtlebot3-master/install/turtlebot3_example/share:/opt/ros/melodic/share /usr/bin/cmake --build /home/ingeolko/turtlebot3-master-IngeolKo/turtlebot3-master/build/turtlebot3_example --target tests -- -j4 -l4
[3.074s] Invoking command in '/home/ingeolko/turtlebot3-master-IngeolKo/turtlebot3-master/build/turtlebot3_example': CMAKE_PREFIX_PATH=/home/ingeolko/turtlebot3-master-IngeolKo/turtlebot3-master/install/turtlebot3_bringup:/home/ingeolko/turtlebot3-master-IngeolKo/turtlebot3-master/install/turtlebot3_teleop:/home/ingeolko/turtlebot3-master-IngeolKo/turtlebot3-master/install/turtlebot3_description:/home/ingeolko/turtlebot3-master-IngeolKo/turtlebot3-master/install/turtlebot3_slam:/home/ingeolko/turtlebot3-master-IngeolKo/turtlebot3-master/install/turtlebot3_navigation:/home/ingeolko/turtlebot3-master-IngeolKo/turtlebot3-master/install/turtlebot3_example:/opt/ros/melodic PKG_CONFIG_PATH=/home/ingeolko/turtlebot3-master-IngeolKo/turtlebot3-master/install/turtlebot3_bringup/lib/x86_64-linux-gnu/pkgconfig:/home/ingeolko/turtlebot3-master-IngeolKo/turtlebot3-master/install/turtlebot3_bringup/lib/pkgconfig:/home/ingeolko/turtlebot3-master-IngeolKo/turtlebot3-master/install/turtlebot3_teleop/lib/x86_64-linux-gnu/pkgconfig:/home/ingeolko/turtlebot3-master-IngeolKo/turtlebot3-master/install/turtlebot3_teleop/lib/pkgconfig:/home/ingeolko/turtlebot3-master-IngeolKo/turtlebot3-master/install/turtlebot3_description/lib/x86_64-linux-gnu/pkgconfig:/home/ingeolko/turtlebot3-master-IngeolKo/turtlebot3-master/install/turtlebot3_description/lib/pkgconfig:/home/ingeolko/turtlebot3-master-IngeolKo/turtlebot3-master/install/turtlebot3/lib/x86_64-linux-gnu/pkgconfig:/home/ingeolko/turtlebot3-master-IngeolKo/turtlebot3-master/install/turtlebot3/lib/pkgconfig:/home/ingeolko/turtlebot3-master-IngeolKo/turtlebot3-master/install/turtlebot3_slam/lib/x86_64-linux-gnu/pkgconfig:/home/ingeolko/turtlebot3-master-IngeolKo/turtlebot3-master/install/turtlebot3_slam/lib/pkgconfig:/home/ingeolko/turtlebot3-master-IngeolKo/turtlebot3-master/install/turtlebot3_navigation/lib/x86_64-linux-gnu/pkgconfig:/home/ingeolko/turtlebot3-master-IngeolKo/turtlebot3-master/install/turtlebot3_navigation/lib/pkgconfig:/home/ingeolko/turtlebot3-master-IngeolKo/turtlebot3-master/install/turtlebot3_example/lib/x86_64-linux-gnu/pkgconfig:/home/ingeolko/turtlebot3-master-IngeolKo/turtlebot3-master/install/turtlebot3_example/lib/pkgconfig:/opt/ros/melodic/lib/pkgconfig PYTHONPATH=/home/ingeolko/turtlebot3-master-IngeolKo/turtlebot3-master/install/turtlebot3_teleop/lib/python2.7/dist-packages:/home/ingeolko/turtlebot3-master-IngeolKo/turtlebot3-master/install/turtlebot3_example/lib/python2.7/dist-packages:/opt/ros/melodic/lib/python2.7/dist-packages ROS_PACKAGE_PATH=/home/ingeolko/turtlebot3-master-IngeolKo/turtlebot3-master/install/turtlebot3_bringup/share:/home/ingeolko/turtlebot3-master-IngeolKo/turtlebot3-master/install/turtlebot3_teleop/share:/home/ingeolko/turtlebot3-master-IngeolKo/turtlebot3-master/install/turtlebot3_description/share:/home/ingeolko/turtlebot3-master-IngeolKo/turtlebot3-master/install/turtlebot3/share:/home/ingeolko/turtlebot3-master-IngeolKo/turtlebot3-master/install/turtlebot3_slam/share:/home/ingeolko/turtlebot3-master-IngeolKo/turtlebot3-master/install/turtlebot3_navigation/share:/home/ingeolko/turtlebot3-master-IngeolKo/turtlebot3-master/install/turtlebot3_example/share:/opt/ros/melodic/share /usr/bin/cmake --build /home/ingeolko/turtlebot3-master-IngeolKo/turtlebot3-master/build/turtlebot3_example --target install -- -j4 -l4
[3.105s] CMake Error: The current CMakeCache.txt directory /home/ingeolko/turtlebot3-master-IngeolKo/turtlebot3-master/build/turtlebot3_example/CMakeCache.txt is different than the directory /home/ingeolko/turtlebot3-master/build/turtlebot3_example where CMakeCache.txt was created. This may result in binaries being created in the wrong place. If you are not sure, reedit the CMakeCache.txt
[3.267s] [  0%] Built target _turtlebot3_example_generate_messages_check_deps_Turtlebot3Feedback
[3.300s] [  0%] Built target geometry_msgs_generate_messages_eus
[3.392s] [  0%] Built target std_msgs_generate_messages_eus
[3.548s] [  0%] Built target _turtlebot3_example_generate_messages_check_deps_Turtlebot3ActionFeedback
[3.600s] [  0%] Built target actionlib_msgs_generate_messages_eus
[3.736s] [  0%] Built target _turtlebot3_example_generate_messages_check_deps_Turtlebot3Goal
[3.820s] [  0%] Built target _turtlebot3_example_generate_messages_check_deps_Turtlebot3Result
[3.918s] [  0%] Built target _turtlebot3_example_generate_messages_check_deps_Turtlebot3ActionResult
[3.965s] [  0%] Built target std_msgs_generate_messages_py
[4.000s] [  0%] Built target actionlib_msgs_generate_messages_py
[4.027s] [  0%] Built target geometry_msgs_generate_messages_py
[4.052s] [  0%] Built target std_msgs_generate_messages_lisp
[4.086s] [  0%] Built target actionlib_msgs_generate_messages_lisp
[4.128s] [  0%] Built target geometry_msgs_generate_messages_lisp
[4.154s] [  0%] Built target std_msgs_generate_messages_nodejs
[4.203s] [  0%] Built target actionlib_msgs_generate_messages_nodejs
[4.235s] [  0%] Built target geometry_msgs_generate_messages_nodejs
[4.284s] [  0%] Built target std_msgs_generate_messages_cpp
[4.330s] [  0%] Built target actionlib_msgs_generate_messages_cpp
[4.349s] [  0%] Built target geometry_msgs_generate_messages_cpp
[4.445s] [  0%] Built target _turtlebot3_example_generate_messages_check_deps_Turtlebot3Action
[4.534s] [  0%] Built target _turtlebot3_example_generate_messages_check_deps_Turtlebot3ActionGoal
[4.563s] [ 21%] Built target turtlebot3_example_generate_messages_eus
[4.597s] [ 40%] Built target turtlebot3_example_generate_messages_nodejs
[4.621s] [ 59%] Built target turtlebot3_example_generate_messages_cpp
[4.656s] [ 78%] Built target turtlebot3_example_generate_messages_lisp
[4.701s] [100%] Built target turtlebot3_example_generate_messages_py
[4.754s] [100%] Built target turtlebot3_example_generate_messages
[4.799s] [36mInstall the project...[0m
[4.814s] -- Install configuration: ""
[4.816s] + cd /home/ingeolko/turtlebot3-master/turtlebot3_example
[4.816s] + mkdir -p /home/ingeolko/turtlebot3-master/install/turtlebot3_example/lib/python2.7/dist-packages
[4.818s] + /usr/bin/env PYTHONPATH=/home/ingeolko/turtlebot3-master/install/turtlebot3_example/lib/python2.7/dist-packages:/home/ingeolko/turtlebot3-master/build/turtlebot3_example/lib/python2.7/dist-packages:/home/ingeolko/turtlebot3-master-IngeolKo/turtlebot3-master/install/turtlebot3_teleop/lib/python2.7/dist-packages:/home/ingeolko/turtlebot3-master-IngeolKo/turtlebot3-master/install/turtlebot3_example/lib/python2.7/dist-packages:/opt/ros/melodic/lib/python2.7/dist-packages CATKIN_BINARY_DIR=/home/ingeolko/turtlebot3-master/build/turtlebot3_example /usr/bin/python2 /home/ingeolko/turtlebot3-master/turtlebot3_example/setup.py build --build-base /home/ingeolko/turtlebot3-master/build/turtlebot3_example install --root=/ --install-layout=deb --prefix=/home/ingeolko/turtlebot3-master/install/turtlebot3_example --install-scripts=/home/ingeolko/turtlebot3-master/install/turtlebot3_example/bin
[4.878s] running build
[4.879s] running build_py
[4.880s] running install
[4.881s] running install_lib
[4.881s] running install_egg_info
[4.882s] Removing /home/ingeolko/turtlebot3-master/install/turtlebot3_example/lib/python2.7/dist-packages/turtlebot3_example-1.2.6.egg-info
[4.882s] Writing /home/ingeolko/turtlebot3-master/install/turtlebot3_example/lib/python2.7/dist-packages/turtlebot3_example-1.2.6.egg-info
[4.889s] -- Up-to-date: /home/ingeolko/turtlebot3-master/install/turtlebot3_example/share/turtlebot3_example/action/Turtlebot3.action
[4.889s] -- Up-to-date: /home/ingeolko/turtlebot3-master/install/turtlebot3_example/share/turtlebot3_example/msg/Turtlebot3Action.msg
[4.890s] -- Up-to-date: /home/ingeolko/turtlebot3-master/install/turtlebot3_example/share/turtlebot3_example/msg/Turtlebot3ActionGoal.msg
[4.890s] -- Up-to-date: /home/ingeolko/turtlebot3-master/install/turtlebot3_example/share/turtlebot3_example/msg/Turtlebot3ActionResult.msg
[4.890s] -- Up-to-date: /home/ingeolko/turtlebot3-master/install/turtlebot3_example/share/turtlebot3_example/msg/Turtlebot3ActionFeedback.msg
[4.891s] -- Up-to-date: /home/ingeolko/turtlebot3-master/install/turtlebot3_example/share/turtlebot3_example/msg/Turtlebot3Goal.msg
[4.891s] -- Up-to-date: /home/ingeolko/turtlebot3-master/install/turtlebot3_example/share/turtlebot3_example/msg/Turtlebot3Result.msg
[4.891s] -- Up-to-date: /home/ingeolko/turtlebot3-master/install/turtlebot3_example/share/turtlebot3_example/msg/Turtlebot3Feedback.msg
[4.891s] -- Up-to-date: /home/ingeolko/turtlebot3-master/install/turtlebot3_example/share/turtlebot3_example/cmake/turtlebot3_example-msg-paths.cmake
[4.891s] -- Up-to-date: /home/ingeolko/turtlebot3-master/install/turtlebot3_example/include/turtlebot3_example
[4.891s] -- Up-to-date: /home/ingeolko/turtlebot3-master/install/turtlebot3_example/include/turtlebot3_example/Turtlebot3ActionResult.h
[4.892s] -- Up-to-date: /home/ingeolko/turtlebot3-master/install/turtlebot3_example/include/turtlebot3_example/Turtlebot3ActionFeedback.h
[4.892s] -- Up-to-date: /home/ingeolko/turtlebot3-master/install/turtlebot3_example/include/turtlebot3_example/Turtlebot3Goal.h
[4.892s] -- Up-to-date: /home/ingeolko/turtlebot3-master/install/turtlebot3_example/include/turtlebot3_example/Turtlebot3Result.h
[4.892s] -- Up-to-date: /home/ingeolko/turtlebot3-master/install/turtlebot3_example/include/turtlebot3_example/Turtlebot3Feedback.h
[4.892s] -- Up-to-date: /home/ingeolko/turtlebot3-master/install/turtlebot3_example/include/turtlebot3_example/Turtlebot3ActionGoal.h
[4.892s] -- Up-to-date: /home/ingeolko/turtlebot3-master/install/turtlebot3_example/include/turtlebot3_example/Turtlebot3Action.h
[4.892s] -- Up-to-date: /home/ingeolko/turtlebot3-master/install/turtlebot3_example/share/roseus/ros/turtlebot3_example
[4.892s] -- Up-to-date: /home/ingeolko/turtlebot3-master/install/turtlebot3_example/share/roseus/ros/turtlebot3_example/msg
[4.894s] -- Up-to-date: /home/ingeolko/turtlebot3-master/install/turtlebot3_example/share/roseus/ros/turtlebot3_example/msg/Turtlebot3ActionResult.l
[4.894s] -- Up-to-date: /home/ingeolko/turtlebot3-master/install/turtlebot3_example/share/roseus/ros/turtlebot3_example/msg/Turtlebot3ActionGoal.l
[4.894s] -- Up-to-date: /home/ingeolko/turtlebot3-master/install/turtlebot3_example/share/roseus/ros/turtlebot3_example/msg/Turtlebot3Feedback.l
[4.894s] -- Up-to-date: /home/ingeolko/turtlebot3-master/install/turtlebot3_example/share/roseus/ros/turtlebot3_example/msg/Turtlebot3Goal.l
[4.894s] -- Up-to-date: /home/ingeolko/turtlebot3-master/install/turtlebot3_example/share/roseus/ros/turtlebot3_example/msg/Turtlebot3Action.l
[4.894s] -- Up-to-date: /home/ingeolko/turtlebot3-master/install/turtlebot3_example/share/roseus/ros/turtlebot3_example/msg/Turtlebot3ActionFeedback.l
[4.894s] -- Up-to-date: /home/ingeolko/turtlebot3-master/install/turtlebot3_example/share/roseus/ros/turtlebot3_example/msg/Turtlebot3Result.l
[4.894s] -- Up-to-date: /home/ingeolko/turtlebot3-master/install/turtlebot3_example/share/roseus/ros/turtlebot3_example/manifest.l
[4.895s] -- Up-to-date: /home/ingeolko/turtlebot3-master/install/turtlebot3_example/share/common-lisp/ros/turtlebot3_example
[4.895s] -- Up-to-date: /home/ingeolko/turtlebot3-master/install/turtlebot3_example/share/common-lisp/ros/turtlebot3_example/msg
[4.895s] -- Up-to-date: /home/ingeolko/turtlebot3-master/install/turtlebot3_example/share/common-lisp/ros/turtlebot3_example/msg/_package_Turtlebot3ActionFeedback.lisp
[4.895s] -- Up-to-date: /home/ingeolko/turtlebot3-master/install/turtlebot3_example/share/common-lisp/ros/turtlebot3_example/msg/Turtlebot3Feedback.lisp
[4.895s] -- Up-to-date: /home/ingeolko/turtlebot3-master/install/turtlebot3_example/share/common-lisp/ros/turtlebot3_example/msg/Turtlebot3Goal.lisp
[4.895s] -- Up-to-date: /home/ingeolko/turtlebot3-master/install/turtlebot3_example/share/common-lisp/ros/turtlebot3_example/msg/_package_Turtlebot3Result.lisp
[4.896s] -- Up-to-date: /home/ingeolko/turtlebot3-master/install/turtlebot3_example/share/common-lisp/ros/turtlebot3_example/msg/_package_Turtlebot3Goal.lisp
[4.897s] -- Up-to-date: /home/ingeolko/turtlebot3-master/install/turtlebot3_example/share/common-lisp/ros/turtlebot3_example/msg/turtlebot3_example-msg.asd
[4.897s] -- Up-to-date: /home/ingeolko/turtlebot3-master/install/turtlebot3_example/share/common-lisp/ros/turtlebot3_example/msg/_package_Turtlebot3ActionResult.lisp
[4.897s] -- Up-to-date: /home/ingeolko/turtlebot3-master/install/turtlebot3_example/share/common-lisp/ros/turtlebot3_example/msg/_package_Turtlebot3ActionGoal.lisp
[4.897s] -- Up-to-date: /home/ingeolko/turtlebot3-master/install/turtlebot3_example/share/common-lisp/ros/turtlebot3_example/msg/_package_Turtlebot3Action.lisp
[4.897s] -- Up-to-date: /home/ingeolko/turtlebot3-master/install/turtlebot3_example/share/common-lisp/ros/turtlebot3_example/msg/Turtlebot3ActionGoal.lisp
[4.897s] -- Up-to-date: /home/ingeolko/turtlebot3-master/install/turtlebot3_example/share/common-lisp/ros/turtlebot3_example/msg/Turtlebot3ActionResult.lisp
[4.897s] -- Up-to-date: /home/ingeolko/turtlebot3-master/install/turtlebot3_example/share/common-lisp/ros/turtlebot3_example/msg/_package_Turtlebot3Feedback.lisp
[4.897s] -- Up-to-date: /home/ingeolko/turtlebot3-master/install/turtlebot3_example/share/common-lisp/ros/turtlebot3_example/msg/Turtlebot3Action.lisp
[4.897s] -- Up-to-date: /home/ingeolko/turtlebot3-master/install/turtlebot3_example/share/common-lisp/ros/turtlebot3_example/msg/Turtlebot3Result.lisp
[4.897s] -- Up-to-date: /home/ingeolko/turtlebot3-master/install/turtlebot3_example/share/common-lisp/ros/turtlebot3_example/msg/_package.lisp
[4.898s] -- Up-to-date: /home/ingeolko/turtlebot3-master/install/turtlebot3_example/share/common-lisp/ros/turtlebot3_example/msg/Turtlebot3ActionFeedback.lisp
[4.898s] -- Up-to-date: /home/ingeolko/turtlebot3-master/install/turtlebot3_example/share/gennodejs/ros/turtlebot3_example
[4.898s] -- Up-to-date: /home/ingeolko/turtlebot3-master/install/turtlebot3_example/share/gennodejs/ros/turtlebot3_example/msg
[4.898s] -- Up-to-date: /home/ingeolko/turtlebot3-master/install/turtlebot3_example/share/gennodejs/ros/turtlebot3_example/msg/Turtlebot3ActionResult.js
[4.898s] -- Up-to-date: /home/ingeolko/turtlebot3-master/install/turtlebot3_example/share/gennodejs/ros/turtlebot3_example/msg/Turtlebot3Action.js
[4.898s] -- Up-to-date: /home/ingeolko/turtlebot3-master/install/turtlebot3_example/share/gennodejs/ros/turtlebot3_example/msg/_index.js
[4.898s] -- Up-to-date: /home/ingeolko/turtlebot3-master/install/turtlebot3_example/share/gennodejs/ros/turtlebot3_example/msg/Turtlebot3Goal.js
[4.898s] -- Up-to-date: /home/ingeolko/turtlebot3-master/install/turtlebot3_example/share/gennodejs/ros/turtlebot3_example/msg/Turtlebot3ActionGoal.js
[4.898s] -- Up-to-date: /home/ingeolko/turtlebot3-master/install/turtlebot3_example/share/gennodejs/ros/turtlebot3_example/msg/Turtlebot3Result.js
[4.898s] -- Up-to-date: /home/ingeolko/turtlebot3-master/install/turtlebot3_example/share/gennodejs/ros/turtlebot3_example/msg/Turtlebot3Feedback.js
[4.898s] -- Up-to-date: /home/ingeolko/turtlebot3-master/install/turtlebot3_example/share/gennodejs/ros/turtlebot3_example/msg/Turtlebot3ActionFeedback.js
[4.898s] -- Up-to-date: /home/ingeolko/turtlebot3-master/install/turtlebot3_example/share/gennodejs/ros/turtlebot3_example/_index.js
[4.912s] Listing /home/ingeolko/turtlebot3-master/build/turtlebot3_example/devel/lib/python2.7/dist-packages/turtlebot3_example ...
[4.912s] Listing /home/ingeolko/turtlebot3-master/build/turtlebot3_example/devel/lib/python2.7/dist-packages/turtlebot3_example/msg ...
[4.914s] -- Up-to-date: /home/ingeolko/turtlebot3-master/install/turtlebot3_example/lib/python2.7/dist-packages/turtlebot3_example
[4.915s] -- Up-to-date: /home/ingeolko/turtlebot3-master/install/turtlebot3_example/lib/python2.7/dist-packages/turtlebot3_example/msg
[4.915s] -- Up-to-date: /home/ingeolko/turtlebot3-master/install/turtlebot3_example/lib/python2.7/dist-packages/turtlebot3_example/msg/_Turtlebot3Goal.pyc
[4.915s] -- Up-to-date: /home/ingeolko/turtlebot3-master/install/turtlebot3_example/lib/python2.7/dist-packages/turtlebot3_example/msg/_Turtlebot3Action.pyc
[4.915s] -- Up-to-date: /home/ingeolko/turtlebot3-master/install/turtlebot3_example/lib/python2.7/dist-packages/turtlebot3_example/msg/_Turtlebot3ActionGoal.py
[4.915s] -- Up-to-date: /home/ingeolko/turtlebot3-master/install/turtlebot3_example/lib/python2.7/dist-packages/turtlebot3_example/msg/_Turtlebot3Result.pyc
[4.917s] -- Up-to-date: /home/ingeolko/turtlebot3-master/install/turtlebot3_example/lib/python2.7/dist-packages/turtlebot3_example/msg/_Turtlebot3Feedback.pyc
[4.917s] -- Up-to-date: /home/ingeolko/turtlebot3-master/install/turtlebot3_example/lib/python2.7/dist-packages/turtlebot3_example/msg/_Turtlebot3Goal.py
[4.917s] -- Up-to-date: /home/ingeolko/turtlebot3-master/install/turtlebot3_example/lib/python2.7/dist-packages/turtlebot3_example/msg/_Turtlebot3ActionResult.py
[4.917s] -- Up-to-date: /home/ingeolko/turtlebot3-master/install/turtlebot3_example/lib/python2.7/dist-packages/turtlebot3_example/msg/_Turtlebot3ActionResult.pyc
[4.917s] -- Up-to-date: /home/ingeolko/turtlebot3-master/install/turtlebot3_example/lib/python2.7/dist-packages/turtlebot3_example/msg/_Turtlebot3Result.py
[4.917s] -- Up-to-date: /home/ingeolko/turtlebot3-master/install/turtlebot3_example/lib/python2.7/dist-packages/turtlebot3_example/msg/_Turtlebot3ActionGoal.pyc
[4.917s] -- Up-to-date: /home/ingeolko/turtlebot3-master/install/turtlebot3_example/lib/python2.7/dist-packages/turtlebot3_example/msg/_Turtlebot3Action.py
[4.917s] -- Up-to-date: /home/ingeolko/turtlebot3-master/install/turtlebot3_example/lib/python2.7/dist-packages/turtlebot3_example/msg/_Turtlebot3Feedback.py
[4.917s] -- Up-to-date: /home/ingeolko/turtlebot3-master/install/turtlebot3_example/lib/python2.7/dist-packages/turtlebot3_example/msg/_Turtlebot3ActionFeedback.pyc
[4.919s] -- Up-to-date: /home/ingeolko/turtlebot3-master/install/turtlebot3_example/lib/python2.7/dist-packages/turtlebot3_example/msg/_Turtlebot3ActionFeedback.py
[4.920s] -- Up-to-date: /home/ingeolko/turtlebot3-master/install/turtlebot3_example/lib/python2.7/dist-packages/turtlebot3_example
[4.920s] -- Up-to-date: /home/ingeolko/turtlebot3-master/install/turtlebot3_example/lib/python2.7/dist-packages/turtlebot3_example/msg
[4.920s] -- Up-to-date: /home/ingeolko/turtlebot3-master/install/turtlebot3_example/lib/python2.7/dist-packages/turtlebot3_example/msg/__init__.py
[4.920s] -- Up-to-date: /home/ingeolko/turtlebot3-master/install/turtlebot3_example/lib/python2.7/dist-packages/turtlebot3_example/msg/__init__.pyc
[4.920s] -- Up-to-date: /home/ingeolko/turtlebot3-master/install/turtlebot3_example/lib/pkgconfig/turtlebot3_example.pc
[4.921s] -- Up-to-date: /home/ingeolko/turtlebot3-master/install/turtlebot3_example/share/turtlebot3_example/cmake/turtlebot3_example-msg-extras.cmake
[4.922s] -- Up-to-date: /home/ingeolko/turtlebot3-master/install/turtlebot3_example/share/turtlebot3_example/cmake/turtlebot3_exampleConfig.cmake
[4.922s] -- Up-to-date: /home/ingeolko/turtlebot3-master/install/turtlebot3_example/share/turtlebot3_example/cmake/turtlebot3_exampleConfig-version.cmake
[4.922s] -- Up-to-date: /home/ingeolko/turtlebot3-master/install/turtlebot3_example/share/turtlebot3_example/package.xml
[4.923s] -- Up-to-date: /home/ingeolko/turtlebot3-master/install/turtlebot3_example/lib/turtlebot3_example/turtlebot3_obstacle
[4.923s] -- Up-to-date: /home/ingeolko/turtlebot3-master/install/turtlebot3_example/lib/turtlebot3_example/turtlebot3_client
[4.923s] -- Up-to-date: /home/ingeolko/turtlebot3-master/install/turtlebot3_example/lib/turtlebot3_example/turtlebot3_server
[4.923s] -- Up-to-date: /home/ingeolko/turtlebot3-master/install/turtlebot3_example/lib/turtlebot3_example/turtlebot3_pointop_key
[4.923s] -- Up-to-date: /home/ingeolko/turtlebot3-master/install/turtlebot3_example/lib/turtlebot3_example/turtlebot3_bumper
[4.923s] -- Up-to-date: /home/ingeolko/turtlebot3-master/install/turtlebot3_example/lib/turtlebot3_example/turtlebot3_cliff
[4.923s] -- Up-to-date: /home/ingeolko/turtlebot3-master/install/turtlebot3_example/lib/turtlebot3_example/turtlebot3_sonar
[4.928s] -- Up-to-date: /home/ingeolko/turtlebot3-master/install/turtlebot3_example/lib/turtlebot3_example/turtlebot3_illumination
[4.928s] -- Up-to-date: /home/ingeolko/turtlebot3-master/install/turtlebot3_example/lib/turtlebot3_example/turtlebot3_marker_server
[4.928s] -- Up-to-date: /home/ingeolko/turtlebot3-master/install/turtlebot3_example/share/turtlebot3_example/launch
[4.928s] -- Up-to-date: /home/ingeolko/turtlebot3-master/install/turtlebot3_example/share/turtlebot3_example/launch/turtlebot3_sonar.launch
[4.928s] -- Up-to-date: /home/ingeolko/turtlebot3-master/install/turtlebot3_example/share/turtlebot3_example/launch/turtlebot3_client.launch
[4.929s] -- Up-to-date: /home/ingeolko/turtlebot3-master/install/turtlebot3_example/share/turtlebot3_example/launch/turtlebot3_obstacle.launch
[4.929s] -- Up-to-date: /home/ingeolko/turtlebot3-master/install/turtlebot3_example/share/turtlebot3_example/launch/turtlebot3_bumper.launch
[4.929s] -- Up-to-date: /home/ingeolko/turtlebot3-master/install/turtlebot3_example/share/turtlebot3_example/launch/turtlebot3_pointop_key.launch
[4.929s] -- Up-to-date: /home/ingeolko/turtlebot3-master/install/turtlebot3_example/share/turtlebot3_example/launch/interactive_markers.launch
[4.929s] -- Up-to-date: /home/ingeolko/turtlebot3-master/install/turtlebot3_example/share/turtlebot3_example/launch/turtlebot3_cliff.launch
[4.929s] -- Up-to-date: /home/ingeolko/turtlebot3-master/install/turtlebot3_example/share/turtlebot3_example/launch/turtlebot3_illumination.launch
[4.929s] -- Up-to-date: /home/ingeolko/turtlebot3-master/install/turtlebot3_example/share/turtlebot3_example/rviz
[4.929s] -- Up-to-date: /home/ingeolko/turtlebot3-master/install/turtlebot3_example/share/turtlebot3_example/rviz/turtlebot3_interactive.rviz
[4.930s] Invoked command in '/home/ingeolko/turtlebot3-master-IngeolKo/turtlebot3-master/build/turtlebot3_example' returned '0': CMAKE_PREFIX_PATH=/home/ingeolko/turtlebot3-master-IngeolKo/turtlebot3-master/install/turtlebot3_bringup:/home/ingeolko/turtlebot3-master-IngeolKo/turtlebot3-master/install/turtlebot3_teleop:/home/ingeolko/turtlebot3-master-IngeolKo/turtlebot3-master/install/turtlebot3_description:/home/ingeolko/turtlebot3-master-IngeolKo/turtlebot3-master/install/turtlebot3_slam:/home/ingeolko/turtlebot3-master-IngeolKo/turtlebot3-master/install/turtlebot3_navigation:/home/ingeolko/turtlebot3-master-IngeolKo/turtlebot3-master/install/turtlebot3_example:/opt/ros/melodic PKG_CONFIG_PATH=/home/ingeolko/turtlebot3-master-IngeolKo/turtlebot3-master/install/turtlebot3_bringup/lib/x86_64-linux-gnu/pkgconfig:/home/ingeolko/turtlebot3-master-IngeolKo/turtlebot3-master/install/turtlebot3_bringup/lib/pkgconfig:/home/ingeolko/turtlebot3-master-IngeolKo/turtlebot3-master/install/turtlebot3_teleop/lib/x86_64-linux-gnu/pkgconfig:/home/ingeolko/turtlebot3-master-IngeolKo/turtlebot3-master/install/turtlebot3_teleop/lib/pkgconfig:/home/ingeolko/turtlebot3-master-IngeolKo/turtlebot3-master/install/turtlebot3_description/lib/x86_64-linux-gnu/pkgconfig:/home/ingeolko/turtlebot3-master-IngeolKo/turtlebot3-master/install/turtlebot3_description/lib/pkgconfig:/home/ingeolko/turtlebot3-master-IngeolKo/turtlebot3-master/install/turtlebot3/lib/x86_64-linux-gnu/pkgconfig:/home/ingeolko/turtlebot3-master-IngeolKo/turtlebot3-master/install/turtlebot3/lib/pkgconfig:/home/ingeolko/turtlebot3-master-IngeolKo/turtlebot3-master/install/turtlebot3_slam/lib/x86_64-linux-gnu/pkgconfig:/home/ingeolko/turtlebot3-master-IngeolKo/turtlebot3-master/install/turtlebot3_slam/lib/pkgconfig:/home/ingeolko/turtlebot3-master-IngeolKo/turtlebot3-master/install/turtlebot3_navigation/lib/x86_64-linux-gnu/pkgconfig:/home/ingeolko/turtlebot3-master-IngeolKo/turtlebot3-master/install/turtlebot3_navigation/lib/pkgconfig:/home/ingeolko/turtlebot3-master-IngeolKo/turtlebot3-master/install/turtlebot3_example/lib/x86_64-linux-gnu/pkgconfig:/home/ingeolko/turtlebot3-master-IngeolKo/turtlebot3-master/install/turtlebot3_example/lib/pkgconfig:/opt/ros/melodic/lib/pkgconfig PYTHONPATH=/home/ingeolko/turtlebot3-master-IngeolKo/turtlebot3-master/install/turtlebot3_teleop/lib/python2.7/dist-packages:/home/ingeolko/turtlebot3-master-IngeolKo/turtlebot3-master/install/turtlebot3_example/lib/python2.7/dist-packages:/opt/ros/melodic/lib/python2.7/dist-packages ROS_PACKAGE_PATH=/home/ingeolko/turtlebot3-master-IngeolKo/turtlebot3-master/install/turtlebot3_bringup/share:/home/ingeolko/turtlebot3-master-IngeolKo/turtlebot3-master/install/turtlebot3_teleop/share:/home/ingeolko/turtlebot3-master-IngeolKo/turtlebot3-master/install/turtlebot3_description/share:/home/ingeolko/turtlebot3-master-IngeolKo/turtlebot3-master/install/turtlebot3/share:/home/ingeolko/turtlebot3-master-IngeolKo/turtlebot3-master/install/turtlebot3_slam/share:/home/ingeolko/turtlebot3-master-IngeolKo/turtlebot3-master/install/turtlebot3_navigation/share:/home/ingeolko/turtlebot3-master-IngeolKo/turtlebot3-master/install/turtlebot3_example/share:/opt/ros/melodic/share /usr/bin/cmake --build /home/ingeolko/turtlebot3-master-IngeolKo/turtlebot3-master/build/turtlebot3_example --target install -- -j4 -l4
