[0.023s] Invoking command in '/home/ingeolko/turtlebot3-master/build/turtlebot3_description': /usr/bin/cmake --build /home/ingeolko/turtlebot3-master/build/turtlebot3_description -- -j4 -l4
[0.175s] Built target turtlebot3_description_xacro_generated_to_devel_space_
[0.186s] Invoked command in '/home/ingeolko/turtlebot3-master/build/turtlebot3_description' returned '0': /usr/bin/cmake --build /home/ingeolko/turtlebot3-master/build/turtlebot3_description -- -j4 -l4
[0.223s] Invoking command in '/home/ingeolko/turtlebot3-master/build/turtlebot3_description': /usr/bin/cmake --build /home/ingeolko/turtlebot3-master/build/turtlebot3_description --target tests -- -j4 -l4
[0.280s] Built target tests
[0.290s] Invoked command in '/home/ingeolko/turtlebot3-master/build/turtlebot3_description' returned '0': /usr/bin/cmake --build /home/ingeolko/turtlebot3-master/build/turtlebot3_description --target tests -- -j4 -l4
[0.323s] Invoking command in '/home/ingeolko/turtlebot3-master/build/turtlebot3_description': /usr/bin/cmake --build /home/ingeolko/turtlebot3-master/build/turtlebot3_description --target install -- -j4 -l4
[0.381s] Built target turtlebot3_description_xacro_generated_to_devel_space_
[0.399s] [36mInstall the project...[0m
[0.408s] -- Install configuration: ""
[0.409s] -- Up-to-date: /home/ingeolko/turtlebot3-master/install/turtlebot3_description/lib/pkgconfig/turtlebot3_description.pc
[0.409s] -- Up-to-date: /home/ingeolko/turtlebot3-master/install/turtlebot3_description/share/turtlebot3_description/cmake/turtlebot3_descriptionConfig.cmake
[0.409s] -- Up-to-date: /home/ingeolko/turtlebot3-master/install/turtlebot3_description/share/turtlebot3_description/cmake/turtlebot3_descriptionConfig-version.cmake
[0.409s] -- Up-to-date: /home/ingeolko/turtlebot3-master/install/turtlebot3_description/share/turtlebot3_description/package.xml
[0.409s] -- Up-to-date: /home/ingeolko/turtlebot3-master/install/turtlebot3_description/share/turtlebot3_description/meshes
[0.410s] -- Up-to-date: /home/ingeolko/turtlebot3-master/install/turtlebot3_description/share/turtlebot3_description/meshes/wheels
[0.410s] -- Up-to-date: /home/ingeolko/turtlebot3-master/install/turtlebot3_description/share/turtlebot3_description/meshes/wheels/left_tire.stl
[0.410s] -- Up-to-date: /home/ingeolko/turtlebot3-master/install/turtlebot3_description/share/turtlebot3_description/meshes/wheels/right_tire.stl
[0.411s] -- Up-to-date: /home/ingeolko/turtlebot3-master/install/turtlebot3_description/share/turtlebot3_description/meshes/bases
[0.412s] -- Up-to-date: /home/ingeolko/turtlebot3-master/install/turtlebot3_description/share/turtlebot3_description/meshes/bases/waffle_pi_base_for_open_manipulator.stl
[0.412s] -- Up-to-date: /home/ingeolko/turtlebot3-master/install/turtlebot3_description/share/turtlebot3_description/meshes/bases/waffle_pi_base.stl
[0.412s] -- Up-to-date: /home/ingeolko/turtlebot3-master/install/turtlebot3_description/share/turtlebot3_description/meshes/bases/burger_base.stl
[0.412s] -- Up-to-date: /home/ingeolko/turtlebot3-master/install/turtlebot3_description/share/turtlebot3_description/meshes/bases/waffle_base.stl
[0.413s] -- Up-to-date: /home/ingeolko/turtlebot3-master/install/turtlebot3_description/share/turtlebot3_description/meshes/bases/waffle_base_for_open_manipulator.stl
[0.413s] -- Up-to-date: /home/ingeolko/turtlebot3-master/install/turtlebot3_description/share/turtlebot3_description/meshes/sensors
[0.413s] -- Up-to-date: /home/ingeolko/turtlebot3-master/install/turtlebot3_description/share/turtlebot3_description/meshes/sensors/r200.dae
[0.413s] -- Up-to-date: /home/ingeolko/turtlebot3-master/install/turtlebot3_description/share/turtlebot3_description/meshes/sensors/r200.jpg
[0.413s] -- Up-to-date: /home/ingeolko/turtlebot3-master/install/turtlebot3_description/share/turtlebot3_description/meshes/sensors/lds.stl
[0.414s] -- Up-to-date: /home/ingeolko/turtlebot3-master/install/turtlebot3_description/share/turtlebot3_description/meshes/sensors/astra.jpg
[0.414s] -- Up-to-date: /home/ingeolko/turtlebot3-master/install/turtlebot3_description/share/turtlebot3_description/meshes/sensors/astra.dae
[0.414s] -- Up-to-date: /home/ingeolko/turtlebot3-master/install/turtlebot3_description/share/turtlebot3_description/rviz
[0.414s] -- Up-to-date: /home/ingeolko/turtlebot3-master/install/turtlebot3_description/share/turtlebot3_description/rviz/burger.rviz
[0.414s] -- Up-to-date: /home/ingeolko/turtlebot3-master/install/turtlebot3_description/share/turtlebot3_description/rviz/waffle_pi.rviz
[0.414s] -- Up-to-date: /home/ingeolko/turtlebot3-master/install/turtlebot3_description/share/turtlebot3_description/urdf
[0.414s] -- Up-to-date: /home/ingeolko/turtlebot3-master/install/turtlebot3_description/share/turtlebot3_description/urdf/turtlebot3_burger.urdf.xacro
[0.414s] -- Up-to-date: /home/ingeolko/turtlebot3-master/install/turtlebot3_description/share/turtlebot3_description/urdf/common_properties.xacro
[0.414s] -- Up-to-date: /home/ingeolko/turtlebot3-master/install/turtlebot3_description/share/turtlebot3_description/urdf/turtlebot3_waffle.gazebo.xacro
[0.414s] -- Up-to-date: /home/ingeolko/turtlebot3-master/install/turtlebot3_description/share/turtlebot3_description/urdf/turtlebot3_burger_for_autorace_2020.urdf.xacro
[0.414s] -- Up-to-date: /home/ingeolko/turtlebot3-master/install/turtlebot3_description/share/turtlebot3_description/urdf/turtlebot3_burger_for_autorace.urdf.xacro
[0.414s] -- Up-to-date: /home/ingeolko/turtlebot3-master/install/turtlebot3_description/share/turtlebot3_description/urdf/turtlebot3_waffle.urdf.xacro
[0.414s] -- Up-to-date: /home/ingeolko/turtlebot3-master/install/turtlebot3_description/share/turtlebot3_description/urdf/turtlebot3_burger_for_autorace.gazebo.xacro
[0.415s] -- Up-to-date: /home/ingeolko/turtlebot3-master/install/turtlebot3_description/share/turtlebot3_description/urdf/turtlebot3_burger.gazebo.xacro
[0.415s] -- Up-to-date: /home/ingeolko/turtlebot3-master/install/turtlebot3_description/share/turtlebot3_description/urdf/turtlebot3_burger_for_autorace_2020.gazebo.xacro
[0.415s] -- Up-to-date: /home/ingeolko/turtlebot3-master/install/turtlebot3_description/share/turtlebot3_description/urdf/turtlebot3_waffle_pi.gazebo.xacro
[0.415s] -- Up-to-date: /home/ingeolko/turtlebot3-master/install/turtlebot3_description/share/turtlebot3_description/urdf/turtlebot3_waffle_pi_for_open_manipulator.gazebo.xacro
[0.415s] -- Up-to-date: /home/ingeolko/turtlebot3-master/install/turtlebot3_description/share/turtlebot3_description/urdf/turtlebot3_waffle_for_open_manipulator.urdf.xacro
[0.415s] -- Up-to-date: /home/ingeolko/turtlebot3-master/install/turtlebot3_description/share/turtlebot3_description/urdf/turtlebot3_waffle_pi_for_open_manipulator.urdf.xacro
[0.415s] -- Up-to-date: /home/ingeolko/turtlebot3-master/install/turtlebot3_description/share/turtlebot3_description/urdf/turtlebot3_waffle_pi.urdf.xacro
[0.418s] Invoked command in '/home/ingeolko/turtlebot3-master/build/turtlebot3_description' returned '0': /usr/bin/cmake --build /home/ingeolko/turtlebot3-master/build/turtlebot3_description --target install -- -j4 -l4
