[0.159s] DEBUG:colcon:Command line arguments: ['/usr/bin/colcon', 'build']
[0.159s] DEBUG:colcon:Parsed command line arguments: Namespace(allow_overriding=[], ament_cmake_args=None, base_paths=['.'], build_base='build', catkin_cmake_args=None, catkin_skip_building_tests=False, cmake_args=None, cmake_clean_cache=False, cmake_clean_first=False, cmake_force_configure=False, cmake_target=None, cmake_target_skip_unavailable=False, continue_on_error=False, event_handlers=None, executor='parallel', ignore_user_meta=False, install_base='install', log_base=None, log_level=None, main=<bound method BuildVerb.main of <colcon_core.verb.build.BuildVerb object at 0x7feebbca4358>>, merge_install=False, metas=['./colcon.meta'], packages_above=None, packages_above_and_dependencies=None, packages_above_depth=None, packages_end=None, packages_ignore=None, packages_ignore_regex=None, packages_select=None, packages_select_build_failed=False, packages_select_by_dep=None, packages_select_regex=None, packages_select_test_failures=False, packages_skip=None, packages_skip_build_finished=False, packages_skip_by_dep=None, packages_skip_regex=None, packages_skip_test_passed=False, packages_skip_up_to=None, packages_start=None, packages_up_to=None, packages_up_to_regex=None, parallel_workers=4, paths=None, symlink_install=False, test_result_base=None, verb_extension=<colcon_core.verb.build.BuildVerb object at 0x7feebbca4358>, verb_name='build', verb_parser=<colcon_defaults.argument_parser.defaults.DefaultArgumentsDecorator object at 0x7feebbca45c0>)
[0.191s] Level 1:colcon.colcon_core.package_discovery:discover_packages(colcon_meta) check parameters
[0.192s] Level 1:colcon.colcon_core.package_discovery:discover_packages(recursive) check parameters
[0.192s] Level 1:colcon.colcon_core.package_discovery:discover_packages(ignore) check parameters
[0.192s] Level 1:colcon.colcon_core.package_discovery:discover_packages(path) check parameters
[0.192s] Level 1:colcon.colcon_core.package_discovery:discover_packages(colcon_meta) discover
[0.192s] Level 1:colcon.colcon_core.package_discovery:discover_packages(recursive) discover
[0.192s] INFO:colcon.colcon_core.package_discovery:Crawling recursively for packages in '/home/ingeolko/turtlebot3-master'
[0.192s] Level 1:colcon.colcon_core.package_identification:_identify(.) by extensions ['ignore', 'ignore_ament_install']
[0.192s] Level 1:colcon.colcon_core.package_identification:_identify(.) by extension 'ignore'
[0.192s] Level 1:colcon.colcon_core.package_identification:_identify(.) by extension 'ignore_ament_install'
[0.192s] Level 1:colcon.colcon_core.package_identification:_identify(.) by extensions ['colcon_pkg']
[0.192s] Level 1:colcon.colcon_core.package_identification:_identify(.) by extension 'colcon_pkg'
[0.193s] Level 1:colcon.colcon_core.package_identification:_identify(.) by extensions ['colcon_meta']
[0.193s] Level 1:colcon.colcon_core.package_identification:_identify(.) by extension 'colcon_meta'
[0.193s] Level 1:colcon.colcon_core.package_identification:_identify(.) by extensions ['ros']
[0.193s] Level 1:colcon.colcon_core.package_identification:_identify(.) by extension 'ros'
[0.206s] Level 1:colcon.colcon_core.package_identification:_identify(.) by extensions ['cmake', 'python']
[0.206s] Level 1:colcon.colcon_core.package_identification:_identify(.) by extension 'cmake'
[0.206s] Level 1:colcon.colcon_core.package_identification:_identify(.) by extension 'python'
[0.206s] Level 1:colcon.colcon_core.package_identification:_identify(.) by extensions ['python_setup_py']
[0.206s] Level 1:colcon.colcon_core.package_identification:_identify(.) by extension 'python_setup_py'
[0.206s] Level 1:colcon.colcon_core.package_identification:_identify(build) by extensions ['ignore', 'ignore_ament_install']
[0.206s] Level 1:colcon.colcon_core.package_identification:_identify(build) by extension 'ignore'
[0.206s] Level 1:colcon.colcon_core.package_identification:_identify(build) ignored
[0.207s] Level 1:colcon.colcon_core.package_identification:_identify(install) by extensions ['ignore', 'ignore_ament_install']
[0.207s] Level 1:colcon.colcon_core.package_identification:_identify(install) by extension 'ignore'
[0.207s] Level 1:colcon.colcon_core.package_identification:_identify(install) ignored
[0.207s] Level 1:colcon.colcon_core.package_identification:_identify(log) by extensions ['ignore', 'ignore_ament_install']
[0.207s] Level 1:colcon.colcon_core.package_identification:_identify(log) by extension 'ignore'
[0.207s] Level 1:colcon.colcon_core.package_identification:_identify(log) ignored
[0.207s] Level 1:colcon.colcon_core.package_identification:_identify(turtlebot3) by extensions ['ignore', 'ignore_ament_install']
[0.207s] Level 1:colcon.colcon_core.package_identification:_identify(turtlebot3) by extension 'ignore'
[0.207s] Level 1:colcon.colcon_core.package_identification:_identify(turtlebot3) by extension 'ignore_ament_install'
[0.207s] Level 1:colcon.colcon_core.package_identification:_identify(turtlebot3) by extensions ['colcon_pkg']
[0.208s] Level 1:colcon.colcon_core.package_identification:_identify(turtlebot3) by extension 'colcon_pkg'
[0.208s] Level 1:colcon.colcon_core.package_identification:_identify(turtlebot3) by extensions ['colcon_meta']
[0.208s] Level 1:colcon.colcon_core.package_identification:_identify(turtlebot3) by extension 'colcon_meta'
[0.208s] Level 1:colcon.colcon_core.package_identification:_identify(turtlebot3) by extensions ['ros']
[0.208s] Level 1:colcon.colcon_core.package_identification:_identify(turtlebot3) by extension 'ros'
[0.212s] DEBUG:colcon.colcon_core.package_identification:Package 'turtlebot3' with type 'ros.catkin' and name 'turtlebot3'
[0.212s] Level 1:colcon.colcon_core.package_identification:_identify(turtlebot3_bringup) by extensions ['ignore', 'ignore_ament_install']
[0.213s] Level 1:colcon.colcon_core.package_identification:_identify(turtlebot3_bringup) by extension 'ignore'
[0.213s] Level 1:colcon.colcon_core.package_identification:_identify(turtlebot3_bringup) by extension 'ignore_ament_install'
[0.213s] Level 1:colcon.colcon_core.package_identification:_identify(turtlebot3_bringup) by extensions ['colcon_pkg']
[0.213s] Level 1:colcon.colcon_core.package_identification:_identify(turtlebot3_bringup) by extension 'colcon_pkg'
[0.213s] Level 1:colcon.colcon_core.package_identification:_identify(turtlebot3_bringup) by extensions ['colcon_meta']
[0.213s] Level 1:colcon.colcon_core.package_identification:_identify(turtlebot3_bringup) by extension 'colcon_meta'
[0.213s] Level 1:colcon.colcon_core.package_identification:_identify(turtlebot3_bringup) by extensions ['ros']
[0.213s] Level 1:colcon.colcon_core.package_identification:_identify(turtlebot3_bringup) by extension 'ros'
[0.214s] DEBUG:colcon.colcon_core.package_identification:Package 'turtlebot3_bringup' with type 'ros.catkin' and name 'turtlebot3_bringup'
[0.215s] Level 1:colcon.colcon_core.package_identification:_identify(turtlebot3_description) by extensions ['ignore', 'ignore_ament_install']
[0.215s] Level 1:colcon.colcon_core.package_identification:_identify(turtlebot3_description) by extension 'ignore'
[0.215s] Level 1:colcon.colcon_core.package_identification:_identify(turtlebot3_description) by extension 'ignore_ament_install'
[0.215s] Level 1:colcon.colcon_core.package_identification:_identify(turtlebot3_description) by extensions ['colcon_pkg']
[0.215s] Level 1:colcon.colcon_core.package_identification:_identify(turtlebot3_description) by extension 'colcon_pkg'
[0.215s] Level 1:colcon.colcon_core.package_identification:_identify(turtlebot3_description) by extensions ['colcon_meta']
[0.215s] Level 1:colcon.colcon_core.package_identification:_identify(turtlebot3_description) by extension 'colcon_meta'
[0.215s] Level 1:colcon.colcon_core.package_identification:_identify(turtlebot3_description) by extensions ['ros']
[0.215s] Level 1:colcon.colcon_core.package_identification:_identify(turtlebot3_description) by extension 'ros'
[0.216s] DEBUG:colcon.colcon_core.package_identification:Package 'turtlebot3_description' with type 'ros.catkin' and name 'turtlebot3_description'
[0.216s] Level 1:colcon.colcon_core.package_identification:_identify(turtlebot3_example) by extensions ['ignore', 'ignore_ament_install']
[0.216s] Level 1:colcon.colcon_core.package_identification:_identify(turtlebot3_example) by extension 'ignore'
[0.216s] Level 1:colcon.colcon_core.package_identification:_identify(turtlebot3_example) by extension 'ignore_ament_install'
[0.216s] Level 1:colcon.colcon_core.package_identification:_identify(turtlebot3_example) by extensions ['colcon_pkg']
[0.216s] Level 1:colcon.colcon_core.package_identification:_identify(turtlebot3_example) by extension 'colcon_pkg'
[0.216s] Level 1:colcon.colcon_core.package_identification:_identify(turtlebot3_example) by extensions ['colcon_meta']
[0.217s] Level 1:colcon.colcon_core.package_identification:_identify(turtlebot3_example) by extension 'colcon_meta'
[0.217s] Level 1:colcon.colcon_core.package_identification:_identify(turtlebot3_example) by extensions ['ros']
[0.217s] Level 1:colcon.colcon_core.package_identification:_identify(turtlebot3_example) by extension 'ros'
[0.218s] DEBUG:colcon.colcon_core.package_identification:Package 'turtlebot3_example' with type 'ros.catkin' and name 'turtlebot3_example'
[0.219s] Level 1:colcon.colcon_core.package_identification:_identify(turtlebot3_navigation) by extensions ['ignore', 'ignore_ament_install']
[0.219s] Level 1:colcon.colcon_core.package_identification:_identify(turtlebot3_navigation) by extension 'ignore'
[0.219s] Level 1:colcon.colcon_core.package_identification:_identify(turtlebot3_navigation) by extension 'ignore_ament_install'
[0.219s] Level 1:colcon.colcon_core.package_identification:_identify(turtlebot3_navigation) by extensions ['colcon_pkg']
[0.219s] Level 1:colcon.colcon_core.package_identification:_identify(turtlebot3_navigation) by extension 'colcon_pkg'
[0.219s] Level 1:colcon.colcon_core.package_identification:_identify(turtlebot3_navigation) by extensions ['colcon_meta']
[0.219s] Level 1:colcon.colcon_core.package_identification:_identify(turtlebot3_navigation) by extension 'colcon_meta'
[0.219s] Level 1:colcon.colcon_core.package_identification:_identify(turtlebot3_navigation) by extensions ['ros']
[0.219s] Level 1:colcon.colcon_core.package_identification:_identify(turtlebot3_navigation) by extension 'ros'
[0.220s] DEBUG:colcon.colcon_core.package_identification:Package 'turtlebot3_navigation' with type 'ros.catkin' and name 'turtlebot3_navigation'
[0.220s] Level 1:colcon.colcon_core.package_identification:_identify(turtlebot3_slam) by extensions ['ignore', 'ignore_ament_install']
[0.220s] Level 1:colcon.colcon_core.package_identification:_identify(turtlebot3_slam) by extension 'ignore'
[0.220s] Level 1:colcon.colcon_core.package_identification:_identify(turtlebot3_slam) by extension 'ignore_ament_install'
[0.220s] Level 1:colcon.colcon_core.package_identification:_identify(turtlebot3_slam) by extensions ['colcon_pkg']
[0.221s] Level 1:colcon.colcon_core.package_identification:_identify(turtlebot3_slam) by extension 'colcon_pkg'
[0.221s] Level 1:colcon.colcon_core.package_identification:_identify(turtlebot3_slam) by extensions ['colcon_meta']
[0.221s] Level 1:colcon.colcon_core.package_identification:_identify(turtlebot3_slam) by extension 'colcon_meta'
[0.221s] Level 1:colcon.colcon_core.package_identification:_identify(turtlebot3_slam) by extensions ['ros']
[0.221s] Level 1:colcon.colcon_core.package_identification:_identify(turtlebot3_slam) by extension 'ros'
[0.222s] DEBUG:colcon.colcon_core.package_identification:Package 'turtlebot3_slam' with type 'ros.catkin' and name 'turtlebot3_slam'
[0.222s] Level 1:colcon.colcon_core.package_identification:_identify(turtlebot3_teleop) by extensions ['ignore', 'ignore_ament_install']
[0.222s] Level 1:colcon.colcon_core.package_identification:_identify(turtlebot3_teleop) by extension 'ignore'
[0.222s] Level 1:colcon.colcon_core.package_identification:_identify(turtlebot3_teleop) by extension 'ignore_ament_install'
[0.222s] Level 1:colcon.colcon_core.package_identification:_identify(turtlebot3_teleop) by extensions ['colcon_pkg']
[0.222s] Level 1:colcon.colcon_core.package_identification:_identify(turtlebot3_teleop) by extension 'colcon_pkg'
[0.222s] Level 1:colcon.colcon_core.package_identification:_identify(turtlebot3_teleop) by extensions ['colcon_meta']
[0.222s] Level 1:colcon.colcon_core.package_identification:_identify(turtlebot3_teleop) by extension 'colcon_meta'
[0.222s] Level 1:colcon.colcon_core.package_identification:_identify(turtlebot3_teleop) by extensions ['ros']
[0.222s] Level 1:colcon.colcon_core.package_identification:_identify(turtlebot3_teleop) by extension 'ros'
[0.223s] DEBUG:colcon.colcon_core.package_identification:Package 'turtlebot3_teleop' with type 'ros.catkin' and name 'turtlebot3_teleop'
[0.223s] Level 1:colcon.colcon_core.package_discovery:discover_packages(recursive) using defaults
[0.223s] Level 1:colcon.colcon_core.package_discovery:discover_packages(ignore) discover
[0.223s] Level 1:colcon.colcon_core.package_discovery:discover_packages(ignore) using defaults
[0.223s] Level 1:colcon.colcon_core.package_discovery:discover_packages(path) discover
[0.224s] Level 1:colcon.colcon_core.package_discovery:discover_packages(path) using defaults
[0.248s] Level 1:colcon.colcon_core.package_discovery:discover_packages(prefix_path) check parameters
[0.248s] Level 1:colcon.colcon_core.package_discovery:discover_packages(prefix_path) discover
[0.251s] Level 1:colcon.colcon_core.package_discovery:discover_packages(prefix_path) using defaults
[0.253s] Level 5:colcon.colcon_core.verb:set package 'turtlebot3_description' build argument 'cmake_args' from command line to 'None'
[0.253s] Level 5:colcon.colcon_core.verb:set package 'turtlebot3_description' build argument 'cmake_target' from command line to 'None'
[0.253s] Level 5:colcon.colcon_core.verb:set package 'turtlebot3_description' build argument 'cmake_target_skip_unavailable' from command line to 'False'
[0.253s] Level 5:colcon.colcon_core.verb:set package 'turtlebot3_description' build argument 'cmake_clean_cache' from command line to 'False'
[0.253s] Level 5:colcon.colcon_core.verb:set package 'turtlebot3_description' build argument 'cmake_clean_first' from command line to 'False'
[0.253s] Level 5:colcon.colcon_core.verb:set package 'turtlebot3_description' build argument 'cmake_force_configure' from command line to 'False'
[0.253s] Level 5:colcon.colcon_core.verb:set package 'turtlebot3_description' build argument 'ament_cmake_args' from command line to 'None'
[0.253s] Level 5:colcon.colcon_core.verb:set package 'turtlebot3_description' build argument 'catkin_cmake_args' from command line to 'None'
[0.253s] Level 5:colcon.colcon_core.verb:set package 'turtlebot3_description' build argument 'catkin_skip_building_tests' from command line to 'False'
[0.253s] DEBUG:colcon.colcon_core.verb:Building package 'turtlebot3_description' with the following arguments: {'ament_cmake_args': None, 'build_base': '/home/ingeolko/turtlebot3-master/build/turtlebot3_description', 'catkin_cmake_args': None, 'catkin_skip_building_tests': False, 'cmake_args': None, 'cmake_clean_cache': False, 'cmake_clean_first': False, 'cmake_force_configure': False, 'cmake_target': None, 'cmake_target_skip_unavailable': False, 'install_base': '/home/ingeolko/turtlebot3-master/install/turtlebot3_description', 'merge_install': False, 'path': '/home/ingeolko/turtlebot3-master/turtlebot3_description', 'symlink_install': False, 'test_result_base': None}
[0.254s] Level 5:colcon.colcon_core.verb:set package 'turtlebot3_teleop' build argument 'cmake_args' from command line to 'None'
[0.254s] Level 5:colcon.colcon_core.verb:set package 'turtlebot3_teleop' build argument 'cmake_target' from command line to 'None'
[0.254s] Level 5:colcon.colcon_core.verb:set package 'turtlebot3_teleop' build argument 'cmake_target_skip_unavailable' from command line to 'False'
[0.254s] Level 5:colcon.colcon_core.verb:set package 'turtlebot3_teleop' build argument 'cmake_clean_cache' from command line to 'False'
[0.254s] Level 5:colcon.colcon_core.verb:set package 'turtlebot3_teleop' build argument 'cmake_clean_first' from command line to 'False'
[0.254s] Level 5:colcon.colcon_core.verb:set package 'turtlebot3_teleop' build argument 'cmake_force_configure' from command line to 'False'
[0.254s] Level 5:colcon.colcon_core.verb:set package 'turtlebot3_teleop' build argument 'ament_cmake_args' from command line to 'None'
[0.254s] Level 5:colcon.colcon_core.verb:set package 'turtlebot3_teleop' build argument 'catkin_cmake_args' from command line to 'None'
[0.254s] Level 5:colcon.colcon_core.verb:set package 'turtlebot3_teleop' build argument 'catkin_skip_building_tests' from command line to 'False'
[0.254s] DEBUG:colcon.colcon_core.verb:Building package 'turtlebot3_teleop' with the following arguments: {'ament_cmake_args': None, 'build_base': '/home/ingeolko/turtlebot3-master/build/turtlebot3_teleop', 'catkin_cmake_args': None, 'catkin_skip_building_tests': False, 'cmake_args': None, 'cmake_clean_cache': False, 'cmake_clean_first': False, 'cmake_force_configure': False, 'cmake_target': None, 'cmake_target_skip_unavailable': False, 'install_base': '/home/ingeolko/turtlebot3-master/install/turtlebot3_teleop', 'merge_install': False, 'path': '/home/ingeolko/turtlebot3-master/turtlebot3_teleop', 'symlink_install': False, 'test_result_base': None}
[0.255s] Level 5:colcon.colcon_core.verb:set package 'turtlebot3_bringup' build argument 'cmake_args' from command line to 'None'
[0.255s] Level 5:colcon.colcon_core.verb:set package 'turtlebot3_bringup' build argument 'cmake_target' from command line to 'None'
[0.255s] Level 5:colcon.colcon_core.verb:set package 'turtlebot3_bringup' build argument 'cmake_target_skip_unavailable' from command line to 'False'
[0.255s] Level 5:colcon.colcon_core.verb:set package 'turtlebot3_bringup' build argument 'cmake_clean_cache' from command line to 'False'
[0.255s] Level 5:colcon.colcon_core.verb:set package 'turtlebot3_bringup' build argument 'cmake_clean_first' from command line to 'False'
[0.255s] Level 5:colcon.colcon_core.verb:set package 'turtlebot3_bringup' build argument 'cmake_force_configure' from command line to 'False'
[0.255s] Level 5:colcon.colcon_core.verb:set package 'turtlebot3_bringup' build argument 'ament_cmake_args' from command line to 'None'
[0.255s] Level 5:colcon.colcon_core.verb:set package 'turtlebot3_bringup' build argument 'catkin_cmake_args' from command line to 'None'
[0.255s] Level 5:colcon.colcon_core.verb:set package 'turtlebot3_bringup' build argument 'catkin_skip_building_tests' from command line to 'False'
[0.255s] DEBUG:colcon.colcon_core.verb:Building package 'turtlebot3_bringup' with the following arguments: {'ament_cmake_args': None, 'build_base': '/home/ingeolko/turtlebot3-master/build/turtlebot3_bringup', 'catkin_cmake_args': None, 'catkin_skip_building_tests': False, 'cmake_args': None, 'cmake_clean_cache': False, 'cmake_clean_first': False, 'cmake_force_configure': False, 'cmake_target': None, 'cmake_target_skip_unavailable': False, 'install_base': '/home/ingeolko/turtlebot3-master/install/turtlebot3_bringup', 'merge_install': False, 'path': '/home/ingeolko/turtlebot3-master/turtlebot3_bringup', 'symlink_install': False, 'test_result_base': None}
[0.255s] Level 5:colcon.colcon_core.verb:set package 'turtlebot3_example' build argument 'cmake_args' from command line to 'None'
[0.255s] Level 5:colcon.colcon_core.verb:set package 'turtlebot3_example' build argument 'cmake_target' from command line to 'None'
[0.255s] Level 5:colcon.colcon_core.verb:set package 'turtlebot3_example' build argument 'cmake_target_skip_unavailable' from command line to 'False'
[0.255s] Level 5:colcon.colcon_core.verb:set package 'turtlebot3_example' build argument 'cmake_clean_cache' from command line to 'False'
[0.256s] Level 5:colcon.colcon_core.verb:set package 'turtlebot3_example' build argument 'cmake_clean_first' from command line to 'False'
[0.256s] Level 5:colcon.colcon_core.verb:set package 'turtlebot3_example' build argument 'cmake_force_configure' from command line to 'False'
[0.256s] Level 5:colcon.colcon_core.verb:set package 'turtlebot3_example' build argument 'ament_cmake_args' from command line to 'None'
[0.256s] Level 5:colcon.colcon_core.verb:set package 'turtlebot3_example' build argument 'catkin_cmake_args' from command line to 'None'
[0.256s] Level 5:colcon.colcon_core.verb:set package 'turtlebot3_example' build argument 'catkin_skip_building_tests' from command line to 'False'
[0.256s] DEBUG:colcon.colcon_core.verb:Building package 'turtlebot3_example' with the following arguments: {'ament_cmake_args': None, 'build_base': '/home/ingeolko/turtlebot3-master/build/turtlebot3_example', 'catkin_cmake_args': None, 'catkin_skip_building_tests': False, 'cmake_args': None, 'cmake_clean_cache': False, 'cmake_clean_first': False, 'cmake_force_configure': False, 'cmake_target': None, 'cmake_target_skip_unavailable': False, 'install_base': '/home/ingeolko/turtlebot3-master/install/turtlebot3_example', 'merge_install': False, 'path': '/home/ingeolko/turtlebot3-master/turtlebot3_example', 'symlink_install': False, 'test_result_base': None}
[0.256s] Level 5:colcon.colcon_core.verb:set package 'turtlebot3_navigation' build argument 'cmake_args' from command line to 'None'
[0.256s] Level 5:colcon.colcon_core.verb:set package 'turtlebot3_navigation' build argument 'cmake_target' from command line to 'None'
[0.256s] Level 5:colcon.colcon_core.verb:set package 'turtlebot3_navigation' build argument 'cmake_target_skip_unavailable' from command line to 'False'
[0.256s] Level 5:colcon.colcon_core.verb:set package 'turtlebot3_navigation' build argument 'cmake_clean_cache' from command line to 'False'
[0.256s] Level 5:colcon.colcon_core.verb:set package 'turtlebot3_navigation' build argument 'cmake_clean_first' from command line to 'False'
[0.256s] Level 5:colcon.colcon_core.verb:set package 'turtlebot3_navigation' build argument 'cmake_force_configure' from command line to 'False'
[0.256s] Level 5:colcon.colcon_core.verb:set package 'turtlebot3_navigation' build argument 'ament_cmake_args' from command line to 'None'
[0.256s] Level 5:colcon.colcon_core.verb:set package 'turtlebot3_navigation' build argument 'catkin_cmake_args' from command line to 'None'
[0.256s] Level 5:colcon.colcon_core.verb:set package 'turtlebot3_navigation' build argument 'catkin_skip_building_tests' from command line to 'False'
[0.256s] DEBUG:colcon.colcon_core.verb:Building package 'turtlebot3_navigation' with the following arguments: {'ament_cmake_args': None, 'build_base': '/home/ingeolko/turtlebot3-master/build/turtlebot3_navigation', 'catkin_cmake_args': None, 'catkin_skip_building_tests': False, 'cmake_args': None, 'cmake_clean_cache': False, 'cmake_clean_first': False, 'cmake_force_configure': False, 'cmake_target': None, 'cmake_target_skip_unavailable': False, 'install_base': '/home/ingeolko/turtlebot3-master/install/turtlebot3_navigation', 'merge_install': False, 'path': '/home/ingeolko/turtlebot3-master/turtlebot3_navigation', 'symlink_install': False, 'test_result_base': None}
[0.257s] Level 5:colcon.colcon_core.verb:set package 'turtlebot3_slam' build argument 'cmake_args' from command line to 'None'
[0.257s] Level 5:colcon.colcon_core.verb:set package 'turtlebot3_slam' build argument 'cmake_target' from command line to 'None'
[0.257s] Level 5:colcon.colcon_core.verb:set package 'turtlebot3_slam' build argument 'cmake_target_skip_unavailable' from command line to 'False'
[0.257s] Level 5:colcon.colcon_core.verb:set package 'turtlebot3_slam' build argument 'cmake_clean_cache' from command line to 'False'
[0.257s] Level 5:colcon.colcon_core.verb:set package 'turtlebot3_slam' build argument 'cmake_clean_first' from command line to 'False'
[0.257s] Level 5:colcon.colcon_core.verb:set package 'turtlebot3_slam' build argument 'cmake_force_configure' from command line to 'False'
[0.257s] Level 5:colcon.colcon_core.verb:set package 'turtlebot3_slam' build argument 'ament_cmake_args' from command line to 'None'
[0.257s] Level 5:colcon.colcon_core.verb:set package 'turtlebot3_slam' build argument 'catkin_cmake_args' from command line to 'None'
[0.257s] Level 5:colcon.colcon_core.verb:set package 'turtlebot3_slam' build argument 'catkin_skip_building_tests' from command line to 'False'
[0.257s] DEBUG:colcon.colcon_core.verb:Building package 'turtlebot3_slam' with the following arguments: {'ament_cmake_args': None, 'build_base': '/home/ingeolko/turtlebot3-master/build/turtlebot3_slam', 'catkin_cmake_args': None, 'catkin_skip_building_tests': False, 'cmake_args': None, 'cmake_clean_cache': False, 'cmake_clean_first': False, 'cmake_force_configure': False, 'cmake_target': None, 'cmake_target_skip_unavailable': False, 'install_base': '/home/ingeolko/turtlebot3-master/install/turtlebot3_slam', 'merge_install': False, 'path': '/home/ingeolko/turtlebot3-master/turtlebot3_slam', 'symlink_install': False, 'test_result_base': None}
[0.258s] Level 5:colcon.colcon_core.verb:set package 'turtlebot3' build argument 'cmake_args' from command line to 'None'
[0.258s] Level 5:colcon.colcon_core.verb:set package 'turtlebot3' build argument 'cmake_target' from command line to 'None'
[0.258s] Level 5:colcon.colcon_core.verb:set package 'turtlebot3' build argument 'cmake_target_skip_unavailable' from command line to 'False'
[0.258s] Level 5:colcon.colcon_core.verb:set package 'turtlebot3' build argument 'cmake_clean_cache' from command line to 'False'
[0.258s] Level 5:colcon.colcon_core.verb:set package 'turtlebot3' build argument 'cmake_clean_first' from command line to 'False'
[0.258s] Level 5:colcon.colcon_core.verb:set package 'turtlebot3' build argument 'cmake_force_configure' from command line to 'False'
[0.258s] Level 5:colcon.colcon_core.verb:set package 'turtlebot3' build argument 'ament_cmake_args' from command line to 'None'
[0.258s] Level 5:colcon.colcon_core.verb:set package 'turtlebot3' build argument 'catkin_cmake_args' from command line to 'None'
[0.258s] Level 5:colcon.colcon_core.verb:set package 'turtlebot3' build argument 'catkin_skip_building_tests' from command line to 'False'
[0.258s] DEBUG:colcon.colcon_core.verb:Building package 'turtlebot3' with the following arguments: {'ament_cmake_args': None, 'build_base': '/home/ingeolko/turtlebot3-master/build/turtlebot3', 'catkin_cmake_args': None, 'catkin_skip_building_tests': False, 'cmake_args': None, 'cmake_clean_cache': False, 'cmake_clean_first': False, 'cmake_force_configure': False, 'cmake_target': None, 'cmake_target_skip_unavailable': False, 'install_base': '/home/ingeolko/turtlebot3-master/install/turtlebot3', 'merge_install': False, 'path': '/home/ingeolko/turtlebot3-master/turtlebot3', 'symlink_install': False, 'test_result_base': None}
[0.258s] INFO:colcon.colcon_core.executor:Executing jobs using 'parallel' executor
[0.259s] DEBUG:colcon.colcon_parallel_executor.executor.parallel:run_until_complete
[0.260s] INFO:colcon.colcon_ros.task.catkin.build:Building ROS package in '/home/ingeolko/turtlebot3-master/turtlebot3_description' with build type 'catkin'
[0.260s] INFO:colcon.colcon_cmake.task.cmake.build:Building CMake package in '/home/ingeolko/turtlebot3-master/turtlebot3_description'
[0.265s] INFO:colcon.colcon_core.plugin_system:Skipping extension 'colcon_core.shell.bat': Not used on non-Windows systems
[0.265s] INFO:colcon.colcon_core.shell:Skip shell extension 'powershell' for command environment: Not usable outside of PowerShell
[0.265s] DEBUG:colcon.colcon_core.shell:Skip shell extension 'dsv' for command environment
[0.265s] DEBUG:colcon.colcon_core.shell:Ignoring prefix path '/opt/ros/melodic'
[0.269s] INFO:colcon.colcon_ros.task.catkin.build:Building ROS package in '/home/ingeolko/turtlebot3-master/turtlebot3_teleop' with build type 'catkin'
[0.269s] INFO:colcon.colcon_cmake.task.cmake.build:Building CMake package in '/home/ingeolko/turtlebot3-master/turtlebot3_teleop'
[0.269s] INFO:colcon.colcon_core.shell:Skip shell extension 'powershell' for command environment: Not usable outside of PowerShell
[0.269s] DEBUG:colcon.colcon_core.shell:Skip shell extension 'dsv' for command environment
[0.270s] DEBUG:colcon.colcon_core.shell:Ignoring prefix path '/opt/ros/melodic'
[0.279s] DEBUG:colcon.colcon_core.event_handler.log_command:Invoking command in '/home/ingeolko/turtlebot3-master/build/turtlebot3_description': /usr/bin/cmake --build /home/ingeolko/turtlebot3-master/build/turtlebot3_description -- -j4 -l4
[0.289s] DEBUG:colcon.colcon_core.event_handler.log_command:Invoking command in '/home/ingeolko/turtlebot3-master/build/turtlebot3_teleop': /usr/bin/cmake --build /home/ingeolko/turtlebot3-master/build/turtlebot3_teleop -- -j4 -l4
[0.356s] DEBUG:colcon.colcon_core.event_handler.log_command:Invoked command in '/home/ingeolko/turtlebot3-master/build/turtlebot3_teleop' returned '0': /usr/bin/cmake --build /home/ingeolko/turtlebot3-master/build/turtlebot3_teleop -- -j4 -l4
[0.377s] DEBUG:colcon.colcon_core.event_handler.log_command:Invoked command in '/home/ingeolko/turtlebot3-master/build/turtlebot3_description' returned '0': /usr/bin/cmake --build /home/ingeolko/turtlebot3-master/build/turtlebot3_description -- -j4 -l4
[0.388s] DEBUG:colcon.colcon_core.event_handler.log_command:Invoking command in '/home/ingeolko/turtlebot3-master/build/turtlebot3_teleop': /usr/bin/cmake --build /home/ingeolko/turtlebot3-master/build/turtlebot3_teleop --target tests -- -j4 -l4
[0.425s] DEBUG:colcon.colcon_core.event_handler.log_command:Invoking command in '/home/ingeolko/turtlebot3-master/build/turtlebot3_description': /usr/bin/cmake --build /home/ingeolko/turtlebot3-master/build/turtlebot3_description --target tests -- -j4 -l4
[0.464s] DEBUG:colcon.colcon_core.event_handler.log_command:Invoked command in '/home/ingeolko/turtlebot3-master/build/turtlebot3_teleop' returned '0': /usr/bin/cmake --build /home/ingeolko/turtlebot3-master/build/turtlebot3_teleop --target tests -- -j4 -l4
[0.510s] DEBUG:colcon.colcon_core.event_handler.log_command:Invoking command in '/home/ingeolko/turtlebot3-master/build/turtlebot3_teleop': /usr/bin/cmake --build /home/ingeolko/turtlebot3-master/build/turtlebot3_teleop --target install -- -j4 -l4
[0.513s] DEBUG:colcon.colcon_core.event_handler.log_command:Invoked command in '/home/ingeolko/turtlebot3-master/build/turtlebot3_description' returned '0': /usr/bin/cmake --build /home/ingeolko/turtlebot3-master/build/turtlebot3_description --target tests -- -j4 -l4
[0.549s] DEBUG:colcon.colcon_core.event_handler.log_command:Invoking command in '/home/ingeolko/turtlebot3-master/build/turtlebot3_description': /usr/bin/cmake --build /home/ingeolko/turtlebot3-master/build/turtlebot3_description --target install -- -j4 -l4
[0.633s] DEBUG:colcon.colcon_core.event_handler.log_command:Invoked command in '/home/ingeolko/turtlebot3-master/build/turtlebot3_teleop' returned '0': /usr/bin/cmake --build /home/ingeolko/turtlebot3-master/build/turtlebot3_teleop --target install -- -j4 -l4
[0.638s] DEBUG:colcon.colcon_core.event_handler.log_command:Invoked command in '/home/ingeolko/turtlebot3-master/build/turtlebot3_description' returned '0': /usr/bin/cmake --build /home/ingeolko/turtlebot3-master/build/turtlebot3_description --target install -- -j4 -l4
[0.667s] Level 1:colcon.colcon_core.shell:create_environment_hook('turtlebot3_teleop', 'ros_package_path')
[0.667s] INFO:colcon.colcon_core.shell:Creating environment hook '/home/ingeolko/turtlebot3-master/install/turtlebot3_teleop/share/turtlebot3_teleop/hook/ros_package_path.ps1'
[0.669s] INFO:colcon.colcon_core.shell:Creating environment descriptor '/home/ingeolko/turtlebot3-master/install/turtlebot3_teleop/share/turtlebot3_teleop/hook/ros_package_path.dsv'
[0.669s] INFO:colcon.colcon_core.shell:Creating environment hook '/home/ingeolko/turtlebot3-master/install/turtlebot3_teleop/share/turtlebot3_teleop/hook/ros_package_path.sh'
[0.670s] Level 1:colcon.colcon_ros.task.catkin:checking '/home/ingeolko/turtlebot3-master/install/turtlebot3_teleop/lib/python2.7/dist-packages'
[0.671s] Level 1:colcon.colcon_core.shell:create_environment_hook('turtlebot3_teleop', 'catkin_pythonpath')
[0.671s] INFO:colcon.colcon_core.shell:Creating environment hook '/home/ingeolko/turtlebot3-master/install/turtlebot3_teleop/share/turtlebot3_teleop/hook/catkin_pythonpath.ps1'
[0.671s] INFO:colcon.colcon_core.shell:Creating environment descriptor '/home/ingeolko/turtlebot3-master/install/turtlebot3_teleop/share/turtlebot3_teleop/hook/catkin_pythonpath.dsv'
[0.672s] INFO:colcon.colcon_core.shell:Creating environment hook '/home/ingeolko/turtlebot3-master/install/turtlebot3_teleop/share/turtlebot3_teleop/hook/catkin_pythonpath.sh'
[0.672s] Level 1:colcon.colcon_core.shell:create_environment_hook('turtlebot3_teleop', 'pkg_config_path')
[0.672s] INFO:colcon.colcon_core.shell:Creating environment hook '/home/ingeolko/turtlebot3-master/install/turtlebot3_teleop/share/turtlebot3_teleop/hook/pkg_config_path.ps1'
[0.673s] INFO:colcon.colcon_core.shell:Creating environment descriptor '/home/ingeolko/turtlebot3-master/install/turtlebot3_teleop/share/turtlebot3_teleop/hook/pkg_config_path.dsv'
[0.673s] INFO:colcon.colcon_core.shell:Creating environment hook '/home/ingeolko/turtlebot3-master/install/turtlebot3_teleop/share/turtlebot3_teleop/hook/pkg_config_path.sh'
[0.678s] Level 1:colcon.colcon_core.shell:create_environment_hook('turtlebot3_teleop', 'pkg_config_path_multiarch')
[0.679s] INFO:colcon.colcon_core.shell:Creating environment hook '/home/ingeolko/turtlebot3-master/install/turtlebot3_teleop/share/turtlebot3_teleop/hook/pkg_config_path_multiarch.ps1'
[0.679s] INFO:colcon.colcon_core.shell:Creating environment descriptor '/home/ingeolko/turtlebot3-master/install/turtlebot3_teleop/share/turtlebot3_teleop/hook/pkg_config_path_multiarch.dsv'
[0.680s] INFO:colcon.colcon_core.shell:Creating environment hook '/home/ingeolko/turtlebot3-master/install/turtlebot3_teleop/share/turtlebot3_teleop/hook/pkg_config_path_multiarch.sh'
[0.681s] Level 1:colcon.colcon_core.environment:create_environment_scripts_only(turtlebot3_teleop)
[0.687s] Level 1:colcon.colcon_core.environment:checking '/home/ingeolko/turtlebot3-master/install/turtlebot3_teleop' for CMake module files
[0.688s] Level 1:colcon.colcon_core.environment:checking '/home/ingeolko/turtlebot3-master/install/turtlebot3_teleop' for CMake config files
[0.688s] Level 1:colcon.colcon_core.shell:create_environment_hook('turtlebot3_teleop', 'cmake_prefix_path')
[0.688s] INFO:colcon.colcon_core.shell:Creating environment hook '/home/ingeolko/turtlebot3-master/install/turtlebot3_teleop/share/turtlebot3_teleop/hook/cmake_prefix_path.ps1'
[0.689s] INFO:colcon.colcon_core.shell:Creating environment descriptor '/home/ingeolko/turtlebot3-master/install/turtlebot3_teleop/share/turtlebot3_teleop/hook/cmake_prefix_path.dsv'
[0.689s] INFO:colcon.colcon_core.shell:Creating environment hook '/home/ingeolko/turtlebot3-master/install/turtlebot3_teleop/share/turtlebot3_teleop/hook/cmake_prefix_path.sh'
[0.691s] Level 1:colcon.colcon_core.environment:checking '/home/ingeolko/turtlebot3-master/install/turtlebot3_teleop/lib'
[0.691s] Level 1:colcon.colcon_core.environment:checking '/home/ingeolko/turtlebot3-master/install/turtlebot3_teleop/bin'
[0.691s] Level 1:colcon.colcon_core.environment:checking '/home/ingeolko/turtlebot3-master/install/turtlebot3_teleop/lib/pkgconfig/turtlebot3_teleop.pc'
[0.691s] Level 1:colcon.colcon_core.shell:create_environment_hook('turtlebot3_teleop', 'pkg_config')
[0.691s] INFO:colcon.colcon_core.shell:Creating environment hook '/home/ingeolko/turtlebot3-master/install/turtlebot3_teleop/share/turtlebot3_teleop/hook/pkg_config.ps1'
[0.692s] INFO:colcon.colcon_core.shell:Creating environment descriptor '/home/ingeolko/turtlebot3-master/install/turtlebot3_teleop/share/turtlebot3_teleop/hook/pkg_config.dsv'
[0.692s] INFO:colcon.colcon_core.shell:Creating environment hook '/home/ingeolko/turtlebot3-master/install/turtlebot3_teleop/share/turtlebot3_teleop/hook/pkg_config.sh'
[0.693s] Level 1:colcon.colcon_core.environment:checking '/home/ingeolko/turtlebot3-master/install/turtlebot3_teleop/lib/python3.6/site-packages'
[0.693s] Level 1:colcon.colcon_core.environment:checking '/home/ingeolko/turtlebot3-master/install/turtlebot3_teleop/bin'
[0.694s] INFO:colcon.colcon_core.shell:Creating package script '/home/ingeolko/turtlebot3-master/install/turtlebot3_teleop/share/turtlebot3_teleop/package.ps1'
[0.695s] INFO:colcon.colcon_core.shell:Creating package descriptor '/home/ingeolko/turtlebot3-master/install/turtlebot3_teleop/share/turtlebot3_teleop/package.dsv'
[0.696s] INFO:colcon.colcon_core.shell:Creating package script '/home/ingeolko/turtlebot3-master/install/turtlebot3_teleop/share/turtlebot3_teleop/package.sh'
[0.697s] INFO:colcon.colcon_core.shell:Creating package script '/home/ingeolko/turtlebot3-master/install/turtlebot3_teleop/share/turtlebot3_teleop/package.bash'
[0.698s] INFO:colcon.colcon_core.shell:Creating package script '/home/ingeolko/turtlebot3-master/install/turtlebot3_teleop/share/turtlebot3_teleop/package.zsh'
[0.699s] Level 1:colcon.colcon_core.environment:create_file_with_runtime_dependencies(/home/ingeolko/turtlebot3-master/install/turtlebot3_teleop/share/colcon-core/packages/turtlebot3_teleop)
[0.701s] Level 1:colcon.colcon_core.shell:create_environment_hook('turtlebot3_description', 'ros_package_path')
[0.701s] INFO:colcon.colcon_core.shell:Creating environment hook '/home/ingeolko/turtlebot3-master/install/turtlebot3_description/share/turtlebot3_description/hook/ros_package_path.ps1'
[0.702s] INFO:colcon.colcon_core.shell:Creating environment descriptor '/home/ingeolko/turtlebot3-master/install/turtlebot3_description/share/turtlebot3_description/hook/ros_package_path.dsv'
[0.703s] INFO:colcon.colcon_core.shell:Creating environment hook '/home/ingeolko/turtlebot3-master/install/turtlebot3_description/share/turtlebot3_description/hook/ros_package_path.sh'
[0.703s] Level 1:colcon.colcon_ros.task.catkin:checking '/home/ingeolko/turtlebot3-master/install/turtlebot3_description/lib/python2.7/dist-packages'
[0.703s] Level 1:colcon.colcon_core.shell:create_environment_hook('turtlebot3_description', 'pkg_config_path')
[0.703s] INFO:colcon.colcon_core.shell:Creating environment hook '/home/ingeolko/turtlebot3-master/install/turtlebot3_description/share/turtlebot3_description/hook/pkg_config_path.ps1'
[0.704s] INFO:colcon.colcon_core.shell:Creating environment descriptor '/home/ingeolko/turtlebot3-master/install/turtlebot3_description/share/turtlebot3_description/hook/pkg_config_path.dsv'
[0.704s] INFO:colcon.colcon_core.shell:Creating environment hook '/home/ingeolko/turtlebot3-master/install/turtlebot3_description/share/turtlebot3_description/hook/pkg_config_path.sh'
[0.704s] Level 1:colcon.colcon_core.shell:create_environment_hook('turtlebot3_description', 'pkg_config_path_multiarch')
[0.705s] INFO:colcon.colcon_core.shell:Creating environment hook '/home/ingeolko/turtlebot3-master/install/turtlebot3_description/share/turtlebot3_description/hook/pkg_config_path_multiarch.ps1'
[0.705s] INFO:colcon.colcon_core.shell:Creating environment descriptor '/home/ingeolko/turtlebot3-master/install/turtlebot3_description/share/turtlebot3_description/hook/pkg_config_path_multiarch.dsv'
[0.705s] INFO:colcon.colcon_core.shell:Creating environment hook '/home/ingeolko/turtlebot3-master/install/turtlebot3_description/share/turtlebot3_description/hook/pkg_config_path_multiarch.sh'
[0.706s] Level 1:colcon.colcon_core.environment:create_environment_scripts_only(turtlebot3_description)
[0.706s] Level 1:colcon.colcon_core.environment:checking '/home/ingeolko/turtlebot3-master/install/turtlebot3_description' for CMake module files
[0.707s] Level 1:colcon.colcon_core.environment:checking '/home/ingeolko/turtlebot3-master/install/turtlebot3_description' for CMake config files
[0.707s] Level 1:colcon.colcon_core.shell:create_environment_hook('turtlebot3_description', 'cmake_prefix_path')
[0.707s] INFO:colcon.colcon_core.shell:Creating environment hook '/home/ingeolko/turtlebot3-master/install/turtlebot3_description/share/turtlebot3_description/hook/cmake_prefix_path.ps1'
[0.708s] INFO:colcon.colcon_core.shell:Creating environment descriptor '/home/ingeolko/turtlebot3-master/install/turtlebot3_description/share/turtlebot3_description/hook/cmake_prefix_path.dsv'
[0.708s] INFO:colcon.colcon_core.shell:Creating environment hook '/home/ingeolko/turtlebot3-master/install/turtlebot3_description/share/turtlebot3_description/hook/cmake_prefix_path.sh'
[0.709s] Level 1:colcon.colcon_core.environment:checking '/home/ingeolko/turtlebot3-master/install/turtlebot3_description/lib'
[0.709s] Level 1:colcon.colcon_core.environment:checking '/home/ingeolko/turtlebot3-master/install/turtlebot3_description/bin'
[0.709s] Level 1:colcon.colcon_core.environment:checking '/home/ingeolko/turtlebot3-master/install/turtlebot3_description/lib/pkgconfig/turtlebot3_description.pc'
[0.709s] Level 1:colcon.colcon_core.shell:create_environment_hook('turtlebot3_description', 'pkg_config')
[0.709s] INFO:colcon.colcon_core.shell:Creating environment hook '/home/ingeolko/turtlebot3-master/install/turtlebot3_description/share/turtlebot3_description/hook/pkg_config.ps1'
[0.710s] INFO:colcon.colcon_core.shell:Creating environment descriptor '/home/ingeolko/turtlebot3-master/install/turtlebot3_description/share/turtlebot3_description/hook/pkg_config.dsv'
[0.710s] INFO:colcon.colcon_core.shell:Creating environment hook '/home/ingeolko/turtlebot3-master/install/turtlebot3_description/share/turtlebot3_description/hook/pkg_config.sh'
[0.710s] Level 1:colcon.colcon_core.environment:checking '/home/ingeolko/turtlebot3-master/install/turtlebot3_description/lib/python3.6/site-packages'
[0.711s] Level 1:colcon.colcon_core.environment:checking '/home/ingeolko/turtlebot3-master/install/turtlebot3_description/bin'
[0.711s] INFO:colcon.colcon_core.shell:Creating package script '/home/ingeolko/turtlebot3-master/install/turtlebot3_description/share/turtlebot3_description/package.ps1'
[0.727s] INFO:colcon.colcon_core.shell:Creating package descriptor '/home/ingeolko/turtlebot3-master/install/turtlebot3_description/share/turtlebot3_description/package.dsv'
[0.728s] INFO:colcon.colcon_core.shell:Creating package script '/home/ingeolko/turtlebot3-master/install/turtlebot3_description/share/turtlebot3_description/package.sh'
[0.728s] INFO:colcon.colcon_core.shell:Creating package script '/home/ingeolko/turtlebot3-master/install/turtlebot3_description/share/turtlebot3_description/package.bash'
[0.729s] INFO:colcon.colcon_core.shell:Creating package script '/home/ingeolko/turtlebot3-master/install/turtlebot3_description/share/turtlebot3_description/package.zsh'
[0.729s] Level 1:colcon.colcon_core.environment:create_file_with_runtime_dependencies(/home/ingeolko/turtlebot3-master/install/turtlebot3_description/share/colcon-core/packages/turtlebot3_description)
[0.730s] INFO:colcon.colcon_ros.task.catkin.build:Building ROS package in '/home/ingeolko/turtlebot3-master/turtlebot3_bringup' with build type 'catkin'
[0.730s] INFO:colcon.colcon_cmake.task.cmake.build:Building CMake package in '/home/ingeolko/turtlebot3-master/turtlebot3_bringup'
[0.731s] INFO:colcon.colcon_core.shell:Skip shell extension 'powershell' for command environment: Not usable outside of PowerShell
[0.731s] DEBUG:colcon.colcon_core.shell:Skip shell extension 'dsv' for command environment
[0.733s] DEBUG:colcon.colcon_core.shell:Ignoring prefix path '/opt/ros/melodic'
[0.745s] DEBUG:colcon.colcon_core.event_handler.log_command:Invoking command in '/home/ingeolko/turtlebot3-master/build/turtlebot3_bringup': CMAKE_PREFIX_PATH=/home/ingeolko/turtlebot3-master/install/turtlebot3_teleop:/home/ingeolko/turtlebot3-master/install/turtlebot3_description:${CMAKE_PREFIX_PATH} PKG_CONFIG_PATH=/home/ingeolko/turtlebot3-master/install/turtlebot3_teleop/lib/x86_64-linux-gnu/pkgconfig:/home/ingeolko/turtlebot3-master/install/turtlebot3_teleop/lib/pkgconfig:/home/ingeolko/turtlebot3-master/install/turtlebot3_description/lib/x86_64-linux-gnu/pkgconfig:/home/ingeolko/turtlebot3-master/install/turtlebot3_description/lib/pkgconfig:${PKG_CONFIG_PATH} PYTHONPATH=/home/ingeolko/turtlebot3-master/install/turtlebot3_teleop/lib/python2.7/dist-packages:${PYTHONPATH} ROS_PACKAGE_PATH=/home/ingeolko/turtlebot3-master/install/turtlebot3_teleop/share:/home/ingeolko/turtlebot3-master/install/turtlebot3_description/share:${ROS_PACKAGE_PATH} /usr/bin/cmake /home/ingeolko/turtlebot3-master/turtlebot3_bringup -DCATKIN_INSTALL_INTO_PREFIX_ROOT=0 -DCMAKE_INSTALL_PREFIX=/home/ingeolko/turtlebot3-master/install/turtlebot3_bringup
[1.166s] DEBUG:colcon.colcon_core.event_handler.log_command:Invoked command in '/home/ingeolko/turtlebot3-master/build/turtlebot3_bringup' returned '1': CMAKE_PREFIX_PATH=/home/ingeolko/turtlebot3-master/install/turtlebot3_teleop:/home/ingeolko/turtlebot3-master/install/turtlebot3_description:${CMAKE_PREFIX_PATH} PKG_CONFIG_PATH=/home/ingeolko/turtlebot3-master/install/turtlebot3_teleop/lib/x86_64-linux-gnu/pkgconfig:/home/ingeolko/turtlebot3-master/install/turtlebot3_teleop/lib/pkgconfig:/home/ingeolko/turtlebot3-master/install/turtlebot3_description/lib/x86_64-linux-gnu/pkgconfig:/home/ingeolko/turtlebot3-master/install/turtlebot3_description/lib/pkgconfig:${PKG_CONFIG_PATH} PYTHONPATH=/home/ingeolko/turtlebot3-master/install/turtlebot3_teleop/lib/python2.7/dist-packages:${PYTHONPATH} ROS_PACKAGE_PATH=/home/ingeolko/turtlebot3-master/install/turtlebot3_teleop/share:/home/ingeolko/turtlebot3-master/install/turtlebot3_description/share:${ROS_PACKAGE_PATH} /usr/bin/cmake /home/ingeolko/turtlebot3-master/turtlebot3_bringup -DCATKIN_INSTALL_INTO_PREFIX_ROOT=0 -DCMAKE_INSTALL_PREFIX=/home/ingeolko/turtlebot3-master/install/turtlebot3_bringup
[1.179s] Level 1:colcon.colcon_core.environment:create_environment_scripts_only(turtlebot3_bringup)
[1.180s] Level 1:colcon.colcon_core.environment:checking '/home/ingeolko/turtlebot3-master/install/turtlebot3_bringup' for CMake module files
[1.181s] Level 1:colcon.colcon_core.environment:checking '/home/ingeolko/turtlebot3-master/install/turtlebot3_bringup' for CMake config files
[1.182s] Level 1:colcon.colcon_core.environment:checking '/home/ingeolko/turtlebot3-master/install/turtlebot3_bringup/bin'
[1.182s] Level 1:colcon.colcon_core.environment:checking '/home/ingeolko/turtlebot3-master/install/turtlebot3_bringup/lib/pkgconfig/turtlebot3_bringup.pc'
[1.182s] Level 1:colcon.colcon_core.environment:checking '/home/ingeolko/turtlebot3-master/install/turtlebot3_bringup/lib/python3.6/site-packages'
[1.182s] Level 1:colcon.colcon_core.environment:checking '/home/ingeolko/turtlebot3-master/install/turtlebot3_bringup/bin'
[1.182s] INFO:colcon.colcon_core.shell:Creating package script '/home/ingeolko/turtlebot3-master/install/turtlebot3_bringup/share/turtlebot3_bringup/package.ps1'
[1.183s] INFO:colcon.colcon_core.shell:Creating package descriptor '/home/ingeolko/turtlebot3-master/install/turtlebot3_bringup/share/turtlebot3_bringup/package.dsv'
[1.183s] INFO:colcon.colcon_core.shell:Creating package script '/home/ingeolko/turtlebot3-master/install/turtlebot3_bringup/share/turtlebot3_bringup/package.sh'
[1.183s] INFO:colcon.colcon_core.shell:Creating package script '/home/ingeolko/turtlebot3-master/install/turtlebot3_bringup/share/turtlebot3_bringup/package.bash'
[1.184s] INFO:colcon.colcon_core.shell:Creating package script '/home/ingeolko/turtlebot3-master/install/turtlebot3_bringup/share/turtlebot3_bringup/package.zsh'
[1.184s] Level 1:colcon.colcon_core.environment:create_file_with_runtime_dependencies(/home/ingeolko/turtlebot3-master/install/turtlebot3_bringup/share/colcon-core/packages/turtlebot3_bringup)
[1.195s] DEBUG:colcon.colcon_parallel_executor.executor.parallel:closing loop
[1.196s] DEBUG:colcon.colcon_parallel_executor.executor.parallel:loop closed
[1.196s] DEBUG:colcon.colcon_parallel_executor.executor.parallel:run_until_complete finished with '1'
[1.196s] DEBUG:colcon.colcon_core.event_reactor:joining thread
[1.207s] INFO:colcon.colcon_core.plugin_system:Skipping extension 'colcon_notification.desktop_notification.terminal_notifier': Not used on non-Darwin systems
[1.207s] INFO:colcon.colcon_core.plugin_system:Skipping extension 'colcon_notification.desktop_notification.win32': Not used on non-Windows systems
[1.207s] INFO:colcon.colcon_notification.desktop_notification:Sending desktop notification using 'notify2'
[1.210s] DEBUG:colcon.colcon_core.event_reactor:joined thread
[1.211s] INFO:colcon.colcon_core.shell:Creating prefix script '/home/ingeolko/turtlebot3-master/install/local_setup.ps1'
[1.212s] INFO:colcon.colcon_core.shell:Creating prefix util module '/home/ingeolko/turtlebot3-master/install/_local_setup_util_ps1.py'
[1.214s] INFO:colcon.colcon_core.shell:Creating prefix chain script '/home/ingeolko/turtlebot3-master/install/setup.ps1'
[1.216s] INFO:colcon.colcon_core.shell:Creating prefix script '/home/ingeolko/turtlebot3-master/install/local_setup.sh'
[1.216s] INFO:colcon.colcon_core.shell:Creating prefix util module '/home/ingeolko/turtlebot3-master/install/_local_setup_util_sh.py'
[1.217s] INFO:colcon.colcon_core.shell:Creating prefix chain script '/home/ingeolko/turtlebot3-master/install/setup.sh'
[1.218s] INFO:colcon.colcon_core.shell:Creating prefix script '/home/ingeolko/turtlebot3-master/install/local_setup.bash'
[1.219s] INFO:colcon.colcon_core.shell:Creating prefix chain script '/home/ingeolko/turtlebot3-master/install/setup.bash'
[1.220s] INFO:colcon.colcon_core.shell:Creating prefix script '/home/ingeolko/turtlebot3-master/install/local_setup.zsh'
[1.221s] INFO:colcon.colcon_core.shell:Creating prefix chain script '/home/ingeolko/turtlebot3-master/install/setup.zsh'
