[0.035s] Invoking command in '/home/ingeolko/turtlebot3-master/build/turtlebot3_description': /usr/bin/cmake --build /home/ingeolko/turtlebot3-master/build/turtlebot3_description -- -j4 -l4
[0.210s] Built target turtlebot3_description_xacro_generated_to_devel_space_
[0.245s] Invoked command in '/home/ingeolko/turtlebot3-master/build/turtlebot3_description' returned '0': /usr/bin/cmake --build /home/ingeolko/turtlebot3-master/build/turtlebot3_description -- -j4 -l4
[0.460s] Invoking command in '/home/ingeolko/turtlebot3-master/build/turtlebot3_description': /usr/bin/cmake --build /home/ingeolko/turtlebot3-master/build/turtlebot3_description --target tests -- -j4 -l4
[0.698s] Built target tests
[0.738s] Invoked command in '/home/ingeolko/turtlebot3-master/build/turtlebot3_description' returned '0': /usr/bin/cmake --build /home/ingeolko/turtlebot3-master/build/turtlebot3_description --target tests -- -j4 -l4
[0.928s] Invoking command in '/home/ingeolko/turtlebot3-master/build/turtlebot3_description': /usr/bin/cmake --build /home/ingeolko/turtlebot3-master/build/turtlebot3_description --target install -- -j4 -l4
[1.175s] Built target turtlebot3_description_xacro_generated_to_devel_space_
[1.212s] [36mInstall the project...[0m
[1.232s] -- Install configuration: ""
[1.234s] -- Up-to-date: /home/ingeolko/turtlebot3-master/install/turtlebot3_description/lib/pkgconfig/turtlebot3_description.pc
[1.234s] -- Up-to-date: /home/ingeolko/turtlebot3-master/install/turtlebot3_description/share/turtlebot3_description/cmake/turtlebot3_descriptionConfig.cmake
[1.234s] -- Up-to-date: /home/ingeolko/turtlebot3-master/install/turtlebot3_description/share/turtlebot3_description/cmake/turtlebot3_descriptionConfig-version.cmake
[1.234s] -- Up-to-date: /home/ingeolko/turtlebot3-master/install/turtlebot3_description/share/turtlebot3_description/package.xml
[1.235s] -- Up-to-date: /home/ingeolko/turtlebot3-master/install/turtlebot3_description/share/turtlebot3_description/meshes
[1.235s] -- Up-to-date: /home/ingeolko/turtlebot3-master/install/turtlebot3_description/share/turtlebot3_description/meshes/wheels
[1.235s] -- Up-to-date: /home/ingeolko/turtlebot3-master/install/turtlebot3_description/share/turtlebot3_description/meshes/wheels/left_tire.stl
[1.235s] -- Up-to-date: /home/ingeolko/turtlebot3-master/install/turtlebot3_description/share/turtlebot3_description/meshes/wheels/right_tire.stl
[1.235s] -- Up-to-date: /home/ingeolko/turtlebot3-master/install/turtlebot3_description/share/turtlebot3_description/meshes/bases
[1.235s] -- Up-to-date: /home/ingeolko/turtlebot3-master/install/turtlebot3_description/share/turtlebot3_description/meshes/bases/waffle_pi_base_for_open_manipulator.stl
[1.237s] -- Up-to-date: /home/ingeolko/turtlebot3-master/install/turtlebot3_description/share/turtlebot3_description/meshes/bases/waffle_pi_base.stl
[1.237s] -- Up-to-date: /home/ingeolko/turtlebot3-master/install/turtlebot3_description/share/turtlebot3_description/meshes/bases/burger_base.stl
[1.238s] -- Up-to-date: /home/ingeolko/turtlebot3-master/install/turtlebot3_description/share/turtlebot3_description/meshes/bases/waffle_base.stl
[1.238s] -- Up-to-date: /home/ingeolko/turtlebot3-master/install/turtlebot3_description/share/turtlebot3_description/meshes/bases/waffle_base_for_open_manipulator.stl
[1.238s] -- Up-to-date: /home/ingeolko/turtlebot3-master/install/turtlebot3_description/share/turtlebot3_description/meshes/sensors
[1.238s] -- Up-to-date: /home/ingeolko/turtlebot3-master/install/turtlebot3_description/share/turtlebot3_description/meshes/sensors/r200.dae
[1.238s] -- Up-to-date: /home/ingeolko/turtlebot3-master/install/turtlebot3_description/share/turtlebot3_description/meshes/sensors/r200.jpg
[1.238s] -- Up-to-date: /home/ingeolko/turtlebot3-master/install/turtlebot3_description/share/turtlebot3_description/meshes/sensors/lds.stl
[1.238s] -- Up-to-date: /home/ingeolko/turtlebot3-master/install/turtlebot3_description/share/turtlebot3_description/meshes/sensors/astra.jpg
[1.238s] -- Up-to-date: /home/ingeolko/turtlebot3-master/install/turtlebot3_description/share/turtlebot3_description/meshes/sensors/astra.dae
[1.238s] -- Up-to-date: /home/ingeolko/turtlebot3-master/install/turtlebot3_description/share/turtlebot3_description/rviz
[1.238s] -- Up-to-date: /home/ingeolko/turtlebot3-master/install/turtlebot3_description/share/turtlebot3_description/rviz/burger.rviz
[1.238s] -- Up-to-date: /home/ingeolko/turtlebot3-master/install/turtlebot3_description/share/turtlebot3_description/rviz/waffle_pi.rviz
[1.239s] -- Up-to-date: /home/ingeolko/turtlebot3-master/install/turtlebot3_description/share/turtlebot3_description/urdf
[1.239s] -- Up-to-date: /home/ingeolko/turtlebot3-master/install/turtlebot3_description/share/turtlebot3_description/urdf/turtlebot3_burger.urdf.xacro
[1.239s] -- Up-to-date: /home/ingeolko/turtlebot3-master/install/turtlebot3_description/share/turtlebot3_description/urdf/common_properties.xacro
[1.239s] -- Up-to-date: /home/ingeolko/turtlebot3-master/install/turtlebot3_description/share/turtlebot3_description/urdf/turtlebot3_waffle.gazebo.xacro
[1.239s] -- Up-to-date: /home/ingeolko/turtlebot3-master/install/turtlebot3_description/share/turtlebot3_description/urdf/turtlebot3_burger_for_autorace_2020.urdf.xacro
[1.239s] -- Up-to-date: /home/ingeolko/turtlebot3-master/install/turtlebot3_description/share/turtlebot3_description/urdf/turtlebot3_burger_for_autorace.urdf.xacro
[1.239s] -- Up-to-date: /home/ingeolko/turtlebot3-master/install/turtlebot3_description/share/turtlebot3_description/urdf/turtlebot3_waffle.urdf.xacro
[1.239s] -- Up-to-date: /home/ingeolko/turtlebot3-master/install/turtlebot3_description/share/turtlebot3_description/urdf/turtlebot3_burger_for_autorace.gazebo.xacro
[1.239s] -- Up-to-date: /home/ingeolko/turtlebot3-master/install/turtlebot3_description/share/turtlebot3_description/urdf/turtlebot3_burger.gazebo.xacro
[1.239s] -- Up-to-date: /home/ingeolko/turtlebot3-master/install/turtlebot3_description/share/turtlebot3_description/urdf/turtlebot3_burger_for_autorace_2020.gazebo.xacro
[1.239s] -- Up-to-date: /home/ingeolko/turtlebot3-master/install/turtlebot3_description/share/turtlebot3_description/urdf/turtlebot3_waffle_pi.gazebo.xacro
[1.239s] -- Up-to-date: /home/ingeolko/turtlebot3-master/install/turtlebot3_description/share/turtlebot3_description/urdf/turtlebot3_waffle_pi_for_open_manipulator.gazebo.xacro
[1.240s] -- Up-to-date: /home/ingeolko/turtlebot3-master/install/turtlebot3_description/share/turtlebot3_description/urdf/turtlebot3_waffle_for_open_manipulator.urdf.xacro
[1.240s] -- Up-to-date: /home/ingeolko/turtlebot3-master/install/turtlebot3_description/share/turtlebot3_description/urdf/turtlebot3_waffle_pi_for_open_manipulator.urdf.xacro
[1.240s] -- Up-to-date: /home/ingeolko/turtlebot3-master/install/turtlebot3_description/share/turtlebot3_description/urdf/turtlebot3_waffle_pi.urdf.xacro
[1.259s] Invoked command in '/home/ingeolko/turtlebot3-master/build/turtlebot3_description' returned '0': /usr/bin/cmake --build /home/ingeolko/turtlebot3-master/build/turtlebot3_description --target install -- -j4 -l4
