[0.009s] Invoking command in '/home/ingeolko/turtlebot3-master/turtlebot3_example/build/turtlebot3_example': /usr/bin/cmake /home/ingeolko/turtlebot3-master/turtlebot3_example -DCATKIN_INSTALL_INTO_PREFIX_ROOT=0 -DCMAKE_INSTALL_PREFIX=/home/ingeolko/turtlebot3-master/turtlebot3_example/install/turtlebot3_example
[0.355s] -- The C compiler identification is GNU 7.5.0
[0.573s] -- The CXX compiler identification is GNU 7.5.0
[0.584s] -- Check for working C compiler: /usr/bin/cc
[0.654s] -- Check for working C compiler: /usr/bin/cc -- works
[0.656s] -- Detecting C compiler ABI info
[0.720s] -- Detecting C compiler ABI info - done
[0.730s] -- Detecting C compile features
[0.921s] -- Detecting C compile features - done
[0.926s] -- Check for working CXX compiler: /usr/bin/c++
[0.999s] -- Check for working CXX compiler: /usr/bin/c++ -- works
[1.000s] -- Detecting CXX compiler ABI info
[1.072s] -- Detecting CXX compiler ABI info - done
[1.080s] -- Detecting CXX compile features
[1.402s] -- Detecting CXX compile features - done
[1.408s] -- Using CATKIN_DEVEL_PREFIX: /home/ingeolko/turtlebot3-master/turtlebot3_example/build/turtlebot3_example/devel
[1.408s] -- Using CMAKE_PREFIX_PATH: /opt/ros/melodic
[1.408s] -- This workspace overlays: /opt/ros/melodic
[1.454s] -- Found PythonInterp: /usr/bin/python2 (found suitable version "2.7.17", minimum required is "2") 
[1.454s] -- Using PYTHON_EXECUTABLE: /usr/bin/python2
[1.454s] -- Using Debian Python package layout
[1.454s] -- Using empy: /usr/bin/empy
[1.599s] -- Using CATKIN_ENABLE_TESTING: ON
[1.600s] -- Call enable_testing()
[1.602s] -- Using CATKIN_TEST_RESULTS_DIR: /home/ingeolko/turtlebot3-master/turtlebot3_example/build/turtlebot3_example/test_results
[1.630s] -- Found gtest sources under '/usr/src/googletest': gtests will be built
[1.630s] -- Found gmock sources under '/usr/src/googletest': gmock will be built
[1.644s] -- Found PythonInterp: /usr/bin/python2 (found version "2.7.17") 
[1.646s] -- Looking for pthread.h
[1.725s] -- Looking for pthread.h - found
[1.726s] -- Looking for pthread_create
[1.792s] -- Looking for pthread_create - not found
[1.792s] -- Looking for pthread_create in pthreads
[1.847s] -- Looking for pthread_create in pthreads - not found
[1.847s] -- Looking for pthread_create in pthread
[1.911s] -- Looking for pthread_create in pthread - found
[1.912s] -- Found Threads: TRUE  
[1.917s] -- Using Python nosetests: /usr/bin/nosetests-2.7
[1.983s] -- catkin 0.7.29
[1.983s] -- BUILD_SHARED_LIBS is on
[2.128s] -- Using these message generators: gencpp;geneus;genlisp;gennodejs;genpy
[2.304s] -- Could NOT find turtlebot3_msgs (missing: turtlebot3_msgs_DIR)
[2.304s] -- Could not find the required component 'turtlebot3_msgs'. The following CMake error indicates that you either need to install the package with the same name or change your environment so that it can be found.
[2.304s] CMake Error at /opt/ros/melodic/share/catkin/cmake/catkinConfig.cmake:83 (find_package):
[2.304s]   Could not find a package configuration file provided by "turtlebot3_msgs"
[2.304s]   with any of the following names:
[2.304s] 
[2.304s]     turtlebot3_msgsConfig.cmake
[2.304s]     turtlebot3_msgs-config.cmake
[2.304s] 
[2.304s]   Add the installation prefix of "turtlebot3_msgs" to CMAKE_PREFIX_PATH or
[2.305s]   set "turtlebot3_msgs_DIR" to a directory containing one of the above files.
[2.305s]   If "turtlebot3_msgs" provides a separate development package or SDK, be
[2.305s]   sure it has been installed.
[2.305s] Call Stack (most recent call first):
[2.305s]   CMakeLists.txt:10 (find_package)
[2.305s] 
[2.305s] 
[2.305s] -- Configuring incomplete, errors occurred!
[2.305s] See also "/home/ingeolko/turtlebot3-master/turtlebot3_example/build/turtlebot3_example/CMakeFiles/CMakeOutput.log".
[2.305s] See also "/home/ingeolko/turtlebot3-master/turtlebot3_example/build/turtlebot3_example/CMakeFiles/CMakeError.log".
[2.309s] Invoked command in '/home/ingeolko/turtlebot3-master/turtlebot3_example/build/turtlebot3_example' returned '1': /usr/bin/cmake /home/ingeolko/turtlebot3-master/turtlebot3_example -DCATKIN_INSTALL_INTO_PREFIX_ROOT=0 -DCMAKE_INSTALL_PREFIX=/home/ingeolko/turtlebot3-master/turtlebot3_example/install/turtlebot3_example
