[0.019s] Invoking command in '/home/ingeolko/turtlebot3-master-IngeolKo/turtlebot3-master/build/turtlebot3_bringup': CMAKE_PREFIX_PATH=/home/ingeolko/turtlebot3-master-IngeolKo/turtlebot3-master/install/turtlebot3_teleop:/home/ingeolko/turtlebot3-master-IngeolKo/turtlebot3-master/install/turtlebot3_description:/home/ingeolko/turtlebot3-master-IngeolKo/turtlebot3-master/install/turtlebot3_slam:/home/ingeolko/turtlebot3-master-IngeolKo/turtlebot3-master/install/turtlebot3_navigation:/home/ingeolko/turtlebot3-master-IngeolKo/turtlebot3-master/install/turtlebot3_example:/home/ingeolko/turtlebot3-master-IngeolKo/turtlebot3-master/install/turtlebot3_bringup:/opt/ros/melodic PKG_CONFIG_PATH=/home/ingeolko/turtlebot3-master-IngeolKo/turtlebot3-master/install/turtlebot3_teleop/lib/x86_64-linux-gnu/pkgconfig:/home/ingeolko/turtlebot3-master-IngeolKo/turtlebot3-master/install/turtlebot3_teleop/lib/pkgconfig:/home/ingeolko/turtlebot3-master-IngeolKo/turtlebot3-master/install/turtlebot3_description/lib/x86_64-linux-gnu/pkgconfig:/home/ingeolko/turtlebot3-master-IngeolKo/turtlebot3-master/install/turtlebot3_description/lib/pkgconfig:/home/ingeolko/turtlebot3-master-IngeolKo/turtlebot3-master/install/turtlebot3/lib/x86_64-linux-gnu/pkgconfig:/home/ingeolko/turtlebot3-master-IngeolKo/turtlebot3-master/install/turtlebot3/lib/pkgconfig:/home/ingeolko/turtlebot3-master-IngeolKo/turtlebot3-master/install/turtlebot3_slam/lib/x86_64-linux-gnu/pkgconfig:/home/ingeolko/turtlebot3-master-IngeolKo/turtlebot3-master/install/turtlebot3_slam/lib/pkgconfig:/home/ingeolko/turtlebot3-master-IngeolKo/turtlebot3-master/install/turtlebot3_navigation/lib/x86_64-linux-gnu/pkgconfig:/home/ingeolko/turtlebot3-master-IngeolKo/turtlebot3-master/install/turtlebot3_navigation/lib/pkgconfig:/home/ingeolko/turtlebot3-master-IngeolKo/turtlebot3-master/install/turtlebot3_example/lib/x86_64-linux-gnu/pkgconfig:/home/ingeolko/turtlebot3-master-IngeolKo/turtlebot3-master/install/turtlebot3_example/lib/pkgconfig:/home/ingeolko/turtlebot3-master-IngeolKo/turtlebot3-master/install/turtlebot3_bringup/lib/x86_64-linux-gnu/pkgconfig:/home/ingeolko/turtlebot3-master-IngeolKo/turtlebot3-master/install/turtlebot3_bringup/lib/pkgconfig:/opt/ros/melodic/lib/pkgconfig PYTHONPATH=/home/ingeolko/turtlebot3-master-IngeolKo/turtlebot3-master/install/turtlebot3_teleop/lib/python2.7/dist-packages:/home/ingeolko/turtlebot3-master-IngeolKo/turtlebot3-master/install/turtlebot3_example/lib/python2.7/dist-packages:/opt/ros/melodic/lib/python2.7/dist-packages ROS_PACKAGE_PATH=/home/ingeolko/turtlebot3-master-IngeolKo/turtlebot3-master/install/turtlebot3_teleop/share:/home/ingeolko/turtlebot3-master-IngeolKo/turtlebot3-master/install/turtlebot3_description/share:/home/ingeolko/turtlebot3-master-IngeolKo/turtlebot3-master/install/turtlebot3/share:/home/ingeolko/turtlebot3-master-IngeolKo/turtlebot3-master/install/turtlebot3_slam/share:/home/ingeolko/turtlebot3-master-IngeolKo/turtlebot3-master/install/turtlebot3_navigation/share:/home/ingeolko/turtlebot3-master-IngeolKo/turtlebot3-master/install/turtlebot3_example/share:/home/ingeolko/turtlebot3-master-IngeolKo/turtlebot3-master/install/turtlebot3_bringup/share:/opt/ros/melodic/share /usr/bin/cmake --build /home/ingeolko/turtlebot3-master-IngeolKo/turtlebot3-master/build/turtlebot3_bringup -- -j4 -l4
[0.032s] CMake Error: The current CMakeCache.txt directory /home/ingeolko/turtlebot3-master-IngeolKo/turtlebot3-master/build/turtlebot3_bringup/CMakeCache.txt is different than the directory /home/ingeolko/turtlebot3-master/build/turtlebot3_bringup where CMakeCache.txt was created. This may result in binaries being created in the wrong place. If you are not sure, reedit the CMakeCache.txt
[0.138s] [  0%] Built target turtlebot3_msgs_generate_messages_cpp
[0.196s] [  0%] Built target turtlebot3_msgs_generate_messages_eus
[0.233s] [  0%] Built target rosgraph_msgs_generate_messages_nodejs
[0.263s] [  0%] Built target rosgraph_msgs_generate_messages_py
[0.287s] [  0%] Built target std_msgs_generate_messages_eus
[0.321s] [  0%] Built target rosgraph_msgs_generate_messages_lisp
[0.351s] [  0%] Built target rosgraph_msgs_generate_messages_eus
[0.384s] [  0%] Built target rosgraph_msgs_generate_messages_cpp
[0.403s] [  0%] Built target roscpp_generate_messages_py
[0.439s] [  0%] Built target std_msgs_generate_messages_py
[0.477s] [  0%] Built target geometry_msgs_generate_messages_eus
[0.522s] [  0%] Built target roscpp_generate_messages_nodejs
[0.561s] [  0%] Built target roscpp_generate_messages_eus
[0.596s] [  0%] Built target roscpp_generate_messages_lisp
[0.655s] [  0%] Built target std_msgs_generate_messages_cpp
[0.708s] [  0%] Built target geometry_msgs_generate_messages_nodejs
[0.748s] [  0%] Built target sensor_msgs_generate_messages_py
[0.786s] [  0%] Built target diagnostic_msgs_generate_messages_cpp
[0.827s] [  0%] Built target diagnostic_msgs_generate_messages_eus
[0.865s] [  0%] Built target std_msgs_generate_messages_lisp
[0.892s] [  0%] Built target sensor_msgs_generate_messages_cpp
[0.931s] [  0%] Built target sensor_msgs_generate_messages_eus
[0.958s] [  0%] Built target std_msgs_generate_messages_nodejs
[0.989s] [  0%] Built target sensor_msgs_generate_messages_lisp
[1.025s] [  0%] Built target turtlebot3_msgs_generate_messages_py
[1.066s] [  0%] Built target roscpp_generate_messages_cpp
[1.097s] [  0%] Built target sensor_msgs_generate_messages_nodejs
[1.141s] [  0%] Built target diagnostic_msgs_generate_messages_py
[1.186s] [  0%] Built target geometry_msgs_generate_messages_cpp
[1.222s] [  0%] Built target geometry_msgs_generate_messages_lisp
[1.252s] [  0%] Built target geometry_msgs_generate_messages_py
[1.295s] [  0%] Built target diagnostic_msgs_generate_messages_lisp
[1.349s] [  0%] Built target diagnostic_msgs_generate_messages_nodejs
[1.386s] [  0%] Built target turtlebot3_msgs_generate_messages_lisp
[1.426s] [  0%] Built target turtlebot3_msgs_generate_messages_nodejs
[1.473s] [100%] Built target turtlebot3_diagnostics
[1.490s] Invoked command in '/home/ingeolko/turtlebot3-master-IngeolKo/turtlebot3-master/build/turtlebot3_bringup' returned '0': CMAKE_PREFIX_PATH=/home/ingeolko/turtlebot3-master-IngeolKo/turtlebot3-master/install/turtlebot3_teleop:/home/ingeolko/turtlebot3-master-IngeolKo/turtlebot3-master/install/turtlebot3_description:/home/ingeolko/turtlebot3-master-IngeolKo/turtlebot3-master/install/turtlebot3_slam:/home/ingeolko/turtlebot3-master-IngeolKo/turtlebot3-master/install/turtlebot3_navigation:/home/ingeolko/turtlebot3-master-IngeolKo/turtlebot3-master/install/turtlebot3_example:/home/ingeolko/turtlebot3-master-IngeolKo/turtlebot3-master/install/turtlebot3_bringup:/opt/ros/melodic PKG_CONFIG_PATH=/home/ingeolko/turtlebot3-master-IngeolKo/turtlebot3-master/install/turtlebot3_teleop/lib/x86_64-linux-gnu/pkgconfig:/home/ingeolko/turtlebot3-master-IngeolKo/turtlebot3-master/install/turtlebot3_teleop/lib/pkgconfig:/home/ingeolko/turtlebot3-master-IngeolKo/turtlebot3-master/install/turtlebot3_description/lib/x86_64-linux-gnu/pkgconfig:/home/ingeolko/turtlebot3-master-IngeolKo/turtlebot3-master/install/turtlebot3_description/lib/pkgconfig:/home/ingeolko/turtlebot3-master-IngeolKo/turtlebot3-master/install/turtlebot3/lib/x86_64-linux-gnu/pkgconfig:/home/ingeolko/turtlebot3-master-IngeolKo/turtlebot3-master/install/turtlebot3/lib/pkgconfig:/home/ingeolko/turtlebot3-master-IngeolKo/turtlebot3-master/install/turtlebot3_slam/lib/x86_64-linux-gnu/pkgconfig:/home/ingeolko/turtlebot3-master-IngeolKo/turtlebot3-master/install/turtlebot3_slam/lib/pkgconfig:/home/ingeolko/turtlebot3-master-IngeolKo/turtlebot3-master/install/turtlebot3_navigation/lib/x86_64-linux-gnu/pkgconfig:/home/ingeolko/turtlebot3-master-IngeolKo/turtlebot3-master/install/turtlebot3_navigation/lib/pkgconfig:/home/ingeolko/turtlebot3-master-IngeolKo/turtlebot3-master/install/turtlebot3_example/lib/x86_64-linux-gnu/pkgconfig:/home/ingeolko/turtlebot3-master-IngeolKo/turtlebot3-master/install/turtlebot3_example/lib/pkgconfig:/home/ingeolko/turtlebot3-master-IngeolKo/turtlebot3-master/install/turtlebot3_bringup/lib/x86_64-linux-gnu/pkgconfig:/home/ingeolko/turtlebot3-master-IngeolKo/turtlebot3-master/install/turtlebot3_bringup/lib/pkgconfig:/opt/ros/melodic/lib/pkgconfig PYTHONPATH=/home/ingeolko/turtlebot3-master-IngeolKo/turtlebot3-master/install/turtlebot3_teleop/lib/python2.7/dist-packages:/home/ingeolko/turtlebot3-master-IngeolKo/turtlebot3-master/install/turtlebot3_example/lib/python2.7/dist-packages:/opt/ros/melodic/lib/python2.7/dist-packages ROS_PACKAGE_PATH=/home/ingeolko/turtlebot3-master-IngeolKo/turtlebot3-master/install/turtlebot3_teleop/share:/home/ingeolko/turtlebot3-master-IngeolKo/turtlebot3-master/install/turtlebot3_description/share:/home/ingeolko/turtlebot3-master-IngeolKo/turtlebot3-master/install/turtlebot3/share:/home/ingeolko/turtlebot3-master-IngeolKo/turtlebot3-master/install/turtlebot3_slam/share:/home/ingeolko/turtlebot3-master-IngeolKo/turtlebot3-master/install/turtlebot3_navigation/share:/home/ingeolko/turtlebot3-master-IngeolKo/turtlebot3-master/install/turtlebot3_example/share:/home/ingeolko/turtlebot3-master-IngeolKo/turtlebot3-master/install/turtlebot3_bringup/share:/opt/ros/melodic/share /usr/bin/cmake --build /home/ingeolko/turtlebot3-master-IngeolKo/turtlebot3-master/build/turtlebot3_bringup -- -j4 -l4
[1.580s] Invoking command in '/home/ingeolko/turtlebot3-master-IngeolKo/turtlebot3-master/build/turtlebot3_bringup': CMAKE_PREFIX_PATH=/home/ingeolko/turtlebot3-master-IngeolKo/turtlebot3-master/install/turtlebot3_teleop:/home/ingeolko/turtlebot3-master-IngeolKo/turtlebot3-master/install/turtlebot3_description:/home/ingeolko/turtlebot3-master-IngeolKo/turtlebot3-master/install/turtlebot3_slam:/home/ingeolko/turtlebot3-master-IngeolKo/turtlebot3-master/install/turtlebot3_navigation:/home/ingeolko/turtlebot3-master-IngeolKo/turtlebot3-master/install/turtlebot3_example:/home/ingeolko/turtlebot3-master-IngeolKo/turtlebot3-master/install/turtlebot3_bringup:/opt/ros/melodic PKG_CONFIG_PATH=/home/ingeolko/turtlebot3-master-IngeolKo/turtlebot3-master/install/turtlebot3_teleop/lib/x86_64-linux-gnu/pkgconfig:/home/ingeolko/turtlebot3-master-IngeolKo/turtlebot3-master/install/turtlebot3_teleop/lib/pkgconfig:/home/ingeolko/turtlebot3-master-IngeolKo/turtlebot3-master/install/turtlebot3_description/lib/x86_64-linux-gnu/pkgconfig:/home/ingeolko/turtlebot3-master-IngeolKo/turtlebot3-master/install/turtlebot3_description/lib/pkgconfig:/home/ingeolko/turtlebot3-master-IngeolKo/turtlebot3-master/install/turtlebot3/lib/x86_64-linux-gnu/pkgconfig:/home/ingeolko/turtlebot3-master-IngeolKo/turtlebot3-master/install/turtlebot3/lib/pkgconfig:/home/ingeolko/turtlebot3-master-IngeolKo/turtlebot3-master/install/turtlebot3_slam/lib/x86_64-linux-gnu/pkgconfig:/home/ingeolko/turtlebot3-master-IngeolKo/turtlebot3-master/install/turtlebot3_slam/lib/pkgconfig:/home/ingeolko/turtlebot3-master-IngeolKo/turtlebot3-master/install/turtlebot3_navigation/lib/x86_64-linux-gnu/pkgconfig:/home/ingeolko/turtlebot3-master-IngeolKo/turtlebot3-master/install/turtlebot3_navigation/lib/pkgconfig:/home/ingeolko/turtlebot3-master-IngeolKo/turtlebot3-master/install/turtlebot3_example/lib/x86_64-linux-gnu/pkgconfig:/home/ingeolko/turtlebot3-master-IngeolKo/turtlebot3-master/install/turtlebot3_example/lib/pkgconfig:/home/ingeolko/turtlebot3-master-IngeolKo/turtlebot3-master/install/turtlebot3_bringup/lib/x86_64-linux-gnu/pkgconfig:/home/ingeolko/turtlebot3-master-IngeolKo/turtlebot3-master/install/turtlebot3_bringup/lib/pkgconfig:/opt/ros/melodic/lib/pkgconfig PYTHONPATH=/home/ingeolko/turtlebot3-master-IngeolKo/turtlebot3-master/install/turtlebot3_teleop/lib/python2.7/dist-packages:/home/ingeolko/turtlebot3-master-IngeolKo/turtlebot3-master/install/turtlebot3_example/lib/python2.7/dist-packages:/opt/ros/melodic/lib/python2.7/dist-packages ROS_PACKAGE_PATH=/home/ingeolko/turtlebot3-master-IngeolKo/turtlebot3-master/install/turtlebot3_teleop/share:/home/ingeolko/turtlebot3-master-IngeolKo/turtlebot3-master/install/turtlebot3_description/share:/home/ingeolko/turtlebot3-master-IngeolKo/turtlebot3-master/install/turtlebot3/share:/home/ingeolko/turtlebot3-master-IngeolKo/turtlebot3-master/install/turtlebot3_slam/share:/home/ingeolko/turtlebot3-master-IngeolKo/turtlebot3-master/install/turtlebot3_navigation/share:/home/ingeolko/turtlebot3-master-IngeolKo/turtlebot3-master/install/turtlebot3_example/share:/home/ingeolko/turtlebot3-master-IngeolKo/turtlebot3-master/install/turtlebot3_bringup/share:/opt/ros/melodic/share /usr/bin/cmake --build /home/ingeolko/turtlebot3-master-IngeolKo/turtlebot3-master/build/turtlebot3_bringup --target tests -- -j4 -l4
[1.600s] CMake Error: The current CMakeCache.txt directory /home/ingeolko/turtlebot3-master-IngeolKo/turtlebot3-master/build/turtlebot3_bringup/CMakeCache.txt is different than the directory /home/ingeolko/turtlebot3-master/build/turtlebot3_bringup where CMakeCache.txt was created. This may result in binaries being created in the wrong place. If you are not sure, reedit the CMakeCache.txt
[1.737s] Built target tests
[1.758s] Invoked command in '/home/ingeolko/turtlebot3-master-IngeolKo/turtlebot3-master/build/turtlebot3_bringup' returned '0': CMAKE_PREFIX_PATH=/home/ingeolko/turtlebot3-master-IngeolKo/turtlebot3-master/install/turtlebot3_teleop:/home/ingeolko/turtlebot3-master-IngeolKo/turtlebot3-master/install/turtlebot3_description:/home/ingeolko/turtlebot3-master-IngeolKo/turtlebot3-master/install/turtlebot3_slam:/home/ingeolko/turtlebot3-master-IngeolKo/turtlebot3-master/install/turtlebot3_navigation:/home/ingeolko/turtlebot3-master-IngeolKo/turtlebot3-master/install/turtlebot3_example:/home/ingeolko/turtlebot3-master-IngeolKo/turtlebot3-master/install/turtlebot3_bringup:/opt/ros/melodic PKG_CONFIG_PATH=/home/ingeolko/turtlebot3-master-IngeolKo/turtlebot3-master/install/turtlebot3_teleop/lib/x86_64-linux-gnu/pkgconfig:/home/ingeolko/turtlebot3-master-IngeolKo/turtlebot3-master/install/turtlebot3_teleop/lib/pkgconfig:/home/ingeolko/turtlebot3-master-IngeolKo/turtlebot3-master/install/turtlebot3_description/lib/x86_64-linux-gnu/pkgconfig:/home/ingeolko/turtlebot3-master-IngeolKo/turtlebot3-master/install/turtlebot3_description/lib/pkgconfig:/home/ingeolko/turtlebot3-master-IngeolKo/turtlebot3-master/install/turtlebot3/lib/x86_64-linux-gnu/pkgconfig:/home/ingeolko/turtlebot3-master-IngeolKo/turtlebot3-master/install/turtlebot3/lib/pkgconfig:/home/ingeolko/turtlebot3-master-IngeolKo/turtlebot3-master/install/turtlebot3_slam/lib/x86_64-linux-gnu/pkgconfig:/home/ingeolko/turtlebot3-master-IngeolKo/turtlebot3-master/install/turtlebot3_slam/lib/pkgconfig:/home/ingeolko/turtlebot3-master-IngeolKo/turtlebot3-master/install/turtlebot3_navigation/lib/x86_64-linux-gnu/pkgconfig:/home/ingeolko/turtlebot3-master-IngeolKo/turtlebot3-master/install/turtlebot3_navigation/lib/pkgconfig:/home/ingeolko/turtlebot3-master-IngeolKo/turtlebot3-master/install/turtlebot3_example/lib/x86_64-linux-gnu/pkgconfig:/home/ingeolko/turtlebot3-master-IngeolKo/turtlebot3-master/install/turtlebot3_example/lib/pkgconfig:/home/ingeolko/turtlebot3-master-IngeolKo/turtlebot3-master/install/turtlebot3_bringup/lib/x86_64-linux-gnu/pkgconfig:/home/ingeolko/turtlebot3-master-IngeolKo/turtlebot3-master/install/turtlebot3_bringup/lib/pkgconfig:/opt/ros/melodic/lib/pkgconfig PYTHONPATH=/home/ingeolko/turtlebot3-master-IngeolKo/turtlebot3-master/install/turtlebot3_teleop/lib/python2.7/dist-packages:/home/ingeolko/turtlebot3-master-IngeolKo/turtlebot3-master/install/turtlebot3_example/lib/python2.7/dist-packages:/opt/ros/melodic/lib/python2.7/dist-packages ROS_PACKAGE_PATH=/home/ingeolko/turtlebot3-master-IngeolKo/turtlebot3-master/install/turtlebot3_teleop/share:/home/ingeolko/turtlebot3-master-IngeolKo/turtlebot3-master/install/turtlebot3_description/share:/home/ingeolko/turtlebot3-master-IngeolKo/turtlebot3-master/install/turtlebot3/share:/home/ingeolko/turtlebot3-master-IngeolKo/turtlebot3-master/install/turtlebot3_slam/share:/home/ingeolko/turtlebot3-master-IngeolKo/turtlebot3-master/install/turtlebot3_navigation/share:/home/ingeolko/turtlebot3-master-IngeolKo/turtlebot3-master/install/turtlebot3_example/share:/home/ingeolko/turtlebot3-master-IngeolKo/turtlebot3-master/install/turtlebot3_bringup/share:/opt/ros/melodic/share /usr/bin/cmake --build /home/ingeolko/turtlebot3-master-IngeolKo/turtlebot3-master/build/turtlebot3_bringup --target tests -- -j4 -l4
[1.837s] Invoking command in '/home/ingeolko/turtlebot3-master-IngeolKo/turtlebot3-master/build/turtlebot3_bringup': CMAKE_PREFIX_PATH=/home/ingeolko/turtlebot3-master-IngeolKo/turtlebot3-master/install/turtlebot3_teleop:/home/ingeolko/turtlebot3-master-IngeolKo/turtlebot3-master/install/turtlebot3_description:/home/ingeolko/turtlebot3-master-IngeolKo/turtlebot3-master/install/turtlebot3_slam:/home/ingeolko/turtlebot3-master-IngeolKo/turtlebot3-master/install/turtlebot3_navigation:/home/ingeolko/turtlebot3-master-IngeolKo/turtlebot3-master/install/turtlebot3_example:/home/ingeolko/turtlebot3-master-IngeolKo/turtlebot3-master/install/turtlebot3_bringup:/opt/ros/melodic PKG_CONFIG_PATH=/home/ingeolko/turtlebot3-master-IngeolKo/turtlebot3-master/install/turtlebot3_teleop/lib/x86_64-linux-gnu/pkgconfig:/home/ingeolko/turtlebot3-master-IngeolKo/turtlebot3-master/install/turtlebot3_teleop/lib/pkgconfig:/home/ingeolko/turtlebot3-master-IngeolKo/turtlebot3-master/install/turtlebot3_description/lib/x86_64-linux-gnu/pkgconfig:/home/ingeolko/turtlebot3-master-IngeolKo/turtlebot3-master/install/turtlebot3_description/lib/pkgconfig:/home/ingeolko/turtlebot3-master-IngeolKo/turtlebot3-master/install/turtlebot3/lib/x86_64-linux-gnu/pkgconfig:/home/ingeolko/turtlebot3-master-IngeolKo/turtlebot3-master/install/turtlebot3/lib/pkgconfig:/home/ingeolko/turtlebot3-master-IngeolKo/turtlebot3-master/install/turtlebot3_slam/lib/x86_64-linux-gnu/pkgconfig:/home/ingeolko/turtlebot3-master-IngeolKo/turtlebot3-master/install/turtlebot3_slam/lib/pkgconfig:/home/ingeolko/turtlebot3-master-IngeolKo/turtlebot3-master/install/turtlebot3_navigation/lib/x86_64-linux-gnu/pkgconfig:/home/ingeolko/turtlebot3-master-IngeolKo/turtlebot3-master/install/turtlebot3_navigation/lib/pkgconfig:/home/ingeolko/turtlebot3-master-IngeolKo/turtlebot3-master/install/turtlebot3_example/lib/x86_64-linux-gnu/pkgconfig:/home/ingeolko/turtlebot3-master-IngeolKo/turtlebot3-master/install/turtlebot3_example/lib/pkgconfig:/home/ingeolko/turtlebot3-master-IngeolKo/turtlebot3-master/install/turtlebot3_bringup/lib/x86_64-linux-gnu/pkgconfig:/home/ingeolko/turtlebot3-master-IngeolKo/turtlebot3-master/install/turtlebot3_bringup/lib/pkgconfig:/opt/ros/melodic/lib/pkgconfig PYTHONPATH=/home/ingeolko/turtlebot3-master-IngeolKo/turtlebot3-master/install/turtlebot3_teleop/lib/python2.7/dist-packages:/home/ingeolko/turtlebot3-master-IngeolKo/turtlebot3-master/install/turtlebot3_example/lib/python2.7/dist-packages:/opt/ros/melodic/lib/python2.7/dist-packages ROS_PACKAGE_PATH=/home/ingeolko/turtlebot3-master-IngeolKo/turtlebot3-master/install/turtlebot3_teleop/share:/home/ingeolko/turtlebot3-master-IngeolKo/turtlebot3-master/install/turtlebot3_description/share:/home/ingeolko/turtlebot3-master-IngeolKo/turtlebot3-master/install/turtlebot3/share:/home/ingeolko/turtlebot3-master-IngeolKo/turtlebot3-master/install/turtlebot3_slam/share:/home/ingeolko/turtlebot3-master-IngeolKo/turtlebot3-master/install/turtlebot3_navigation/share:/home/ingeolko/turtlebot3-master-IngeolKo/turtlebot3-master/install/turtlebot3_example/share:/home/ingeolko/turtlebot3-master-IngeolKo/turtlebot3-master/install/turtlebot3_bringup/share:/opt/ros/melodic/share /usr/bin/cmake --build /home/ingeolko/turtlebot3-master-IngeolKo/turtlebot3-master/build/turtlebot3_bringup --target install -- -j4 -l4
[1.848s] CMake Error: The current CMakeCache.txt directory /home/ingeolko/turtlebot3-master-IngeolKo/turtlebot3-master/build/turtlebot3_bringup/CMakeCache.txt is different than the directory /home/ingeolko/turtlebot3-master/build/turtlebot3_bringup where CMakeCache.txt was created. This may result in binaries being created in the wrong place. If you are not sure, reedit the CMakeCache.txt
[1.937s] [  0%] Built target turtlebot3_msgs_generate_messages_cpp
[1.980s] [  0%] Built target turtlebot3_msgs_generate_messages_eus
[2.015s] [  0%] Built target rosgraph_msgs_generate_messages_nodejs
[2.059s] [  0%] Built target rosgraph_msgs_generate_messages_py
[2.102s] [  0%] Built target std_msgs_generate_messages_eus
[2.135s] [  0%] Built target rosgraph_msgs_generate_messages_lisp
[2.169s] [  0%] Built target rosgraph_msgs_generate_messages_eus
[2.206s] [  0%] Built target rosgraph_msgs_generate_messages_cpp
[2.253s] [  0%] Built target roscpp_generate_messages_py
[2.289s] [  0%] Built target std_msgs_generate_messages_py
[2.313s] [  0%] Built target geometry_msgs_generate_messages_eus
[2.343s] [  0%] Built target roscpp_generate_messages_nodejs
[2.368s] [  0%] Built target roscpp_generate_messages_eus
[2.399s] [  0%] Built target roscpp_generate_messages_lisp
[2.435s] [  0%] Built target std_msgs_generate_messages_cpp
[2.470s] [  0%] Built target geometry_msgs_generate_messages_nodejs
[2.510s] [  0%] Built target sensor_msgs_generate_messages_py
[2.549s] [  0%] Built target diagnostic_msgs_generate_messages_cpp
[2.594s] [  0%] Built target diagnostic_msgs_generate_messages_eus
[2.632s] [  0%] Built target std_msgs_generate_messages_lisp
[2.656s] [  0%] Built target sensor_msgs_generate_messages_cpp
[2.703s] [  0%] Built target sensor_msgs_generate_messages_eus
[2.730s] [  0%] Built target std_msgs_generate_messages_nodejs
[2.764s] [  0%] Built target sensor_msgs_generate_messages_lisp
[2.787s] [  0%] Built target turtlebot3_msgs_generate_messages_py
[2.810s] [  0%] Built target roscpp_generate_messages_cpp
[2.833s] [  0%] Built target sensor_msgs_generate_messages_nodejs
[2.857s] [  0%] Built target diagnostic_msgs_generate_messages_py
[2.889s] [  0%] Built target geometry_msgs_generate_messages_cpp
[2.917s] [  0%] Built target geometry_msgs_generate_messages_lisp
[2.942s] [  0%] Built target geometry_msgs_generate_messages_py
[2.969s] [  0%] Built target diagnostic_msgs_generate_messages_lisp
[2.994s] [  0%] Built target diagnostic_msgs_generate_messages_nodejs
[3.046s] [  0%] Built target turtlebot3_msgs_generate_messages_lisp
[3.091s] [  0%] Built target turtlebot3_msgs_generate_messages_nodejs
[3.141s] [100%] Built target turtlebot3_diagnostics
[3.163s] [36mInstall the project...[0m
[3.177s] -- Install configuration: ""
[3.191s] -- Up-to-date: /home/ingeolko/turtlebot3-master/install/turtlebot3_bringup/lib/pkgconfig/turtlebot3_bringup.pc
[3.193s] -- Up-to-date: /home/ingeolko/turtlebot3-master/install/turtlebot3_bringup/share/turtlebot3_bringup/cmake/turtlebot3_bringupConfig.cmake
[3.193s] -- Up-to-date: /home/ingeolko/turtlebot3-master/install/turtlebot3_bringup/share/turtlebot3_bringup/cmake/turtlebot3_bringupConfig-version.cmake
[3.193s] -- Up-to-date: /home/ingeolko/turtlebot3-master/install/turtlebot3_bringup/share/turtlebot3_bringup/package.xml
[3.197s] -- Up-to-date: /home/ingeolko/turtlebot3-master/install/turtlebot3_bringup/lib/turtlebot3_bringup/turtlebot3_diagnostics
[3.197s] -- Up-to-date: /home/ingeolko/turtlebot3-master/install/turtlebot3_bringup/lib/turtlebot3_bringup/create_udev_rules
[3.197s] -- Up-to-date: /home/ingeolko/turtlebot3-master/install/turtlebot3_bringup/share/turtlebot3_bringup/launch
[3.197s] -- Up-to-date: /home/ingeolko/turtlebot3-master/install/turtlebot3_bringup/share/turtlebot3_bringup/launch/turtlebot3_lidar.launch
[3.197s] -- Up-to-date: /home/ingeolko/turtlebot3-master/install/turtlebot3_bringup/share/turtlebot3_bringup/launch/includes
[3.198s] -- Up-to-date: /home/ingeolko/turtlebot3-master/install/turtlebot3_bringup/share/turtlebot3_bringup/launch/includes/description.launch.xml
[3.198s] -- Up-to-date: /home/ingeolko/turtlebot3-master/install/turtlebot3_bringup/share/turtlebot3_bringup/launch/turtlebot3_core.launch
[3.198s] -- Up-to-date: /home/ingeolko/turtlebot3-master/install/turtlebot3_bringup/share/turtlebot3_bringup/launch/turtlebot3_remote.launch
[3.198s] -- Up-to-date: /home/ingeolko/turtlebot3-master/install/turtlebot3_bringup/share/turtlebot3_bringup/launch/turtlebot3_rpicamera.launch
[3.198s] -- Up-to-date: /home/ingeolko/turtlebot3-master/install/turtlebot3_bringup/share/turtlebot3_bringup/launch/turtlebot3_model.launch
[3.198s] -- Up-to-date: /home/ingeolko/turtlebot3-master/install/turtlebot3_bringup/share/turtlebot3_bringup/launch/turtlebot3_realsense.launch
[3.198s] -- Up-to-date: /home/ingeolko/turtlebot3-master/install/turtlebot3_bringup/share/turtlebot3_bringup/launch/turtlebot3_robot.launch
[3.199s] -- Up-to-date: /home/ingeolko/turtlebot3-master/install/turtlebot3_bringup/share/turtlebot3_bringup/99-turtlebot3-cdc.rules
[3.207s] Invoked command in '/home/ingeolko/turtlebot3-master-IngeolKo/turtlebot3-master/build/turtlebot3_bringup' returned '0': CMAKE_PREFIX_PATH=/home/ingeolko/turtlebot3-master-IngeolKo/turtlebot3-master/install/turtlebot3_teleop:/home/ingeolko/turtlebot3-master-IngeolKo/turtlebot3-master/install/turtlebot3_description:/home/ingeolko/turtlebot3-master-IngeolKo/turtlebot3-master/install/turtlebot3_slam:/home/ingeolko/turtlebot3-master-IngeolKo/turtlebot3-master/install/turtlebot3_navigation:/home/ingeolko/turtlebot3-master-IngeolKo/turtlebot3-master/install/turtlebot3_example:/home/ingeolko/turtlebot3-master-IngeolKo/turtlebot3-master/install/turtlebot3_bringup:/opt/ros/melodic PKG_CONFIG_PATH=/home/ingeolko/turtlebot3-master-IngeolKo/turtlebot3-master/install/turtlebot3_teleop/lib/x86_64-linux-gnu/pkgconfig:/home/ingeolko/turtlebot3-master-IngeolKo/turtlebot3-master/install/turtlebot3_teleop/lib/pkgconfig:/home/ingeolko/turtlebot3-master-IngeolKo/turtlebot3-master/install/turtlebot3_description/lib/x86_64-linux-gnu/pkgconfig:/home/ingeolko/turtlebot3-master-IngeolKo/turtlebot3-master/install/turtlebot3_description/lib/pkgconfig:/home/ingeolko/turtlebot3-master-IngeolKo/turtlebot3-master/install/turtlebot3/lib/x86_64-linux-gnu/pkgconfig:/home/ingeolko/turtlebot3-master-IngeolKo/turtlebot3-master/install/turtlebot3/lib/pkgconfig:/home/ingeolko/turtlebot3-master-IngeolKo/turtlebot3-master/install/turtlebot3_slam/lib/x86_64-linux-gnu/pkgconfig:/home/ingeolko/turtlebot3-master-IngeolKo/turtlebot3-master/install/turtlebot3_slam/lib/pkgconfig:/home/ingeolko/turtlebot3-master-IngeolKo/turtlebot3-master/install/turtlebot3_navigation/lib/x86_64-linux-gnu/pkgconfig:/home/ingeolko/turtlebot3-master-IngeolKo/turtlebot3-master/install/turtlebot3_navigation/lib/pkgconfig:/home/ingeolko/turtlebot3-master-IngeolKo/turtlebot3-master/install/turtlebot3_example/lib/x86_64-linux-gnu/pkgconfig:/home/ingeolko/turtlebot3-master-IngeolKo/turtlebot3-master/install/turtlebot3_example/lib/pkgconfig:/home/ingeolko/turtlebot3-master-IngeolKo/turtlebot3-master/install/turtlebot3_bringup/lib/x86_64-linux-gnu/pkgconfig:/home/ingeolko/turtlebot3-master-IngeolKo/turtlebot3-master/install/turtlebot3_bringup/lib/pkgconfig:/opt/ros/melodic/lib/pkgconfig PYTHONPATH=/home/ingeolko/turtlebot3-master-IngeolKo/turtlebot3-master/install/turtlebot3_teleop/lib/python2.7/dist-packages:/home/ingeolko/turtlebot3-master-IngeolKo/turtlebot3-master/install/turtlebot3_example/lib/python2.7/dist-packages:/opt/ros/melodic/lib/python2.7/dist-packages ROS_PACKAGE_PATH=/home/ingeolko/turtlebot3-master-IngeolKo/turtlebot3-master/install/turtlebot3_teleop/share:/home/ingeolko/turtlebot3-master-IngeolKo/turtlebot3-master/install/turtlebot3_description/share:/home/ingeolko/turtlebot3-master-IngeolKo/turtlebot3-master/install/turtlebot3/share:/home/ingeolko/turtlebot3-master-IngeolKo/turtlebot3-master/install/turtlebot3_slam/share:/home/ingeolko/turtlebot3-master-IngeolKo/turtlebot3-master/install/turtlebot3_navigation/share:/home/ingeolko/turtlebot3-master-IngeolKo/turtlebot3-master/install/turtlebot3_example/share:/home/ingeolko/turtlebot3-master-IngeolKo/turtlebot3-master/install/turtlebot3_bringup/share:/opt/ros/melodic/share /usr/bin/cmake --build /home/ingeolko/turtlebot3-master-IngeolKo/turtlebot3-master/build/turtlebot3_bringup --target install -- -j4 -l4
