[0.026s] Invoking command in '/home/ingeolko/turtlebot3-master/build/turtlebot3_slam': CMAKE_PREFIX_PATH=/home/ingeolko/turtlebot3-master/install/turtlebot3_bringup:/home/ingeolko/turtlebot3-master/install/turtlebot3_teleop:/home/ingeolko/turtlebot3-master/install/turtlebot3_description:${CMAKE_PREFIX_PATH} PKG_CONFIG_PATH=/home/ingeolko/turtlebot3-master/install/turtlebot3_bringup/lib/x86_64-linux-gnu/pkgconfig:/home/ingeolko/turtlebot3-master/install/turtlebot3_bringup/lib/pkgconfig:/home/ingeolko/turtlebot3-master/install/turtlebot3_teleop/lib/x86_64-linux-gnu/pkgconfig:/home/ingeolko/turtlebot3-master/install/turtlebot3_teleop/lib/pkgconfig:/home/ingeolko/turtlebot3-master/install/turtlebot3_description/lib/x86_64-linux-gnu/pkgconfig:/home/ingeolko/turtlebot3-master/install/turtlebot3_description/lib/pkgconfig:${PKG_CONFIG_PATH} PYTHONPATH=/home/ingeolko/turtlebot3-master/install/turtlebot3_teleop/lib/python2.7/dist-packages:${PYTHONPATH} ROS_PACKAGE_PATH=/home/ingeolko/turtlebot3-master/install/turtlebot3_bringup/share:/home/ingeolko/turtlebot3-master/install/turtlebot3_teleop/share:/home/ingeolko/turtlebot3-master/install/turtlebot3_description/share:${ROS_PACKAGE_PATH} /usr/bin/cmake --build /home/ingeolko/turtlebot3-master/build/turtlebot3_slam -- -j4 -l4
[0.140s] [  0%] Built target rosgraph_msgs_generate_messages_py
[0.170s] [  0%] Built target geometry_msgs_generate_messages_py
[0.171s] [  0%] Built target std_msgs_generate_messages_eus
[0.176s] [  0%] Built target rosgraph_msgs_generate_messages_nodejs
[0.216s] [  0%] Built target rosgraph_msgs_generate_messages_lisp
[0.223s] [  0%] Built target rosgraph_msgs_generate_messages_eus
[0.228s] [  0%] Built target roscpp_generate_messages_py
[0.253s] [  0%] Built target roscpp_generate_messages_nodejs
[0.260s] [  0%] Built target rosgraph_msgs_generate_messages_cpp
[0.263s] [  0%] Built target std_msgs_generate_messages_py
[0.282s] [  0%] Built target geometry_msgs_generate_messages_eus
[0.328s] [  0%] Built target roscpp_generate_messages_lisp
[0.337s] [  0%] Built target roscpp_generate_messages_eus
[0.347s] [  0%] Built target std_msgs_generate_messages_cpp
[0.360s] [  0%] Built target geometry_msgs_generate_messages_nodejs
[0.394s] [  0%] Built target sensor_msgs_generate_messages_eus
[0.402s] [  0%] Built target sensor_msgs_generate_messages_py
[0.409s] [  0%] Built target std_msgs_generate_messages_lisp
[0.430s] [  0%] Built target sensor_msgs_generate_messages_cpp
[0.441s] [  0%] Built target sensor_msgs_generate_messages_lisp
[0.447s] [  0%] Built target std_msgs_generate_messages_nodejs
[0.490s] [  0%] Built target geometry_msgs_generate_messages_cpp
[0.498s] [  0%] Built target sensor_msgs_generate_messages_nodejs
[0.505s] [  0%] Built target roscpp_generate_messages_cpp
[0.523s] [  0%] Built target geometry_msgs_generate_messages_lisp
[0.580s] [100%] Built target flat_world_imu_node
[0.595s] Invoked command in '/home/ingeolko/turtlebot3-master/build/turtlebot3_slam' returned '0': CMAKE_PREFIX_PATH=/home/ingeolko/turtlebot3-master/install/turtlebot3_bringup:/home/ingeolko/turtlebot3-master/install/turtlebot3_teleop:/home/ingeolko/turtlebot3-master/install/turtlebot3_description:${CMAKE_PREFIX_PATH} PKG_CONFIG_PATH=/home/ingeolko/turtlebot3-master/install/turtlebot3_bringup/lib/x86_64-linux-gnu/pkgconfig:/home/ingeolko/turtlebot3-master/install/turtlebot3_bringup/lib/pkgconfig:/home/ingeolko/turtlebot3-master/install/turtlebot3_teleop/lib/x86_64-linux-gnu/pkgconfig:/home/ingeolko/turtlebot3-master/install/turtlebot3_teleop/lib/pkgconfig:/home/ingeolko/turtlebot3-master/install/turtlebot3_description/lib/x86_64-linux-gnu/pkgconfig:/home/ingeolko/turtlebot3-master/install/turtlebot3_description/lib/pkgconfig:${PKG_CONFIG_PATH} PYTHONPATH=/home/ingeolko/turtlebot3-master/install/turtlebot3_teleop/lib/python2.7/dist-packages:${PYTHONPATH} ROS_PACKAGE_PATH=/home/ingeolko/turtlebot3-master/install/turtlebot3_bringup/share:/home/ingeolko/turtlebot3-master/install/turtlebot3_teleop/share:/home/ingeolko/turtlebot3-master/install/turtlebot3_description/share:${ROS_PACKAGE_PATH} /usr/bin/cmake --build /home/ingeolko/turtlebot3-master/build/turtlebot3_slam -- -j4 -l4
[0.689s] Invoking command in '/home/ingeolko/turtlebot3-master/build/turtlebot3_slam': CMAKE_PREFIX_PATH=/home/ingeolko/turtlebot3-master/install/turtlebot3_bringup:/home/ingeolko/turtlebot3-master/install/turtlebot3_teleop:/home/ingeolko/turtlebot3-master/install/turtlebot3_description:${CMAKE_PREFIX_PATH} PKG_CONFIG_PATH=/home/ingeolko/turtlebot3-master/install/turtlebot3_bringup/lib/x86_64-linux-gnu/pkgconfig:/home/ingeolko/turtlebot3-master/install/turtlebot3_bringup/lib/pkgconfig:/home/ingeolko/turtlebot3-master/install/turtlebot3_teleop/lib/x86_64-linux-gnu/pkgconfig:/home/ingeolko/turtlebot3-master/install/turtlebot3_teleop/lib/pkgconfig:/home/ingeolko/turtlebot3-master/install/turtlebot3_description/lib/x86_64-linux-gnu/pkgconfig:/home/ingeolko/turtlebot3-master/install/turtlebot3_description/lib/pkgconfig:${PKG_CONFIG_PATH} PYTHONPATH=/home/ingeolko/turtlebot3-master/install/turtlebot3_teleop/lib/python2.7/dist-packages:${PYTHONPATH} ROS_PACKAGE_PATH=/home/ingeolko/turtlebot3-master/install/turtlebot3_bringup/share:/home/ingeolko/turtlebot3-master/install/turtlebot3_teleop/share:/home/ingeolko/turtlebot3-master/install/turtlebot3_description/share:${ROS_PACKAGE_PATH} /usr/bin/cmake --build /home/ingeolko/turtlebot3-master/build/turtlebot3_slam --target tests -- -j4 -l4
[0.762s] Built target tests
[0.775s] Invoked command in '/home/ingeolko/turtlebot3-master/build/turtlebot3_slam' returned '0': CMAKE_PREFIX_PATH=/home/ingeolko/turtlebot3-master/install/turtlebot3_bringup:/home/ingeolko/turtlebot3-master/install/turtlebot3_teleop:/home/ingeolko/turtlebot3-master/install/turtlebot3_description:${CMAKE_PREFIX_PATH} PKG_CONFIG_PATH=/home/ingeolko/turtlebot3-master/install/turtlebot3_bringup/lib/x86_64-linux-gnu/pkgconfig:/home/ingeolko/turtlebot3-master/install/turtlebot3_bringup/lib/pkgconfig:/home/ingeolko/turtlebot3-master/install/turtlebot3_teleop/lib/x86_64-linux-gnu/pkgconfig:/home/ingeolko/turtlebot3-master/install/turtlebot3_teleop/lib/pkgconfig:/home/ingeolko/turtlebot3-master/install/turtlebot3_description/lib/x86_64-linux-gnu/pkgconfig:/home/ingeolko/turtlebot3-master/install/turtlebot3_description/lib/pkgconfig:${PKG_CONFIG_PATH} PYTHONPATH=/home/ingeolko/turtlebot3-master/install/turtlebot3_teleop/lib/python2.7/dist-packages:${PYTHONPATH} ROS_PACKAGE_PATH=/home/ingeolko/turtlebot3-master/install/turtlebot3_bringup/share:/home/ingeolko/turtlebot3-master/install/turtlebot3_teleop/share:/home/ingeolko/turtlebot3-master/install/turtlebot3_description/share:${ROS_PACKAGE_PATH} /usr/bin/cmake --build /home/ingeolko/turtlebot3-master/build/turtlebot3_slam --target tests -- -j4 -l4
[0.852s] Invoking command in '/home/ingeolko/turtlebot3-master/build/turtlebot3_slam': CMAKE_PREFIX_PATH=/home/ingeolko/turtlebot3-master/install/turtlebot3_bringup:/home/ingeolko/turtlebot3-master/install/turtlebot3_teleop:/home/ingeolko/turtlebot3-master/install/turtlebot3_description:${CMAKE_PREFIX_PATH} PKG_CONFIG_PATH=/home/ingeolko/turtlebot3-master/install/turtlebot3_bringup/lib/x86_64-linux-gnu/pkgconfig:/home/ingeolko/turtlebot3-master/install/turtlebot3_bringup/lib/pkgconfig:/home/ingeolko/turtlebot3-master/install/turtlebot3_teleop/lib/x86_64-linux-gnu/pkgconfig:/home/ingeolko/turtlebot3-master/install/turtlebot3_teleop/lib/pkgconfig:/home/ingeolko/turtlebot3-master/install/turtlebot3_description/lib/x86_64-linux-gnu/pkgconfig:/home/ingeolko/turtlebot3-master/install/turtlebot3_description/lib/pkgconfig:${PKG_CONFIG_PATH} PYTHONPATH=/home/ingeolko/turtlebot3-master/install/turtlebot3_teleop/lib/python2.7/dist-packages:${PYTHONPATH} ROS_PACKAGE_PATH=/home/ingeolko/turtlebot3-master/install/turtlebot3_bringup/share:/home/ingeolko/turtlebot3-master/install/turtlebot3_teleop/share:/home/ingeolko/turtlebot3-master/install/turtlebot3_description/share:${ROS_PACKAGE_PATH} /usr/bin/cmake --build /home/ingeolko/turtlebot3-master/build/turtlebot3_slam --target install -- -j4 -l4
[0.902s] [  0%] Built target rosgraph_msgs_generate_messages_py
[0.913s] [  0%] Built target rosgraph_msgs_generate_messages_nodejs
[0.928s] [  0%] Built target std_msgs_generate_messages_eus
[0.930s] [  0%] Built target geometry_msgs_generate_messages_py
[0.939s] [  0%] Built target rosgraph_msgs_generate_messages_lisp
[0.940s] [  0%] Built target rosgraph_msgs_generate_messages_eus
[0.960s] [  0%] Built target rosgraph_msgs_generate_messages_cpp
[0.962s] [  0%] Built target roscpp_generate_messages_py
[0.972s] [  0%] Built target std_msgs_generate_messages_py
[0.979s] [  0%] Built target roscpp_generate_messages_nodejs
[0.981s] [  0%] Built target geometry_msgs_generate_messages_eus
[0.992s] [  0%] Built target roscpp_generate_messages_eus
[1.001s] [  0%] Built target std_msgs_generate_messages_cpp
[1.002s] [  0%] Built target roscpp_generate_messages_lisp
[1.017s] [  0%] Built target geometry_msgs_generate_messages_nodejs
[1.033s] [  0%] Built target sensor_msgs_generate_messages_cpp
[1.037s] [  0%] Built target std_msgs_generate_messages_lisp
[1.041s] [  0%] Built target sensor_msgs_generate_messages_py
[1.049s] [  0%] Built target sensor_msgs_generate_messages_eus
[1.070s] [  0%] Built target roscpp_generate_messages_cpp
[1.073s] [  0%] Built target std_msgs_generate_messages_nodejs
[1.073s] [  0%] Built target sensor_msgs_generate_messages_lisp
[1.093s] [  0%] Built target sensor_msgs_generate_messages_nodejs
[1.106s] [  0%] Built target geometry_msgs_generate_messages_cpp
[1.110s] [  0%] Built target geometry_msgs_generate_messages_lisp
[1.133s] [100%] Built target flat_world_imu_node
[1.160s] [36mInstall the project...[0m
[1.187s] -- Install configuration: ""
[1.187s] -- Up-to-date: /home/ingeolko/turtlebot3-master/install/turtlebot3_slam/lib/pkgconfig/turtlebot3_slam.pc
[1.187s] -- Up-to-date: /home/ingeolko/turtlebot3-master/install/turtlebot3_slam/share/turtlebot3_slam/cmake/turtlebot3_slamConfig.cmake
[1.187s] -- Up-to-date: /home/ingeolko/turtlebot3-master/install/turtlebot3_slam/share/turtlebot3_slam/cmake/turtlebot3_slamConfig-version.cmake
[1.188s] -- Up-to-date: /home/ingeolko/turtlebot3-master/install/turtlebot3_slam/share/turtlebot3_slam/package.xml
[1.188s] -- Up-to-date: /home/ingeolko/turtlebot3-master/install/turtlebot3_slam/lib/turtlebot3_slam/flat_world_imu_node
[1.188s] -- Up-to-date: /home/ingeolko/turtlebot3-master/install/turtlebot3_slam/include/turtlebot3_slam
[1.188s] -- Up-to-date: /home/ingeolko/turtlebot3-master/install/turtlebot3_slam/include/turtlebot3_slam/flat_world_imu_node.h
[1.188s] -- Up-to-date: /home/ingeolko/turtlebot3-master/install/turtlebot3_slam/share/turtlebot3_slam/bag
[1.188s] -- Up-to-date: /home/ingeolko/turtlebot3-master/install/turtlebot3_slam/share/turtlebot3_slam/bag/bag_files.md
[1.188s] -- Up-to-date: /home/ingeolko/turtlebot3-master/install/turtlebot3_slam/share/turtlebot3_slam/config
[1.189s] -- Up-to-date: /home/ingeolko/turtlebot3-master/install/turtlebot3_slam/share/turtlebot3_slam/config/turtlebot3_lds_2d_gazebo.lua
[1.189s] -- Up-to-date: /home/ingeolko/turtlebot3-master/install/turtlebot3_slam/share/turtlebot3_slam/config/karto_mapper_params.yaml
[1.189s] -- Up-to-date: /home/ingeolko/turtlebot3-master/install/turtlebot3_slam/share/turtlebot3_slam/config/frontier_exploration.yaml
[1.189s] -- Up-to-date: /home/ingeolko/turtlebot3-master/install/turtlebot3_slam/share/turtlebot3_slam/config/turtlebot3_lds_2d.lua
[1.189s] -- Up-to-date: /home/ingeolko/turtlebot3-master/install/turtlebot3_slam/share/turtlebot3_slam/config/gmapping_params.yaml
[1.190s] -- Up-to-date: /home/ingeolko/turtlebot3-master/install/turtlebot3_slam/share/turtlebot3_slam/launch
[1.190s] -- Up-to-date: /home/ingeolko/turtlebot3-master/install/turtlebot3_slam/share/turtlebot3_slam/launch/turtlebot3_frontier_exploration.launch
[1.190s] -- Up-to-date: /home/ingeolko/turtlebot3-master/install/turtlebot3_slam/share/turtlebot3_slam/launch/turtlebot3_hector.launch
[1.190s] -- Up-to-date: /home/ingeolko/turtlebot3-master/install/turtlebot3_slam/share/turtlebot3_slam/launch/turtlebot3_slam.launch
[1.190s] -- Up-to-date: /home/ingeolko/turtlebot3-master/install/turtlebot3_slam/share/turtlebot3_slam/launch/turtlebot3_gmapping.launch
[1.190s] -- Up-to-date: /home/ingeolko/turtlebot3-master/install/turtlebot3_slam/share/turtlebot3_slam/launch/turtlebot3_cartographer.launch
[1.191s] -- Up-to-date: /home/ingeolko/turtlebot3-master/install/turtlebot3_slam/share/turtlebot3_slam/launch/turtlebot3_manipulation_slam.launch
[1.191s] -- Up-to-date: /home/ingeolko/turtlebot3-master/install/turtlebot3_slam/share/turtlebot3_slam/launch/turtlebot3_karto.launch
[1.192s] -- Up-to-date: /home/ingeolko/turtlebot3-master/install/turtlebot3_slam/share/turtlebot3_slam/rviz
[1.192s] -- Up-to-date: /home/ingeolko/turtlebot3-master/install/turtlebot3_slam/share/turtlebot3_slam/rviz/turtlebot3_frontier_exploration.rviz
[1.192s] -- Up-to-date: /home/ingeolko/turtlebot3-master/install/turtlebot3_slam/share/turtlebot3_slam/rviz/turtlebot3_cartographer.rviz
[1.192s] -- Up-to-date: /home/ingeolko/turtlebot3-master/install/turtlebot3_slam/share/turtlebot3_slam/rviz/turtlebot3_hector.rviz
[1.192s] -- Up-to-date: /home/ingeolko/turtlebot3-master/install/turtlebot3_slam/share/turtlebot3_slam/rviz/turtlebot3_karto.rviz
[1.192s] -- Up-to-date: /home/ingeolko/turtlebot3-master/install/turtlebot3_slam/share/turtlebot3_slam/rviz/turtlebot3_gmapping.rviz
[1.194s] Invoked command in '/home/ingeolko/turtlebot3-master/build/turtlebot3_slam' returned '0': CMAKE_PREFIX_PATH=/home/ingeolko/turtlebot3-master/install/turtlebot3_bringup:/home/ingeolko/turtlebot3-master/install/turtlebot3_teleop:/home/ingeolko/turtlebot3-master/install/turtlebot3_description:${CMAKE_PREFIX_PATH} PKG_CONFIG_PATH=/home/ingeolko/turtlebot3-master/install/turtlebot3_bringup/lib/x86_64-linux-gnu/pkgconfig:/home/ingeolko/turtlebot3-master/install/turtlebot3_bringup/lib/pkgconfig:/home/ingeolko/turtlebot3-master/install/turtlebot3_teleop/lib/x86_64-linux-gnu/pkgconfig:/home/ingeolko/turtlebot3-master/install/turtlebot3_teleop/lib/pkgconfig:/home/ingeolko/turtlebot3-master/install/turtlebot3_description/lib/x86_64-linux-gnu/pkgconfig:/home/ingeolko/turtlebot3-master/install/turtlebot3_description/lib/pkgconfig:${PKG_CONFIG_PATH} PYTHONPATH=/home/ingeolko/turtlebot3-master/install/turtlebot3_teleop/lib/python2.7/dist-packages:${PYTHONPATH} ROS_PACKAGE_PATH=/home/ingeolko/turtlebot3-master/install/turtlebot3_bringup/share:/home/ingeolko/turtlebot3-master/install/turtlebot3_teleop/share:/home/ingeolko/turtlebot3-master/install/turtlebot3_description/share:${ROS_PACKAGE_PATH} /usr/bin/cmake --build /home/ingeolko/turtlebot3-master/build/turtlebot3_slam --target install -- -j4 -l4
