[0.117s] DEBUG:colcon:Command line arguments: ['/usr/bin/colcon', 'build']
[0.117s] DEBUG:colcon:Parsed command line arguments: Namespace(allow_overriding=[], ament_cmake_args=None, base_paths=['.'], build_base='build', catkin_cmake_args=None, catkin_skip_building_tests=False, cmake_args=None, cmake_clean_cache=False, cmake_clean_first=False, cmake_force_configure=False, cmake_target=None, cmake_target_skip_unavailable=False, continue_on_error=False, event_handlers=None, executor='parallel', ignore_user_meta=False, install_base='install', log_base=None, log_level=None, main=<bound method BuildVerb.main of <colcon_core.verb.build.BuildVerb object at 0x7f63c9019390>>, merge_install=False, metas=['./colcon.meta'], packages_above=None, packages_above_and_dependencies=None, packages_above_depth=None, packages_end=None, packages_ignore=None, packages_ignore_regex=None, packages_select=None, packages_select_build_failed=False, packages_select_by_dep=None, packages_select_regex=None, packages_select_test_failures=False, packages_skip=None, packages_skip_build_finished=False, packages_skip_by_dep=None, packages_skip_regex=None, packages_skip_test_passed=False, packages_skip_up_to=None, packages_start=None, packages_up_to=None, packages_up_to_regex=None, parallel_workers=4, paths=None, symlink_install=False, test_result_base=None, verb_extension=<colcon_core.verb.build.BuildVerb object at 0x7f63c9019390>, verb_name='build', verb_parser=<colcon_defaults.argument_parser.defaults.DefaultArgumentsDecorator object at 0x7f63c90195f8>)
[0.141s] Level 1:colcon.colcon_core.package_discovery:discover_packages(colcon_meta) check parameters
[0.141s] Level 1:colcon.colcon_core.package_discovery:discover_packages(recursive) check parameters
[0.141s] Level 1:colcon.colcon_core.package_discovery:discover_packages(ignore) check parameters
[0.141s] Level 1:colcon.colcon_core.package_discovery:discover_packages(path) check parameters
[0.141s] Level 1:colcon.colcon_core.package_discovery:discover_packages(colcon_meta) discover
[0.142s] Level 1:colcon.colcon_core.package_discovery:discover_packages(recursive) discover
[0.142s] INFO:colcon.colcon_core.package_discovery:Crawling recursively for packages in '/home/ingeolko/turtlebot3-master'
[0.142s] Level 1:colcon.colcon_core.package_identification:_identify(.) by extensions ['ignore', 'ignore_ament_install']
[0.142s] Level 1:colcon.colcon_core.package_identification:_identify(.) by extension 'ignore'
[0.142s] Level 1:colcon.colcon_core.package_identification:_identify(.) by extension 'ignore_ament_install'
[0.142s] Level 1:colcon.colcon_core.package_identification:_identify(.) by extensions ['colcon_pkg']
[0.142s] Level 1:colcon.colcon_core.package_identification:_identify(.) by extension 'colcon_pkg'
[0.142s] Level 1:colcon.colcon_core.package_identification:_identify(.) by extensions ['colcon_meta']
[0.142s] Level 1:colcon.colcon_core.package_identification:_identify(.) by extension 'colcon_meta'
[0.142s] Level 1:colcon.colcon_core.package_identification:_identify(.) by extensions ['ros']
[0.142s] Level 1:colcon.colcon_core.package_identification:_identify(.) by extension 'ros'
[0.156s] Level 1:colcon.colcon_core.package_identification:_identify(.) by extensions ['cmake', 'python']
[0.156s] Level 1:colcon.colcon_core.package_identification:_identify(.) by extension 'cmake'
[0.156s] Level 1:colcon.colcon_core.package_identification:_identify(.) by extension 'python'
[0.156s] Level 1:colcon.colcon_core.package_identification:_identify(.) by extensions ['python_setup_py']
[0.156s] Level 1:colcon.colcon_core.package_identification:_identify(.) by extension 'python_setup_py'
[0.156s] Level 1:colcon.colcon_core.package_identification:_identify(build) by extensions ['ignore', 'ignore_ament_install']
[0.156s] Level 1:colcon.colcon_core.package_identification:_identify(build) by extension 'ignore'
[0.156s] Level 1:colcon.colcon_core.package_identification:_identify(build) ignored
[0.157s] Level 1:colcon.colcon_core.package_identification:_identify(install) by extensions ['ignore', 'ignore_ament_install']
[0.157s] Level 1:colcon.colcon_core.package_identification:_identify(install) by extension 'ignore'
[0.157s] Level 1:colcon.colcon_core.package_identification:_identify(install) ignored
[0.157s] Level 1:colcon.colcon_core.package_identification:_identify(log) by extensions ['ignore', 'ignore_ament_install']
[0.157s] Level 1:colcon.colcon_core.package_identification:_identify(log) by extension 'ignore'
[0.157s] Level 1:colcon.colcon_core.package_identification:_identify(log) ignored
[0.157s] Level 1:colcon.colcon_core.package_identification:_identify(turtlebot3) by extensions ['ignore', 'ignore_ament_install']
[0.158s] Level 1:colcon.colcon_core.package_identification:_identify(turtlebot3) by extension 'ignore'
[0.158s] Level 1:colcon.colcon_core.package_identification:_identify(turtlebot3) by extension 'ignore_ament_install'
[0.158s] Level 1:colcon.colcon_core.package_identification:_identify(turtlebot3) by extensions ['colcon_pkg']
[0.158s] Level 1:colcon.colcon_core.package_identification:_identify(turtlebot3) by extension 'colcon_pkg'
[0.158s] Level 1:colcon.colcon_core.package_identification:_identify(turtlebot3) by extensions ['colcon_meta']
[0.158s] Level 1:colcon.colcon_core.package_identification:_identify(turtlebot3) by extension 'colcon_meta'
[0.158s] Level 1:colcon.colcon_core.package_identification:_identify(turtlebot3) by extensions ['ros']
[0.158s] Level 1:colcon.colcon_core.package_identification:_identify(turtlebot3) by extension 'ros'
[0.162s] DEBUG:colcon.colcon_core.package_identification:Package 'turtlebot3' with type 'ros.catkin' and name 'turtlebot3'
[0.162s] Level 1:colcon.colcon_core.package_identification:_identify(turtlebot3_bringup) by extensions ['ignore', 'ignore_ament_install']
[0.162s] Level 1:colcon.colcon_core.package_identification:_identify(turtlebot3_bringup) by extension 'ignore'
[0.162s] Level 1:colcon.colcon_core.package_identification:_identify(turtlebot3_bringup) by extension 'ignore_ament_install'
[0.162s] Level 1:colcon.colcon_core.package_identification:_identify(turtlebot3_bringup) by extensions ['colcon_pkg']
[0.162s] Level 1:colcon.colcon_core.package_identification:_identify(turtlebot3_bringup) by extension 'colcon_pkg'
[0.162s] Level 1:colcon.colcon_core.package_identification:_identify(turtlebot3_bringup) by extensions ['colcon_meta']
[0.162s] Level 1:colcon.colcon_core.package_identification:_identify(turtlebot3_bringup) by extension 'colcon_meta'
[0.163s] Level 1:colcon.colcon_core.package_identification:_identify(turtlebot3_bringup) by extensions ['ros']
[0.163s] Level 1:colcon.colcon_core.package_identification:_identify(turtlebot3_bringup) by extension 'ros'
[0.164s] DEBUG:colcon.colcon_core.package_identification:Package 'turtlebot3_bringup' with type 'ros.catkin' and name 'turtlebot3_bringup'
[0.164s] Level 1:colcon.colcon_core.package_identification:_identify(turtlebot3_description) by extensions ['ignore', 'ignore_ament_install']
[0.164s] Level 1:colcon.colcon_core.package_identification:_identify(turtlebot3_description) by extension 'ignore'
[0.164s] Level 1:colcon.colcon_core.package_identification:_identify(turtlebot3_description) by extension 'ignore_ament_install'
[0.164s] Level 1:colcon.colcon_core.package_identification:_identify(turtlebot3_description) by extensions ['colcon_pkg']
[0.164s] Level 1:colcon.colcon_core.package_identification:_identify(turtlebot3_description) by extension 'colcon_pkg'
[0.164s] Level 1:colcon.colcon_core.package_identification:_identify(turtlebot3_description) by extensions ['colcon_meta']
[0.164s] Level 1:colcon.colcon_core.package_identification:_identify(turtlebot3_description) by extension 'colcon_meta'
[0.164s] Level 1:colcon.colcon_core.package_identification:_identify(turtlebot3_description) by extensions ['ros']
[0.164s] Level 1:colcon.colcon_core.package_identification:_identify(turtlebot3_description) by extension 'ros'
[0.165s] DEBUG:colcon.colcon_core.package_identification:Package 'turtlebot3_description' with type 'ros.catkin' and name 'turtlebot3_description'
[0.166s] Level 1:colcon.colcon_core.package_identification:_identify(turtlebot3_example) by extensions ['ignore', 'ignore_ament_install']
[0.166s] Level 1:colcon.colcon_core.package_identification:_identify(turtlebot3_example) by extension 'ignore'
[0.166s] Level 1:colcon.colcon_core.package_identification:_identify(turtlebot3_example) by extension 'ignore_ament_install'
[0.166s] Level 1:colcon.colcon_core.package_identification:_identify(turtlebot3_example) by extensions ['colcon_pkg']
[0.166s] Level 1:colcon.colcon_core.package_identification:_identify(turtlebot3_example) by extension 'colcon_pkg'
[0.166s] Level 1:colcon.colcon_core.package_identification:_identify(turtlebot3_example) by extensions ['colcon_meta']
[0.166s] Level 1:colcon.colcon_core.package_identification:_identify(turtlebot3_example) by extension 'colcon_meta'
[0.166s] Level 1:colcon.colcon_core.package_identification:_identify(turtlebot3_example) by extensions ['ros']
[0.166s] Level 1:colcon.colcon_core.package_identification:_identify(turtlebot3_example) by extension 'ros'
[0.168s] DEBUG:colcon.colcon_core.package_identification:Package 'turtlebot3_example' with type 'ros.catkin' and name 'turtlebot3_example'
[0.168s] Level 1:colcon.colcon_core.package_identification:_identify(turtlebot3_navigation) by extensions ['ignore', 'ignore_ament_install']
[0.168s] Level 1:colcon.colcon_core.package_identification:_identify(turtlebot3_navigation) by extension 'ignore'
[0.168s] Level 1:colcon.colcon_core.package_identification:_identify(turtlebot3_navigation) by extension 'ignore_ament_install'
[0.168s] Level 1:colcon.colcon_core.package_identification:_identify(turtlebot3_navigation) by extensions ['colcon_pkg']
[0.168s] Level 1:colcon.colcon_core.package_identification:_identify(turtlebot3_navigation) by extension 'colcon_pkg'
[0.168s] Level 1:colcon.colcon_core.package_identification:_identify(turtlebot3_navigation) by extensions ['colcon_meta']
[0.168s] Level 1:colcon.colcon_core.package_identification:_identify(turtlebot3_navigation) by extension 'colcon_meta'
[0.168s] Level 1:colcon.colcon_core.package_identification:_identify(turtlebot3_navigation) by extensions ['ros']
[0.168s] Level 1:colcon.colcon_core.package_identification:_identify(turtlebot3_navigation) by extension 'ros'
[0.169s] DEBUG:colcon.colcon_core.package_identification:Package 'turtlebot3_navigation' with type 'ros.catkin' and name 'turtlebot3_navigation'
[0.169s] Level 1:colcon.colcon_core.package_identification:_identify(turtlebot3_slam) by extensions ['ignore', 'ignore_ament_install']
[0.169s] Level 1:colcon.colcon_core.package_identification:_identify(turtlebot3_slam) by extension 'ignore'
[0.170s] Level 1:colcon.colcon_core.package_identification:_identify(turtlebot3_slam) by extension 'ignore_ament_install'
[0.170s] Level 1:colcon.colcon_core.package_identification:_identify(turtlebot3_slam) by extensions ['colcon_pkg']
[0.170s] Level 1:colcon.colcon_core.package_identification:_identify(turtlebot3_slam) by extension 'colcon_pkg'
[0.170s] Level 1:colcon.colcon_core.package_identification:_identify(turtlebot3_slam) by extensions ['colcon_meta']
[0.170s] Level 1:colcon.colcon_core.package_identification:_identify(turtlebot3_slam) by extension 'colcon_meta'
[0.170s] Level 1:colcon.colcon_core.package_identification:_identify(turtlebot3_slam) by extensions ['ros']
[0.170s] Level 1:colcon.colcon_core.package_identification:_identify(turtlebot3_slam) by extension 'ros'
[0.171s] DEBUG:colcon.colcon_core.package_identification:Package 'turtlebot3_slam' with type 'ros.catkin' and name 'turtlebot3_slam'
[0.171s] Level 1:colcon.colcon_core.package_identification:_identify(turtlebot3_teleop) by extensions ['ignore', 'ignore_ament_install']
[0.171s] Level 1:colcon.colcon_core.package_identification:_identify(turtlebot3_teleop) by extension 'ignore'
[0.171s] Level 1:colcon.colcon_core.package_identification:_identify(turtlebot3_teleop) by extension 'ignore_ament_install'
[0.171s] Level 1:colcon.colcon_core.package_identification:_identify(turtlebot3_teleop) by extensions ['colcon_pkg']
[0.171s] Level 1:colcon.colcon_core.package_identification:_identify(turtlebot3_teleop) by extension 'colcon_pkg'
[0.171s] Level 1:colcon.colcon_core.package_identification:_identify(turtlebot3_teleop) by extensions ['colcon_meta']
[0.171s] Level 1:colcon.colcon_core.package_identification:_identify(turtlebot3_teleop) by extension 'colcon_meta'
[0.171s] Level 1:colcon.colcon_core.package_identification:_identify(turtlebot3_teleop) by extensions ['ros']
[0.171s] Level 1:colcon.colcon_core.package_identification:_identify(turtlebot3_teleop) by extension 'ros'
[0.172s] DEBUG:colcon.colcon_core.package_identification:Package 'turtlebot3_teleop' with type 'ros.catkin' and name 'turtlebot3_teleop'
[0.172s] Level 1:colcon.colcon_core.package_discovery:discover_packages(recursive) using defaults
[0.172s] Level 1:colcon.colcon_core.package_discovery:discover_packages(ignore) discover
[0.172s] Level 1:colcon.colcon_core.package_discovery:discover_packages(ignore) using defaults
[0.172s] Level 1:colcon.colcon_core.package_discovery:discover_packages(path) discover
[0.173s] Level 1:colcon.colcon_core.package_discovery:discover_packages(path) using defaults
[0.193s] Level 1:colcon.colcon_core.package_discovery:discover_packages(prefix_path) check parameters
[0.193s] Level 1:colcon.colcon_core.package_discovery:discover_packages(prefix_path) discover
[0.197s] DEBUG:colcon.colcon_installed_package_information.package_discovery:Found 3 installed packages in /home/ingeolko/turtlebot3-master/install
[0.198s] Level 1:colcon.colcon_core.package_discovery:discover_packages(prefix_path) using defaults
[0.200s] Level 5:colcon.colcon_core.verb:set package 'turtlebot3_description' build argument 'cmake_args' from command line to 'None'
[0.200s] Level 5:colcon.colcon_core.verb:set package 'turtlebot3_description' build argument 'cmake_target' from command line to 'None'
[0.200s] Level 5:colcon.colcon_core.verb:set package 'turtlebot3_description' build argument 'cmake_target_skip_unavailable' from command line to 'False'
[0.200s] Level 5:colcon.colcon_core.verb:set package 'turtlebot3_description' build argument 'cmake_clean_cache' from command line to 'False'
[0.200s] Level 5:colcon.colcon_core.verb:set package 'turtlebot3_description' build argument 'cmake_clean_first' from command line to 'False'
[0.200s] Level 5:colcon.colcon_core.verb:set package 'turtlebot3_description' build argument 'cmake_force_configure' from command line to 'False'
[0.200s] Level 5:colcon.colcon_core.verb:set package 'turtlebot3_description' build argument 'ament_cmake_args' from command line to 'None'
[0.200s] Level 5:colcon.colcon_core.verb:set package 'turtlebot3_description' build argument 'catkin_cmake_args' from command line to 'None'
[0.200s] Level 5:colcon.colcon_core.verb:set package 'turtlebot3_description' build argument 'catkin_skip_building_tests' from command line to 'False'
[0.200s] DEBUG:colcon.colcon_core.verb:Building package 'turtlebot3_description' with the following arguments: {'ament_cmake_args': None, 'build_base': '/home/ingeolko/turtlebot3-master/build/turtlebot3_description', 'catkin_cmake_args': None, 'catkin_skip_building_tests': False, 'cmake_args': None, 'cmake_clean_cache': False, 'cmake_clean_first': False, 'cmake_force_configure': False, 'cmake_target': None, 'cmake_target_skip_unavailable': False, 'install_base': '/home/ingeolko/turtlebot3-master/install/turtlebot3_description', 'merge_install': False, 'path': '/home/ingeolko/turtlebot3-master/turtlebot3_description', 'symlink_install': False, 'test_result_base': None}
[0.201s] Level 5:colcon.colcon_core.verb:set package 'turtlebot3_teleop' build argument 'cmake_args' from command line to 'None'
[0.201s] Level 5:colcon.colcon_core.verb:set package 'turtlebot3_teleop' build argument 'cmake_target' from command line to 'None'
[0.201s] Level 5:colcon.colcon_core.verb:set package 'turtlebot3_teleop' build argument 'cmake_target_skip_unavailable' from command line to 'False'
[0.201s] Level 5:colcon.colcon_core.verb:set package 'turtlebot3_teleop' build argument 'cmake_clean_cache' from command line to 'False'
[0.201s] Level 5:colcon.colcon_core.verb:set package 'turtlebot3_teleop' build argument 'cmake_clean_first' from command line to 'False'
[0.201s] Level 5:colcon.colcon_core.verb:set package 'turtlebot3_teleop' build argument 'cmake_force_configure' from command line to 'False'
[0.201s] Level 5:colcon.colcon_core.verb:set package 'turtlebot3_teleop' build argument 'ament_cmake_args' from command line to 'None'
[0.201s] Level 5:colcon.colcon_core.verb:set package 'turtlebot3_teleop' build argument 'catkin_cmake_args' from command line to 'None'
[0.201s] Level 5:colcon.colcon_core.verb:set package 'turtlebot3_teleop' build argument 'catkin_skip_building_tests' from command line to 'False'
[0.201s] DEBUG:colcon.colcon_core.verb:Building package 'turtlebot3_teleop' with the following arguments: {'ament_cmake_args': None, 'build_base': '/home/ingeolko/turtlebot3-master/build/turtlebot3_teleop', 'catkin_cmake_args': None, 'catkin_skip_building_tests': False, 'cmake_args': None, 'cmake_clean_cache': False, 'cmake_clean_first': False, 'cmake_force_configure': False, 'cmake_target': None, 'cmake_target_skip_unavailable': False, 'install_base': '/home/ingeolko/turtlebot3-master/install/turtlebot3_teleop', 'merge_install': False, 'path': '/home/ingeolko/turtlebot3-master/turtlebot3_teleop', 'symlink_install': False, 'test_result_base': None}
[0.202s] Level 5:colcon.colcon_core.verb:set package 'turtlebot3_bringup' build argument 'cmake_args' from command line to 'None'
[0.202s] Level 5:colcon.colcon_core.verb:set package 'turtlebot3_bringup' build argument 'cmake_target' from command line to 'None'
[0.202s] Level 5:colcon.colcon_core.verb:set package 'turtlebot3_bringup' build argument 'cmake_target_skip_unavailable' from command line to 'False'
[0.202s] Level 5:colcon.colcon_core.verb:set package 'turtlebot3_bringup' build argument 'cmake_clean_cache' from command line to 'False'
[0.202s] Level 5:colcon.colcon_core.verb:set package 'turtlebot3_bringup' build argument 'cmake_clean_first' from command line to 'False'
[0.202s] Level 5:colcon.colcon_core.verb:set package 'turtlebot3_bringup' build argument 'cmake_force_configure' from command line to 'False'
[0.202s] Level 5:colcon.colcon_core.verb:set package 'turtlebot3_bringup' build argument 'ament_cmake_args' from command line to 'None'
[0.202s] Level 5:colcon.colcon_core.verb:set package 'turtlebot3_bringup' build argument 'catkin_cmake_args' from command line to 'None'
[0.202s] Level 5:colcon.colcon_core.verb:set package 'turtlebot3_bringup' build argument 'catkin_skip_building_tests' from command line to 'False'
[0.202s] DEBUG:colcon.colcon_core.verb:Building package 'turtlebot3_bringup' with the following arguments: {'ament_cmake_args': None, 'build_base': '/home/ingeolko/turtlebot3-master/build/turtlebot3_bringup', 'catkin_cmake_args': None, 'catkin_skip_building_tests': False, 'cmake_args': None, 'cmake_clean_cache': False, 'cmake_clean_first': False, 'cmake_force_configure': False, 'cmake_target': None, 'cmake_target_skip_unavailable': False, 'install_base': '/home/ingeolko/turtlebot3-master/install/turtlebot3_bringup', 'merge_install': False, 'path': '/home/ingeolko/turtlebot3-master/turtlebot3_bringup', 'symlink_install': False, 'test_result_base': None}
[0.203s] Level 5:colcon.colcon_core.verb:set package 'turtlebot3_example' build argument 'cmake_args' from command line to 'None'
[0.203s] Level 5:colcon.colcon_core.verb:set package 'turtlebot3_example' build argument 'cmake_target' from command line to 'None'
[0.203s] Level 5:colcon.colcon_core.verb:set package 'turtlebot3_example' build argument 'cmake_target_skip_unavailable' from command line to 'False'
[0.203s] Level 5:colcon.colcon_core.verb:set package 'turtlebot3_example' build argument 'cmake_clean_cache' from command line to 'False'
[0.203s] Level 5:colcon.colcon_core.verb:set package 'turtlebot3_example' build argument 'cmake_clean_first' from command line to 'False'
[0.203s] Level 5:colcon.colcon_core.verb:set package 'turtlebot3_example' build argument 'cmake_force_configure' from command line to 'False'
[0.203s] Level 5:colcon.colcon_core.verb:set package 'turtlebot3_example' build argument 'ament_cmake_args' from command line to 'None'
[0.203s] Level 5:colcon.colcon_core.verb:set package 'turtlebot3_example' build argument 'catkin_cmake_args' from command line to 'None'
[0.203s] Level 5:colcon.colcon_core.verb:set package 'turtlebot3_example' build argument 'catkin_skip_building_tests' from command line to 'False'
[0.203s] DEBUG:colcon.colcon_core.verb:Building package 'turtlebot3_example' with the following arguments: {'ament_cmake_args': None, 'build_base': '/home/ingeolko/turtlebot3-master/build/turtlebot3_example', 'catkin_cmake_args': None, 'catkin_skip_building_tests': False, 'cmake_args': None, 'cmake_clean_cache': False, 'cmake_clean_first': False, 'cmake_force_configure': False, 'cmake_target': None, 'cmake_target_skip_unavailable': False, 'install_base': '/home/ingeolko/turtlebot3-master/install/turtlebot3_example', 'merge_install': False, 'path': '/home/ingeolko/turtlebot3-master/turtlebot3_example', 'symlink_install': False, 'test_result_base': None}
[0.204s] Level 5:colcon.colcon_core.verb:set package 'turtlebot3_navigation' build argument 'cmake_args' from command line to 'None'
[0.204s] Level 5:colcon.colcon_core.verb:set package 'turtlebot3_navigation' build argument 'cmake_target' from command line to 'None'
[0.204s] Level 5:colcon.colcon_core.verb:set package 'turtlebot3_navigation' build argument 'cmake_target_skip_unavailable' from command line to 'False'
[0.204s] Level 5:colcon.colcon_core.verb:set package 'turtlebot3_navigation' build argument 'cmake_clean_cache' from command line to 'False'
[0.204s] Level 5:colcon.colcon_core.verb:set package 'turtlebot3_navigation' build argument 'cmake_clean_first' from command line to 'False'
[0.204s] Level 5:colcon.colcon_core.verb:set package 'turtlebot3_navigation' build argument 'cmake_force_configure' from command line to 'False'
[0.204s] Level 5:colcon.colcon_core.verb:set package 'turtlebot3_navigation' build argument 'ament_cmake_args' from command line to 'None'
[0.204s] Level 5:colcon.colcon_core.verb:set package 'turtlebot3_navigation' build argument 'catkin_cmake_args' from command line to 'None'
[0.204s] Level 5:colcon.colcon_core.verb:set package 'turtlebot3_navigation' build argument 'catkin_skip_building_tests' from command line to 'False'
[0.204s] DEBUG:colcon.colcon_core.verb:Building package 'turtlebot3_navigation' with the following arguments: {'ament_cmake_args': None, 'build_base': '/home/ingeolko/turtlebot3-master/build/turtlebot3_navigation', 'catkin_cmake_args': None, 'catkin_skip_building_tests': False, 'cmake_args': None, 'cmake_clean_cache': False, 'cmake_clean_first': False, 'cmake_force_configure': False, 'cmake_target': None, 'cmake_target_skip_unavailable': False, 'install_base': '/home/ingeolko/turtlebot3-master/install/turtlebot3_navigation', 'merge_install': False, 'path': '/home/ingeolko/turtlebot3-master/turtlebot3_navigation', 'symlink_install': False, 'test_result_base': None}
[0.205s] Level 5:colcon.colcon_core.verb:set package 'turtlebot3_slam' build argument 'cmake_args' from command line to 'None'
[0.205s] Level 5:colcon.colcon_core.verb:set package 'turtlebot3_slam' build argument 'cmake_target' from command line to 'None'
[0.205s] Level 5:colcon.colcon_core.verb:set package 'turtlebot3_slam' build argument 'cmake_target_skip_unavailable' from command line to 'False'
[0.205s] Level 5:colcon.colcon_core.verb:set package 'turtlebot3_slam' build argument 'cmake_clean_cache' from command line to 'False'
[0.205s] Level 5:colcon.colcon_core.verb:set package 'turtlebot3_slam' build argument 'cmake_clean_first' from command line to 'False'
[0.205s] Level 5:colcon.colcon_core.verb:set package 'turtlebot3_slam' build argument 'cmake_force_configure' from command line to 'False'
[0.205s] Level 5:colcon.colcon_core.verb:set package 'turtlebot3_slam' build argument 'ament_cmake_args' from command line to 'None'
[0.205s] Level 5:colcon.colcon_core.verb:set package 'turtlebot3_slam' build argument 'catkin_cmake_args' from command line to 'None'
[0.205s] Level 5:colcon.colcon_core.verb:set package 'turtlebot3_slam' build argument 'catkin_skip_building_tests' from command line to 'False'
[0.205s] DEBUG:colcon.colcon_core.verb:Building package 'turtlebot3_slam' with the following arguments: {'ament_cmake_args': None, 'build_base': '/home/ingeolko/turtlebot3-master/build/turtlebot3_slam', 'catkin_cmake_args': None, 'catkin_skip_building_tests': False, 'cmake_args': None, 'cmake_clean_cache': False, 'cmake_clean_first': False, 'cmake_force_configure': False, 'cmake_target': None, 'cmake_target_skip_unavailable': False, 'install_base': '/home/ingeolko/turtlebot3-master/install/turtlebot3_slam', 'merge_install': False, 'path': '/home/ingeolko/turtlebot3-master/turtlebot3_slam', 'symlink_install': False, 'test_result_base': None}
[0.205s] Level 5:colcon.colcon_core.verb:set package 'turtlebot3' build argument 'cmake_args' from command line to 'None'
[0.205s] Level 5:colcon.colcon_core.verb:set package 'turtlebot3' build argument 'cmake_target' from command line to 'None'
[0.205s] Level 5:colcon.colcon_core.verb:set package 'turtlebot3' build argument 'cmake_target_skip_unavailable' from command line to 'False'
[0.205s] Level 5:colcon.colcon_core.verb:set package 'turtlebot3' build argument 'cmake_clean_cache' from command line to 'False'
[0.205s] Level 5:colcon.colcon_core.verb:set package 'turtlebot3' build argument 'cmake_clean_first' from command line to 'False'
[0.205s] Level 5:colcon.colcon_core.verb:set package 'turtlebot3' build argument 'cmake_force_configure' from command line to 'False'
[0.206s] Level 5:colcon.colcon_core.verb:set package 'turtlebot3' build argument 'ament_cmake_args' from command line to 'None'
[0.206s] Level 5:colcon.colcon_core.verb:set package 'turtlebot3' build argument 'catkin_cmake_args' from command line to 'None'
[0.206s] Level 5:colcon.colcon_core.verb:set package 'turtlebot3' build argument 'catkin_skip_building_tests' from command line to 'False'
[0.206s] DEBUG:colcon.colcon_core.verb:Building package 'turtlebot3' with the following arguments: {'ament_cmake_args': None, 'build_base': '/home/ingeolko/turtlebot3-master/build/turtlebot3', 'catkin_cmake_args': None, 'catkin_skip_building_tests': False, 'cmake_args': None, 'cmake_clean_cache': False, 'cmake_clean_first': False, 'cmake_force_configure': False, 'cmake_target': None, 'cmake_target_skip_unavailable': False, 'install_base': '/home/ingeolko/turtlebot3-master/install/turtlebot3', 'merge_install': False, 'path': '/home/ingeolko/turtlebot3-master/turtlebot3', 'symlink_install': False, 'test_result_base': None}
[0.206s] INFO:colcon.colcon_core.executor:Executing jobs using 'parallel' executor
[0.207s] DEBUG:colcon.colcon_parallel_executor.executor.parallel:run_until_complete
[0.207s] INFO:colcon.colcon_ros.task.catkin.build:Building ROS package in '/home/ingeolko/turtlebot3-master/turtlebot3_description' with build type 'catkin'
[0.208s] INFO:colcon.colcon_cmake.task.cmake.build:Building CMake package in '/home/ingeolko/turtlebot3-master/turtlebot3_description'
[0.213s] INFO:colcon.colcon_core.plugin_system:Skipping extension 'colcon_core.shell.bat': Not used on non-Windows systems
[0.213s] INFO:colcon.colcon_core.shell:Skip shell extension 'powershell' for command environment: Not usable outside of PowerShell
[0.214s] DEBUG:colcon.colcon_core.shell:Skip shell extension 'dsv' for command environment
[0.215s] DEBUG:colcon.colcon_core.shell:Ignoring prefix path '/opt/ros/melodic'
[0.219s] INFO:colcon.colcon_ros.task.catkin.build:Building ROS package in '/home/ingeolko/turtlebot3-master/turtlebot3_teleop' with build type 'catkin'
[0.219s] INFO:colcon.colcon_cmake.task.cmake.build:Building CMake package in '/home/ingeolko/turtlebot3-master/turtlebot3_teleop'
[0.220s] INFO:colcon.colcon_core.shell:Skip shell extension 'powershell' for command environment: Not usable outside of PowerShell
[0.220s] DEBUG:colcon.colcon_core.shell:Skip shell extension 'dsv' for command environment
[0.222s] DEBUG:colcon.colcon_core.shell:Ignoring prefix path '/opt/ros/melodic'
[0.233s] DEBUG:colcon.colcon_core.event_handler.log_command:Invoking command in '/home/ingeolko/turtlebot3-master/build/turtlebot3_description': /usr/bin/cmake --build /home/ingeolko/turtlebot3-master/build/turtlebot3_description -- -j4 -l4
[0.241s] DEBUG:colcon.colcon_core.event_handler.log_command:Invoking command in '/home/ingeolko/turtlebot3-master/build/turtlebot3_teleop': /usr/bin/cmake --build /home/ingeolko/turtlebot3-master/build/turtlebot3_teleop -- -j4 -l4
[0.382s] DEBUG:colcon.colcon_core.event_handler.log_command:Invoked command in '/home/ingeolko/turtlebot3-master/build/turtlebot3_teleop' returned '0': /usr/bin/cmake --build /home/ingeolko/turtlebot3-master/build/turtlebot3_teleop -- -j4 -l4
[0.414s] DEBUG:colcon.colcon_core.event_handler.log_command:Invoked command in '/home/ingeolko/turtlebot3-master/build/turtlebot3_description' returned '0': /usr/bin/cmake --build /home/ingeolko/turtlebot3-master/build/turtlebot3_description -- -j4 -l4
[0.446s] DEBUG:colcon.colcon_core.event_handler.log_command:Invoking command in '/home/ingeolko/turtlebot3-master/build/turtlebot3_teleop': /usr/bin/cmake --build /home/ingeolko/turtlebot3-master/build/turtlebot3_teleop --target tests -- -j4 -l4
[0.543s] DEBUG:colcon.colcon_core.event_handler.log_command:Invoking command in '/home/ingeolko/turtlebot3-master/build/turtlebot3_description': /usr/bin/cmake --build /home/ingeolko/turtlebot3-master/build/turtlebot3_description --target tests -- -j4 -l4
[0.571s] DEBUG:colcon.colcon_core.event_handler.log_command:Invoked command in '/home/ingeolko/turtlebot3-master/build/turtlebot3_teleop' returned '0': /usr/bin/cmake --build /home/ingeolko/turtlebot3-master/build/turtlebot3_teleop --target tests -- -j4 -l4
[0.679s] DEBUG:colcon.colcon_core.event_handler.log_command:Invoking command in '/home/ingeolko/turtlebot3-master/build/turtlebot3_teleop': /usr/bin/cmake --build /home/ingeolko/turtlebot3-master/build/turtlebot3_teleop --target install -- -j4 -l4
[0.706s] DEBUG:colcon.colcon_core.event_handler.log_command:Invoked command in '/home/ingeolko/turtlebot3-master/build/turtlebot3_description' returned '0': /usr/bin/cmake --build /home/ingeolko/turtlebot3-master/build/turtlebot3_description --target tests -- -j4 -l4
[0.859s] DEBUG:colcon.colcon_core.event_handler.log_command:Invoking command in '/home/ingeolko/turtlebot3-master/build/turtlebot3_description': /usr/bin/cmake --build /home/ingeolko/turtlebot3-master/build/turtlebot3_description --target install -- -j4 -l4
[0.901s] DEBUG:colcon.colcon_core.event_handler.log_command:Invoked command in '/home/ingeolko/turtlebot3-master/build/turtlebot3_teleop' returned '0': /usr/bin/cmake --build /home/ingeolko/turtlebot3-master/build/turtlebot3_teleop --target install -- -j4 -l4
[1.008s] DEBUG:colcon.colcon_core.event_handler.log_command:Invoked command in '/home/ingeolko/turtlebot3-master/build/turtlebot3_description' returned '0': /usr/bin/cmake --build /home/ingeolko/turtlebot3-master/build/turtlebot3_description --target install -- -j4 -l4
[1.011s] Level 1:colcon.colcon_core.shell:create_environment_hook('turtlebot3_teleop', 'ros_package_path')
[1.012s] INFO:colcon.colcon_core.shell:Creating environment hook '/home/ingeolko/turtlebot3-master/install/turtlebot3_teleop/share/turtlebot3_teleop/hook/ros_package_path.ps1'
[1.013s] INFO:colcon.colcon_core.shell:Creating environment descriptor '/home/ingeolko/turtlebot3-master/install/turtlebot3_teleop/share/turtlebot3_teleop/hook/ros_package_path.dsv'
[1.013s] INFO:colcon.colcon_core.shell:Creating environment hook '/home/ingeolko/turtlebot3-master/install/turtlebot3_teleop/share/turtlebot3_teleop/hook/ros_package_path.sh'
[1.014s] Level 1:colcon.colcon_ros.task.catkin:checking '/home/ingeolko/turtlebot3-master/install/turtlebot3_teleop/lib/python2.7/dist-packages'
[1.014s] Level 1:colcon.colcon_core.shell:create_environment_hook('turtlebot3_teleop', 'catkin_pythonpath')
[1.015s] INFO:colcon.colcon_core.shell:Creating environment hook '/home/ingeolko/turtlebot3-master/install/turtlebot3_teleop/share/turtlebot3_teleop/hook/catkin_pythonpath.ps1'
[1.015s] INFO:colcon.colcon_core.shell:Creating environment descriptor '/home/ingeolko/turtlebot3-master/install/turtlebot3_teleop/share/turtlebot3_teleop/hook/catkin_pythonpath.dsv'
[1.015s] INFO:colcon.colcon_core.shell:Creating environment hook '/home/ingeolko/turtlebot3-master/install/turtlebot3_teleop/share/turtlebot3_teleop/hook/catkin_pythonpath.sh'
[1.016s] Level 1:colcon.colcon_core.shell:create_environment_hook('turtlebot3_teleop', 'pkg_config_path')
[1.016s] INFO:colcon.colcon_core.shell:Creating environment hook '/home/ingeolko/turtlebot3-master/install/turtlebot3_teleop/share/turtlebot3_teleop/hook/pkg_config_path.ps1'
[1.017s] INFO:colcon.colcon_core.shell:Creating environment descriptor '/home/ingeolko/turtlebot3-master/install/turtlebot3_teleop/share/turtlebot3_teleop/hook/pkg_config_path.dsv'
[1.017s] INFO:colcon.colcon_core.shell:Creating environment hook '/home/ingeolko/turtlebot3-master/install/turtlebot3_teleop/share/turtlebot3_teleop/hook/pkg_config_path.sh'
[1.030s] Level 1:colcon.colcon_core.shell:create_environment_hook('turtlebot3_teleop', 'pkg_config_path_multiarch')
[1.031s] INFO:colcon.colcon_core.shell:Creating environment hook '/home/ingeolko/turtlebot3-master/install/turtlebot3_teleop/share/turtlebot3_teleop/hook/pkg_config_path_multiarch.ps1'
[1.031s] INFO:colcon.colcon_core.shell:Creating environment descriptor '/home/ingeolko/turtlebot3-master/install/turtlebot3_teleop/share/turtlebot3_teleop/hook/pkg_config_path_multiarch.dsv'
[1.032s] INFO:colcon.colcon_core.shell:Creating environment hook '/home/ingeolko/turtlebot3-master/install/turtlebot3_teleop/share/turtlebot3_teleop/hook/pkg_config_path_multiarch.sh'
[1.033s] Level 1:colcon.colcon_core.environment:create_environment_scripts_only(turtlebot3_teleop)
[1.046s] Level 1:colcon.colcon_core.environment:checking '/home/ingeolko/turtlebot3-master/install/turtlebot3_teleop' for CMake module files
[1.047s] Level 1:colcon.colcon_core.environment:checking '/home/ingeolko/turtlebot3-master/install/turtlebot3_teleop' for CMake config files
[1.048s] Level 1:colcon.colcon_core.shell:create_environment_hook('turtlebot3_teleop', 'cmake_prefix_path')
[1.048s] INFO:colcon.colcon_core.shell:Creating environment hook '/home/ingeolko/turtlebot3-master/install/turtlebot3_teleop/share/turtlebot3_teleop/hook/cmake_prefix_path.ps1'
[1.049s] INFO:colcon.colcon_core.shell:Creating environment descriptor '/home/ingeolko/turtlebot3-master/install/turtlebot3_teleop/share/turtlebot3_teleop/hook/cmake_prefix_path.dsv'
[1.050s] INFO:colcon.colcon_core.shell:Creating environment hook '/home/ingeolko/turtlebot3-master/install/turtlebot3_teleop/share/turtlebot3_teleop/hook/cmake_prefix_path.sh'
[1.052s] Level 1:colcon.colcon_core.environment:checking '/home/ingeolko/turtlebot3-master/install/turtlebot3_teleop/lib'
[1.053s] Level 1:colcon.colcon_core.environment:checking '/home/ingeolko/turtlebot3-master/install/turtlebot3_teleop/bin'
[1.053s] Level 1:colcon.colcon_core.environment:checking '/home/ingeolko/turtlebot3-master/install/turtlebot3_teleop/lib/pkgconfig/turtlebot3_teleop.pc'
[1.053s] Level 1:colcon.colcon_core.shell:create_environment_hook('turtlebot3_teleop', 'pkg_config')
[1.053s] INFO:colcon.colcon_core.shell:Creating environment hook '/home/ingeolko/turtlebot3-master/install/turtlebot3_teleop/share/turtlebot3_teleop/hook/pkg_config.ps1'
[1.054s] INFO:colcon.colcon_core.shell:Creating environment descriptor '/home/ingeolko/turtlebot3-master/install/turtlebot3_teleop/share/turtlebot3_teleop/hook/pkg_config.dsv'
[1.054s] INFO:colcon.colcon_core.shell:Creating environment hook '/home/ingeolko/turtlebot3-master/install/turtlebot3_teleop/share/turtlebot3_teleop/hook/pkg_config.sh'
[1.056s] Level 1:colcon.colcon_core.environment:checking '/home/ingeolko/turtlebot3-master/install/turtlebot3_teleop/lib/python3.6/site-packages'
[1.057s] Level 1:colcon.colcon_core.environment:checking '/home/ingeolko/turtlebot3-master/install/turtlebot3_teleop/bin'
[1.057s] INFO:colcon.colcon_core.shell:Creating package script '/home/ingeolko/turtlebot3-master/install/turtlebot3_teleop/share/turtlebot3_teleop/package.ps1'
[1.059s] INFO:colcon.colcon_core.shell:Creating package descriptor '/home/ingeolko/turtlebot3-master/install/turtlebot3_teleop/share/turtlebot3_teleop/package.dsv'
[1.062s] INFO:colcon.colcon_core.shell:Creating package script '/home/ingeolko/turtlebot3-master/install/turtlebot3_teleop/share/turtlebot3_teleop/package.sh'
[1.064s] INFO:colcon.colcon_core.shell:Creating package script '/home/ingeolko/turtlebot3-master/install/turtlebot3_teleop/share/turtlebot3_teleop/package.bash'
[1.066s] INFO:colcon.colcon_core.shell:Creating package script '/home/ingeolko/turtlebot3-master/install/turtlebot3_teleop/share/turtlebot3_teleop/package.zsh'
[1.067s] Level 1:colcon.colcon_core.environment:create_file_with_runtime_dependencies(/home/ingeolko/turtlebot3-master/install/turtlebot3_teleop/share/colcon-core/packages/turtlebot3_teleop)
[1.107s] Level 1:colcon.colcon_core.shell:create_environment_hook('turtlebot3_description', 'ros_package_path')
[1.107s] INFO:colcon.colcon_core.shell:Creating environment hook '/home/ingeolko/turtlebot3-master/install/turtlebot3_description/share/turtlebot3_description/hook/ros_package_path.ps1'
[1.108s] INFO:colcon.colcon_core.shell:Creating environment descriptor '/home/ingeolko/turtlebot3-master/install/turtlebot3_description/share/turtlebot3_description/hook/ros_package_path.dsv'
[1.108s] INFO:colcon.colcon_core.shell:Creating environment hook '/home/ingeolko/turtlebot3-master/install/turtlebot3_description/share/turtlebot3_description/hook/ros_package_path.sh'
[1.110s] Level 1:colcon.colcon_ros.task.catkin:checking '/home/ingeolko/turtlebot3-master/install/turtlebot3_description/lib/python2.7/dist-packages'
[1.110s] Level 1:colcon.colcon_core.shell:create_environment_hook('turtlebot3_description', 'pkg_config_path')
[1.110s] INFO:colcon.colcon_core.shell:Creating environment hook '/home/ingeolko/turtlebot3-master/install/turtlebot3_description/share/turtlebot3_description/hook/pkg_config_path.ps1'
[1.111s] INFO:colcon.colcon_core.shell:Creating environment descriptor '/home/ingeolko/turtlebot3-master/install/turtlebot3_description/share/turtlebot3_description/hook/pkg_config_path.dsv'
[1.111s] INFO:colcon.colcon_core.shell:Creating environment hook '/home/ingeolko/turtlebot3-master/install/turtlebot3_description/share/turtlebot3_description/hook/pkg_config_path.sh'
[1.112s] Level 1:colcon.colcon_core.shell:create_environment_hook('turtlebot3_description', 'pkg_config_path_multiarch')
[1.112s] INFO:colcon.colcon_core.shell:Creating environment hook '/home/ingeolko/turtlebot3-master/install/turtlebot3_description/share/turtlebot3_description/hook/pkg_config_path_multiarch.ps1'
[1.113s] INFO:colcon.colcon_core.shell:Creating environment descriptor '/home/ingeolko/turtlebot3-master/install/turtlebot3_description/share/turtlebot3_description/hook/pkg_config_path_multiarch.dsv'
[1.114s] INFO:colcon.colcon_core.shell:Creating environment hook '/home/ingeolko/turtlebot3-master/install/turtlebot3_description/share/turtlebot3_description/hook/pkg_config_path_multiarch.sh'
[1.115s] Level 1:colcon.colcon_core.environment:create_environment_scripts_only(turtlebot3_description)
[1.116s] Level 1:colcon.colcon_core.environment:checking '/home/ingeolko/turtlebot3-master/install/turtlebot3_description' for CMake module files
[1.116s] Level 1:colcon.colcon_core.environment:checking '/home/ingeolko/turtlebot3-master/install/turtlebot3_description' for CMake config files
[1.117s] Level 1:colcon.colcon_core.shell:create_environment_hook('turtlebot3_description', 'cmake_prefix_path')
[1.117s] INFO:colcon.colcon_core.shell:Creating environment hook '/home/ingeolko/turtlebot3-master/install/turtlebot3_description/share/turtlebot3_description/hook/cmake_prefix_path.ps1'
[1.118s] INFO:colcon.colcon_core.shell:Creating environment descriptor '/home/ingeolko/turtlebot3-master/install/turtlebot3_description/share/turtlebot3_description/hook/cmake_prefix_path.dsv'
[1.118s] INFO:colcon.colcon_core.shell:Creating environment hook '/home/ingeolko/turtlebot3-master/install/turtlebot3_description/share/turtlebot3_description/hook/cmake_prefix_path.sh'
[1.119s] Level 1:colcon.colcon_core.environment:checking '/home/ingeolko/turtlebot3-master/install/turtlebot3_description/lib'
[1.119s] Level 1:colcon.colcon_core.environment:checking '/home/ingeolko/turtlebot3-master/install/turtlebot3_description/bin'
[1.119s] Level 1:colcon.colcon_core.environment:checking '/home/ingeolko/turtlebot3-master/install/turtlebot3_description/lib/pkgconfig/turtlebot3_description.pc'
[1.119s] Level 1:colcon.colcon_core.shell:create_environment_hook('turtlebot3_description', 'pkg_config')
[1.120s] INFO:colcon.colcon_core.shell:Creating environment hook '/home/ingeolko/turtlebot3-master/install/turtlebot3_description/share/turtlebot3_description/hook/pkg_config.ps1'
[1.120s] INFO:colcon.colcon_core.shell:Creating environment descriptor '/home/ingeolko/turtlebot3-master/install/turtlebot3_description/share/turtlebot3_description/hook/pkg_config.dsv'
[1.121s] INFO:colcon.colcon_core.shell:Creating environment hook '/home/ingeolko/turtlebot3-master/install/turtlebot3_description/share/turtlebot3_description/hook/pkg_config.sh'
[1.138s] Level 1:colcon.colcon_core.environment:checking '/home/ingeolko/turtlebot3-master/install/turtlebot3_description/lib/python3.6/site-packages'
[1.138s] Level 1:colcon.colcon_core.environment:checking '/home/ingeolko/turtlebot3-master/install/turtlebot3_description/bin'
[1.139s] INFO:colcon.colcon_core.shell:Creating package script '/home/ingeolko/turtlebot3-master/install/turtlebot3_description/share/turtlebot3_description/package.ps1'
[1.140s] INFO:colcon.colcon_core.shell:Creating package descriptor '/home/ingeolko/turtlebot3-master/install/turtlebot3_description/share/turtlebot3_description/package.dsv'
[1.141s] INFO:colcon.colcon_core.shell:Creating package script '/home/ingeolko/turtlebot3-master/install/turtlebot3_description/share/turtlebot3_description/package.sh'
[1.141s] INFO:colcon.colcon_core.shell:Creating package script '/home/ingeolko/turtlebot3-master/install/turtlebot3_description/share/turtlebot3_description/package.bash'
[1.142s] INFO:colcon.colcon_core.shell:Creating package script '/home/ingeolko/turtlebot3-master/install/turtlebot3_description/share/turtlebot3_description/package.zsh'
[1.142s] Level 1:colcon.colcon_core.environment:create_file_with_runtime_dependencies(/home/ingeolko/turtlebot3-master/install/turtlebot3_description/share/colcon-core/packages/turtlebot3_description)
[1.144s] INFO:colcon.colcon_ros.task.catkin.build:Building ROS package in '/home/ingeolko/turtlebot3-master/turtlebot3_bringup' with build type 'catkin'
[1.144s] INFO:colcon.colcon_cmake.task.cmake.build:Building CMake package in '/home/ingeolko/turtlebot3-master/turtlebot3_bringup'
[1.145s] INFO:colcon.colcon_core.shell:Skip shell extension 'powershell' for command environment: Not usable outside of PowerShell
[1.145s] DEBUG:colcon.colcon_core.shell:Skip shell extension 'dsv' for command environment
[1.146s] DEBUG:colcon.colcon_core.shell:Ignoring prefix path '/opt/ros/melodic'
[1.164s] DEBUG:colcon.colcon_core.event_handler.log_command:Invoking command in '/home/ingeolko/turtlebot3-master/build/turtlebot3_bringup': /usr/bin/cmake /home/ingeolko/turtlebot3-master/turtlebot3_bringup -DCATKIN_INSTALL_INTO_PREFIX_ROOT=0 -DCMAKE_INSTALL_PREFIX=/home/ingeolko/turtlebot3-master/install/turtlebot3_bringup
[1.704s] DEBUG:colcon.colcon_core.event_handler.log_command:Invoked command in '/home/ingeolko/turtlebot3-master/build/turtlebot3_bringup' returned '1': /usr/bin/cmake /home/ingeolko/turtlebot3-master/turtlebot3_bringup -DCATKIN_INSTALL_INTO_PREFIX_ROOT=0 -DCMAKE_INSTALL_PREFIX=/home/ingeolko/turtlebot3-master/install/turtlebot3_bringup
[1.720s] Level 1:colcon.colcon_core.environment:create_environment_scripts_only(turtlebot3_bringup)
[1.721s] Level 1:colcon.colcon_core.environment:checking '/home/ingeolko/turtlebot3-master/install/turtlebot3_bringup' for CMake module files
[1.722s] Level 1:colcon.colcon_core.environment:checking '/home/ingeolko/turtlebot3-master/install/turtlebot3_bringup' for CMake config files
[1.724s] Level 1:colcon.colcon_core.environment:checking '/home/ingeolko/turtlebot3-master/install/turtlebot3_bringup/bin'
[1.725s] Level 1:colcon.colcon_core.environment:checking '/home/ingeolko/turtlebot3-master/install/turtlebot3_bringup/lib/pkgconfig/turtlebot3_bringup.pc'
[1.725s] Level 1:colcon.colcon_core.environment:checking '/home/ingeolko/turtlebot3-master/install/turtlebot3_bringup/lib/python3.6/site-packages'
[1.725s] Level 1:colcon.colcon_core.environment:checking '/home/ingeolko/turtlebot3-master/install/turtlebot3_bringup/bin'
[1.726s] INFO:colcon.colcon_core.shell:Creating package script '/home/ingeolko/turtlebot3-master/install/turtlebot3_bringup/share/turtlebot3_bringup/package.ps1'
[1.727s] INFO:colcon.colcon_core.shell:Creating package descriptor '/home/ingeolko/turtlebot3-master/install/turtlebot3_bringup/share/turtlebot3_bringup/package.dsv'
[1.727s] INFO:colcon.colcon_core.shell:Creating package script '/home/ingeolko/turtlebot3-master/install/turtlebot3_bringup/share/turtlebot3_bringup/package.sh'
[1.728s] INFO:colcon.colcon_core.shell:Creating package script '/home/ingeolko/turtlebot3-master/install/turtlebot3_bringup/share/turtlebot3_bringup/package.bash'
[1.728s] INFO:colcon.colcon_core.shell:Creating package script '/home/ingeolko/turtlebot3-master/install/turtlebot3_bringup/share/turtlebot3_bringup/package.zsh'
[1.728s] Level 1:colcon.colcon_core.environment:create_file_with_runtime_dependencies(/home/ingeolko/turtlebot3-master/install/turtlebot3_bringup/share/colcon-core/packages/turtlebot3_bringup)
[1.740s] DEBUG:colcon.colcon_parallel_executor.executor.parallel:closing loop
[1.741s] DEBUG:colcon.colcon_parallel_executor.executor.parallel:loop closed
[1.741s] DEBUG:colcon.colcon_parallel_executor.executor.parallel:run_until_complete finished with '1'
[1.741s] DEBUG:colcon.colcon_core.event_reactor:joining thread
[1.753s] INFO:colcon.colcon_core.plugin_system:Skipping extension 'colcon_notification.desktop_notification.terminal_notifier': Not used on non-Darwin systems
[1.753s] INFO:colcon.colcon_core.plugin_system:Skipping extension 'colcon_notification.desktop_notification.win32': Not used on non-Windows systems
[1.753s] INFO:colcon.colcon_notification.desktop_notification:Sending desktop notification using 'notify2'
[1.768s] DEBUG:colcon.colcon_core.event_reactor:joined thread
[1.769s] INFO:colcon.colcon_core.shell:Creating prefix script '/home/ingeolko/turtlebot3-master/install/local_setup.ps1'
[1.770s] INFO:colcon.colcon_core.shell:Creating prefix util module '/home/ingeolko/turtlebot3-master/install/_local_setup_util_ps1.py'
[1.772s] INFO:colcon.colcon_core.shell:Creating prefix chain script '/home/ingeolko/turtlebot3-master/install/setup.ps1'
[1.774s] INFO:colcon.colcon_core.shell:Creating prefix script '/home/ingeolko/turtlebot3-master/install/local_setup.sh'
[1.774s] INFO:colcon.colcon_core.shell:Creating prefix util module '/home/ingeolko/turtlebot3-master/install/_local_setup_util_sh.py'
[1.775s] INFO:colcon.colcon_core.shell:Creating prefix chain script '/home/ingeolko/turtlebot3-master/install/setup.sh'
[1.790s] INFO:colcon.colcon_core.shell:Creating prefix script '/home/ingeolko/turtlebot3-master/install/local_setup.bash'
[1.790s] INFO:colcon.colcon_core.shell:Creating prefix chain script '/home/ingeolko/turtlebot3-master/install/setup.bash'
[1.792s] INFO:colcon.colcon_core.shell:Creating prefix script '/home/ingeolko/turtlebot3-master/install/local_setup.zsh'
[1.793s] INFO:colcon.colcon_core.shell:Creating prefix chain script '/home/ingeolko/turtlebot3-master/install/setup.zsh'
