[0.126s] DEBUG:colcon:Command line arguments: ['/usr/bin/colcon', 'build']
[0.126s] DEBUG:colcon:Parsed command line arguments: Namespace(allow_overriding=[], ament_cmake_args=None, base_paths=['.'], build_base='build', catkin_cmake_args=None, catkin_skip_building_tests=False, cmake_args=None, cmake_clean_cache=False, cmake_clean_first=False, cmake_force_configure=False, cmake_target=None, cmake_target_skip_unavailable=False, continue_on_error=False, event_handlers=None, executor='parallel', ignore_user_meta=False, install_base='install', log_base=None, log_level=None, main=<bound method BuildVerb.main of <colcon_core.verb.build.BuildVerb object at 0x7f85e3d9b390>>, merge_install=False, metas=['./colcon.meta'], packages_above=None, packages_above_and_dependencies=None, packages_above_depth=None, packages_end=None, packages_ignore=None, packages_ignore_regex=None, packages_select=None, packages_select_build_failed=False, packages_select_by_dep=None, packages_select_regex=None, packages_select_test_failures=False, packages_skip=None, packages_skip_build_finished=False, packages_skip_by_dep=None, packages_skip_regex=None, packages_skip_test_passed=False, packages_skip_up_to=None, packages_start=None, packages_up_to=None, packages_up_to_regex=None, parallel_workers=4, paths=None, symlink_install=False, test_result_base=None, verb_extension=<colcon_core.verb.build.BuildVerb object at 0x7f85e3d9b390>, verb_name='build', verb_parser=<colcon_defaults.argument_parser.defaults.DefaultArgumentsDecorator object at 0x7f85e3d9b5f8>)
[0.150s] Level 1:colcon.colcon_core.package_discovery:discover_packages(colcon_meta) check parameters
[0.150s] Level 1:colcon.colcon_core.package_discovery:discover_packages(recursive) check parameters
[0.151s] Level 1:colcon.colcon_core.package_discovery:discover_packages(ignore) check parameters
[0.151s] Level 1:colcon.colcon_core.package_discovery:discover_packages(path) check parameters
[0.151s] Level 1:colcon.colcon_core.package_discovery:discover_packages(colcon_meta) discover
[0.151s] Level 1:colcon.colcon_core.package_discovery:discover_packages(recursive) discover
[0.151s] INFO:colcon.colcon_core.package_discovery:Crawling recursively for packages in '/home/ingeolko/turtlebot3-master'
[0.151s] Level 1:colcon.colcon_core.package_identification:_identify(.) by extensions ['ignore', 'ignore_ament_install']
[0.151s] Level 1:colcon.colcon_core.package_identification:_identify(.) by extension 'ignore'
[0.151s] Level 1:colcon.colcon_core.package_identification:_identify(.) by extension 'ignore_ament_install'
[0.151s] Level 1:colcon.colcon_core.package_identification:_identify(.) by extensions ['colcon_pkg']
[0.151s] Level 1:colcon.colcon_core.package_identification:_identify(.) by extension 'colcon_pkg'
[0.151s] Level 1:colcon.colcon_core.package_identification:_identify(.) by extensions ['colcon_meta']
[0.152s] Level 1:colcon.colcon_core.package_identification:_identify(.) by extension 'colcon_meta'
[0.152s] Level 1:colcon.colcon_core.package_identification:_identify(.) by extensions ['ros']
[0.152s] Level 1:colcon.colcon_core.package_identification:_identify(.) by extension 'ros'
[0.164s] Level 1:colcon.colcon_core.package_identification:_identify(.) by extensions ['cmake', 'python']
[0.164s] Level 1:colcon.colcon_core.package_identification:_identify(.) by extension 'cmake'
[0.164s] Level 1:colcon.colcon_core.package_identification:_identify(.) by extension 'python'
[0.164s] Level 1:colcon.colcon_core.package_identification:_identify(.) by extensions ['python_setup_py']
[0.164s] Level 1:colcon.colcon_core.package_identification:_identify(.) by extension 'python_setup_py'
[0.164s] Level 1:colcon.colcon_core.package_identification:_identify(build) by extensions ['ignore', 'ignore_ament_install']
[0.165s] Level 1:colcon.colcon_core.package_identification:_identify(build) by extension 'ignore'
[0.165s] Level 1:colcon.colcon_core.package_identification:_identify(build) ignored
[0.165s] Level 1:colcon.colcon_core.package_identification:_identify(install) by extensions ['ignore', 'ignore_ament_install']
[0.165s] Level 1:colcon.colcon_core.package_identification:_identify(install) by extension 'ignore'
[0.165s] Level 1:colcon.colcon_core.package_identification:_identify(install) ignored
[0.165s] Level 1:colcon.colcon_core.package_identification:_identify(log) by extensions ['ignore', 'ignore_ament_install']
[0.165s] Level 1:colcon.colcon_core.package_identification:_identify(log) by extension 'ignore'
[0.165s] Level 1:colcon.colcon_core.package_identification:_identify(log) ignored
[0.166s] Level 1:colcon.colcon_core.package_identification:_identify(turtlebot3) by extensions ['ignore', 'ignore_ament_install']
[0.166s] Level 1:colcon.colcon_core.package_identification:_identify(turtlebot3) by extension 'ignore'
[0.166s] Level 1:colcon.colcon_core.package_identification:_identify(turtlebot3) by extension 'ignore_ament_install'
[0.166s] Level 1:colcon.colcon_core.package_identification:_identify(turtlebot3) by extensions ['colcon_pkg']
[0.166s] Level 1:colcon.colcon_core.package_identification:_identify(turtlebot3) by extension 'colcon_pkg'
[0.166s] Level 1:colcon.colcon_core.package_identification:_identify(turtlebot3) by extensions ['colcon_meta']
[0.166s] Level 1:colcon.colcon_core.package_identification:_identify(turtlebot3) by extension 'colcon_meta'
[0.166s] Level 1:colcon.colcon_core.package_identification:_identify(turtlebot3) by extensions ['ros']
[0.166s] Level 1:colcon.colcon_core.package_identification:_identify(turtlebot3) by extension 'ros'
[0.170s] DEBUG:colcon.colcon_core.package_identification:Package 'turtlebot3' with type 'ros.catkin' and name 'turtlebot3'
[0.170s] Level 1:colcon.colcon_core.package_identification:_identify(turtlebot3_bringup) by extensions ['ignore', 'ignore_ament_install']
[0.170s] Level 1:colcon.colcon_core.package_identification:_identify(turtlebot3_bringup) by extension 'ignore'
[0.170s] Level 1:colcon.colcon_core.package_identification:_identify(turtlebot3_bringup) by extension 'ignore_ament_install'
[0.171s] Level 1:colcon.colcon_core.package_identification:_identify(turtlebot3_bringup) by extensions ['colcon_pkg']
[0.171s] Level 1:colcon.colcon_core.package_identification:_identify(turtlebot3_bringup) by extension 'colcon_pkg'
[0.171s] Level 1:colcon.colcon_core.package_identification:_identify(turtlebot3_bringup) by extensions ['colcon_meta']
[0.171s] Level 1:colcon.colcon_core.package_identification:_identify(turtlebot3_bringup) by extension 'colcon_meta'
[0.171s] Level 1:colcon.colcon_core.package_identification:_identify(turtlebot3_bringup) by extensions ['ros']
[0.171s] Level 1:colcon.colcon_core.package_identification:_identify(turtlebot3_bringup) by extension 'ros'
[0.172s] DEBUG:colcon.colcon_core.package_identification:Package 'turtlebot3_bringup' with type 'ros.catkin' and name 'turtlebot3_bringup'
[0.172s] Level 1:colcon.colcon_core.package_identification:_identify(turtlebot3_description) by extensions ['ignore', 'ignore_ament_install']
[0.172s] Level 1:colcon.colcon_core.package_identification:_identify(turtlebot3_description) by extension 'ignore'
[0.172s] Level 1:colcon.colcon_core.package_identification:_identify(turtlebot3_description) by extension 'ignore_ament_install'
[0.173s] Level 1:colcon.colcon_core.package_identification:_identify(turtlebot3_description) by extensions ['colcon_pkg']
[0.173s] Level 1:colcon.colcon_core.package_identification:_identify(turtlebot3_description) by extension 'colcon_pkg'
[0.173s] Level 1:colcon.colcon_core.package_identification:_identify(turtlebot3_description) by extensions ['colcon_meta']
[0.173s] Level 1:colcon.colcon_core.package_identification:_identify(turtlebot3_description) by extension 'colcon_meta'
[0.173s] Level 1:colcon.colcon_core.package_identification:_identify(turtlebot3_description) by extensions ['ros']
[0.173s] Level 1:colcon.colcon_core.package_identification:_identify(turtlebot3_description) by extension 'ros'
[0.174s] DEBUG:colcon.colcon_core.package_identification:Package 'turtlebot3_description' with type 'ros.catkin' and name 'turtlebot3_description'
[0.174s] Level 1:colcon.colcon_core.package_identification:_identify(turtlebot3_example) by extensions ['ignore', 'ignore_ament_install']
[0.174s] Level 1:colcon.colcon_core.package_identification:_identify(turtlebot3_example) by extension 'ignore'
[0.174s] Level 1:colcon.colcon_core.package_identification:_identify(turtlebot3_example) by extension 'ignore_ament_install'
[0.174s] Level 1:colcon.colcon_core.package_identification:_identify(turtlebot3_example) by extensions ['colcon_pkg']
[0.174s] Level 1:colcon.colcon_core.package_identification:_identify(turtlebot3_example) by extension 'colcon_pkg'
[0.174s] Level 1:colcon.colcon_core.package_identification:_identify(turtlebot3_example) by extensions ['colcon_meta']
[0.174s] Level 1:colcon.colcon_core.package_identification:_identify(turtlebot3_example) by extension 'colcon_meta'
[0.174s] Level 1:colcon.colcon_core.package_identification:_identify(turtlebot3_example) by extensions ['ros']
[0.174s] Level 1:colcon.colcon_core.package_identification:_identify(turtlebot3_example) by extension 'ros'
[0.176s] DEBUG:colcon.colcon_core.package_identification:Package 'turtlebot3_example' with type 'ros.catkin' and name 'turtlebot3_example'
[0.176s] Level 1:colcon.colcon_core.package_identification:_identify(turtlebot3_navigation) by extensions ['ignore', 'ignore_ament_install']
[0.176s] Level 1:colcon.colcon_core.package_identification:_identify(turtlebot3_navigation) by extension 'ignore'
[0.176s] Level 1:colcon.colcon_core.package_identification:_identify(turtlebot3_navigation) by extension 'ignore_ament_install'
[0.177s] Level 1:colcon.colcon_core.package_identification:_identify(turtlebot3_navigation) by extensions ['colcon_pkg']
[0.177s] Level 1:colcon.colcon_core.package_identification:_identify(turtlebot3_navigation) by extension 'colcon_pkg'
[0.177s] Level 1:colcon.colcon_core.package_identification:_identify(turtlebot3_navigation) by extensions ['colcon_meta']
[0.177s] Level 1:colcon.colcon_core.package_identification:_identify(turtlebot3_navigation) by extension 'colcon_meta'
[0.177s] Level 1:colcon.colcon_core.package_identification:_identify(turtlebot3_navigation) by extensions ['ros']
[0.177s] Level 1:colcon.colcon_core.package_identification:_identify(turtlebot3_navigation) by extension 'ros'
[0.178s] DEBUG:colcon.colcon_core.package_identification:Package 'turtlebot3_navigation' with type 'ros.catkin' and name 'turtlebot3_navigation'
[0.178s] Level 1:colcon.colcon_core.package_identification:_identify(turtlebot3_slam) by extensions ['ignore', 'ignore_ament_install']
[0.178s] Level 1:colcon.colcon_core.package_identification:_identify(turtlebot3_slam) by extension 'ignore'
[0.178s] Level 1:colcon.colcon_core.package_identification:_identify(turtlebot3_slam) by extension 'ignore_ament_install'
[0.178s] Level 1:colcon.colcon_core.package_identification:_identify(turtlebot3_slam) by extensions ['colcon_pkg']
[0.178s] Level 1:colcon.colcon_core.package_identification:_identify(turtlebot3_slam) by extension 'colcon_pkg'
[0.178s] Level 1:colcon.colcon_core.package_identification:_identify(turtlebot3_slam) by extensions ['colcon_meta']
[0.178s] Level 1:colcon.colcon_core.package_identification:_identify(turtlebot3_slam) by extension 'colcon_meta'
[0.178s] Level 1:colcon.colcon_core.package_identification:_identify(turtlebot3_slam) by extensions ['ros']
[0.178s] Level 1:colcon.colcon_core.package_identification:_identify(turtlebot3_slam) by extension 'ros'
[0.179s] DEBUG:colcon.colcon_core.package_identification:Package 'turtlebot3_slam' with type 'ros.catkin' and name 'turtlebot3_slam'
[0.179s] Level 1:colcon.colcon_core.package_identification:_identify(turtlebot3_teleop) by extensions ['ignore', 'ignore_ament_install']
[0.179s] Level 1:colcon.colcon_core.package_identification:_identify(turtlebot3_teleop) by extension 'ignore'
[0.179s] Level 1:colcon.colcon_core.package_identification:_identify(turtlebot3_teleop) by extension 'ignore_ament_install'
[0.180s] Level 1:colcon.colcon_core.package_identification:_identify(turtlebot3_teleop) by extensions ['colcon_pkg']
[0.180s] Level 1:colcon.colcon_core.package_identification:_identify(turtlebot3_teleop) by extension 'colcon_pkg'
[0.180s] Level 1:colcon.colcon_core.package_identification:_identify(turtlebot3_teleop) by extensions ['colcon_meta']
[0.180s] Level 1:colcon.colcon_core.package_identification:_identify(turtlebot3_teleop) by extension 'colcon_meta'
[0.180s] Level 1:colcon.colcon_core.package_identification:_identify(turtlebot3_teleop) by extensions ['ros']
[0.180s] Level 1:colcon.colcon_core.package_identification:_identify(turtlebot3_teleop) by extension 'ros'
[0.181s] DEBUG:colcon.colcon_core.package_identification:Package 'turtlebot3_teleop' with type 'ros.catkin' and name 'turtlebot3_teleop'
[0.181s] Level 1:colcon.colcon_core.package_discovery:discover_packages(recursive) using defaults
[0.181s] Level 1:colcon.colcon_core.package_discovery:discover_packages(ignore) discover
[0.181s] Level 1:colcon.colcon_core.package_discovery:discover_packages(ignore) using defaults
[0.181s] Level 1:colcon.colcon_core.package_discovery:discover_packages(path) discover
[0.181s] Level 1:colcon.colcon_core.package_discovery:discover_packages(path) using defaults
[0.202s] Level 1:colcon.colcon_core.package_discovery:discover_packages(prefix_path) check parameters
[0.202s] Level 1:colcon.colcon_core.package_discovery:discover_packages(prefix_path) discover
[0.205s] DEBUG:colcon.colcon_installed_package_information.package_discovery:Found 3 installed packages in /home/ingeolko/turtlebot3-master/install
[0.206s] Level 1:colcon.colcon_core.package_discovery:discover_packages(prefix_path) using defaults
[0.208s] Level 5:colcon.colcon_core.verb:set package 'turtlebot3_description' build argument 'cmake_args' from command line to 'None'
[0.208s] Level 5:colcon.colcon_core.verb:set package 'turtlebot3_description' build argument 'cmake_target' from command line to 'None'
[0.208s] Level 5:colcon.colcon_core.verb:set package 'turtlebot3_description' build argument 'cmake_target_skip_unavailable' from command line to 'False'
[0.208s] Level 5:colcon.colcon_core.verb:set package 'turtlebot3_description' build argument 'cmake_clean_cache' from command line to 'False'
[0.208s] Level 5:colcon.colcon_core.verb:set package 'turtlebot3_description' build argument 'cmake_clean_first' from command line to 'False'
[0.208s] Level 5:colcon.colcon_core.verb:set package 'turtlebot3_description' build argument 'cmake_force_configure' from command line to 'False'
[0.208s] Level 5:colcon.colcon_core.verb:set package 'turtlebot3_description' build argument 'ament_cmake_args' from command line to 'None'
[0.208s] Level 5:colcon.colcon_core.verb:set package 'turtlebot3_description' build argument 'catkin_cmake_args' from command line to 'None'
[0.208s] Level 5:colcon.colcon_core.verb:set package 'turtlebot3_description' build argument 'catkin_skip_building_tests' from command line to 'False'
[0.208s] DEBUG:colcon.colcon_core.verb:Building package 'turtlebot3_description' with the following arguments: {'ament_cmake_args': None, 'build_base': '/home/ingeolko/turtlebot3-master/build/turtlebot3_description', 'catkin_cmake_args': None, 'catkin_skip_building_tests': False, 'cmake_args': None, 'cmake_clean_cache': False, 'cmake_clean_first': False, 'cmake_force_configure': False, 'cmake_target': None, 'cmake_target_skip_unavailable': False, 'install_base': '/home/ingeolko/turtlebot3-master/install/turtlebot3_description', 'merge_install': False, 'path': '/home/ingeolko/turtlebot3-master/turtlebot3_description', 'symlink_install': False, 'test_result_base': None}
[0.209s] Level 5:colcon.colcon_core.verb:set package 'turtlebot3_teleop' build argument 'cmake_args' from command line to 'None'
[0.209s] Level 5:colcon.colcon_core.verb:set package 'turtlebot3_teleop' build argument 'cmake_target' from command line to 'None'
[0.209s] Level 5:colcon.colcon_core.verb:set package 'turtlebot3_teleop' build argument 'cmake_target_skip_unavailable' from command line to 'False'
[0.209s] Level 5:colcon.colcon_core.verb:set package 'turtlebot3_teleop' build argument 'cmake_clean_cache' from command line to 'False'
[0.209s] Level 5:colcon.colcon_core.verb:set package 'turtlebot3_teleop' build argument 'cmake_clean_first' from command line to 'False'
[0.209s] Level 5:colcon.colcon_core.verb:set package 'turtlebot3_teleop' build argument 'cmake_force_configure' from command line to 'False'
[0.209s] Level 5:colcon.colcon_core.verb:set package 'turtlebot3_teleop' build argument 'ament_cmake_args' from command line to 'None'
[0.209s] Level 5:colcon.colcon_core.verb:set package 'turtlebot3_teleop' build argument 'catkin_cmake_args' from command line to 'None'
[0.209s] Level 5:colcon.colcon_core.verb:set package 'turtlebot3_teleop' build argument 'catkin_skip_building_tests' from command line to 'False'
[0.209s] DEBUG:colcon.colcon_core.verb:Building package 'turtlebot3_teleop' with the following arguments: {'ament_cmake_args': None, 'build_base': '/home/ingeolko/turtlebot3-master/build/turtlebot3_teleop', 'catkin_cmake_args': None, 'catkin_skip_building_tests': False, 'cmake_args': None, 'cmake_clean_cache': False, 'cmake_clean_first': False, 'cmake_force_configure': False, 'cmake_target': None, 'cmake_target_skip_unavailable': False, 'install_base': '/home/ingeolko/turtlebot3-master/install/turtlebot3_teleop', 'merge_install': False, 'path': '/home/ingeolko/turtlebot3-master/turtlebot3_teleop', 'symlink_install': False, 'test_result_base': None}
[0.210s] Level 5:colcon.colcon_core.verb:set package 'turtlebot3_bringup' build argument 'cmake_args' from command line to 'None'
[0.210s] Level 5:colcon.colcon_core.verb:set package 'turtlebot3_bringup' build argument 'cmake_target' from command line to 'None'
[0.210s] Level 5:colcon.colcon_core.verb:set package 'turtlebot3_bringup' build argument 'cmake_target_skip_unavailable' from command line to 'False'
[0.210s] Level 5:colcon.colcon_core.verb:set package 'turtlebot3_bringup' build argument 'cmake_clean_cache' from command line to 'False'
[0.210s] Level 5:colcon.colcon_core.verb:set package 'turtlebot3_bringup' build argument 'cmake_clean_first' from command line to 'False'
[0.210s] Level 5:colcon.colcon_core.verb:set package 'turtlebot3_bringup' build argument 'cmake_force_configure' from command line to 'False'
[0.210s] Level 5:colcon.colcon_core.verb:set package 'turtlebot3_bringup' build argument 'ament_cmake_args' from command line to 'None'
[0.210s] Level 5:colcon.colcon_core.verb:set package 'turtlebot3_bringup' build argument 'catkin_cmake_args' from command line to 'None'
[0.210s] Level 5:colcon.colcon_core.verb:set package 'turtlebot3_bringup' build argument 'catkin_skip_building_tests' from command line to 'False'
[0.210s] DEBUG:colcon.colcon_core.verb:Building package 'turtlebot3_bringup' with the following arguments: {'ament_cmake_args': None, 'build_base': '/home/ingeolko/turtlebot3-master/build/turtlebot3_bringup', 'catkin_cmake_args': None, 'catkin_skip_building_tests': False, 'cmake_args': None, 'cmake_clean_cache': False, 'cmake_clean_first': False, 'cmake_force_configure': False, 'cmake_target': None, 'cmake_target_skip_unavailable': False, 'install_base': '/home/ingeolko/turtlebot3-master/install/turtlebot3_bringup', 'merge_install': False, 'path': '/home/ingeolko/turtlebot3-master/turtlebot3_bringup', 'symlink_install': False, 'test_result_base': None}
[0.210s] Level 5:colcon.colcon_core.verb:set package 'turtlebot3_example' build argument 'cmake_args' from command line to 'None'
[0.210s] Level 5:colcon.colcon_core.verb:set package 'turtlebot3_example' build argument 'cmake_target' from command line to 'None'
[0.210s] Level 5:colcon.colcon_core.verb:set package 'turtlebot3_example' build argument 'cmake_target_skip_unavailable' from command line to 'False'
[0.211s] Level 5:colcon.colcon_core.verb:set package 'turtlebot3_example' build argument 'cmake_clean_cache' from command line to 'False'
[0.211s] Level 5:colcon.colcon_core.verb:set package 'turtlebot3_example' build argument 'cmake_clean_first' from command line to 'False'
[0.211s] Level 5:colcon.colcon_core.verb:set package 'turtlebot3_example' build argument 'cmake_force_configure' from command line to 'False'
[0.211s] Level 5:colcon.colcon_core.verb:set package 'turtlebot3_example' build argument 'ament_cmake_args' from command line to 'None'
[0.211s] Level 5:colcon.colcon_core.verb:set package 'turtlebot3_example' build argument 'catkin_cmake_args' from command line to 'None'
[0.211s] Level 5:colcon.colcon_core.verb:set package 'turtlebot3_example' build argument 'catkin_skip_building_tests' from command line to 'False'
[0.211s] DEBUG:colcon.colcon_core.verb:Building package 'turtlebot3_example' with the following arguments: {'ament_cmake_args': None, 'build_base': '/home/ingeolko/turtlebot3-master/build/turtlebot3_example', 'catkin_cmake_args': None, 'catkin_skip_building_tests': False, 'cmake_args': None, 'cmake_clean_cache': False, 'cmake_clean_first': False, 'cmake_force_configure': False, 'cmake_target': None, 'cmake_target_skip_unavailable': False, 'install_base': '/home/ingeolko/turtlebot3-master/install/turtlebot3_example', 'merge_install': False, 'path': '/home/ingeolko/turtlebot3-master/turtlebot3_example', 'symlink_install': False, 'test_result_base': None}
[0.211s] Level 5:colcon.colcon_core.verb:set package 'turtlebot3_navigation' build argument 'cmake_args' from command line to 'None'
[0.211s] Level 5:colcon.colcon_core.verb:set package 'turtlebot3_navigation' build argument 'cmake_target' from command line to 'None'
[0.211s] Level 5:colcon.colcon_core.verb:set package 'turtlebot3_navigation' build argument 'cmake_target_skip_unavailable' from command line to 'False'
[0.211s] Level 5:colcon.colcon_core.verb:set package 'turtlebot3_navigation' build argument 'cmake_clean_cache' from command line to 'False'
[0.211s] Level 5:colcon.colcon_core.verb:set package 'turtlebot3_navigation' build argument 'cmake_clean_first' from command line to 'False'
[0.211s] Level 5:colcon.colcon_core.verb:set package 'turtlebot3_navigation' build argument 'cmake_force_configure' from command line to 'False'
[0.211s] Level 5:colcon.colcon_core.verb:set package 'turtlebot3_navigation' build argument 'ament_cmake_args' from command line to 'None'
[0.211s] Level 5:colcon.colcon_core.verb:set package 'turtlebot3_navigation' build argument 'catkin_cmake_args' from command line to 'None'
[0.212s] Level 5:colcon.colcon_core.verb:set package 'turtlebot3_navigation' build argument 'catkin_skip_building_tests' from command line to 'False'
[0.212s] DEBUG:colcon.colcon_core.verb:Building package 'turtlebot3_navigation' with the following arguments: {'ament_cmake_args': None, 'build_base': '/home/ingeolko/turtlebot3-master/build/turtlebot3_navigation', 'catkin_cmake_args': None, 'catkin_skip_building_tests': False, 'cmake_args': None, 'cmake_clean_cache': False, 'cmake_clean_first': False, 'cmake_force_configure': False, 'cmake_target': None, 'cmake_target_skip_unavailable': False, 'install_base': '/home/ingeolko/turtlebot3-master/install/turtlebot3_navigation', 'merge_install': False, 'path': '/home/ingeolko/turtlebot3-master/turtlebot3_navigation', 'symlink_install': False, 'test_result_base': None}
[0.212s] Level 5:colcon.colcon_core.verb:set package 'turtlebot3_slam' build argument 'cmake_args' from command line to 'None'
[0.212s] Level 5:colcon.colcon_core.verb:set package 'turtlebot3_slam' build argument 'cmake_target' from command line to 'None'
[0.212s] Level 5:colcon.colcon_core.verb:set package 'turtlebot3_slam' build argument 'cmake_target_skip_unavailable' from command line to 'False'
[0.212s] Level 5:colcon.colcon_core.verb:set package 'turtlebot3_slam' build argument 'cmake_clean_cache' from command line to 'False'
[0.212s] Level 5:colcon.colcon_core.verb:set package 'turtlebot3_slam' build argument 'cmake_clean_first' from command line to 'False'
[0.212s] Level 5:colcon.colcon_core.verb:set package 'turtlebot3_slam' build argument 'cmake_force_configure' from command line to 'False'
[0.212s] Level 5:colcon.colcon_core.verb:set package 'turtlebot3_slam' build argument 'ament_cmake_args' from command line to 'None'
[0.212s] Level 5:colcon.colcon_core.verb:set package 'turtlebot3_slam' build argument 'catkin_cmake_args' from command line to 'None'
[0.212s] Level 5:colcon.colcon_core.verb:set package 'turtlebot3_slam' build argument 'catkin_skip_building_tests' from command line to 'False'
[0.212s] DEBUG:colcon.colcon_core.verb:Building package 'turtlebot3_slam' with the following arguments: {'ament_cmake_args': None, 'build_base': '/home/ingeolko/turtlebot3-master/build/turtlebot3_slam', 'catkin_cmake_args': None, 'catkin_skip_building_tests': False, 'cmake_args': None, 'cmake_clean_cache': False, 'cmake_clean_first': False, 'cmake_force_configure': False, 'cmake_target': None, 'cmake_target_skip_unavailable': False, 'install_base': '/home/ingeolko/turtlebot3-master/install/turtlebot3_slam', 'merge_install': False, 'path': '/home/ingeolko/turtlebot3-master/turtlebot3_slam', 'symlink_install': False, 'test_result_base': None}
[0.213s] Level 5:colcon.colcon_core.verb:set package 'turtlebot3' build argument 'cmake_args' from command line to 'None'
[0.213s] Level 5:colcon.colcon_core.verb:set package 'turtlebot3' build argument 'cmake_target' from command line to 'None'
[0.213s] Level 5:colcon.colcon_core.verb:set package 'turtlebot3' build argument 'cmake_target_skip_unavailable' from command line to 'False'
[0.213s] Level 5:colcon.colcon_core.verb:set package 'turtlebot3' build argument 'cmake_clean_cache' from command line to 'False'
[0.213s] Level 5:colcon.colcon_core.verb:set package 'turtlebot3' build argument 'cmake_clean_first' from command line to 'False'
[0.213s] Level 5:colcon.colcon_core.verb:set package 'turtlebot3' build argument 'cmake_force_configure' from command line to 'False'
[0.213s] Level 5:colcon.colcon_core.verb:set package 'turtlebot3' build argument 'ament_cmake_args' from command line to 'None'
[0.213s] Level 5:colcon.colcon_core.verb:set package 'turtlebot3' build argument 'catkin_cmake_args' from command line to 'None'
[0.213s] Level 5:colcon.colcon_core.verb:set package 'turtlebot3' build argument 'catkin_skip_building_tests' from command line to 'False'
[0.213s] DEBUG:colcon.colcon_core.verb:Building package 'turtlebot3' with the following arguments: {'ament_cmake_args': None, 'build_base': '/home/ingeolko/turtlebot3-master/build/turtlebot3', 'catkin_cmake_args': None, 'catkin_skip_building_tests': False, 'cmake_args': None, 'cmake_clean_cache': False, 'cmake_clean_first': False, 'cmake_force_configure': False, 'cmake_target': None, 'cmake_target_skip_unavailable': False, 'install_base': '/home/ingeolko/turtlebot3-master/install/turtlebot3', 'merge_install': False, 'path': '/home/ingeolko/turtlebot3-master/turtlebot3', 'symlink_install': False, 'test_result_base': None}
[0.213s] INFO:colcon.colcon_core.executor:Executing jobs using 'parallel' executor
[0.215s] DEBUG:colcon.colcon_parallel_executor.executor.parallel:run_until_complete
[0.215s] INFO:colcon.colcon_ros.task.catkin.build:Building ROS package in '/home/ingeolko/turtlebot3-master/turtlebot3_description' with build type 'catkin'
[0.216s] INFO:colcon.colcon_cmake.task.cmake.build:Building CMake package in '/home/ingeolko/turtlebot3-master/turtlebot3_description'
[0.218s] INFO:colcon.colcon_core.plugin_system:Skipping extension 'colcon_core.shell.bat': Not used on non-Windows systems
[0.219s] INFO:colcon.colcon_core.shell:Skip shell extension 'powershell' for command environment: Not usable outside of PowerShell
[0.219s] DEBUG:colcon.colcon_core.shell:Skip shell extension 'dsv' for command environment
[0.220s] DEBUG:colcon.colcon_core.shell:Ignoring prefix path '/opt/ros/melodic'
[0.224s] INFO:colcon.colcon_ros.task.catkin.build:Building ROS package in '/home/ingeolko/turtlebot3-master/turtlebot3_teleop' with build type 'catkin'
[0.225s] INFO:colcon.colcon_cmake.task.cmake.build:Building CMake package in '/home/ingeolko/turtlebot3-master/turtlebot3_teleop'
[0.226s] INFO:colcon.colcon_core.shell:Skip shell extension 'powershell' for command environment: Not usable outside of PowerShell
[0.226s] DEBUG:colcon.colcon_core.shell:Skip shell extension 'dsv' for command environment
[0.228s] DEBUG:colcon.colcon_core.shell:Ignoring prefix path '/opt/ros/melodic'
[0.240s] DEBUG:colcon.colcon_core.event_handler.log_command:Invoking command in '/home/ingeolko/turtlebot3-master/build/turtlebot3_description': /usr/bin/cmake --build /home/ingeolko/turtlebot3-master/build/turtlebot3_description -- -j4 -l4
[0.261s] DEBUG:colcon.colcon_core.event_handler.log_command:Invoking command in '/home/ingeolko/turtlebot3-master/build/turtlebot3_teleop': /usr/bin/cmake --build /home/ingeolko/turtlebot3-master/build/turtlebot3_teleop -- -j4 -l4
[0.364s] DEBUG:colcon.colcon_core.event_handler.log_command:Invoked command in '/home/ingeolko/turtlebot3-master/build/turtlebot3_teleop' returned '0': /usr/bin/cmake --build /home/ingeolko/turtlebot3-master/build/turtlebot3_teleop -- -j4 -l4
[0.411s] DEBUG:colcon.colcon_core.event_handler.log_command:Invoked command in '/home/ingeolko/turtlebot3-master/build/turtlebot3_description' returned '0': /usr/bin/cmake --build /home/ingeolko/turtlebot3-master/build/turtlebot3_description -- -j4 -l4
[0.462s] DEBUG:colcon.colcon_core.event_handler.log_command:Invoking command in '/home/ingeolko/turtlebot3-master/build/turtlebot3_teleop': /usr/bin/cmake --build /home/ingeolko/turtlebot3-master/build/turtlebot3_teleop --target tests -- -j4 -l4
[0.526s] DEBUG:colcon.colcon_core.event_handler.log_command:Invoking command in '/home/ingeolko/turtlebot3-master/build/turtlebot3_description': /usr/bin/cmake --build /home/ingeolko/turtlebot3-master/build/turtlebot3_description --target tests -- -j4 -l4
[0.592s] DEBUG:colcon.colcon_core.event_handler.log_command:Invoked command in '/home/ingeolko/turtlebot3-master/build/turtlebot3_teleop' returned '0': /usr/bin/cmake --build /home/ingeolko/turtlebot3-master/build/turtlebot3_teleop --target tests -- -j4 -l4
[0.688s] DEBUG:colcon.colcon_core.event_handler.log_command:Invoked command in '/home/ingeolko/turtlebot3-master/build/turtlebot3_description' returned '0': /usr/bin/cmake --build /home/ingeolko/turtlebot3-master/build/turtlebot3_description --target tests -- -j4 -l4
[0.747s] DEBUG:colcon.colcon_core.event_handler.log_command:Invoking command in '/home/ingeolko/turtlebot3-master/build/turtlebot3_teleop': /usr/bin/cmake --build /home/ingeolko/turtlebot3-master/build/turtlebot3_teleop --target install -- -j4 -l4
[0.796s] DEBUG:colcon.colcon_core.event_handler.log_command:Invoking command in '/home/ingeolko/turtlebot3-master/build/turtlebot3_description': /usr/bin/cmake --build /home/ingeolko/turtlebot3-master/build/turtlebot3_description --target install -- -j4 -l4
[0.941s] DEBUG:colcon.colcon_core.event_handler.log_command:Invoked command in '/home/ingeolko/turtlebot3-master/build/turtlebot3_teleop' returned '0': /usr/bin/cmake --build /home/ingeolko/turtlebot3-master/build/turtlebot3_teleop --target install -- -j4 -l4
[0.977s] DEBUG:colcon.colcon_core.event_handler.log_command:Invoked command in '/home/ingeolko/turtlebot3-master/build/turtlebot3_description' returned '0': /usr/bin/cmake --build /home/ingeolko/turtlebot3-master/build/turtlebot3_description --target install -- -j4 -l4
[1.026s] Level 1:colcon.colcon_core.shell:create_environment_hook('turtlebot3_description', 'ros_package_path')
[1.027s] INFO:colcon.colcon_core.shell:Creating environment hook '/home/ingeolko/turtlebot3-master/install/turtlebot3_description/share/turtlebot3_description/hook/ros_package_path.ps1'
[1.029s] INFO:colcon.colcon_core.shell:Creating environment descriptor '/home/ingeolko/turtlebot3-master/install/turtlebot3_description/share/turtlebot3_description/hook/ros_package_path.dsv'
[1.029s] INFO:colcon.colcon_core.shell:Creating environment hook '/home/ingeolko/turtlebot3-master/install/turtlebot3_description/share/turtlebot3_description/hook/ros_package_path.sh'
[1.030s] Level 1:colcon.colcon_ros.task.catkin:checking '/home/ingeolko/turtlebot3-master/install/turtlebot3_description/lib/python2.7/dist-packages'
[1.031s] Level 1:colcon.colcon_core.shell:create_environment_hook('turtlebot3_description', 'pkg_config_path')
[1.031s] INFO:colcon.colcon_core.shell:Creating environment hook '/home/ingeolko/turtlebot3-master/install/turtlebot3_description/share/turtlebot3_description/hook/pkg_config_path.ps1'
[1.032s] INFO:colcon.colcon_core.shell:Creating environment descriptor '/home/ingeolko/turtlebot3-master/install/turtlebot3_description/share/turtlebot3_description/hook/pkg_config_path.dsv'
[1.032s] INFO:colcon.colcon_core.shell:Creating environment hook '/home/ingeolko/turtlebot3-master/install/turtlebot3_description/share/turtlebot3_description/hook/pkg_config_path.sh'
[1.037s] Level 1:colcon.colcon_core.shell:create_environment_hook('turtlebot3_description', 'pkg_config_path_multiarch')
[1.039s] INFO:colcon.colcon_core.shell:Creating environment hook '/home/ingeolko/turtlebot3-master/install/turtlebot3_description/share/turtlebot3_description/hook/pkg_config_path_multiarch.ps1'
[1.040s] INFO:colcon.colcon_core.shell:Creating environment descriptor '/home/ingeolko/turtlebot3-master/install/turtlebot3_description/share/turtlebot3_description/hook/pkg_config_path_multiarch.dsv'
[1.041s] INFO:colcon.colcon_core.shell:Creating environment hook '/home/ingeolko/turtlebot3-master/install/turtlebot3_description/share/turtlebot3_description/hook/pkg_config_path_multiarch.sh'
[1.044s] Level 1:colcon.colcon_core.environment:create_environment_scripts_only(turtlebot3_description)
[1.051s] Level 1:colcon.colcon_core.environment:checking '/home/ingeolko/turtlebot3-master/install/turtlebot3_description' for CMake module files
[1.052s] Level 1:colcon.colcon_core.environment:checking '/home/ingeolko/turtlebot3-master/install/turtlebot3_description' for CMake config files
[1.052s] Level 1:colcon.colcon_core.shell:create_environment_hook('turtlebot3_description', 'cmake_prefix_path')
[1.053s] INFO:colcon.colcon_core.shell:Creating environment hook '/home/ingeolko/turtlebot3-master/install/turtlebot3_description/share/turtlebot3_description/hook/cmake_prefix_path.ps1'
[1.054s] INFO:colcon.colcon_core.shell:Creating environment descriptor '/home/ingeolko/turtlebot3-master/install/turtlebot3_description/share/turtlebot3_description/hook/cmake_prefix_path.dsv'
[1.054s] INFO:colcon.colcon_core.shell:Creating environment hook '/home/ingeolko/turtlebot3-master/install/turtlebot3_description/share/turtlebot3_description/hook/cmake_prefix_path.sh'
[1.056s] Level 1:colcon.colcon_core.environment:checking '/home/ingeolko/turtlebot3-master/install/turtlebot3_description/lib'
[1.056s] Level 1:colcon.colcon_core.environment:checking '/home/ingeolko/turtlebot3-master/install/turtlebot3_description/bin'
[1.056s] Level 1:colcon.colcon_core.environment:checking '/home/ingeolko/turtlebot3-master/install/turtlebot3_description/lib/pkgconfig/turtlebot3_description.pc'
[1.056s] Level 1:colcon.colcon_core.shell:create_environment_hook('turtlebot3_description', 'pkg_config')
[1.057s] INFO:colcon.colcon_core.shell:Creating environment hook '/home/ingeolko/turtlebot3-master/install/turtlebot3_description/share/turtlebot3_description/hook/pkg_config.ps1'
[1.058s] INFO:colcon.colcon_core.shell:Creating environment descriptor '/home/ingeolko/turtlebot3-master/install/turtlebot3_description/share/turtlebot3_description/hook/pkg_config.dsv'
[1.058s] INFO:colcon.colcon_core.shell:Creating environment hook '/home/ingeolko/turtlebot3-master/install/turtlebot3_description/share/turtlebot3_description/hook/pkg_config.sh'
[1.059s] Level 1:colcon.colcon_core.environment:checking '/home/ingeolko/turtlebot3-master/install/turtlebot3_description/lib/python3.6/site-packages'
[1.059s] Level 1:colcon.colcon_core.environment:checking '/home/ingeolko/turtlebot3-master/install/turtlebot3_description/bin'
[1.060s] INFO:colcon.colcon_core.shell:Creating package script '/home/ingeolko/turtlebot3-master/install/turtlebot3_description/share/turtlebot3_description/package.ps1'
[1.062s] INFO:colcon.colcon_core.shell:Creating package descriptor '/home/ingeolko/turtlebot3-master/install/turtlebot3_description/share/turtlebot3_description/package.dsv'
[1.062s] INFO:colcon.colcon_core.shell:Creating package script '/home/ingeolko/turtlebot3-master/install/turtlebot3_description/share/turtlebot3_description/package.sh'
[1.064s] INFO:colcon.colcon_core.shell:Creating package script '/home/ingeolko/turtlebot3-master/install/turtlebot3_description/share/turtlebot3_description/package.bash'
[1.065s] INFO:colcon.colcon_core.shell:Creating package script '/home/ingeolko/turtlebot3-master/install/turtlebot3_description/share/turtlebot3_description/package.zsh'
[1.066s] Level 1:colcon.colcon_core.environment:create_file_with_runtime_dependencies(/home/ingeolko/turtlebot3-master/install/turtlebot3_description/share/colcon-core/packages/turtlebot3_description)
[1.069s] Level 1:colcon.colcon_core.shell:create_environment_hook('turtlebot3_teleop', 'ros_package_path')
[1.070s] INFO:colcon.colcon_core.shell:Creating environment hook '/home/ingeolko/turtlebot3-master/install/turtlebot3_teleop/share/turtlebot3_teleop/hook/ros_package_path.ps1'
[1.071s] INFO:colcon.colcon_core.shell:Creating environment descriptor '/home/ingeolko/turtlebot3-master/install/turtlebot3_teleop/share/turtlebot3_teleop/hook/ros_package_path.dsv'
[1.071s] INFO:colcon.colcon_core.shell:Creating environment hook '/home/ingeolko/turtlebot3-master/install/turtlebot3_teleop/share/turtlebot3_teleop/hook/ros_package_path.sh'
[1.072s] Level 1:colcon.colcon_ros.task.catkin:checking '/home/ingeolko/turtlebot3-master/install/turtlebot3_teleop/lib/python2.7/dist-packages'
[1.072s] Level 1:colcon.colcon_core.shell:create_environment_hook('turtlebot3_teleop', 'catkin_pythonpath')
[1.073s] INFO:colcon.colcon_core.shell:Creating environment hook '/home/ingeolko/turtlebot3-master/install/turtlebot3_teleop/share/turtlebot3_teleop/hook/catkin_pythonpath.ps1'
[1.073s] INFO:colcon.colcon_core.shell:Creating environment descriptor '/home/ingeolko/turtlebot3-master/install/turtlebot3_teleop/share/turtlebot3_teleop/hook/catkin_pythonpath.dsv'
[1.074s] INFO:colcon.colcon_core.shell:Creating environment hook '/home/ingeolko/turtlebot3-master/install/turtlebot3_teleop/share/turtlebot3_teleop/hook/catkin_pythonpath.sh'
[1.074s] Level 1:colcon.colcon_core.shell:create_environment_hook('turtlebot3_teleop', 'pkg_config_path')
[1.075s] INFO:colcon.colcon_core.shell:Creating environment hook '/home/ingeolko/turtlebot3-master/install/turtlebot3_teleop/share/turtlebot3_teleop/hook/pkg_config_path.ps1'
[1.075s] INFO:colcon.colcon_core.shell:Creating environment descriptor '/home/ingeolko/turtlebot3-master/install/turtlebot3_teleop/share/turtlebot3_teleop/hook/pkg_config_path.dsv'
[1.076s] INFO:colcon.colcon_core.shell:Creating environment hook '/home/ingeolko/turtlebot3-master/install/turtlebot3_teleop/share/turtlebot3_teleop/hook/pkg_config_path.sh'
[1.077s] Level 1:colcon.colcon_core.shell:create_environment_hook('turtlebot3_teleop', 'pkg_config_path_multiarch')
[1.078s] INFO:colcon.colcon_core.shell:Creating environment hook '/home/ingeolko/turtlebot3-master/install/turtlebot3_teleop/share/turtlebot3_teleop/hook/pkg_config_path_multiarch.ps1'
[1.078s] INFO:colcon.colcon_core.shell:Creating environment descriptor '/home/ingeolko/turtlebot3-master/install/turtlebot3_teleop/share/turtlebot3_teleop/hook/pkg_config_path_multiarch.dsv'
[1.079s] INFO:colcon.colcon_core.shell:Creating environment hook '/home/ingeolko/turtlebot3-master/install/turtlebot3_teleop/share/turtlebot3_teleop/hook/pkg_config_path_multiarch.sh'
[1.080s] Level 1:colcon.colcon_core.environment:create_environment_scripts_only(turtlebot3_teleop)
[1.080s] Level 1:colcon.colcon_core.environment:checking '/home/ingeolko/turtlebot3-master/install/turtlebot3_teleop' for CMake module files
[1.081s] Level 1:colcon.colcon_core.environment:checking '/home/ingeolko/turtlebot3-master/install/turtlebot3_teleop' for CMake config files
[1.082s] Level 1:colcon.colcon_core.shell:create_environment_hook('turtlebot3_teleop', 'cmake_prefix_path')
[1.083s] INFO:colcon.colcon_core.shell:Creating environment hook '/home/ingeolko/turtlebot3-master/install/turtlebot3_teleop/share/turtlebot3_teleop/hook/cmake_prefix_path.ps1'
[1.084s] INFO:colcon.colcon_core.shell:Creating environment descriptor '/home/ingeolko/turtlebot3-master/install/turtlebot3_teleop/share/turtlebot3_teleop/hook/cmake_prefix_path.dsv'
[1.084s] INFO:colcon.colcon_core.shell:Creating environment hook '/home/ingeolko/turtlebot3-master/install/turtlebot3_teleop/share/turtlebot3_teleop/hook/cmake_prefix_path.sh'
[1.086s] Level 1:colcon.colcon_core.environment:checking '/home/ingeolko/turtlebot3-master/install/turtlebot3_teleop/lib'
[1.086s] Level 1:colcon.colcon_core.environment:checking '/home/ingeolko/turtlebot3-master/install/turtlebot3_teleop/bin'
[1.086s] Level 1:colcon.colcon_core.environment:checking '/home/ingeolko/turtlebot3-master/install/turtlebot3_teleop/lib/pkgconfig/turtlebot3_teleop.pc'
[1.087s] Level 1:colcon.colcon_core.shell:create_environment_hook('turtlebot3_teleop', 'pkg_config')
[1.087s] INFO:colcon.colcon_core.shell:Creating environment hook '/home/ingeolko/turtlebot3-master/install/turtlebot3_teleop/share/turtlebot3_teleop/hook/pkg_config.ps1'
[1.108s] INFO:colcon.colcon_core.shell:Creating environment descriptor '/home/ingeolko/turtlebot3-master/install/turtlebot3_teleop/share/turtlebot3_teleop/hook/pkg_config.dsv'
[1.108s] INFO:colcon.colcon_core.shell:Creating environment hook '/home/ingeolko/turtlebot3-master/install/turtlebot3_teleop/share/turtlebot3_teleop/hook/pkg_config.sh'
[1.109s] Level 1:colcon.colcon_core.environment:checking '/home/ingeolko/turtlebot3-master/install/turtlebot3_teleop/lib/python3.6/site-packages'
[1.109s] Level 1:colcon.colcon_core.environment:checking '/home/ingeolko/turtlebot3-master/install/turtlebot3_teleop/bin'
[1.111s] INFO:colcon.colcon_core.shell:Creating package script '/home/ingeolko/turtlebot3-master/install/turtlebot3_teleop/share/turtlebot3_teleop/package.ps1'
[1.112s] INFO:colcon.colcon_core.shell:Creating package descriptor '/home/ingeolko/turtlebot3-master/install/turtlebot3_teleop/share/turtlebot3_teleop/package.dsv'
[1.113s] INFO:colcon.colcon_core.shell:Creating package script '/home/ingeolko/turtlebot3-master/install/turtlebot3_teleop/share/turtlebot3_teleop/package.sh'
[1.114s] INFO:colcon.colcon_core.shell:Creating package script '/home/ingeolko/turtlebot3-master/install/turtlebot3_teleop/share/turtlebot3_teleop/package.bash'
[1.115s] INFO:colcon.colcon_core.shell:Creating package script '/home/ingeolko/turtlebot3-master/install/turtlebot3_teleop/share/turtlebot3_teleop/package.zsh'
[1.115s] Level 1:colcon.colcon_core.environment:create_file_with_runtime_dependencies(/home/ingeolko/turtlebot3-master/install/turtlebot3_teleop/share/colcon-core/packages/turtlebot3_teleop)
[1.116s] INFO:colcon.colcon_ros.task.catkin.build:Building ROS package in '/home/ingeolko/turtlebot3-master/turtlebot3_bringup' with build type 'catkin'
[1.117s] INFO:colcon.colcon_cmake.task.cmake.build:Building CMake package in '/home/ingeolko/turtlebot3-master/turtlebot3_bringup'
[1.117s] INFO:colcon.colcon_core.shell:Skip shell extension 'powershell' for command environment: Not usable outside of PowerShell
[1.117s] DEBUG:colcon.colcon_core.shell:Skip shell extension 'dsv' for command environment
[1.119s] DEBUG:colcon.colcon_core.shell:Ignoring prefix path '/opt/ros/melodic'
[1.148s] DEBUG:colcon.colcon_core.event_handler.log_command:Invoking command in '/home/ingeolko/turtlebot3-master/build/turtlebot3_bringup': /usr/bin/cmake /home/ingeolko/turtlebot3-master/turtlebot3_bringup -DCATKIN_INSTALL_INTO_PREFIX_ROOT=0 -DCMAKE_INSTALL_PREFIX=/home/ingeolko/turtlebot3-master/install/turtlebot3_bringup
[1.681s] DEBUG:colcon.colcon_core.event_handler.log_command:Invoked command in '/home/ingeolko/turtlebot3-master/build/turtlebot3_bringup' returned '1': /usr/bin/cmake /home/ingeolko/turtlebot3-master/turtlebot3_bringup -DCATKIN_INSTALL_INTO_PREFIX_ROOT=0 -DCMAKE_INSTALL_PREFIX=/home/ingeolko/turtlebot3-master/install/turtlebot3_bringup
[1.698s] Level 1:colcon.colcon_core.environment:create_environment_scripts_only(turtlebot3_bringup)
[1.698s] Level 1:colcon.colcon_core.environment:checking '/home/ingeolko/turtlebot3-master/install/turtlebot3_bringup' for CMake module files
[1.699s] Level 1:colcon.colcon_core.environment:checking '/home/ingeolko/turtlebot3-master/install/turtlebot3_bringup' for CMake config files
[1.700s] Level 1:colcon.colcon_core.environment:checking '/home/ingeolko/turtlebot3-master/install/turtlebot3_bringup/bin'
[1.700s] Level 1:colcon.colcon_core.environment:checking '/home/ingeolko/turtlebot3-master/install/turtlebot3_bringup/lib/pkgconfig/turtlebot3_bringup.pc'
[1.700s] Level 1:colcon.colcon_core.environment:checking '/home/ingeolko/turtlebot3-master/install/turtlebot3_bringup/lib/python3.6/site-packages'
[1.700s] Level 1:colcon.colcon_core.environment:checking '/home/ingeolko/turtlebot3-master/install/turtlebot3_bringup/bin'
[1.701s] INFO:colcon.colcon_core.shell:Creating package script '/home/ingeolko/turtlebot3-master/install/turtlebot3_bringup/share/turtlebot3_bringup/package.ps1'
[1.702s] INFO:colcon.colcon_core.shell:Creating package descriptor '/home/ingeolko/turtlebot3-master/install/turtlebot3_bringup/share/turtlebot3_bringup/package.dsv'
[1.702s] INFO:colcon.colcon_core.shell:Creating package script '/home/ingeolko/turtlebot3-master/install/turtlebot3_bringup/share/turtlebot3_bringup/package.sh'
[1.703s] INFO:colcon.colcon_core.shell:Creating package script '/home/ingeolko/turtlebot3-master/install/turtlebot3_bringup/share/turtlebot3_bringup/package.bash'
[1.703s] INFO:colcon.colcon_core.shell:Creating package script '/home/ingeolko/turtlebot3-master/install/turtlebot3_bringup/share/turtlebot3_bringup/package.zsh'
[1.703s] Level 1:colcon.colcon_core.environment:create_file_with_runtime_dependencies(/home/ingeolko/turtlebot3-master/install/turtlebot3_bringup/share/colcon-core/packages/turtlebot3_bringup)
[1.705s] DEBUG:colcon.colcon_parallel_executor.executor.parallel:closing loop
[1.707s] DEBUG:colcon.colcon_parallel_executor.executor.parallel:loop closed
[1.707s] DEBUG:colcon.colcon_parallel_executor.executor.parallel:run_until_complete finished with '1'
[1.707s] DEBUG:colcon.colcon_core.event_reactor:joining thread
[1.714s] INFO:colcon.colcon_core.plugin_system:Skipping extension 'colcon_notification.desktop_notification.terminal_notifier': Not used on non-Darwin systems
[1.715s] INFO:colcon.colcon_core.plugin_system:Skipping extension 'colcon_notification.desktop_notification.win32': Not used on non-Windows systems
[1.715s] INFO:colcon.colcon_notification.desktop_notification:Sending desktop notification using 'notify2'
[1.734s] DEBUG:colcon.colcon_core.event_reactor:joined thread
[1.735s] INFO:colcon.colcon_core.shell:Creating prefix script '/home/ingeolko/turtlebot3-master/install/local_setup.ps1'
[1.736s] INFO:colcon.colcon_core.shell:Creating prefix util module '/home/ingeolko/turtlebot3-master/install/_local_setup_util_ps1.py'
[1.739s] INFO:colcon.colcon_core.shell:Creating prefix chain script '/home/ingeolko/turtlebot3-master/install/setup.ps1'
[1.742s] INFO:colcon.colcon_core.shell:Creating prefix script '/home/ingeolko/turtlebot3-master/install/local_setup.sh'
[1.746s] INFO:colcon.colcon_core.shell:Creating prefix util module '/home/ingeolko/turtlebot3-master/install/_local_setup_util_sh.py'
[1.746s] INFO:colcon.colcon_core.shell:Creating prefix chain script '/home/ingeolko/turtlebot3-master/install/setup.sh'
[1.751s] INFO:colcon.colcon_core.shell:Creating prefix script '/home/ingeolko/turtlebot3-master/install/local_setup.bash'
[1.752s] INFO:colcon.colcon_core.shell:Creating prefix chain script '/home/ingeolko/turtlebot3-master/install/setup.bash'
[1.754s] INFO:colcon.colcon_core.shell:Creating prefix script '/home/ingeolko/turtlebot3-master/install/local_setup.zsh'
[1.756s] INFO:colcon.colcon_core.shell:Creating prefix chain script '/home/ingeolko/turtlebot3-master/install/setup.zsh'
