[0.021s] Invoking command in '/home/ingeolko/turtlebot3-master-IngeolKo/turtlebot3-master/build/turtlebot3_bringup': CMAKE_PREFIX_PATH=/home/ingeolko/turtlebot3-master-IngeolKo/turtlebot3-master/install/turtlebot3_teleop:/home/ingeolko/turtlebot3-master-IngeolKo/turtlebot3-master/install/turtlebot3_description:/home/ingeolko/turtlebot3-master-IngeolKo/turtlebot3-master/install/turtlebot3_slam:/home/ingeolko/turtlebot3-master-IngeolKo/turtlebot3-master/install/turtlebot3_navigation:/home/ingeolko/turtlebot3-master-IngeolKo/turtlebot3-master/install/turtlebot3_example:/home/ingeolko/turtlebot3-master-IngeolKo/turtlebot3-master/install/turtlebot3_bringup:/opt/ros/melodic PKG_CONFIG_PATH=/home/ingeolko/turtlebot3-master-IngeolKo/turtlebot3-master/install/turtlebot3_teleop/lib/x86_64-linux-gnu/pkgconfig:/home/ingeolko/turtlebot3-master-IngeolKo/turtlebot3-master/install/turtlebot3_teleop/lib/pkgconfig:/home/ingeolko/turtlebot3-master-IngeolKo/turtlebot3-master/install/turtlebot3_description/lib/x86_64-linux-gnu/pkgconfig:/home/ingeolko/turtlebot3-master-IngeolKo/turtlebot3-master/install/turtlebot3_description/lib/pkgconfig:/home/ingeolko/turtlebot3-master-IngeolKo/turtlebot3-master/install/turtlebot3/lib/x86_64-linux-gnu/pkgconfig:/home/ingeolko/turtlebot3-master-IngeolKo/turtlebot3-master/install/turtlebot3/lib/pkgconfig:/home/ingeolko/turtlebot3-master-IngeolKo/turtlebot3-master/install/turtlebot3_slam/lib/x86_64-linux-gnu/pkgconfig:/home/ingeolko/turtlebot3-master-IngeolKo/turtlebot3-master/install/turtlebot3_slam/lib/pkgconfig:/home/ingeolko/turtlebot3-master-IngeolKo/turtlebot3-master/install/turtlebot3_navigation/lib/x86_64-linux-gnu/pkgconfig:/home/ingeolko/turtlebot3-master-IngeolKo/turtlebot3-master/install/turtlebot3_navigation/lib/pkgconfig:/home/ingeolko/turtlebot3-master-IngeolKo/turtlebot3-master/install/turtlebot3_example/lib/x86_64-linux-gnu/pkgconfig:/home/ingeolko/turtlebot3-master-IngeolKo/turtlebot3-master/install/turtlebot3_example/lib/pkgconfig:/home/ingeolko/turtlebot3-master-IngeolKo/turtlebot3-master/install/turtlebot3_bringup/lib/x86_64-linux-gnu/pkgconfig:/home/ingeolko/turtlebot3-master-IngeolKo/turtlebot3-master/install/turtlebot3_bringup/lib/pkgconfig:/opt/ros/melodic/lib/pkgconfig PYTHONPATH=/home/ingeolko/turtlebot3-master-IngeolKo/turtlebot3-master/install/turtlebot3_teleop/lib/python2.7/dist-packages:/home/ingeolko/turtlebot3-master-IngeolKo/turtlebot3-master/install/turtlebot3_example/lib/python2.7/dist-packages:/opt/ros/melodic/lib/python2.7/dist-packages ROS_PACKAGE_PATH=/home/ingeolko/turtlebot3-master-IngeolKo/turtlebot3-master/install/turtlebot3_teleop/share:/home/ingeolko/turtlebot3-master-IngeolKo/turtlebot3-master/install/turtlebot3_description/share:/home/ingeolko/turtlebot3-master-IngeolKo/turtlebot3-master/install/turtlebot3/share:/home/ingeolko/turtlebot3-master-IngeolKo/turtlebot3-master/install/turtlebot3_slam/share:/home/ingeolko/turtlebot3-master-IngeolKo/turtlebot3-master/install/turtlebot3_navigation/share:/home/ingeolko/turtlebot3-master-IngeolKo/turtlebot3-master/install/turtlebot3_example/share:/home/ingeolko/turtlebot3-master-IngeolKo/turtlebot3-master/install/turtlebot3_bringup/share:/opt/ros/melodic/share /usr/bin/cmake --build /home/ingeolko/turtlebot3-master-IngeolKo/turtlebot3-master/build/turtlebot3_bringup -- -j4 -l4
[0.036s] CMake Error: The current CMakeCache.txt directory /home/ingeolko/turtlebot3-master-IngeolKo/turtlebot3-master/build/turtlebot3_bringup/CMakeCache.txt is different than the directory /home/ingeolko/turtlebot3-master/build/turtlebot3_bringup where CMakeCache.txt was created. This may result in binaries being created in the wrong place. If you are not sure, reedit the CMakeCache.txt
[0.094s] [  0%] Built target turtlebot3_msgs_generate_messages_cpp
[0.125s] [  0%] Built target turtlebot3_msgs_generate_messages_eus
[0.155s] [  0%] Built target rosgraph_msgs_generate_messages_nodejs
[0.183s] [  0%] Built target rosgraph_msgs_generate_messages_py
[0.204s] [  0%] Built target std_msgs_generate_messages_eus
[0.227s] [  0%] Built target rosgraph_msgs_generate_messages_lisp
[0.261s] [  0%] Built target rosgraph_msgs_generate_messages_eus
[0.279s] [  0%] Built target rosgraph_msgs_generate_messages_cpp
[0.300s] [  0%] Built target roscpp_generate_messages_py
[0.322s] [  0%] Built target std_msgs_generate_messages_py
[0.349s] [  0%] Built target geometry_msgs_generate_messages_eus
[0.381s] [  0%] Built target roscpp_generate_messages_nodejs
[0.403s] [  0%] Built target roscpp_generate_messages_eus
[0.436s] [  0%] Built target roscpp_generate_messages_lisp
[0.467s] [  0%] Built target std_msgs_generate_messages_cpp
[0.487s] [  0%] Built target geometry_msgs_generate_messages_nodejs
[0.506s] [  0%] Built target sensor_msgs_generate_messages_py
[0.528s] [  0%] Built target diagnostic_msgs_generate_messages_cpp
[0.556s] [  0%] Built target diagnostic_msgs_generate_messages_eus
[0.578s] [  0%] Built target std_msgs_generate_messages_lisp
[0.597s] [  0%] Built target sensor_msgs_generate_messages_cpp
[0.616s] [  0%] Built target sensor_msgs_generate_messages_eus
[0.646s] [  0%] Built target std_msgs_generate_messages_nodejs
[0.674s] [  0%] Built target sensor_msgs_generate_messages_lisp
[0.708s] [  0%] Built target turtlebot3_msgs_generate_messages_py
[0.733s] [  0%] Built target roscpp_generate_messages_cpp
[0.758s] [  0%] Built target sensor_msgs_generate_messages_nodejs
[0.791s] [  0%] Built target diagnostic_msgs_generate_messages_py
[0.817s] [  0%] Built target geometry_msgs_generate_messages_cpp
[0.839s] [  0%] Built target geometry_msgs_generate_messages_lisp
[0.865s] [  0%] Built target geometry_msgs_generate_messages_py
[0.904s] [  0%] Built target diagnostic_msgs_generate_messages_lisp
[0.925s] [  0%] Built target diagnostic_msgs_generate_messages_nodejs
[0.948s] [  0%] Built target turtlebot3_msgs_generate_messages_lisp
[0.971s] [  0%] Built target turtlebot3_msgs_generate_messages_nodejs
[0.999s] [100%] Built target turtlebot3_diagnostics
[1.013s] Invoked command in '/home/ingeolko/turtlebot3-master-IngeolKo/turtlebot3-master/build/turtlebot3_bringup' returned '0': CMAKE_PREFIX_PATH=/home/ingeolko/turtlebot3-master-IngeolKo/turtlebot3-master/install/turtlebot3_teleop:/home/ingeolko/turtlebot3-master-IngeolKo/turtlebot3-master/install/turtlebot3_description:/home/ingeolko/turtlebot3-master-IngeolKo/turtlebot3-master/install/turtlebot3_slam:/home/ingeolko/turtlebot3-master-IngeolKo/turtlebot3-master/install/turtlebot3_navigation:/home/ingeolko/turtlebot3-master-IngeolKo/turtlebot3-master/install/turtlebot3_example:/home/ingeolko/turtlebot3-master-IngeolKo/turtlebot3-master/install/turtlebot3_bringup:/opt/ros/melodic PKG_CONFIG_PATH=/home/ingeolko/turtlebot3-master-IngeolKo/turtlebot3-master/install/turtlebot3_teleop/lib/x86_64-linux-gnu/pkgconfig:/home/ingeolko/turtlebot3-master-IngeolKo/turtlebot3-master/install/turtlebot3_teleop/lib/pkgconfig:/home/ingeolko/turtlebot3-master-IngeolKo/turtlebot3-master/install/turtlebot3_description/lib/x86_64-linux-gnu/pkgconfig:/home/ingeolko/turtlebot3-master-IngeolKo/turtlebot3-master/install/turtlebot3_description/lib/pkgconfig:/home/ingeolko/turtlebot3-master-IngeolKo/turtlebot3-master/install/turtlebot3/lib/x86_64-linux-gnu/pkgconfig:/home/ingeolko/turtlebot3-master-IngeolKo/turtlebot3-master/install/turtlebot3/lib/pkgconfig:/home/ingeolko/turtlebot3-master-IngeolKo/turtlebot3-master/install/turtlebot3_slam/lib/x86_64-linux-gnu/pkgconfig:/home/ingeolko/turtlebot3-master-IngeolKo/turtlebot3-master/install/turtlebot3_slam/lib/pkgconfig:/home/ingeolko/turtlebot3-master-IngeolKo/turtlebot3-master/install/turtlebot3_navigation/lib/x86_64-linux-gnu/pkgconfig:/home/ingeolko/turtlebot3-master-IngeolKo/turtlebot3-master/install/turtlebot3_navigation/lib/pkgconfig:/home/ingeolko/turtlebot3-master-IngeolKo/turtlebot3-master/install/turtlebot3_example/lib/x86_64-linux-gnu/pkgconfig:/home/ingeolko/turtlebot3-master-IngeolKo/turtlebot3-master/install/turtlebot3_example/lib/pkgconfig:/home/ingeolko/turtlebot3-master-IngeolKo/turtlebot3-master/install/turtlebot3_bringup/lib/x86_64-linux-gnu/pkgconfig:/home/ingeolko/turtlebot3-master-IngeolKo/turtlebot3-master/install/turtlebot3_bringup/lib/pkgconfig:/opt/ros/melodic/lib/pkgconfig PYTHONPATH=/home/ingeolko/turtlebot3-master-IngeolKo/turtlebot3-master/install/turtlebot3_teleop/lib/python2.7/dist-packages:/home/ingeolko/turtlebot3-master-IngeolKo/turtlebot3-master/install/turtlebot3_example/lib/python2.7/dist-packages:/opt/ros/melodic/lib/python2.7/dist-packages ROS_PACKAGE_PATH=/home/ingeolko/turtlebot3-master-IngeolKo/turtlebot3-master/install/turtlebot3_teleop/share:/home/ingeolko/turtlebot3-master-IngeolKo/turtlebot3-master/install/turtlebot3_description/share:/home/ingeolko/turtlebot3-master-IngeolKo/turtlebot3-master/install/turtlebot3/share:/home/ingeolko/turtlebot3-master-IngeolKo/turtlebot3-master/install/turtlebot3_slam/share:/home/ingeolko/turtlebot3-master-IngeolKo/turtlebot3-master/install/turtlebot3_navigation/share:/home/ingeolko/turtlebot3-master-IngeolKo/turtlebot3-master/install/turtlebot3_example/share:/home/ingeolko/turtlebot3-master-IngeolKo/turtlebot3-master/install/turtlebot3_bringup/share:/opt/ros/melodic/share /usr/bin/cmake --build /home/ingeolko/turtlebot3-master-IngeolKo/turtlebot3-master/build/turtlebot3_bringup -- -j4 -l4
[1.061s] Invoking command in '/home/ingeolko/turtlebot3-master-IngeolKo/turtlebot3-master/build/turtlebot3_bringup': CMAKE_PREFIX_PATH=/home/ingeolko/turtlebot3-master-IngeolKo/turtlebot3-master/install/turtlebot3_teleop:/home/ingeolko/turtlebot3-master-IngeolKo/turtlebot3-master/install/turtlebot3_description:/home/ingeolko/turtlebot3-master-IngeolKo/turtlebot3-master/install/turtlebot3_slam:/home/ingeolko/turtlebot3-master-IngeolKo/turtlebot3-master/install/turtlebot3_navigation:/home/ingeolko/turtlebot3-master-IngeolKo/turtlebot3-master/install/turtlebot3_example:/home/ingeolko/turtlebot3-master-IngeolKo/turtlebot3-master/install/turtlebot3_bringup:/opt/ros/melodic PKG_CONFIG_PATH=/home/ingeolko/turtlebot3-master-IngeolKo/turtlebot3-master/install/turtlebot3_teleop/lib/x86_64-linux-gnu/pkgconfig:/home/ingeolko/turtlebot3-master-IngeolKo/turtlebot3-master/install/turtlebot3_teleop/lib/pkgconfig:/home/ingeolko/turtlebot3-master-IngeolKo/turtlebot3-master/install/turtlebot3_description/lib/x86_64-linux-gnu/pkgconfig:/home/ingeolko/turtlebot3-master-IngeolKo/turtlebot3-master/install/turtlebot3_description/lib/pkgconfig:/home/ingeolko/turtlebot3-master-IngeolKo/turtlebot3-master/install/turtlebot3/lib/x86_64-linux-gnu/pkgconfig:/home/ingeolko/turtlebot3-master-IngeolKo/turtlebot3-master/install/turtlebot3/lib/pkgconfig:/home/ingeolko/turtlebot3-master-IngeolKo/turtlebot3-master/install/turtlebot3_slam/lib/x86_64-linux-gnu/pkgconfig:/home/ingeolko/turtlebot3-master-IngeolKo/turtlebot3-master/install/turtlebot3_slam/lib/pkgconfig:/home/ingeolko/turtlebot3-master-IngeolKo/turtlebot3-master/install/turtlebot3_navigation/lib/x86_64-linux-gnu/pkgconfig:/home/ingeolko/turtlebot3-master-IngeolKo/turtlebot3-master/install/turtlebot3_navigation/lib/pkgconfig:/home/ingeolko/turtlebot3-master-IngeolKo/turtlebot3-master/install/turtlebot3_example/lib/x86_64-linux-gnu/pkgconfig:/home/ingeolko/turtlebot3-master-IngeolKo/turtlebot3-master/install/turtlebot3_example/lib/pkgconfig:/home/ingeolko/turtlebot3-master-IngeolKo/turtlebot3-master/install/turtlebot3_bringup/lib/x86_64-linux-gnu/pkgconfig:/home/ingeolko/turtlebot3-master-IngeolKo/turtlebot3-master/install/turtlebot3_bringup/lib/pkgconfig:/opt/ros/melodic/lib/pkgconfig PYTHONPATH=/home/ingeolko/turtlebot3-master-IngeolKo/turtlebot3-master/install/turtlebot3_teleop/lib/python2.7/dist-packages:/home/ingeolko/turtlebot3-master-IngeolKo/turtlebot3-master/install/turtlebot3_example/lib/python2.7/dist-packages:/opt/ros/melodic/lib/python2.7/dist-packages ROS_PACKAGE_PATH=/home/ingeolko/turtlebot3-master-IngeolKo/turtlebot3-master/install/turtlebot3_teleop/share:/home/ingeolko/turtlebot3-master-IngeolKo/turtlebot3-master/install/turtlebot3_description/share:/home/ingeolko/turtlebot3-master-IngeolKo/turtlebot3-master/install/turtlebot3/share:/home/ingeolko/turtlebot3-master-IngeolKo/turtlebot3-master/install/turtlebot3_slam/share:/home/ingeolko/turtlebot3-master-IngeolKo/turtlebot3-master/install/turtlebot3_navigation/share:/home/ingeolko/turtlebot3-master-IngeolKo/turtlebot3-master/install/turtlebot3_example/share:/home/ingeolko/turtlebot3-master-IngeolKo/turtlebot3-master/install/turtlebot3_bringup/share:/opt/ros/melodic/share /usr/bin/cmake --build /home/ingeolko/turtlebot3-master-IngeolKo/turtlebot3-master/build/turtlebot3_bringup --target tests -- -j4 -l4
[1.073s] CMake Error: The current CMakeCache.txt directory /home/ingeolko/turtlebot3-master-IngeolKo/turtlebot3-master/build/turtlebot3_bringup/CMakeCache.txt is different than the directory /home/ingeolko/turtlebot3-master/build/turtlebot3_bringup where CMakeCache.txt was created. This may result in binaries being created in the wrong place. If you are not sure, reedit the CMakeCache.txt
[1.144s] Built target tests
[1.165s] Invoked command in '/home/ingeolko/turtlebot3-master-IngeolKo/turtlebot3-master/build/turtlebot3_bringup' returned '0': CMAKE_PREFIX_PATH=/home/ingeolko/turtlebot3-master-IngeolKo/turtlebot3-master/install/turtlebot3_teleop:/home/ingeolko/turtlebot3-master-IngeolKo/turtlebot3-master/install/turtlebot3_description:/home/ingeolko/turtlebot3-master-IngeolKo/turtlebot3-master/install/turtlebot3_slam:/home/ingeolko/turtlebot3-master-IngeolKo/turtlebot3-master/install/turtlebot3_navigation:/home/ingeolko/turtlebot3-master-IngeolKo/turtlebot3-master/install/turtlebot3_example:/home/ingeolko/turtlebot3-master-IngeolKo/turtlebot3-master/install/turtlebot3_bringup:/opt/ros/melodic PKG_CONFIG_PATH=/home/ingeolko/turtlebot3-master-IngeolKo/turtlebot3-master/install/turtlebot3_teleop/lib/x86_64-linux-gnu/pkgconfig:/home/ingeolko/turtlebot3-master-IngeolKo/turtlebot3-master/install/turtlebot3_teleop/lib/pkgconfig:/home/ingeolko/turtlebot3-master-IngeolKo/turtlebot3-master/install/turtlebot3_description/lib/x86_64-linux-gnu/pkgconfig:/home/ingeolko/turtlebot3-master-IngeolKo/turtlebot3-master/install/turtlebot3_description/lib/pkgconfig:/home/ingeolko/turtlebot3-master-IngeolKo/turtlebot3-master/install/turtlebot3/lib/x86_64-linux-gnu/pkgconfig:/home/ingeolko/turtlebot3-master-IngeolKo/turtlebot3-master/install/turtlebot3/lib/pkgconfig:/home/ingeolko/turtlebot3-master-IngeolKo/turtlebot3-master/install/turtlebot3_slam/lib/x86_64-linux-gnu/pkgconfig:/home/ingeolko/turtlebot3-master-IngeolKo/turtlebot3-master/install/turtlebot3_slam/lib/pkgconfig:/home/ingeolko/turtlebot3-master-IngeolKo/turtlebot3-master/install/turtlebot3_navigation/lib/x86_64-linux-gnu/pkgconfig:/home/ingeolko/turtlebot3-master-IngeolKo/turtlebot3-master/install/turtlebot3_navigation/lib/pkgconfig:/home/ingeolko/turtlebot3-master-IngeolKo/turtlebot3-master/install/turtlebot3_example/lib/x86_64-linux-gnu/pkgconfig:/home/ingeolko/turtlebot3-master-IngeolKo/turtlebot3-master/install/turtlebot3_example/lib/pkgconfig:/home/ingeolko/turtlebot3-master-IngeolKo/turtlebot3-master/install/turtlebot3_bringup/lib/x86_64-linux-gnu/pkgconfig:/home/ingeolko/turtlebot3-master-IngeolKo/turtlebot3-master/install/turtlebot3_bringup/lib/pkgconfig:/opt/ros/melodic/lib/pkgconfig PYTHONPATH=/home/ingeolko/turtlebot3-master-IngeolKo/turtlebot3-master/install/turtlebot3_teleop/lib/python2.7/dist-packages:/home/ingeolko/turtlebot3-master-IngeolKo/turtlebot3-master/install/turtlebot3_example/lib/python2.7/dist-packages:/opt/ros/melodic/lib/python2.7/dist-packages ROS_PACKAGE_PATH=/home/ingeolko/turtlebot3-master-IngeolKo/turtlebot3-master/install/turtlebot3_teleop/share:/home/ingeolko/turtlebot3-master-IngeolKo/turtlebot3-master/install/turtlebot3_description/share:/home/ingeolko/turtlebot3-master-IngeolKo/turtlebot3-master/install/turtlebot3/share:/home/ingeolko/turtlebot3-master-IngeolKo/turtlebot3-master/install/turtlebot3_slam/share:/home/ingeolko/turtlebot3-master-IngeolKo/turtlebot3-master/install/turtlebot3_navigation/share:/home/ingeolko/turtlebot3-master-IngeolKo/turtlebot3-master/install/turtlebot3_example/share:/home/ingeolko/turtlebot3-master-IngeolKo/turtlebot3-master/install/turtlebot3_bringup/share:/opt/ros/melodic/share /usr/bin/cmake --build /home/ingeolko/turtlebot3-master-IngeolKo/turtlebot3-master/build/turtlebot3_bringup --target tests -- -j4 -l4
[1.213s] Invoking command in '/home/ingeolko/turtlebot3-master-IngeolKo/turtlebot3-master/build/turtlebot3_bringup': CMAKE_PREFIX_PATH=/home/ingeolko/turtlebot3-master-IngeolKo/turtlebot3-master/install/turtlebot3_teleop:/home/ingeolko/turtlebot3-master-IngeolKo/turtlebot3-master/install/turtlebot3_description:/home/ingeolko/turtlebot3-master-IngeolKo/turtlebot3-master/install/turtlebot3_slam:/home/ingeolko/turtlebot3-master-IngeolKo/turtlebot3-master/install/turtlebot3_navigation:/home/ingeolko/turtlebot3-master-IngeolKo/turtlebot3-master/install/turtlebot3_example:/home/ingeolko/turtlebot3-master-IngeolKo/turtlebot3-master/install/turtlebot3_bringup:/opt/ros/melodic PKG_CONFIG_PATH=/home/ingeolko/turtlebot3-master-IngeolKo/turtlebot3-master/install/turtlebot3_teleop/lib/x86_64-linux-gnu/pkgconfig:/home/ingeolko/turtlebot3-master-IngeolKo/turtlebot3-master/install/turtlebot3_teleop/lib/pkgconfig:/home/ingeolko/turtlebot3-master-IngeolKo/turtlebot3-master/install/turtlebot3_description/lib/x86_64-linux-gnu/pkgconfig:/home/ingeolko/turtlebot3-master-IngeolKo/turtlebot3-master/install/turtlebot3_description/lib/pkgconfig:/home/ingeolko/turtlebot3-master-IngeolKo/turtlebot3-master/install/turtlebot3/lib/x86_64-linux-gnu/pkgconfig:/home/ingeolko/turtlebot3-master-IngeolKo/turtlebot3-master/install/turtlebot3/lib/pkgconfig:/home/ingeolko/turtlebot3-master-IngeolKo/turtlebot3-master/install/turtlebot3_slam/lib/x86_64-linux-gnu/pkgconfig:/home/ingeolko/turtlebot3-master-IngeolKo/turtlebot3-master/install/turtlebot3_slam/lib/pkgconfig:/home/ingeolko/turtlebot3-master-IngeolKo/turtlebot3-master/install/turtlebot3_navigation/lib/x86_64-linux-gnu/pkgconfig:/home/ingeolko/turtlebot3-master-IngeolKo/turtlebot3-master/install/turtlebot3_navigation/lib/pkgconfig:/home/ingeolko/turtlebot3-master-IngeolKo/turtlebot3-master/install/turtlebot3_example/lib/x86_64-linux-gnu/pkgconfig:/home/ingeolko/turtlebot3-master-IngeolKo/turtlebot3-master/install/turtlebot3_example/lib/pkgconfig:/home/ingeolko/turtlebot3-master-IngeolKo/turtlebot3-master/install/turtlebot3_bringup/lib/x86_64-linux-gnu/pkgconfig:/home/ingeolko/turtlebot3-master-IngeolKo/turtlebot3-master/install/turtlebot3_bringup/lib/pkgconfig:/opt/ros/melodic/lib/pkgconfig PYTHONPATH=/home/ingeolko/turtlebot3-master-IngeolKo/turtlebot3-master/install/turtlebot3_teleop/lib/python2.7/dist-packages:/home/ingeolko/turtlebot3-master-IngeolKo/turtlebot3-master/install/turtlebot3_example/lib/python2.7/dist-packages:/opt/ros/melodic/lib/python2.7/dist-packages ROS_PACKAGE_PATH=/home/ingeolko/turtlebot3-master-IngeolKo/turtlebot3-master/install/turtlebot3_teleop/share:/home/ingeolko/turtlebot3-master-IngeolKo/turtlebot3-master/install/turtlebot3_description/share:/home/ingeolko/turtlebot3-master-IngeolKo/turtlebot3-master/install/turtlebot3/share:/home/ingeolko/turtlebot3-master-IngeolKo/turtlebot3-master/install/turtlebot3_slam/share:/home/ingeolko/turtlebot3-master-IngeolKo/turtlebot3-master/install/turtlebot3_navigation/share:/home/ingeolko/turtlebot3-master-IngeolKo/turtlebot3-master/install/turtlebot3_example/share:/home/ingeolko/turtlebot3-master-IngeolKo/turtlebot3-master/install/turtlebot3_bringup/share:/opt/ros/melodic/share /usr/bin/cmake --build /home/ingeolko/turtlebot3-master-IngeolKo/turtlebot3-master/build/turtlebot3_bringup --target install -- -j4 -l4
[1.223s] CMake Error: The current CMakeCache.txt directory /home/ingeolko/turtlebot3-master-IngeolKo/turtlebot3-master/build/turtlebot3_bringup/CMakeCache.txt is different than the directory /home/ingeolko/turtlebot3-master/build/turtlebot3_bringup where CMakeCache.txt was created. This may result in binaries being created in the wrong place. If you are not sure, reedit the CMakeCache.txt
[1.285s] [  0%] Built target turtlebot3_msgs_generate_messages_cpp
[1.315s] [  0%] Built target turtlebot3_msgs_generate_messages_eus
[1.332s] [  0%] Built target rosgraph_msgs_generate_messages_nodejs
[1.351s] [  0%] Built target rosgraph_msgs_generate_messages_py
[1.378s] [  0%] Built target std_msgs_generate_messages_eus
[1.399s] [  0%] Built target rosgraph_msgs_generate_messages_lisp
[1.419s] [  0%] Built target rosgraph_msgs_generate_messages_eus
[1.442s] [  0%] Built target rosgraph_msgs_generate_messages_cpp
[1.464s] [  0%] Built target roscpp_generate_messages_py
[1.487s] [  0%] Built target std_msgs_generate_messages_py
[1.520s] [  0%] Built target geometry_msgs_generate_messages_eus
[1.554s] [  0%] Built target roscpp_generate_messages_nodejs
[1.576s] [  0%] Built target roscpp_generate_messages_eus
[1.612s] [  0%] Built target roscpp_generate_messages_lisp
[1.638s] [  0%] Built target std_msgs_generate_messages_cpp
[1.659s] [  0%] Built target geometry_msgs_generate_messages_nodejs
[1.686s] [  0%] Built target sensor_msgs_generate_messages_py
[1.713s] [  0%] Built target diagnostic_msgs_generate_messages_cpp
[1.738s] [  0%] Built target diagnostic_msgs_generate_messages_eus
[1.762s] [  0%] Built target std_msgs_generate_messages_lisp
[1.797s] [  0%] Built target sensor_msgs_generate_messages_cpp
[1.821s] [  0%] Built target sensor_msgs_generate_messages_eus
[1.843s] [  0%] Built target std_msgs_generate_messages_nodejs
[1.871s] [  0%] Built target sensor_msgs_generate_messages_lisp
[1.902s] [  0%] Built target turtlebot3_msgs_generate_messages_py
[1.928s] [  0%] Built target roscpp_generate_messages_cpp
[1.949s] [  0%] Built target sensor_msgs_generate_messages_nodejs
[1.977s] [  0%] Built target diagnostic_msgs_generate_messages_py
[1.999s] [  0%] Built target geometry_msgs_generate_messages_cpp
[2.026s] [  0%] Built target geometry_msgs_generate_messages_lisp
[2.048s] [  0%] Built target geometry_msgs_generate_messages_py
[2.074s] [  0%] Built target diagnostic_msgs_generate_messages_lisp
[2.096s] [  0%] Built target diagnostic_msgs_generate_messages_nodejs
[2.122s] [  0%] Built target turtlebot3_msgs_generate_messages_lisp
[2.143s] [  0%] Built target turtlebot3_msgs_generate_messages_nodejs
[2.167s] [100%] Built target turtlebot3_diagnostics
[2.191s] [36mInstall the project...[0m
[2.201s] -- Install configuration: ""
[2.201s] -- Up-to-date: /home/ingeolko/turtlebot3-master/install/turtlebot3_bringup/lib/pkgconfig/turtlebot3_bringup.pc
[2.202s] -- Up-to-date: /home/ingeolko/turtlebot3-master/install/turtlebot3_bringup/share/turtlebot3_bringup/cmake/turtlebot3_bringupConfig.cmake
[2.202s] -- Up-to-date: /home/ingeolko/turtlebot3-master/install/turtlebot3_bringup/share/turtlebot3_bringup/cmake/turtlebot3_bringupConfig-version.cmake
[2.202s] -- Up-to-date: /home/ingeolko/turtlebot3-master/install/turtlebot3_bringup/share/turtlebot3_bringup/package.xml
[2.202s] -- Up-to-date: /home/ingeolko/turtlebot3-master/install/turtlebot3_bringup/lib/turtlebot3_bringup/turtlebot3_diagnostics
[2.202s] -- Up-to-date: /home/ingeolko/turtlebot3-master/install/turtlebot3_bringup/lib/turtlebot3_bringup/create_udev_rules
[2.202s] -- Up-to-date: /home/ingeolko/turtlebot3-master/install/turtlebot3_bringup/share/turtlebot3_bringup/launch
[2.202s] -- Up-to-date: /home/ingeolko/turtlebot3-master/install/turtlebot3_bringup/share/turtlebot3_bringup/launch/turtlebot3_lidar.launch
[2.202s] -- Up-to-date: /home/ingeolko/turtlebot3-master/install/turtlebot3_bringup/share/turtlebot3_bringup/launch/includes
[2.202s] -- Up-to-date: /home/ingeolko/turtlebot3-master/install/turtlebot3_bringup/share/turtlebot3_bringup/launch/includes/description.launch.xml
[2.202s] -- Up-to-date: /home/ingeolko/turtlebot3-master/install/turtlebot3_bringup/share/turtlebot3_bringup/launch/turtlebot3_core.launch
[2.202s] -- Up-to-date: /home/ingeolko/turtlebot3-master/install/turtlebot3_bringup/share/turtlebot3_bringup/launch/turtlebot3_remote.launch
[2.203s] -- Up-to-date: /home/ingeolko/turtlebot3-master/install/turtlebot3_bringup/share/turtlebot3_bringup/launch/turtlebot3_rpicamera.launch
[2.203s] -- Up-to-date: /home/ingeolko/turtlebot3-master/install/turtlebot3_bringup/share/turtlebot3_bringup/launch/turtlebot3_model.launch
[2.203s] -- Up-to-date: /home/ingeolko/turtlebot3-master/install/turtlebot3_bringup/share/turtlebot3_bringup/launch/turtlebot3_realsense.launch
[2.203s] -- Up-to-date: /home/ingeolko/turtlebot3-master/install/turtlebot3_bringup/share/turtlebot3_bringup/launch/turtlebot3_robot.launch
[2.203s] -- Up-to-date: /home/ingeolko/turtlebot3-master/install/turtlebot3_bringup/share/turtlebot3_bringup/99-turtlebot3-cdc.rules
[2.211s] Invoked command in '/home/ingeolko/turtlebot3-master-IngeolKo/turtlebot3-master/build/turtlebot3_bringup' returned '0': CMAKE_PREFIX_PATH=/home/ingeolko/turtlebot3-master-IngeolKo/turtlebot3-master/install/turtlebot3_teleop:/home/ingeolko/turtlebot3-master-IngeolKo/turtlebot3-master/install/turtlebot3_description:/home/ingeolko/turtlebot3-master-IngeolKo/turtlebot3-master/install/turtlebot3_slam:/home/ingeolko/turtlebot3-master-IngeolKo/turtlebot3-master/install/turtlebot3_navigation:/home/ingeolko/turtlebot3-master-IngeolKo/turtlebot3-master/install/turtlebot3_example:/home/ingeolko/turtlebot3-master-IngeolKo/turtlebot3-master/install/turtlebot3_bringup:/opt/ros/melodic PKG_CONFIG_PATH=/home/ingeolko/turtlebot3-master-IngeolKo/turtlebot3-master/install/turtlebot3_teleop/lib/x86_64-linux-gnu/pkgconfig:/home/ingeolko/turtlebot3-master-IngeolKo/turtlebot3-master/install/turtlebot3_teleop/lib/pkgconfig:/home/ingeolko/turtlebot3-master-IngeolKo/turtlebot3-master/install/turtlebot3_description/lib/x86_64-linux-gnu/pkgconfig:/home/ingeolko/turtlebot3-master-IngeolKo/turtlebot3-master/install/turtlebot3_description/lib/pkgconfig:/home/ingeolko/turtlebot3-master-IngeolKo/turtlebot3-master/install/turtlebot3/lib/x86_64-linux-gnu/pkgconfig:/home/ingeolko/turtlebot3-master-IngeolKo/turtlebot3-master/install/turtlebot3/lib/pkgconfig:/home/ingeolko/turtlebot3-master-IngeolKo/turtlebot3-master/install/turtlebot3_slam/lib/x86_64-linux-gnu/pkgconfig:/home/ingeolko/turtlebot3-master-IngeolKo/turtlebot3-master/install/turtlebot3_slam/lib/pkgconfig:/home/ingeolko/turtlebot3-master-IngeolKo/turtlebot3-master/install/turtlebot3_navigation/lib/x86_64-linux-gnu/pkgconfig:/home/ingeolko/turtlebot3-master-IngeolKo/turtlebot3-master/install/turtlebot3_navigation/lib/pkgconfig:/home/ingeolko/turtlebot3-master-IngeolKo/turtlebot3-master/install/turtlebot3_example/lib/x86_64-linux-gnu/pkgconfig:/home/ingeolko/turtlebot3-master-IngeolKo/turtlebot3-master/install/turtlebot3_example/lib/pkgconfig:/home/ingeolko/turtlebot3-master-IngeolKo/turtlebot3-master/install/turtlebot3_bringup/lib/x86_64-linux-gnu/pkgconfig:/home/ingeolko/turtlebot3-master-IngeolKo/turtlebot3-master/install/turtlebot3_bringup/lib/pkgconfig:/opt/ros/melodic/lib/pkgconfig PYTHONPATH=/home/ingeolko/turtlebot3-master-IngeolKo/turtlebot3-master/install/turtlebot3_teleop/lib/python2.7/dist-packages:/home/ingeolko/turtlebot3-master-IngeolKo/turtlebot3-master/install/turtlebot3_example/lib/python2.7/dist-packages:/opt/ros/melodic/lib/python2.7/dist-packages ROS_PACKAGE_PATH=/home/ingeolko/turtlebot3-master-IngeolKo/turtlebot3-master/install/turtlebot3_teleop/share:/home/ingeolko/turtlebot3-master-IngeolKo/turtlebot3-master/install/turtlebot3_description/share:/home/ingeolko/turtlebot3-master-IngeolKo/turtlebot3-master/install/turtlebot3/share:/home/ingeolko/turtlebot3-master-IngeolKo/turtlebot3-master/install/turtlebot3_slam/share:/home/ingeolko/turtlebot3-master-IngeolKo/turtlebot3-master/install/turtlebot3_navigation/share:/home/ingeolko/turtlebot3-master-IngeolKo/turtlebot3-master/install/turtlebot3_example/share:/home/ingeolko/turtlebot3-master-IngeolKo/turtlebot3-master/install/turtlebot3_bringup/share:/opt/ros/melodic/share /usr/bin/cmake --build /home/ingeolko/turtlebot3-master-IngeolKo/turtlebot3-master/build/turtlebot3_bringup --target install -- -j4 -l4
