[0.044s] Invoking command in '/home/ingeolko/turtlebot3-master-IngeolKo/turtlebot3-master/build/turtlebot3_teleop': /usr/bin/cmake --build /home/ingeolko/turtlebot3-master-IngeolKo/turtlebot3-master/build/turtlebot3_teleop -- -j4 -l4
[0.121s] CMake Error: The current CMakeCache.txt directory /home/ingeolko/turtlebot3-master-IngeolKo/turtlebot3-master/build/turtlebot3_teleop/CMakeCache.txt is different than the directory /home/ingeolko/turtlebot3-master/build/turtlebot3_teleop where CMakeCache.txt was created. This may result in binaries being created in the wrong place. If you are not sure, reedit the CMakeCache.txt
[0.261s] Invoked command in '/home/ingeolko/turtlebot3-master-IngeolKo/turtlebot3-master/build/turtlebot3_teleop' returned '0': /usr/bin/cmake --build /home/ingeolko/turtlebot3-master-IngeolKo/turtlebot3-master/build/turtlebot3_teleop -- -j4 -l4
[0.339s] Invoking command in '/home/ingeolko/turtlebot3-master-IngeolKo/turtlebot3-master/build/turtlebot3_teleop': /usr/bin/cmake --build /home/ingeolko/turtlebot3-master-IngeolKo/turtlebot3-master/build/turtlebot3_teleop --target tests -- -j4 -l4
[0.365s] CMake Error: The current CMakeCache.txt directory /home/ingeolko/turtlebot3-master-IngeolKo/turtlebot3-master/build/turtlebot3_teleop/CMakeCache.txt is different than the directory /home/ingeolko/turtlebot3-master/build/turtlebot3_teleop where CMakeCache.txt was created. This may result in binaries being created in the wrong place. If you are not sure, reedit the CMakeCache.txt
[0.458s] Built target tests
[0.464s] Invoked command in '/home/ingeolko/turtlebot3-master-IngeolKo/turtlebot3-master/build/turtlebot3_teleop' returned '0': /usr/bin/cmake --build /home/ingeolko/turtlebot3-master-IngeolKo/turtlebot3-master/build/turtlebot3_teleop --target tests -- -j4 -l4
[0.664s] Invoking command in '/home/ingeolko/turtlebot3-master-IngeolKo/turtlebot3-master/build/turtlebot3_teleop': /usr/bin/cmake --build /home/ingeolko/turtlebot3-master-IngeolKo/turtlebot3-master/build/turtlebot3_teleop --target install -- -j4 -l4
[0.679s] CMake Error: The current CMakeCache.txt directory /home/ingeolko/turtlebot3-master-IngeolKo/turtlebot3-master/build/turtlebot3_teleop/CMakeCache.txt is different than the directory /home/ingeolko/turtlebot3-master/build/turtlebot3_teleop where CMakeCache.txt was created. This may result in binaries being created in the wrong place. If you are not sure, reedit the CMakeCache.txt
[0.780s] [36mInstall the project...[0m
[0.809s] -- Install configuration: ""
[0.820s] + cd /home/ingeolko/turtlebot3-master/turtlebot3_teleop
[0.820s] + mkdir -p /home/ingeolko/turtlebot3-master/install/turtlebot3_teleop/lib/python2.7/dist-packages
[0.835s] + /usr/bin/env PYTHONPATH=/home/ingeolko/turtlebot3-master/install/turtlebot3_teleop/lib/python2.7/dist-packages:/home/ingeolko/turtlebot3-master/build/turtlebot3_teleop/lib/python2.7/dist-packages:/home/ingeolko/turtlebot3-master-IngeolKo/turtlebot3-master/install/turtlebot3_example/lib/python2.7/dist-packages:/home/ingeolko/turtlebot3-master-IngeolKo/turtlebot3-master/install/turtlebot3_teleop/lib/python2.7/dist-packages:/opt/ros/melodic/lib/python2.7/dist-packages CATKIN_BINARY_DIR=/home/ingeolko/turtlebot3-master/build/turtlebot3_teleop /usr/bin/python2 /home/ingeolko/turtlebot3-master/turtlebot3_teleop/setup.py build --build-base /home/ingeolko/turtlebot3-master/build/turtlebot3_teleop install --root=/ --install-layout=deb --prefix=/home/ingeolko/turtlebot3-master/install/turtlebot3_teleop --install-scripts=/home/ingeolko/turtlebot3-master/install/turtlebot3_teleop/bin
[1.007s] running build
[1.007s] running build_py
[1.011s] running install
[1.014s] running install_lib
[1.016s] running install_egg_info
[1.018s] Removing /home/ingeolko/turtlebot3-master/install/turtlebot3_teleop/lib/python2.7/dist-packages/turtlebot3_teleop-1.2.6.egg-info
[1.019s] Writing /home/ingeolko/turtlebot3-master/install/turtlebot3_teleop/lib/python2.7/dist-packages/turtlebot3_teleop-1.2.6.egg-info
[1.026s] -- Up-to-date: /home/ingeolko/turtlebot3-master/install/turtlebot3_teleop/lib/pkgconfig/turtlebot3_teleop.pc
[1.043s] -- Up-to-date: /home/ingeolko/turtlebot3-master/install/turtlebot3_teleop/share/turtlebot3_teleop/cmake/turtlebot3_teleopConfig.cmake
[1.043s] -- Up-to-date: /home/ingeolko/turtlebot3-master/install/turtlebot3_teleop/share/turtlebot3_teleop/cmake/turtlebot3_teleopConfig-version.cmake
[1.043s] -- Up-to-date: /home/ingeolko/turtlebot3-master/install/turtlebot3_teleop/share/turtlebot3_teleop/package.xml
[1.043s] -- Up-to-date: /home/ingeolko/turtlebot3-master/install/turtlebot3_teleop/lib/turtlebot3_teleop/turtlebot3_teleop_key
[1.044s] -- Up-to-date: /home/ingeolko/turtlebot3-master/install/turtlebot3_teleop/share/turtlebot3_teleop/launch
[1.045s] -- Up-to-date: /home/ingeolko/turtlebot3-master/install/turtlebot3_teleop/share/turtlebot3_teleop/launch/turtlebot3_teleop_key.launch
[1.065s] Invoked command in '/home/ingeolko/turtlebot3-master-IngeolKo/turtlebot3-master/build/turtlebot3_teleop' returned '0': /usr/bin/cmake --build /home/ingeolko/turtlebot3-master-IngeolKo/turtlebot3-master/build/turtlebot3_teleop --target install -- -j4 -l4
