[0.015s] Invoking command in '/home/ingeolko/turtlebot3-master/build/turtlebot3_bringup': CMAKE_PREFIX_PATH=/home/ingeolko/turtlebot3-master/install/turtlebot3_teleop:/home/ingeolko/turtlebot3-master/install/turtlebot3_description:/home/ingeolko/turtlebot3-master/install/turtlebot3_slam:/home/ingeolko/turtlebot3-master/install/turtlebot3_navigation:/home/ingeolko/turtlebot3-master/install/turtlebot3_example:/home/ingeolko/turtlebot3-master/install/turtlebot3_bringup:/opt/ros/melodic PKG_CONFIG_PATH=/home/ingeolko/turtlebot3-master/install/turtlebot3_teleop/lib/x86_64-linux-gnu/pkgconfig:/home/ingeolko/turtlebot3-master/install/turtlebot3_teleop/lib/pkgconfig:/home/ingeolko/turtlebot3-master/install/turtlebot3_description/lib/x86_64-linux-gnu/pkgconfig:/home/ingeolko/turtlebot3-master/install/turtlebot3_description/lib/pkgconfig:/home/ingeolko/turtlebot3-master/install/turtlebot3/lib/x86_64-linux-gnu/pkgconfig:/home/ingeolko/turtlebot3-master/install/turtlebot3/lib/pkgconfig:/home/ingeolko/turtlebot3-master/install/turtlebot3_slam/lib/x86_64-linux-gnu/pkgconfig:/home/ingeolko/turtlebot3-master/install/turtlebot3_slam/lib/pkgconfig:/home/ingeolko/turtlebot3-master/install/turtlebot3_navigation/lib/x86_64-linux-gnu/pkgconfig:/home/ingeolko/turtlebot3-master/install/turtlebot3_navigation/lib/pkgconfig:/home/ingeolko/turtlebot3-master/install/turtlebot3_example/lib/x86_64-linux-gnu/pkgconfig:/home/ingeolko/turtlebot3-master/install/turtlebot3_example/lib/pkgconfig:/home/ingeolko/turtlebot3-master/install/turtlebot3_bringup/lib/x86_64-linux-gnu/pkgconfig:/home/ingeolko/turtlebot3-master/install/turtlebot3_bringup/lib/pkgconfig:/opt/ros/melodic/lib/pkgconfig PYTHONPATH=/home/ingeolko/turtlebot3-master/install/turtlebot3_teleop/lib/python2.7/dist-packages:/home/ingeolko/turtlebot3-master/install/turtlebot3_example/lib/python2.7/dist-packages:/opt/ros/melodic/lib/python2.7/dist-packages ROS_PACKAGE_PATH=/home/ingeolko/turtlebot3-master/install/turtlebot3_teleop/share:/home/ingeolko/turtlebot3-master/install/turtlebot3_description/share:/home/ingeolko/turtlebot3-master/install/turtlebot3/share:/home/ingeolko/turtlebot3-master/install/turtlebot3_slam/share:/home/ingeolko/turtlebot3-master/install/turtlebot3_navigation/share:/home/ingeolko/turtlebot3-master/install/turtlebot3_example/share:/home/ingeolko/turtlebot3-master/install/turtlebot3_bringup/share:/opt/ros/melodic/share /usr/bin/cmake --build /home/ingeolko/turtlebot3-master/build/turtlebot3_bringup -- -j4 -l4
[0.089s] [  0%] Built target turtlebot3_msgs_generate_messages_nodejs
[0.099s] [  0%] Built target turtlebot3_msgs_generate_messages_cpp
[0.108s] [  0%] Built target turtlebot3_msgs_generate_messages_lisp
[0.127s] [  0%] Built target turtlebot3_msgs_generate_messages_eus
[0.146s] [  0%] Built target rosgraph_msgs_generate_messages_nodejs
[0.146s] [  0%] Built target rosgraph_msgs_generate_messages_py
[0.162s] [  0%] Built target std_msgs_generate_messages_eus
[0.163s] [  0%] Built target rosgraph_msgs_generate_messages_lisp
[0.181s] [  0%] Built target rosgraph_msgs_generate_messages_eus
[0.195s] [  0%] Built target rosgraph_msgs_generate_messages_cpp
[0.217s] [  0%] Built target std_msgs_generate_messages_py
[0.221s] [  0%] Built target roscpp_generate_messages_py
[0.246s] [  0%] Built target geometry_msgs_generate_messages_eus
[0.263s] [  0%] Built target roscpp_generate_messages_lisp
[0.267s] [  0%] Built target roscpp_generate_messages_nodejs
[0.275s] [  0%] Built target roscpp_generate_messages_eus
[0.298s] [  0%] Built target geometry_msgs_generate_messages_nodejs
[0.314s] [  0%] Built target diagnostic_msgs_generate_messages_cpp
[0.318s] [  0%] Built target std_msgs_generate_messages_cpp
[0.346s] [  0%] Built target sensor_msgs_generate_messages_py
[0.351s] [  0%] Built target diagnostic_msgs_generate_messages_eus
[0.377s] [  0%] Built target std_msgs_generate_messages_lisp
[0.396s] [  0%] Built target sensor_msgs_generate_messages_eus
[0.396s] [  0%] Built target sensor_msgs_generate_messages_cpp
[0.408s] [  0%] Built target sensor_msgs_generate_messages_lisp
[0.408s] [  0%] Built target std_msgs_generate_messages_nodejs
[0.444s] [  0%] Built target roscpp_generate_messages_cpp
[0.445s] [  0%] Built target turtlebot3_msgs_generate_messages_py
[0.455s] [  0%] Built target diagnostic_msgs_generate_messages_py
[0.472s] [  0%] Built target sensor_msgs_generate_messages_nodejs
[0.472s] [  0%] Built target geometry_msgs_generate_messages_cpp
[0.508s] [  0%] Built target geometry_msgs_generate_messages_lisp
[0.513s] [  0%] Built target geometry_msgs_generate_messages_py
[0.514s] [  0%] Built target diagnostic_msgs_generate_messages_nodejs
[0.523s] [  0%] Built target diagnostic_msgs_generate_messages_lisp
[0.550s] [100%] Built target turtlebot3_diagnostics
[0.567s] Invoked command in '/home/ingeolko/turtlebot3-master/build/turtlebot3_bringup' returned '0': CMAKE_PREFIX_PATH=/home/ingeolko/turtlebot3-master/install/turtlebot3_teleop:/home/ingeolko/turtlebot3-master/install/turtlebot3_description:/home/ingeolko/turtlebot3-master/install/turtlebot3_slam:/home/ingeolko/turtlebot3-master/install/turtlebot3_navigation:/home/ingeolko/turtlebot3-master/install/turtlebot3_example:/home/ingeolko/turtlebot3-master/install/turtlebot3_bringup:/opt/ros/melodic PKG_CONFIG_PATH=/home/ingeolko/turtlebot3-master/install/turtlebot3_teleop/lib/x86_64-linux-gnu/pkgconfig:/home/ingeolko/turtlebot3-master/install/turtlebot3_teleop/lib/pkgconfig:/home/ingeolko/turtlebot3-master/install/turtlebot3_description/lib/x86_64-linux-gnu/pkgconfig:/home/ingeolko/turtlebot3-master/install/turtlebot3_description/lib/pkgconfig:/home/ingeolko/turtlebot3-master/install/turtlebot3/lib/x86_64-linux-gnu/pkgconfig:/home/ingeolko/turtlebot3-master/install/turtlebot3/lib/pkgconfig:/home/ingeolko/turtlebot3-master/install/turtlebot3_slam/lib/x86_64-linux-gnu/pkgconfig:/home/ingeolko/turtlebot3-master/install/turtlebot3_slam/lib/pkgconfig:/home/ingeolko/turtlebot3-master/install/turtlebot3_navigation/lib/x86_64-linux-gnu/pkgconfig:/home/ingeolko/turtlebot3-master/install/turtlebot3_navigation/lib/pkgconfig:/home/ingeolko/turtlebot3-master/install/turtlebot3_example/lib/x86_64-linux-gnu/pkgconfig:/home/ingeolko/turtlebot3-master/install/turtlebot3_example/lib/pkgconfig:/home/ingeolko/turtlebot3-master/install/turtlebot3_bringup/lib/x86_64-linux-gnu/pkgconfig:/home/ingeolko/turtlebot3-master/install/turtlebot3_bringup/lib/pkgconfig:/opt/ros/melodic/lib/pkgconfig PYTHONPATH=/home/ingeolko/turtlebot3-master/install/turtlebot3_teleop/lib/python2.7/dist-packages:/home/ingeolko/turtlebot3-master/install/turtlebot3_example/lib/python2.7/dist-packages:/opt/ros/melodic/lib/python2.7/dist-packages ROS_PACKAGE_PATH=/home/ingeolko/turtlebot3-master/install/turtlebot3_teleop/share:/home/ingeolko/turtlebot3-master/install/turtlebot3_description/share:/home/ingeolko/turtlebot3-master/install/turtlebot3/share:/home/ingeolko/turtlebot3-master/install/turtlebot3_slam/share:/home/ingeolko/turtlebot3-master/install/turtlebot3_navigation/share:/home/ingeolko/turtlebot3-master/install/turtlebot3_example/share:/home/ingeolko/turtlebot3-master/install/turtlebot3_bringup/share:/opt/ros/melodic/share /usr/bin/cmake --build /home/ingeolko/turtlebot3-master/build/turtlebot3_bringup -- -j4 -l4
[0.624s] Invoking command in '/home/ingeolko/turtlebot3-master/build/turtlebot3_bringup': CMAKE_PREFIX_PATH=/home/ingeolko/turtlebot3-master/install/turtlebot3_teleop:/home/ingeolko/turtlebot3-master/install/turtlebot3_description:/home/ingeolko/turtlebot3-master/install/turtlebot3_slam:/home/ingeolko/turtlebot3-master/install/turtlebot3_navigation:/home/ingeolko/turtlebot3-master/install/turtlebot3_example:/home/ingeolko/turtlebot3-master/install/turtlebot3_bringup:/opt/ros/melodic PKG_CONFIG_PATH=/home/ingeolko/turtlebot3-master/install/turtlebot3_teleop/lib/x86_64-linux-gnu/pkgconfig:/home/ingeolko/turtlebot3-master/install/turtlebot3_teleop/lib/pkgconfig:/home/ingeolko/turtlebot3-master/install/turtlebot3_description/lib/x86_64-linux-gnu/pkgconfig:/home/ingeolko/turtlebot3-master/install/turtlebot3_description/lib/pkgconfig:/home/ingeolko/turtlebot3-master/install/turtlebot3/lib/x86_64-linux-gnu/pkgconfig:/home/ingeolko/turtlebot3-master/install/turtlebot3/lib/pkgconfig:/home/ingeolko/turtlebot3-master/install/turtlebot3_slam/lib/x86_64-linux-gnu/pkgconfig:/home/ingeolko/turtlebot3-master/install/turtlebot3_slam/lib/pkgconfig:/home/ingeolko/turtlebot3-master/install/turtlebot3_navigation/lib/x86_64-linux-gnu/pkgconfig:/home/ingeolko/turtlebot3-master/install/turtlebot3_navigation/lib/pkgconfig:/home/ingeolko/turtlebot3-master/install/turtlebot3_example/lib/x86_64-linux-gnu/pkgconfig:/home/ingeolko/turtlebot3-master/install/turtlebot3_example/lib/pkgconfig:/home/ingeolko/turtlebot3-master/install/turtlebot3_bringup/lib/x86_64-linux-gnu/pkgconfig:/home/ingeolko/turtlebot3-master/install/turtlebot3_bringup/lib/pkgconfig:/opt/ros/melodic/lib/pkgconfig PYTHONPATH=/home/ingeolko/turtlebot3-master/install/turtlebot3_teleop/lib/python2.7/dist-packages:/home/ingeolko/turtlebot3-master/install/turtlebot3_example/lib/python2.7/dist-packages:/opt/ros/melodic/lib/python2.7/dist-packages ROS_PACKAGE_PATH=/home/ingeolko/turtlebot3-master/install/turtlebot3_teleop/share:/home/ingeolko/turtlebot3-master/install/turtlebot3_description/share:/home/ingeolko/turtlebot3-master/install/turtlebot3/share:/home/ingeolko/turtlebot3-master/install/turtlebot3_slam/share:/home/ingeolko/turtlebot3-master/install/turtlebot3_navigation/share:/home/ingeolko/turtlebot3-master/install/turtlebot3_example/share:/home/ingeolko/turtlebot3-master/install/turtlebot3_bringup/share:/opt/ros/melodic/share /usr/bin/cmake --build /home/ingeolko/turtlebot3-master/build/turtlebot3_bringup --target tests -- -j4 -l4
[0.706s] Built target tests
[0.723s] Invoked command in '/home/ingeolko/turtlebot3-master/build/turtlebot3_bringup' returned '0': CMAKE_PREFIX_PATH=/home/ingeolko/turtlebot3-master/install/turtlebot3_teleop:/home/ingeolko/turtlebot3-master/install/turtlebot3_description:/home/ingeolko/turtlebot3-master/install/turtlebot3_slam:/home/ingeolko/turtlebot3-master/install/turtlebot3_navigation:/home/ingeolko/turtlebot3-master/install/turtlebot3_example:/home/ingeolko/turtlebot3-master/install/turtlebot3_bringup:/opt/ros/melodic PKG_CONFIG_PATH=/home/ingeolko/turtlebot3-master/install/turtlebot3_teleop/lib/x86_64-linux-gnu/pkgconfig:/home/ingeolko/turtlebot3-master/install/turtlebot3_teleop/lib/pkgconfig:/home/ingeolko/turtlebot3-master/install/turtlebot3_description/lib/x86_64-linux-gnu/pkgconfig:/home/ingeolko/turtlebot3-master/install/turtlebot3_description/lib/pkgconfig:/home/ingeolko/turtlebot3-master/install/turtlebot3/lib/x86_64-linux-gnu/pkgconfig:/home/ingeolko/turtlebot3-master/install/turtlebot3/lib/pkgconfig:/home/ingeolko/turtlebot3-master/install/turtlebot3_slam/lib/x86_64-linux-gnu/pkgconfig:/home/ingeolko/turtlebot3-master/install/turtlebot3_slam/lib/pkgconfig:/home/ingeolko/turtlebot3-master/install/turtlebot3_navigation/lib/x86_64-linux-gnu/pkgconfig:/home/ingeolko/turtlebot3-master/install/turtlebot3_navigation/lib/pkgconfig:/home/ingeolko/turtlebot3-master/install/turtlebot3_example/lib/x86_64-linux-gnu/pkgconfig:/home/ingeolko/turtlebot3-master/install/turtlebot3_example/lib/pkgconfig:/home/ingeolko/turtlebot3-master/install/turtlebot3_bringup/lib/x86_64-linux-gnu/pkgconfig:/home/ingeolko/turtlebot3-master/install/turtlebot3_bringup/lib/pkgconfig:/opt/ros/melodic/lib/pkgconfig PYTHONPATH=/home/ingeolko/turtlebot3-master/install/turtlebot3_teleop/lib/python2.7/dist-packages:/home/ingeolko/turtlebot3-master/install/turtlebot3_example/lib/python2.7/dist-packages:/opt/ros/melodic/lib/python2.7/dist-packages ROS_PACKAGE_PATH=/home/ingeolko/turtlebot3-master/install/turtlebot3_teleop/share:/home/ingeolko/turtlebot3-master/install/turtlebot3_description/share:/home/ingeolko/turtlebot3-master/install/turtlebot3/share:/home/ingeolko/turtlebot3-master/install/turtlebot3_slam/share:/home/ingeolko/turtlebot3-master/install/turtlebot3_navigation/share:/home/ingeolko/turtlebot3-master/install/turtlebot3_example/share:/home/ingeolko/turtlebot3-master/install/turtlebot3_bringup/share:/opt/ros/melodic/share /usr/bin/cmake --build /home/ingeolko/turtlebot3-master/build/turtlebot3_bringup --target tests -- -j4 -l4
[0.783s] Invoking command in '/home/ingeolko/turtlebot3-master/build/turtlebot3_bringup': CMAKE_PREFIX_PATH=/home/ingeolko/turtlebot3-master/install/turtlebot3_teleop:/home/ingeolko/turtlebot3-master/install/turtlebot3_description:/home/ingeolko/turtlebot3-master/install/turtlebot3_slam:/home/ingeolko/turtlebot3-master/install/turtlebot3_navigation:/home/ingeolko/turtlebot3-master/install/turtlebot3_example:/home/ingeolko/turtlebot3-master/install/turtlebot3_bringup:/opt/ros/melodic PKG_CONFIG_PATH=/home/ingeolko/turtlebot3-master/install/turtlebot3_teleop/lib/x86_64-linux-gnu/pkgconfig:/home/ingeolko/turtlebot3-master/install/turtlebot3_teleop/lib/pkgconfig:/home/ingeolko/turtlebot3-master/install/turtlebot3_description/lib/x86_64-linux-gnu/pkgconfig:/home/ingeolko/turtlebot3-master/install/turtlebot3_description/lib/pkgconfig:/home/ingeolko/turtlebot3-master/install/turtlebot3/lib/x86_64-linux-gnu/pkgconfig:/home/ingeolko/turtlebot3-master/install/turtlebot3/lib/pkgconfig:/home/ingeolko/turtlebot3-master/install/turtlebot3_slam/lib/x86_64-linux-gnu/pkgconfig:/home/ingeolko/turtlebot3-master/install/turtlebot3_slam/lib/pkgconfig:/home/ingeolko/turtlebot3-master/install/turtlebot3_navigation/lib/x86_64-linux-gnu/pkgconfig:/home/ingeolko/turtlebot3-master/install/turtlebot3_navigation/lib/pkgconfig:/home/ingeolko/turtlebot3-master/install/turtlebot3_example/lib/x86_64-linux-gnu/pkgconfig:/home/ingeolko/turtlebot3-master/install/turtlebot3_example/lib/pkgconfig:/home/ingeolko/turtlebot3-master/install/turtlebot3_bringup/lib/x86_64-linux-gnu/pkgconfig:/home/ingeolko/turtlebot3-master/install/turtlebot3_bringup/lib/pkgconfig:/opt/ros/melodic/lib/pkgconfig PYTHONPATH=/home/ingeolko/turtlebot3-master/install/turtlebot3_teleop/lib/python2.7/dist-packages:/home/ingeolko/turtlebot3-master/install/turtlebot3_example/lib/python2.7/dist-packages:/opt/ros/melodic/lib/python2.7/dist-packages ROS_PACKAGE_PATH=/home/ingeolko/turtlebot3-master/install/turtlebot3_teleop/share:/home/ingeolko/turtlebot3-master/install/turtlebot3_description/share:/home/ingeolko/turtlebot3-master/install/turtlebot3/share:/home/ingeolko/turtlebot3-master/install/turtlebot3_slam/share:/home/ingeolko/turtlebot3-master/install/turtlebot3_navigation/share:/home/ingeolko/turtlebot3-master/install/turtlebot3_example/share:/home/ingeolko/turtlebot3-master/install/turtlebot3_bringup/share:/opt/ros/melodic/share /usr/bin/cmake --build /home/ingeolko/turtlebot3-master/build/turtlebot3_bringup --target install -- -j4 -l4
[0.876s] [  0%] Built target turtlebot3_msgs_generate_messages_lisp
[0.877s] [  0%] Built target turtlebot3_msgs_generate_messages_eus
[0.878s] [  0%] Built target turtlebot3_msgs_generate_messages_cpp
[0.886s] [  0%] Built target turtlebot3_msgs_generate_messages_nodejs
[0.911s] [  0%] Built target rosgraph_msgs_generate_messages_nodejs
[0.915s] [  0%] Built target rosgraph_msgs_generate_messages_lisp
[0.915s] [  0%] Built target rosgraph_msgs_generate_messages_py
[0.940s] [  0%] Built target rosgraph_msgs_generate_messages_cpp
[0.964s] [  0%] Built target std_msgs_generate_messages_py
[0.966s] [  0%] Built target std_msgs_generate_messages_eus
[0.967s] [  0%] Built target rosgraph_msgs_generate_messages_eus
[0.995s] [  0%] Built target roscpp_generate_messages_py
[1.002s] [  0%] Built target geometry_msgs_generate_messages_eus
[1.005s] [  0%] Built target roscpp_generate_messages_eus
[1.017s] [  0%] Built target roscpp_generate_messages_nodejs
[1.046s] [  0%] Built target roscpp_generate_messages_lisp
[1.058s] [  0%] Built target sensor_msgs_generate_messages_py
[1.059s] [  0%] Built target std_msgs_generate_messages_cpp
[1.071s] [  0%] Built target geometry_msgs_generate_messages_nodejs
[1.105s] [  0%] Built target diagnostic_msgs_generate_messages_eus
[1.113s] [  0%] Built target diagnostic_msgs_generate_messages_cpp
[1.121s] [  0%] Built target sensor_msgs_generate_messages_cpp
[1.128s] [  0%] Built target std_msgs_generate_messages_lisp
[1.148s] [  0%] Built target std_msgs_generate_messages_nodejs
[1.158s] [  0%] Built target sensor_msgs_generate_messages_lisp
[1.173s] [  0%] Built target turtlebot3_msgs_generate_messages_py
[1.173s] [  0%] Built target sensor_msgs_generate_messages_eus
[1.212s] [  0%] Built target geometry_msgs_generate_messages_cpp
[1.216s] [  0%] Built target sensor_msgs_generate_messages_nodejs
[1.228s] [  0%] Built target roscpp_generate_messages_cpp
[1.250s] [  0%] Built target diagnostic_msgs_generate_messages_py
[1.268s] [  0%] Built target geometry_msgs_generate_messages_lisp
[1.277s] [  0%] Built target diagnostic_msgs_generate_messages_nodejs
[1.285s] [  0%] Built target geometry_msgs_generate_messages_py
[1.287s] [  0%] Built target diagnostic_msgs_generate_messages_lisp
[1.317s] [100%] Built target turtlebot3_diagnostics
[1.341s] [36mInstall the project...[0m
[1.345s] -- Install configuration: ""
[1.345s] -- Up-to-date: /home/ingeolko/turtlebot3-master/install/turtlebot3_bringup/lib/pkgconfig/turtlebot3_bringup.pc
[1.346s] -- Up-to-date: /home/ingeolko/turtlebot3-master/install/turtlebot3_bringup/share/turtlebot3_bringup/cmake/turtlebot3_bringupConfig.cmake
[1.346s] -- Up-to-date: /home/ingeolko/turtlebot3-master/install/turtlebot3_bringup/share/turtlebot3_bringup/cmake/turtlebot3_bringupConfig-version.cmake
[1.346s] -- Up-to-date: /home/ingeolko/turtlebot3-master/install/turtlebot3_bringup/share/turtlebot3_bringup/package.xml
[1.346s] -- Up-to-date: /home/ingeolko/turtlebot3-master/install/turtlebot3_bringup/lib/turtlebot3_bringup/turtlebot3_diagnostics
[1.346s] -- Up-to-date: /home/ingeolko/turtlebot3-master/install/turtlebot3_bringup/lib/turtlebot3_bringup/create_udev_rules
[1.346s] -- Up-to-date: /home/ingeolko/turtlebot3-master/install/turtlebot3_bringup/share/turtlebot3_bringup/launch
[1.346s] -- Up-to-date: /home/ingeolko/turtlebot3-master/install/turtlebot3_bringup/share/turtlebot3_bringup/launch/turtlebot3_lidar.launch
[1.346s] -- Up-to-date: /home/ingeolko/turtlebot3-master/install/turtlebot3_bringup/share/turtlebot3_bringup/launch/includes
[1.346s] -- Up-to-date: /home/ingeolko/turtlebot3-master/install/turtlebot3_bringup/share/turtlebot3_bringup/launch/includes/description.launch.xml
[1.347s] -- Up-to-date: /home/ingeolko/turtlebot3-master/install/turtlebot3_bringup/share/turtlebot3_bringup/launch/turtlebot3_core.launch
[1.347s] -- Up-to-date: /home/ingeolko/turtlebot3-master/install/turtlebot3_bringup/share/turtlebot3_bringup/launch/turtlebot3_remote.launch
[1.347s] -- Up-to-date: /home/ingeolko/turtlebot3-master/install/turtlebot3_bringup/share/turtlebot3_bringup/launch/turtlebot3_rpicamera.launch
[1.347s] -- Up-to-date: /home/ingeolko/turtlebot3-master/install/turtlebot3_bringup/share/turtlebot3_bringup/launch/turtlebot3_model.launch
[1.347s] -- Up-to-date: /home/ingeolko/turtlebot3-master/install/turtlebot3_bringup/share/turtlebot3_bringup/launch/turtlebot3_realsense.launch
[1.347s] -- Up-to-date: /home/ingeolko/turtlebot3-master/install/turtlebot3_bringup/share/turtlebot3_bringup/launch/turtlebot3_robot.launch
[1.347s] -- Up-to-date: /home/ingeolko/turtlebot3-master/install/turtlebot3_bringup/share/turtlebot3_bringup/99-turtlebot3-cdc.rules
[1.350s] Invoked command in '/home/ingeolko/turtlebot3-master/build/turtlebot3_bringup' returned '0': CMAKE_PREFIX_PATH=/home/ingeolko/turtlebot3-master/install/turtlebot3_teleop:/home/ingeolko/turtlebot3-master/install/turtlebot3_description:/home/ingeolko/turtlebot3-master/install/turtlebot3_slam:/home/ingeolko/turtlebot3-master/install/turtlebot3_navigation:/home/ingeolko/turtlebot3-master/install/turtlebot3_example:/home/ingeolko/turtlebot3-master/install/turtlebot3_bringup:/opt/ros/melodic PKG_CONFIG_PATH=/home/ingeolko/turtlebot3-master/install/turtlebot3_teleop/lib/x86_64-linux-gnu/pkgconfig:/home/ingeolko/turtlebot3-master/install/turtlebot3_teleop/lib/pkgconfig:/home/ingeolko/turtlebot3-master/install/turtlebot3_description/lib/x86_64-linux-gnu/pkgconfig:/home/ingeolko/turtlebot3-master/install/turtlebot3_description/lib/pkgconfig:/home/ingeolko/turtlebot3-master/install/turtlebot3/lib/x86_64-linux-gnu/pkgconfig:/home/ingeolko/turtlebot3-master/install/turtlebot3/lib/pkgconfig:/home/ingeolko/turtlebot3-master/install/turtlebot3_slam/lib/x86_64-linux-gnu/pkgconfig:/home/ingeolko/turtlebot3-master/install/turtlebot3_slam/lib/pkgconfig:/home/ingeolko/turtlebot3-master/install/turtlebot3_navigation/lib/x86_64-linux-gnu/pkgconfig:/home/ingeolko/turtlebot3-master/install/turtlebot3_navigation/lib/pkgconfig:/home/ingeolko/turtlebot3-master/install/turtlebot3_example/lib/x86_64-linux-gnu/pkgconfig:/home/ingeolko/turtlebot3-master/install/turtlebot3_example/lib/pkgconfig:/home/ingeolko/turtlebot3-master/install/turtlebot3_bringup/lib/x86_64-linux-gnu/pkgconfig:/home/ingeolko/turtlebot3-master/install/turtlebot3_bringup/lib/pkgconfig:/opt/ros/melodic/lib/pkgconfig PYTHONPATH=/home/ingeolko/turtlebot3-master/install/turtlebot3_teleop/lib/python2.7/dist-packages:/home/ingeolko/turtlebot3-master/install/turtlebot3_example/lib/python2.7/dist-packages:/opt/ros/melodic/lib/python2.7/dist-packages ROS_PACKAGE_PATH=/home/ingeolko/turtlebot3-master/install/turtlebot3_teleop/share:/home/ingeolko/turtlebot3-master/install/turtlebot3_description/share:/home/ingeolko/turtlebot3-master/install/turtlebot3/share:/home/ingeolko/turtlebot3-master/install/turtlebot3_slam/share:/home/ingeolko/turtlebot3-master/install/turtlebot3_navigation/share:/home/ingeolko/turtlebot3-master/install/turtlebot3_example/share:/home/ingeolko/turtlebot3-master/install/turtlebot3_bringup/share:/opt/ros/melodic/share /usr/bin/cmake --build /home/ingeolko/turtlebot3-master/build/turtlebot3_bringup --target install -- -j4 -l4
