[0.019s] Invoking command in '/home/ingeolko/turtlebot3-master/build/turtlebot3_example': CMAKE_PREFIX_PATH=/home/ingeolko/turtlebot3-master/install/turtlebot3_bringup:/home/ingeolko/turtlebot3-master/install/turtlebot3_teleop:/home/ingeolko/turtlebot3-master/install/turtlebot3_description:/home/ingeolko/turtlebot3-master/install/turtlebot3_slam:/home/ingeolko/turtlebot3-master/install/turtlebot3_navigation:/home/ingeolko/turtlebot3-master/install/turtlebot3_example:/opt/ros/melodic PKG_CONFIG_PATH=/home/ingeolko/turtlebot3-master/install/turtlebot3_bringup/lib/x86_64-linux-gnu/pkgconfig:/home/ingeolko/turtlebot3-master/install/turtlebot3_bringup/lib/pkgconfig:/home/ingeolko/turtlebot3-master/install/turtlebot3_teleop/lib/x86_64-linux-gnu/pkgconfig:/home/ingeolko/turtlebot3-master/install/turtlebot3_teleop/lib/pkgconfig:/home/ingeolko/turtlebot3-master/install/turtlebot3_description/lib/x86_64-linux-gnu/pkgconfig:/home/ingeolko/turtlebot3-master/install/turtlebot3_description/lib/pkgconfig:/home/ingeolko/turtlebot3-master/install/turtlebot3/lib/x86_64-linux-gnu/pkgconfig:/home/ingeolko/turtlebot3-master/install/turtlebot3/lib/pkgconfig:/home/ingeolko/turtlebot3-master/install/turtlebot3_slam/lib/x86_64-linux-gnu/pkgconfig:/home/ingeolko/turtlebot3-master/install/turtlebot3_slam/lib/pkgconfig:/home/ingeolko/turtlebot3-master/install/turtlebot3_navigation/lib/x86_64-linux-gnu/pkgconfig:/home/ingeolko/turtlebot3-master/install/turtlebot3_navigation/lib/pkgconfig:/home/ingeolko/turtlebot3-master/install/turtlebot3_example/lib/x86_64-linux-gnu/pkgconfig:/home/ingeolko/turtlebot3-master/install/turtlebot3_example/lib/pkgconfig:/opt/ros/melodic/lib/pkgconfig PYTHONPATH=/home/ingeolko/turtlebot3-master/install/turtlebot3_teleop/lib/python2.7/dist-packages:/home/ingeolko/turtlebot3-master/install/turtlebot3_example/lib/python2.7/dist-packages:/opt/ros/melodic/lib/python2.7/dist-packages ROS_PACKAGE_PATH=/home/ingeolko/turtlebot3-master/install/turtlebot3_bringup/share:/home/ingeolko/turtlebot3-master/install/turtlebot3_teleop/share:/home/ingeolko/turtlebot3-master/install/turtlebot3_description/share:/home/ingeolko/turtlebot3-master/install/turtlebot3/share:/home/ingeolko/turtlebot3-master/install/turtlebot3_slam/share:/home/ingeolko/turtlebot3-master/install/turtlebot3_navigation/share:/home/ingeolko/turtlebot3-master/install/turtlebot3_example/share:/opt/ros/melodic/share /usr/bin/cmake --build /home/ingeolko/turtlebot3-master/build/turtlebot3_example -- -j4 -l4
[0.094s] [  0%] Built target geometry_msgs_generate_messages_eus
[0.134s] [  0%] Built target _turtlebot3_example_generate_messages_check_deps_Turtlebot3ActionGoal
[0.153s] [  0%] Built target _turtlebot3_example_generate_messages_check_deps_Turtlebot3Action
[0.153s] [  0%] Built target std_msgs_generate_messages_eus
[0.162s] [  0%] Built target _turtlebot3_example_generate_messages_check_deps_Turtlebot3Feedback
[0.226s] [  0%] Built target actionlib_msgs_generate_messages_eus
[0.250s] [  0%] Built target _turtlebot3_example_generate_messages_check_deps_Turtlebot3ActionFeedback
[0.264s] [  0%] Built target _turtlebot3_example_generate_messages_check_deps_Turtlebot3Goal
[0.269s] [  0%] Built target _turtlebot3_example_generate_messages_check_deps_Turtlebot3Result
[0.304s] [  0%] Built target std_msgs_generate_messages_py
[0.319s] [  0%] Built target geometry_msgs_generate_messages_py
[0.325s] [  0%] Built target actionlib_msgs_generate_messages_py
[0.333s] [  0%] Built target std_msgs_generate_messages_lisp
[0.343s] [  0%] Built target _turtlebot3_example_generate_messages_check_deps_Turtlebot3ActionResult
[0.352s] [  0%] Built target actionlib_msgs_generate_messages_lisp
[0.379s] [  0%] Built target actionlib_msgs_generate_messages_nodejs
[0.382s] [  0%] Built target geometry_msgs_generate_messages_lisp
[0.402s] [  0%] Built target std_msgs_generate_messages_nodejs
[0.406s] [  0%] Built target geometry_msgs_generate_messages_nodejs
[0.415s] [  0%] Built target std_msgs_generate_messages_cpp
[0.421s] [  0%] Built target actionlib_msgs_generate_messages_cpp
[0.426s] [  0%] Built target geometry_msgs_generate_messages_cpp
[0.439s] [ 21%] Built target turtlebot3_example_generate_messages_eus
[0.455s] [ 40%] Built target turtlebot3_example_generate_messages_nodejs
[0.466s] [ 59%] Built target turtlebot3_example_generate_messages_lisp
[0.466s] [ 81%] Built target turtlebot3_example_generate_messages_py
[0.472s] [100%] Built target turtlebot3_example_generate_messages_cpp
[0.489s] [100%] Built target turtlebot3_example_generate_messages
[0.513s] Invoked command in '/home/ingeolko/turtlebot3-master/build/turtlebot3_example' returned '0': CMAKE_PREFIX_PATH=/home/ingeolko/turtlebot3-master/install/turtlebot3_bringup:/home/ingeolko/turtlebot3-master/install/turtlebot3_teleop:/home/ingeolko/turtlebot3-master/install/turtlebot3_description:/home/ingeolko/turtlebot3-master/install/turtlebot3_slam:/home/ingeolko/turtlebot3-master/install/turtlebot3_navigation:/home/ingeolko/turtlebot3-master/install/turtlebot3_example:/opt/ros/melodic PKG_CONFIG_PATH=/home/ingeolko/turtlebot3-master/install/turtlebot3_bringup/lib/x86_64-linux-gnu/pkgconfig:/home/ingeolko/turtlebot3-master/install/turtlebot3_bringup/lib/pkgconfig:/home/ingeolko/turtlebot3-master/install/turtlebot3_teleop/lib/x86_64-linux-gnu/pkgconfig:/home/ingeolko/turtlebot3-master/install/turtlebot3_teleop/lib/pkgconfig:/home/ingeolko/turtlebot3-master/install/turtlebot3_description/lib/x86_64-linux-gnu/pkgconfig:/home/ingeolko/turtlebot3-master/install/turtlebot3_description/lib/pkgconfig:/home/ingeolko/turtlebot3-master/install/turtlebot3/lib/x86_64-linux-gnu/pkgconfig:/home/ingeolko/turtlebot3-master/install/turtlebot3/lib/pkgconfig:/home/ingeolko/turtlebot3-master/install/turtlebot3_slam/lib/x86_64-linux-gnu/pkgconfig:/home/ingeolko/turtlebot3-master/install/turtlebot3_slam/lib/pkgconfig:/home/ingeolko/turtlebot3-master/install/turtlebot3_navigation/lib/x86_64-linux-gnu/pkgconfig:/home/ingeolko/turtlebot3-master/install/turtlebot3_navigation/lib/pkgconfig:/home/ingeolko/turtlebot3-master/install/turtlebot3_example/lib/x86_64-linux-gnu/pkgconfig:/home/ingeolko/turtlebot3-master/install/turtlebot3_example/lib/pkgconfig:/opt/ros/melodic/lib/pkgconfig PYTHONPATH=/home/ingeolko/turtlebot3-master/install/turtlebot3_teleop/lib/python2.7/dist-packages:/home/ingeolko/turtlebot3-master/install/turtlebot3_example/lib/python2.7/dist-packages:/opt/ros/melodic/lib/python2.7/dist-packages ROS_PACKAGE_PATH=/home/ingeolko/turtlebot3-master/install/turtlebot3_bringup/share:/home/ingeolko/turtlebot3-master/install/turtlebot3_teleop/share:/home/ingeolko/turtlebot3-master/install/turtlebot3_description/share:/home/ingeolko/turtlebot3-master/install/turtlebot3/share:/home/ingeolko/turtlebot3-master/install/turtlebot3_slam/share:/home/ingeolko/turtlebot3-master/install/turtlebot3_navigation/share:/home/ingeolko/turtlebot3-master/install/turtlebot3_example/share:/opt/ros/melodic/share /usr/bin/cmake --build /home/ingeolko/turtlebot3-master/build/turtlebot3_example -- -j4 -l4
[0.598s] Invoking command in '/home/ingeolko/turtlebot3-master/build/turtlebot3_example': CMAKE_PREFIX_PATH=/home/ingeolko/turtlebot3-master/install/turtlebot3_bringup:/home/ingeolko/turtlebot3-master/install/turtlebot3_teleop:/home/ingeolko/turtlebot3-master/install/turtlebot3_description:/home/ingeolko/turtlebot3-master/install/turtlebot3_slam:/home/ingeolko/turtlebot3-master/install/turtlebot3_navigation:/home/ingeolko/turtlebot3-master/install/turtlebot3_example:/opt/ros/melodic PKG_CONFIG_PATH=/home/ingeolko/turtlebot3-master/install/turtlebot3_bringup/lib/x86_64-linux-gnu/pkgconfig:/home/ingeolko/turtlebot3-master/install/turtlebot3_bringup/lib/pkgconfig:/home/ingeolko/turtlebot3-master/install/turtlebot3_teleop/lib/x86_64-linux-gnu/pkgconfig:/home/ingeolko/turtlebot3-master/install/turtlebot3_teleop/lib/pkgconfig:/home/ingeolko/turtlebot3-master/install/turtlebot3_description/lib/x86_64-linux-gnu/pkgconfig:/home/ingeolko/turtlebot3-master/install/turtlebot3_description/lib/pkgconfig:/home/ingeolko/turtlebot3-master/install/turtlebot3/lib/x86_64-linux-gnu/pkgconfig:/home/ingeolko/turtlebot3-master/install/turtlebot3/lib/pkgconfig:/home/ingeolko/turtlebot3-master/install/turtlebot3_slam/lib/x86_64-linux-gnu/pkgconfig:/home/ingeolko/turtlebot3-master/install/turtlebot3_slam/lib/pkgconfig:/home/ingeolko/turtlebot3-master/install/turtlebot3_navigation/lib/x86_64-linux-gnu/pkgconfig:/home/ingeolko/turtlebot3-master/install/turtlebot3_navigation/lib/pkgconfig:/home/ingeolko/turtlebot3-master/install/turtlebot3_example/lib/x86_64-linux-gnu/pkgconfig:/home/ingeolko/turtlebot3-master/install/turtlebot3_example/lib/pkgconfig:/opt/ros/melodic/lib/pkgconfig PYTHONPATH=/home/ingeolko/turtlebot3-master/install/turtlebot3_teleop/lib/python2.7/dist-packages:/home/ingeolko/turtlebot3-master/install/turtlebot3_example/lib/python2.7/dist-packages:/opt/ros/melodic/lib/python2.7/dist-packages ROS_PACKAGE_PATH=/home/ingeolko/turtlebot3-master/install/turtlebot3_bringup/share:/home/ingeolko/turtlebot3-master/install/turtlebot3_teleop/share:/home/ingeolko/turtlebot3-master/install/turtlebot3_description/share:/home/ingeolko/turtlebot3-master/install/turtlebot3/share:/home/ingeolko/turtlebot3-master/install/turtlebot3_slam/share:/home/ingeolko/turtlebot3-master/install/turtlebot3_navigation/share:/home/ingeolko/turtlebot3-master/install/turtlebot3_example/share:/opt/ros/melodic/share /usr/bin/cmake --build /home/ingeolko/turtlebot3-master/build/turtlebot3_example --target tests -- -j4 -l4
[0.665s] Built target tests
[0.679s] Invoked command in '/home/ingeolko/turtlebot3-master/build/turtlebot3_example' returned '0': CMAKE_PREFIX_PATH=/home/ingeolko/turtlebot3-master/install/turtlebot3_bringup:/home/ingeolko/turtlebot3-master/install/turtlebot3_teleop:/home/ingeolko/turtlebot3-master/install/turtlebot3_description:/home/ingeolko/turtlebot3-master/install/turtlebot3_slam:/home/ingeolko/turtlebot3-master/install/turtlebot3_navigation:/home/ingeolko/turtlebot3-master/install/turtlebot3_example:/opt/ros/melodic PKG_CONFIG_PATH=/home/ingeolko/turtlebot3-master/install/turtlebot3_bringup/lib/x86_64-linux-gnu/pkgconfig:/home/ingeolko/turtlebot3-master/install/turtlebot3_bringup/lib/pkgconfig:/home/ingeolko/turtlebot3-master/install/turtlebot3_teleop/lib/x86_64-linux-gnu/pkgconfig:/home/ingeolko/turtlebot3-master/install/turtlebot3_teleop/lib/pkgconfig:/home/ingeolko/turtlebot3-master/install/turtlebot3_description/lib/x86_64-linux-gnu/pkgconfig:/home/ingeolko/turtlebot3-master/install/turtlebot3_description/lib/pkgconfig:/home/ingeolko/turtlebot3-master/install/turtlebot3/lib/x86_64-linux-gnu/pkgconfig:/home/ingeolko/turtlebot3-master/install/turtlebot3/lib/pkgconfig:/home/ingeolko/turtlebot3-master/install/turtlebot3_slam/lib/x86_64-linux-gnu/pkgconfig:/home/ingeolko/turtlebot3-master/install/turtlebot3_slam/lib/pkgconfig:/home/ingeolko/turtlebot3-master/install/turtlebot3_navigation/lib/x86_64-linux-gnu/pkgconfig:/home/ingeolko/turtlebot3-master/install/turtlebot3_navigation/lib/pkgconfig:/home/ingeolko/turtlebot3-master/install/turtlebot3_example/lib/x86_64-linux-gnu/pkgconfig:/home/ingeolko/turtlebot3-master/install/turtlebot3_example/lib/pkgconfig:/opt/ros/melodic/lib/pkgconfig PYTHONPATH=/home/ingeolko/turtlebot3-master/install/turtlebot3_teleop/lib/python2.7/dist-packages:/home/ingeolko/turtlebot3-master/install/turtlebot3_example/lib/python2.7/dist-packages:/opt/ros/melodic/lib/python2.7/dist-packages ROS_PACKAGE_PATH=/home/ingeolko/turtlebot3-master/install/turtlebot3_bringup/share:/home/ingeolko/turtlebot3-master/install/turtlebot3_teleop/share:/home/ingeolko/turtlebot3-master/install/turtlebot3_description/share:/home/ingeolko/turtlebot3-master/install/turtlebot3/share:/home/ingeolko/turtlebot3-master/install/turtlebot3_slam/share:/home/ingeolko/turtlebot3-master/install/turtlebot3_navigation/share:/home/ingeolko/turtlebot3-master/install/turtlebot3_example/share:/opt/ros/melodic/share /usr/bin/cmake --build /home/ingeolko/turtlebot3-master/build/turtlebot3_example --target tests -- -j4 -l4
[0.818s] Invoking command in '/home/ingeolko/turtlebot3-master/build/turtlebot3_example': CMAKE_PREFIX_PATH=/home/ingeolko/turtlebot3-master/install/turtlebot3_bringup:/home/ingeolko/turtlebot3-master/install/turtlebot3_teleop:/home/ingeolko/turtlebot3-master/install/turtlebot3_description:/home/ingeolko/turtlebot3-master/install/turtlebot3_slam:/home/ingeolko/turtlebot3-master/install/turtlebot3_navigation:/home/ingeolko/turtlebot3-master/install/turtlebot3_example:/opt/ros/melodic PKG_CONFIG_PATH=/home/ingeolko/turtlebot3-master/install/turtlebot3_bringup/lib/x86_64-linux-gnu/pkgconfig:/home/ingeolko/turtlebot3-master/install/turtlebot3_bringup/lib/pkgconfig:/home/ingeolko/turtlebot3-master/install/turtlebot3_teleop/lib/x86_64-linux-gnu/pkgconfig:/home/ingeolko/turtlebot3-master/install/turtlebot3_teleop/lib/pkgconfig:/home/ingeolko/turtlebot3-master/install/turtlebot3_description/lib/x86_64-linux-gnu/pkgconfig:/home/ingeolko/turtlebot3-master/install/turtlebot3_description/lib/pkgconfig:/home/ingeolko/turtlebot3-master/install/turtlebot3/lib/x86_64-linux-gnu/pkgconfig:/home/ingeolko/turtlebot3-master/install/turtlebot3/lib/pkgconfig:/home/ingeolko/turtlebot3-master/install/turtlebot3_slam/lib/x86_64-linux-gnu/pkgconfig:/home/ingeolko/turtlebot3-master/install/turtlebot3_slam/lib/pkgconfig:/home/ingeolko/turtlebot3-master/install/turtlebot3_navigation/lib/x86_64-linux-gnu/pkgconfig:/home/ingeolko/turtlebot3-master/install/turtlebot3_navigation/lib/pkgconfig:/home/ingeolko/turtlebot3-master/install/turtlebot3_example/lib/x86_64-linux-gnu/pkgconfig:/home/ingeolko/turtlebot3-master/install/turtlebot3_example/lib/pkgconfig:/opt/ros/melodic/lib/pkgconfig PYTHONPATH=/home/ingeolko/turtlebot3-master/install/turtlebot3_teleop/lib/python2.7/dist-packages:/home/ingeolko/turtlebot3-master/install/turtlebot3_example/lib/python2.7/dist-packages:/opt/ros/melodic/lib/python2.7/dist-packages ROS_PACKAGE_PATH=/home/ingeolko/turtlebot3-master/install/turtlebot3_bringup/share:/home/ingeolko/turtlebot3-master/install/turtlebot3_teleop/share:/home/ingeolko/turtlebot3-master/install/turtlebot3_description/share:/home/ingeolko/turtlebot3-master/install/turtlebot3/share:/home/ingeolko/turtlebot3-master/install/turtlebot3_slam/share:/home/ingeolko/turtlebot3-master/install/turtlebot3_navigation/share:/home/ingeolko/turtlebot3-master/install/turtlebot3_example/share:/opt/ros/melodic/share /usr/bin/cmake --build /home/ingeolko/turtlebot3-master/build/turtlebot3_example --target install -- -j4 -l4
[0.878s] [  0%] Built target geometry_msgs_generate_messages_eus
[0.906s] [  0%] Built target _turtlebot3_example_generate_messages_check_deps_Turtlebot3ActionGoal
[0.910s] [  0%] Built target _turtlebot3_example_generate_messages_check_deps_Turtlebot3Feedback
[0.910s] [  0%] Built target _turtlebot3_example_generate_messages_check_deps_Turtlebot3Action
[0.916s] [  0%] Built target std_msgs_generate_messages_eus
[0.935s] [  0%] Built target actionlib_msgs_generate_messages_eus
[0.961s] [  0%] Built target _turtlebot3_example_generate_messages_check_deps_Turtlebot3ActionFeedback
[0.970s] [  0%] Built target _turtlebot3_example_generate_messages_check_deps_Turtlebot3Result
[0.978s] [  0%] Built target _turtlebot3_example_generate_messages_check_deps_Turtlebot3ActionResult
[0.981s] [  0%] Built target _turtlebot3_example_generate_messages_check_deps_Turtlebot3Goal
[0.989s] [  0%] Built target std_msgs_generate_messages_py
[0.991s] [  0%] Built target actionlib_msgs_generate_messages_py
[0.999s] [  0%] Built target std_msgs_generate_messages_lisp
[1.003s] [  0%] Built target geometry_msgs_generate_messages_py
[1.011s] [  0%] Built target actionlib_msgs_generate_messages_lisp
[1.022s] [  0%] Built target std_msgs_generate_messages_nodejs
[1.022s] [  0%] Built target geometry_msgs_generate_messages_lisp
[1.036s] [  0%] Built target actionlib_msgs_generate_messages_nodejs
[1.044s] [  0%] Built target geometry_msgs_generate_messages_nodejs
[1.046s] [  0%] Built target actionlib_msgs_generate_messages_cpp
[1.054s] [  0%] Built target std_msgs_generate_messages_cpp
[1.059s] [  0%] Built target geometry_msgs_generate_messages_cpp
[1.068s] [ 43%] Built target turtlebot3_example_generate_messages_py
[1.068s] [ 43%] Built target turtlebot3_example_generate_messages_eus
[1.074s] [ 62%] Built target turtlebot3_example_generate_messages_lisp
[1.084s] [ 81%] Built target turtlebot3_example_generate_messages_nodejs
[1.084s] [100%] Built target turtlebot3_example_generate_messages_cpp
[1.102s] [100%] Built target turtlebot3_example_generate_messages
[1.123s] [36mInstall the project...[0m
[1.132s] -- Install configuration: ""
[1.132s] + cd /home/ingeolko/turtlebot3-master/turtlebot3_example
[1.132s] + mkdir -p /home/ingeolko/turtlebot3-master/install/turtlebot3_example/lib/python2.7/dist-packages
[1.133s] + /usr/bin/env PYTHONPATH=/home/ingeolko/turtlebot3-master/install/turtlebot3_example/lib/python2.7/dist-packages:/home/ingeolko/turtlebot3-master/build/turtlebot3_example/lib/python2.7/dist-packages:/home/ingeolko/turtlebot3-master/install/turtlebot3_teleop/lib/python2.7/dist-packages:/home/ingeolko/turtlebot3-master/install/turtlebot3_example/lib/python2.7/dist-packages:/opt/ros/melodic/lib/python2.7/dist-packages CATKIN_BINARY_DIR=/home/ingeolko/turtlebot3-master/build/turtlebot3_example /usr/bin/python2 /home/ingeolko/turtlebot3-master/turtlebot3_example/setup.py build --build-base /home/ingeolko/turtlebot3-master/build/turtlebot3_example install --root=/ --install-layout=deb --prefix=/home/ingeolko/turtlebot3-master/install/turtlebot3_example --install-scripts=/home/ingeolko/turtlebot3-master/install/turtlebot3_example/bin
[1.167s] running build
[1.167s] running build_py
[1.167s] running install
[1.168s] running install_lib
[1.168s] running install_egg_info
[1.169s] Removing /home/ingeolko/turtlebot3-master/install/turtlebot3_example/lib/python2.7/dist-packages/turtlebot3_example-1.2.6.egg-info
[1.169s] Writing /home/ingeolko/turtlebot3-master/install/turtlebot3_example/lib/python2.7/dist-packages/turtlebot3_example-1.2.6.egg-info
[1.172s] -- Up-to-date: /home/ingeolko/turtlebot3-master/install/turtlebot3_example/share/turtlebot3_example/action/Turtlebot3.action
[1.173s] -- Up-to-date: /home/ingeolko/turtlebot3-master/install/turtlebot3_example/share/turtlebot3_example/msg/Turtlebot3Action.msg
[1.173s] -- Up-to-date: /home/ingeolko/turtlebot3-master/install/turtlebot3_example/share/turtlebot3_example/msg/Turtlebot3ActionGoal.msg
[1.174s] -- Up-to-date: /home/ingeolko/turtlebot3-master/install/turtlebot3_example/share/turtlebot3_example/msg/Turtlebot3ActionResult.msg
[1.174s] -- Up-to-date: /home/ingeolko/turtlebot3-master/install/turtlebot3_example/share/turtlebot3_example/msg/Turtlebot3ActionFeedback.msg
[1.174s] -- Up-to-date: /home/ingeolko/turtlebot3-master/install/turtlebot3_example/share/turtlebot3_example/msg/Turtlebot3Goal.msg
[1.174s] -- Up-to-date: /home/ingeolko/turtlebot3-master/install/turtlebot3_example/share/turtlebot3_example/msg/Turtlebot3Result.msg
[1.174s] -- Up-to-date: /home/ingeolko/turtlebot3-master/install/turtlebot3_example/share/turtlebot3_example/msg/Turtlebot3Feedback.msg
[1.174s] -- Up-to-date: /home/ingeolko/turtlebot3-master/install/turtlebot3_example/share/turtlebot3_example/cmake/turtlebot3_example-msg-paths.cmake
[1.175s] -- Up-to-date: /home/ingeolko/turtlebot3-master/install/turtlebot3_example/include/turtlebot3_example
[1.175s] -- Up-to-date: /home/ingeolko/turtlebot3-master/install/turtlebot3_example/include/turtlebot3_example/Turtlebot3ActionResult.h
[1.175s] -- Up-to-date: /home/ingeolko/turtlebot3-master/install/turtlebot3_example/include/turtlebot3_example/Turtlebot3ActionFeedback.h
[1.175s] -- Up-to-date: /home/ingeolko/turtlebot3-master/install/turtlebot3_example/include/turtlebot3_example/Turtlebot3Goal.h
[1.175s] -- Up-to-date: /home/ingeolko/turtlebot3-master/install/turtlebot3_example/include/turtlebot3_example/Turtlebot3Result.h
[1.175s] -- Up-to-date: /home/ingeolko/turtlebot3-master/install/turtlebot3_example/include/turtlebot3_example/Turtlebot3Feedback.h
[1.175s] -- Up-to-date: /home/ingeolko/turtlebot3-master/install/turtlebot3_example/include/turtlebot3_example/Turtlebot3ActionGoal.h
[1.175s] -- Up-to-date: /home/ingeolko/turtlebot3-master/install/turtlebot3_example/include/turtlebot3_example/Turtlebot3Action.h
[1.175s] -- Up-to-date: /home/ingeolko/turtlebot3-master/install/turtlebot3_example/share/roseus/ros/turtlebot3_example
[1.175s] -- Up-to-date: /home/ingeolko/turtlebot3-master/install/turtlebot3_example/share/roseus/ros/turtlebot3_example/msg
[1.175s] -- Up-to-date: /home/ingeolko/turtlebot3-master/install/turtlebot3_example/share/roseus/ros/turtlebot3_example/msg/Turtlebot3ActionResult.l
[1.175s] -- Up-to-date: /home/ingeolko/turtlebot3-master/install/turtlebot3_example/share/roseus/ros/turtlebot3_example/msg/Turtlebot3ActionGoal.l
[1.175s] -- Up-to-date: /home/ingeolko/turtlebot3-master/install/turtlebot3_example/share/roseus/ros/turtlebot3_example/msg/Turtlebot3Feedback.l
[1.176s] -- Up-to-date: /home/ingeolko/turtlebot3-master/install/turtlebot3_example/share/roseus/ros/turtlebot3_example/msg/Turtlebot3Goal.l
[1.176s] -- Up-to-date: /home/ingeolko/turtlebot3-master/install/turtlebot3_example/share/roseus/ros/turtlebot3_example/msg/Turtlebot3Action.l
[1.176s] -- Up-to-date: /home/ingeolko/turtlebot3-master/install/turtlebot3_example/share/roseus/ros/turtlebot3_example/msg/Turtlebot3ActionFeedback.l
[1.176s] -- Up-to-date: /home/ingeolko/turtlebot3-master/install/turtlebot3_example/share/roseus/ros/turtlebot3_example/msg/Turtlebot3Result.l
[1.176s] -- Up-to-date: /home/ingeolko/turtlebot3-master/install/turtlebot3_example/share/roseus/ros/turtlebot3_example/manifest.l
[1.176s] -- Up-to-date: /home/ingeolko/turtlebot3-master/install/turtlebot3_example/share/common-lisp/ros/turtlebot3_example
[1.176s] -- Up-to-date: /home/ingeolko/turtlebot3-master/install/turtlebot3_example/share/common-lisp/ros/turtlebot3_example/msg
[1.176s] -- Up-to-date: /home/ingeolko/turtlebot3-master/install/turtlebot3_example/share/common-lisp/ros/turtlebot3_example/msg/_package_Turtlebot3ActionFeedback.lisp
[1.176s] -- Up-to-date: /home/ingeolko/turtlebot3-master/install/turtlebot3_example/share/common-lisp/ros/turtlebot3_example/msg/Turtlebot3Feedback.lisp
[1.176s] -- Up-to-date: /home/ingeolko/turtlebot3-master/install/turtlebot3_example/share/common-lisp/ros/turtlebot3_example/msg/Turtlebot3Goal.lisp
[1.176s] -- Up-to-date: /home/ingeolko/turtlebot3-master/install/turtlebot3_example/share/common-lisp/ros/turtlebot3_example/msg/_package_Turtlebot3Result.lisp
[1.176s] -- Up-to-date: /home/ingeolko/turtlebot3-master/install/turtlebot3_example/share/common-lisp/ros/turtlebot3_example/msg/_package_Turtlebot3Goal.lisp
[1.176s] -- Up-to-date: /home/ingeolko/turtlebot3-master/install/turtlebot3_example/share/common-lisp/ros/turtlebot3_example/msg/turtlebot3_example-msg.asd
[1.177s] -- Up-to-date: /home/ingeolko/turtlebot3-master/install/turtlebot3_example/share/common-lisp/ros/turtlebot3_example/msg/_package_Turtlebot3ActionResult.lisp
[1.177s] -- Up-to-date: /home/ingeolko/turtlebot3-master/install/turtlebot3_example/share/common-lisp/ros/turtlebot3_example/msg/_package_Turtlebot3ActionGoal.lisp
[1.177s] -- Up-to-date: /home/ingeolko/turtlebot3-master/install/turtlebot3_example/share/common-lisp/ros/turtlebot3_example/msg/_package_Turtlebot3Action.lisp
[1.177s] -- Up-to-date: /home/ingeolko/turtlebot3-master/install/turtlebot3_example/share/common-lisp/ros/turtlebot3_example/msg/Turtlebot3ActionGoal.lisp
[1.177s] -- Up-to-date: /home/ingeolko/turtlebot3-master/install/turtlebot3_example/share/common-lisp/ros/turtlebot3_example/msg/Turtlebot3ActionResult.lisp
[1.177s] -- Up-to-date: /home/ingeolko/turtlebot3-master/install/turtlebot3_example/share/common-lisp/ros/turtlebot3_example/msg/_package_Turtlebot3Feedback.lisp
[1.177s] -- Up-to-date: /home/ingeolko/turtlebot3-master/install/turtlebot3_example/share/common-lisp/ros/turtlebot3_example/msg/Turtlebot3Action.lisp
[1.177s] -- Up-to-date: /home/ingeolko/turtlebot3-master/install/turtlebot3_example/share/common-lisp/ros/turtlebot3_example/msg/Turtlebot3Result.lisp
[1.177s] -- Up-to-date: /home/ingeolko/turtlebot3-master/install/turtlebot3_example/share/common-lisp/ros/turtlebot3_example/msg/_package.lisp
[1.177s] -- Up-to-date: /home/ingeolko/turtlebot3-master/install/turtlebot3_example/share/common-lisp/ros/turtlebot3_example/msg/Turtlebot3ActionFeedback.lisp
[1.177s] -- Up-to-date: /home/ingeolko/turtlebot3-master/install/turtlebot3_example/share/gennodejs/ros/turtlebot3_example
[1.177s] -- Up-to-date: /home/ingeolko/turtlebot3-master/install/turtlebot3_example/share/gennodejs/ros/turtlebot3_example/msg
[1.178s] -- Up-to-date: /home/ingeolko/turtlebot3-master/install/turtlebot3_example/share/gennodejs/ros/turtlebot3_example/msg/Turtlebot3ActionResult.js
[1.178s] -- Up-to-date: /home/ingeolko/turtlebot3-master/install/turtlebot3_example/share/gennodejs/ros/turtlebot3_example/msg/Turtlebot3Action.js
[1.178s] -- Up-to-date: /home/ingeolko/turtlebot3-master/install/turtlebot3_example/share/gennodejs/ros/turtlebot3_example/msg/_index.js
[1.178s] -- Up-to-date: /home/ingeolko/turtlebot3-master/install/turtlebot3_example/share/gennodejs/ros/turtlebot3_example/msg/Turtlebot3Goal.js
[1.178s] -- Up-to-date: /home/ingeolko/turtlebot3-master/install/turtlebot3_example/share/gennodejs/ros/turtlebot3_example/msg/Turtlebot3ActionGoal.js
[1.178s] -- Up-to-date: /home/ingeolko/turtlebot3-master/install/turtlebot3_example/share/gennodejs/ros/turtlebot3_example/msg/Turtlebot3Result.js
[1.178s] -- Up-to-date: /home/ingeolko/turtlebot3-master/install/turtlebot3_example/share/gennodejs/ros/turtlebot3_example/msg/Turtlebot3Feedback.js
[1.178s] -- Up-to-date: /home/ingeolko/turtlebot3-master/install/turtlebot3_example/share/gennodejs/ros/turtlebot3_example/msg/Turtlebot3ActionFeedback.js
[1.178s] -- Up-to-date: /home/ingeolko/turtlebot3-master/install/turtlebot3_example/share/gennodejs/ros/turtlebot3_example/_index.js
[1.188s] Listing /home/ingeolko/turtlebot3-master/build/turtlebot3_example/devel/lib/python2.7/dist-packages/turtlebot3_example ...
[1.188s] Listing /home/ingeolko/turtlebot3-master/build/turtlebot3_example/devel/lib/python2.7/dist-packages/turtlebot3_example/msg ...
[1.190s] -- Up-to-date: /home/ingeolko/turtlebot3-master/install/turtlebot3_example/lib/python2.7/dist-packages/turtlebot3_example
[1.190s] -- Up-to-date: /home/ingeolko/turtlebot3-master/install/turtlebot3_example/lib/python2.7/dist-packages/turtlebot3_example/msg
[1.190s] -- Up-to-date: /home/ingeolko/turtlebot3-master/install/turtlebot3_example/lib/python2.7/dist-packages/turtlebot3_example/msg/_Turtlebot3Goal.pyc
[1.190s] -- Up-to-date: /home/ingeolko/turtlebot3-master/install/turtlebot3_example/lib/python2.7/dist-packages/turtlebot3_example/msg/_Turtlebot3Action.pyc
[1.190s] -- Up-to-date: /home/ingeolko/turtlebot3-master/install/turtlebot3_example/lib/python2.7/dist-packages/turtlebot3_example/msg/_Turtlebot3ActionGoal.py
[1.190s] -- Up-to-date: /home/ingeolko/turtlebot3-master/install/turtlebot3_example/lib/python2.7/dist-packages/turtlebot3_example/msg/_Turtlebot3Result.pyc
[1.190s] -- Up-to-date: /home/ingeolko/turtlebot3-master/install/turtlebot3_example/lib/python2.7/dist-packages/turtlebot3_example/msg/_Turtlebot3Feedback.pyc
[1.190s] -- Up-to-date: /home/ingeolko/turtlebot3-master/install/turtlebot3_example/lib/python2.7/dist-packages/turtlebot3_example/msg/_Turtlebot3Goal.py
[1.191s] -- Up-to-date: /home/ingeolko/turtlebot3-master/install/turtlebot3_example/lib/python2.7/dist-packages/turtlebot3_example/msg/_Turtlebot3ActionResult.py
[1.191s] -- Up-to-date: /home/ingeolko/turtlebot3-master/install/turtlebot3_example/lib/python2.7/dist-packages/turtlebot3_example/msg/_Turtlebot3ActionResult.pyc
[1.191s] -- Up-to-date: /home/ingeolko/turtlebot3-master/install/turtlebot3_example/lib/python2.7/dist-packages/turtlebot3_example/msg/_Turtlebot3Result.py
[1.191s] -- Up-to-date: /home/ingeolko/turtlebot3-master/install/turtlebot3_example/lib/python2.7/dist-packages/turtlebot3_example/msg/_Turtlebot3ActionGoal.pyc
[1.191s] -- Up-to-date: /home/ingeolko/turtlebot3-master/install/turtlebot3_example/lib/python2.7/dist-packages/turtlebot3_example/msg/_Turtlebot3Action.py
[1.191s] -- Up-to-date: /home/ingeolko/turtlebot3-master/install/turtlebot3_example/lib/python2.7/dist-packages/turtlebot3_example/msg/_Turtlebot3Feedback.py
[1.191s] -- Up-to-date: /home/ingeolko/turtlebot3-master/install/turtlebot3_example/lib/python2.7/dist-packages/turtlebot3_example/msg/_Turtlebot3ActionFeedback.pyc
[1.191s] -- Up-to-date: /home/ingeolko/turtlebot3-master/install/turtlebot3_example/lib/python2.7/dist-packages/turtlebot3_example/msg/_Turtlebot3ActionFeedback.py
[1.191s] -- Up-to-date: /home/ingeolko/turtlebot3-master/install/turtlebot3_example/lib/python2.7/dist-packages/turtlebot3_example
[1.192s] -- Up-to-date: /home/ingeolko/turtlebot3-master/install/turtlebot3_example/lib/python2.7/dist-packages/turtlebot3_example/msg
[1.192s] -- Up-to-date: /home/ingeolko/turtlebot3-master/install/turtlebot3_example/lib/python2.7/dist-packages/turtlebot3_example/msg/__init__.py
[1.192s] -- Up-to-date: /home/ingeolko/turtlebot3-master/install/turtlebot3_example/lib/python2.7/dist-packages/turtlebot3_example/msg/__init__.pyc
[1.192s] -- Up-to-date: /home/ingeolko/turtlebot3-master/install/turtlebot3_example/lib/pkgconfig/turtlebot3_example.pc
[1.192s] -- Up-to-date: /home/ingeolko/turtlebot3-master/install/turtlebot3_example/share/turtlebot3_example/cmake/turtlebot3_example-msg-extras.cmake
[1.192s] -- Up-to-date: /home/ingeolko/turtlebot3-master/install/turtlebot3_example/share/turtlebot3_example/cmake/turtlebot3_exampleConfig.cmake
[1.192s] -- Up-to-date: /home/ingeolko/turtlebot3-master/install/turtlebot3_example/share/turtlebot3_example/cmake/turtlebot3_exampleConfig-version.cmake
[1.192s] -- Up-to-date: /home/ingeolko/turtlebot3-master/install/turtlebot3_example/share/turtlebot3_example/package.xml
[1.192s] -- Up-to-date: /home/ingeolko/turtlebot3-master/install/turtlebot3_example/lib/turtlebot3_example/turtlebot3_obstacle
[1.192s] -- Up-to-date: /home/ingeolko/turtlebot3-master/install/turtlebot3_example/lib/turtlebot3_example/turtlebot3_client
[1.193s] -- Up-to-date: /home/ingeolko/turtlebot3-master/install/turtlebot3_example/lib/turtlebot3_example/turtlebot3_server
[1.193s] -- Up-to-date: /home/ingeolko/turtlebot3-master/install/turtlebot3_example/lib/turtlebot3_example/turtlebot3_pointop_key
[1.193s] -- Up-to-date: /home/ingeolko/turtlebot3-master/install/turtlebot3_example/lib/turtlebot3_example/turtlebot3_bumper
[1.193s] -- Up-to-date: /home/ingeolko/turtlebot3-master/install/turtlebot3_example/lib/turtlebot3_example/turtlebot3_cliff
[1.193s] -- Up-to-date: /home/ingeolko/turtlebot3-master/install/turtlebot3_example/lib/turtlebot3_example/turtlebot3_sonar
[1.193s] -- Up-to-date: /home/ingeolko/turtlebot3-master/install/turtlebot3_example/lib/turtlebot3_example/turtlebot3_illumination
[1.193s] -- Up-to-date: /home/ingeolko/turtlebot3-master/install/turtlebot3_example/lib/turtlebot3_example/turtlebot3_marker_server
[1.193s] -- Up-to-date: /home/ingeolko/turtlebot3-master/install/turtlebot3_example/share/turtlebot3_example/launch
[1.193s] -- Up-to-date: /home/ingeolko/turtlebot3-master/install/turtlebot3_example/share/turtlebot3_example/launch/turtlebot3_sonar.launch
[1.194s] -- Up-to-date: /home/ingeolko/turtlebot3-master/install/turtlebot3_example/share/turtlebot3_example/launch/turtlebot3_client.launch
[1.194s] -- Up-to-date: /home/ingeolko/turtlebot3-master/install/turtlebot3_example/share/turtlebot3_example/launch/turtlebot3_obstacle.launch
[1.194s] -- Up-to-date: /home/ingeolko/turtlebot3-master/install/turtlebot3_example/share/turtlebot3_example/launch/turtlebot3_bumper.launch
[1.194s] -- Up-to-date: /home/ingeolko/turtlebot3-master/install/turtlebot3_example/share/turtlebot3_example/launch/turtlebot3_pointop_key.launch
[1.194s] -- Up-to-date: /home/ingeolko/turtlebot3-master/install/turtlebot3_example/share/turtlebot3_example/launch/interactive_markers.launch
[1.194s] -- Up-to-date: /home/ingeolko/turtlebot3-master/install/turtlebot3_example/share/turtlebot3_example/launch/turtlebot3_cliff.launch
[1.194s] -- Up-to-date: /home/ingeolko/turtlebot3-master/install/turtlebot3_example/share/turtlebot3_example/launch/turtlebot3_illumination.launch
[1.194s] -- Up-to-date: /home/ingeolko/turtlebot3-master/install/turtlebot3_example/share/turtlebot3_example/rviz
[1.194s] -- Up-to-date: /home/ingeolko/turtlebot3-master/install/turtlebot3_example/share/turtlebot3_example/rviz/turtlebot3_interactive.rviz
[1.198s] Invoked command in '/home/ingeolko/turtlebot3-master/build/turtlebot3_example' returned '0': CMAKE_PREFIX_PATH=/home/ingeolko/turtlebot3-master/install/turtlebot3_bringup:/home/ingeolko/turtlebot3-master/install/turtlebot3_teleop:/home/ingeolko/turtlebot3-master/install/turtlebot3_description:/home/ingeolko/turtlebot3-master/install/turtlebot3_slam:/home/ingeolko/turtlebot3-master/install/turtlebot3_navigation:/home/ingeolko/turtlebot3-master/install/turtlebot3_example:/opt/ros/melodic PKG_CONFIG_PATH=/home/ingeolko/turtlebot3-master/install/turtlebot3_bringup/lib/x86_64-linux-gnu/pkgconfig:/home/ingeolko/turtlebot3-master/install/turtlebot3_bringup/lib/pkgconfig:/home/ingeolko/turtlebot3-master/install/turtlebot3_teleop/lib/x86_64-linux-gnu/pkgconfig:/home/ingeolko/turtlebot3-master/install/turtlebot3_teleop/lib/pkgconfig:/home/ingeolko/turtlebot3-master/install/turtlebot3_description/lib/x86_64-linux-gnu/pkgconfig:/home/ingeolko/turtlebot3-master/install/turtlebot3_description/lib/pkgconfig:/home/ingeolko/turtlebot3-master/install/turtlebot3/lib/x86_64-linux-gnu/pkgconfig:/home/ingeolko/turtlebot3-master/install/turtlebot3/lib/pkgconfig:/home/ingeolko/turtlebot3-master/install/turtlebot3_slam/lib/x86_64-linux-gnu/pkgconfig:/home/ingeolko/turtlebot3-master/install/turtlebot3_slam/lib/pkgconfig:/home/ingeolko/turtlebot3-master/install/turtlebot3_navigation/lib/x86_64-linux-gnu/pkgconfig:/home/ingeolko/turtlebot3-master/install/turtlebot3_navigation/lib/pkgconfig:/home/ingeolko/turtlebot3-master/install/turtlebot3_example/lib/x86_64-linux-gnu/pkgconfig:/home/ingeolko/turtlebot3-master/install/turtlebot3_example/lib/pkgconfig:/opt/ros/melodic/lib/pkgconfig PYTHONPATH=/home/ingeolko/turtlebot3-master/install/turtlebot3_teleop/lib/python2.7/dist-packages:/home/ingeolko/turtlebot3-master/install/turtlebot3_example/lib/python2.7/dist-packages:/opt/ros/melodic/lib/python2.7/dist-packages ROS_PACKAGE_PATH=/home/ingeolko/turtlebot3-master/install/turtlebot3_bringup/share:/home/ingeolko/turtlebot3-master/install/turtlebot3_teleop/share:/home/ingeolko/turtlebot3-master/install/turtlebot3_description/share:/home/ingeolko/turtlebot3-master/install/turtlebot3/share:/home/ingeolko/turtlebot3-master/install/turtlebot3_slam/share:/home/ingeolko/turtlebot3-master/install/turtlebot3_navigation/share:/home/ingeolko/turtlebot3-master/install/turtlebot3_example/share:/opt/ros/melodic/share /usr/bin/cmake --build /home/ingeolko/turtlebot3-master/build/turtlebot3_example --target install -- -j4 -l4
