[0.054s] Invoking command in '/home/ingeolko/turtlebot3-master/build/turtlebot3_slam': CMAKE_PREFIX_PATH=/home/ingeolko/turtlebot3-master/install/turtlebot3_bringup:/home/ingeolko/turtlebot3-master/install/turtlebot3_teleop:/home/ingeolko/turtlebot3-master/install/turtlebot3_description:/home/ingeolko/turtlebot3-master/install/turtlebot3_slam:/home/ingeolko/turtlebot3-master/install/turtlebot3_navigation:/home/ingeolko/turtlebot3-master/install/turtlebot3_example:/opt/ros/melodic PKG_CONFIG_PATH=/home/ingeolko/turtlebot3-master/install/turtlebot3_bringup/lib/x86_64-linux-gnu/pkgconfig:/home/ingeolko/turtlebot3-master/install/turtlebot3_bringup/lib/pkgconfig:/home/ingeolko/turtlebot3-master/install/turtlebot3_teleop/lib/x86_64-linux-gnu/pkgconfig:/home/ingeolko/turtlebot3-master/install/turtlebot3_teleop/lib/pkgconfig:/home/ingeolko/turtlebot3-master/install/turtlebot3_description/lib/x86_64-linux-gnu/pkgconfig:/home/ingeolko/turtlebot3-master/install/turtlebot3_description/lib/pkgconfig:/home/ingeolko/turtlebot3-master/install/turtlebot3/lib/x86_64-linux-gnu/pkgconfig:/home/ingeolko/turtlebot3-master/install/turtlebot3/lib/pkgconfig:/home/ingeolko/turtlebot3-master/install/turtlebot3_slam/lib/x86_64-linux-gnu/pkgconfig:/home/ingeolko/turtlebot3-master/install/turtlebot3_slam/lib/pkgconfig:/home/ingeolko/turtlebot3-master/install/turtlebot3_navigation/lib/x86_64-linux-gnu/pkgconfig:/home/ingeolko/turtlebot3-master/install/turtlebot3_navigation/lib/pkgconfig:/home/ingeolko/turtlebot3-master/install/turtlebot3_example/lib/x86_64-linux-gnu/pkgconfig:/home/ingeolko/turtlebot3-master/install/turtlebot3_example/lib/pkgconfig:/opt/ros/melodic/lib/pkgconfig PYTHONPATH=/home/ingeolko/turtlebot3-master/install/turtlebot3_teleop/lib/python2.7/dist-packages:/home/ingeolko/turtlebot3-master/install/turtlebot3_example/lib/python2.7/dist-packages:/opt/ros/melodic/lib/python2.7/dist-packages ROS_PACKAGE_PATH=/home/ingeolko/turtlebot3-master/install/turtlebot3_bringup/share:/home/ingeolko/turtlebot3-master/install/turtlebot3_teleop/share:/home/ingeolko/turtlebot3-master/install/turtlebot3_description/share:/home/ingeolko/turtlebot3-master/install/turtlebot3/share:/home/ingeolko/turtlebot3-master/install/turtlebot3_slam/share:/home/ingeolko/turtlebot3-master/install/turtlebot3_navigation/share:/home/ingeolko/turtlebot3-master/install/turtlebot3_example/share:/opt/ros/melodic/share /usr/bin/cmake --build /home/ingeolko/turtlebot3-master/build/turtlebot3_slam -- -j4 -l4
[0.247s] [  0%] Built target rosgraph_msgs_generate_messages_py
[0.263s] [  0%] Built target std_msgs_generate_messages_eus
[0.269s] [  0%] Built target rosgraph_msgs_generate_messages_nodejs
[0.277s] [  0%] Built target geometry_msgs_generate_messages_py
[0.323s] [  0%] Built target rosgraph_msgs_generate_messages_lisp
[0.350s] [  0%] Built target rosgraph_msgs_generate_messages_cpp
[0.384s] [  0%] Built target std_msgs_generate_messages_py
[0.401s] [  0%] Built target rosgraph_msgs_generate_messages_eus
[0.413s] [  0%] Built target roscpp_generate_messages_py
[0.451s] [  0%] Built target roscpp_generate_messages_lisp
[0.463s] [  0%] Built target geometry_msgs_generate_messages_eus
[0.479s] [  0%] Built target roscpp_generate_messages_nodejs
[0.521s] [  0%] Built target roscpp_generate_messages_eus
[0.521s] [  0%] Built target std_msgs_generate_messages_cpp
[0.554s] [  0%] Built target geometry_msgs_generate_messages_nodejs
[0.588s] [  0%] Built target sensor_msgs_generate_messages_py
[0.632s] [  0%] Built target sensor_msgs_generate_messages_cpp
[0.632s] [  0%] Built target std_msgs_generate_messages_lisp
[0.649s] [  0%] Built target sensor_msgs_generate_messages_eus
[0.706s] [  0%] Built target std_msgs_generate_messages_nodejs
[0.748s] [  0%] Built target roscpp_generate_messages_cpp
[0.784s] [  0%] Built target geometry_msgs_generate_messages_cpp
[0.789s] [  0%] Built target sensor_msgs_generate_messages_nodejs
[0.807s] [  0%] Built target sensor_msgs_generate_messages_lisp
[0.813s] [  0%] Built target geometry_msgs_generate_messages_lisp
[0.900s] [100%] Built target flat_world_imu_node
[0.928s] Invoked command in '/home/ingeolko/turtlebot3-master/build/turtlebot3_slam' returned '0': CMAKE_PREFIX_PATH=/home/ingeolko/turtlebot3-master/install/turtlebot3_bringup:/home/ingeolko/turtlebot3-master/install/turtlebot3_teleop:/home/ingeolko/turtlebot3-master/install/turtlebot3_description:/home/ingeolko/turtlebot3-master/install/turtlebot3_slam:/home/ingeolko/turtlebot3-master/install/turtlebot3_navigation:/home/ingeolko/turtlebot3-master/install/turtlebot3_example:/opt/ros/melodic PKG_CONFIG_PATH=/home/ingeolko/turtlebot3-master/install/turtlebot3_bringup/lib/x86_64-linux-gnu/pkgconfig:/home/ingeolko/turtlebot3-master/install/turtlebot3_bringup/lib/pkgconfig:/home/ingeolko/turtlebot3-master/install/turtlebot3_teleop/lib/x86_64-linux-gnu/pkgconfig:/home/ingeolko/turtlebot3-master/install/turtlebot3_teleop/lib/pkgconfig:/home/ingeolko/turtlebot3-master/install/turtlebot3_description/lib/x86_64-linux-gnu/pkgconfig:/home/ingeolko/turtlebot3-master/install/turtlebot3_description/lib/pkgconfig:/home/ingeolko/turtlebot3-master/install/turtlebot3/lib/x86_64-linux-gnu/pkgconfig:/home/ingeolko/turtlebot3-master/install/turtlebot3/lib/pkgconfig:/home/ingeolko/turtlebot3-master/install/turtlebot3_slam/lib/x86_64-linux-gnu/pkgconfig:/home/ingeolko/turtlebot3-master/install/turtlebot3_slam/lib/pkgconfig:/home/ingeolko/turtlebot3-master/install/turtlebot3_navigation/lib/x86_64-linux-gnu/pkgconfig:/home/ingeolko/turtlebot3-master/install/turtlebot3_navigation/lib/pkgconfig:/home/ingeolko/turtlebot3-master/install/turtlebot3_example/lib/x86_64-linux-gnu/pkgconfig:/home/ingeolko/turtlebot3-master/install/turtlebot3_example/lib/pkgconfig:/opt/ros/melodic/lib/pkgconfig PYTHONPATH=/home/ingeolko/turtlebot3-master/install/turtlebot3_teleop/lib/python2.7/dist-packages:/home/ingeolko/turtlebot3-master/install/turtlebot3_example/lib/python2.7/dist-packages:/opt/ros/melodic/lib/python2.7/dist-packages ROS_PACKAGE_PATH=/home/ingeolko/turtlebot3-master/install/turtlebot3_bringup/share:/home/ingeolko/turtlebot3-master/install/turtlebot3_teleop/share:/home/ingeolko/turtlebot3-master/install/turtlebot3_description/share:/home/ingeolko/turtlebot3-master/install/turtlebot3/share:/home/ingeolko/turtlebot3-master/install/turtlebot3_slam/share:/home/ingeolko/turtlebot3-master/install/turtlebot3_navigation/share:/home/ingeolko/turtlebot3-master/install/turtlebot3_example/share:/opt/ros/melodic/share /usr/bin/cmake --build /home/ingeolko/turtlebot3-master/build/turtlebot3_slam -- -j4 -l4
[1.075s] Invoking command in '/home/ingeolko/turtlebot3-master/build/turtlebot3_slam': CMAKE_PREFIX_PATH=/home/ingeolko/turtlebot3-master/install/turtlebot3_bringup:/home/ingeolko/turtlebot3-master/install/turtlebot3_teleop:/home/ingeolko/turtlebot3-master/install/turtlebot3_description:/home/ingeolko/turtlebot3-master/install/turtlebot3_slam:/home/ingeolko/turtlebot3-master/install/turtlebot3_navigation:/home/ingeolko/turtlebot3-master/install/turtlebot3_example:/opt/ros/melodic PKG_CONFIG_PATH=/home/ingeolko/turtlebot3-master/install/turtlebot3_bringup/lib/x86_64-linux-gnu/pkgconfig:/home/ingeolko/turtlebot3-master/install/turtlebot3_bringup/lib/pkgconfig:/home/ingeolko/turtlebot3-master/install/turtlebot3_teleop/lib/x86_64-linux-gnu/pkgconfig:/home/ingeolko/turtlebot3-master/install/turtlebot3_teleop/lib/pkgconfig:/home/ingeolko/turtlebot3-master/install/turtlebot3_description/lib/x86_64-linux-gnu/pkgconfig:/home/ingeolko/turtlebot3-master/install/turtlebot3_description/lib/pkgconfig:/home/ingeolko/turtlebot3-master/install/turtlebot3/lib/x86_64-linux-gnu/pkgconfig:/home/ingeolko/turtlebot3-master/install/turtlebot3/lib/pkgconfig:/home/ingeolko/turtlebot3-master/install/turtlebot3_slam/lib/x86_64-linux-gnu/pkgconfig:/home/ingeolko/turtlebot3-master/install/turtlebot3_slam/lib/pkgconfig:/home/ingeolko/turtlebot3-master/install/turtlebot3_navigation/lib/x86_64-linux-gnu/pkgconfig:/home/ingeolko/turtlebot3-master/install/turtlebot3_navigation/lib/pkgconfig:/home/ingeolko/turtlebot3-master/install/turtlebot3_example/lib/x86_64-linux-gnu/pkgconfig:/home/ingeolko/turtlebot3-master/install/turtlebot3_example/lib/pkgconfig:/opt/ros/melodic/lib/pkgconfig PYTHONPATH=/home/ingeolko/turtlebot3-master/install/turtlebot3_teleop/lib/python2.7/dist-packages:/home/ingeolko/turtlebot3-master/install/turtlebot3_example/lib/python2.7/dist-packages:/opt/ros/melodic/lib/python2.7/dist-packages ROS_PACKAGE_PATH=/home/ingeolko/turtlebot3-master/install/turtlebot3_bringup/share:/home/ingeolko/turtlebot3-master/install/turtlebot3_teleop/share:/home/ingeolko/turtlebot3-master/install/turtlebot3_description/share:/home/ingeolko/turtlebot3-master/install/turtlebot3/share:/home/ingeolko/turtlebot3-master/install/turtlebot3_slam/share:/home/ingeolko/turtlebot3-master/install/turtlebot3_navigation/share:/home/ingeolko/turtlebot3-master/install/turtlebot3_example/share:/opt/ros/melodic/share /usr/bin/cmake --build /home/ingeolko/turtlebot3-master/build/turtlebot3_slam --target tests -- -j4 -l4
[1.170s] Built target tests
[1.193s] Invoked command in '/home/ingeolko/turtlebot3-master/build/turtlebot3_slam' returned '0': CMAKE_PREFIX_PATH=/home/ingeolko/turtlebot3-master/install/turtlebot3_bringup:/home/ingeolko/turtlebot3-master/install/turtlebot3_teleop:/home/ingeolko/turtlebot3-master/install/turtlebot3_description:/home/ingeolko/turtlebot3-master/install/turtlebot3_slam:/home/ingeolko/turtlebot3-master/install/turtlebot3_navigation:/home/ingeolko/turtlebot3-master/install/turtlebot3_example:/opt/ros/melodic PKG_CONFIG_PATH=/home/ingeolko/turtlebot3-master/install/turtlebot3_bringup/lib/x86_64-linux-gnu/pkgconfig:/home/ingeolko/turtlebot3-master/install/turtlebot3_bringup/lib/pkgconfig:/home/ingeolko/turtlebot3-master/install/turtlebot3_teleop/lib/x86_64-linux-gnu/pkgconfig:/home/ingeolko/turtlebot3-master/install/turtlebot3_teleop/lib/pkgconfig:/home/ingeolko/turtlebot3-master/install/turtlebot3_description/lib/x86_64-linux-gnu/pkgconfig:/home/ingeolko/turtlebot3-master/install/turtlebot3_description/lib/pkgconfig:/home/ingeolko/turtlebot3-master/install/turtlebot3/lib/x86_64-linux-gnu/pkgconfig:/home/ingeolko/turtlebot3-master/install/turtlebot3/lib/pkgconfig:/home/ingeolko/turtlebot3-master/install/turtlebot3_slam/lib/x86_64-linux-gnu/pkgconfig:/home/ingeolko/turtlebot3-master/install/turtlebot3_slam/lib/pkgconfig:/home/ingeolko/turtlebot3-master/install/turtlebot3_navigation/lib/x86_64-linux-gnu/pkgconfig:/home/ingeolko/turtlebot3-master/install/turtlebot3_navigation/lib/pkgconfig:/home/ingeolko/turtlebot3-master/install/turtlebot3_example/lib/x86_64-linux-gnu/pkgconfig:/home/ingeolko/turtlebot3-master/install/turtlebot3_example/lib/pkgconfig:/opt/ros/melodic/lib/pkgconfig PYTHONPATH=/home/ingeolko/turtlebot3-master/install/turtlebot3_teleop/lib/python2.7/dist-packages:/home/ingeolko/turtlebot3-master/install/turtlebot3_example/lib/python2.7/dist-packages:/opt/ros/melodic/lib/python2.7/dist-packages ROS_PACKAGE_PATH=/home/ingeolko/turtlebot3-master/install/turtlebot3_bringup/share:/home/ingeolko/turtlebot3-master/install/turtlebot3_teleop/share:/home/ingeolko/turtlebot3-master/install/turtlebot3_description/share:/home/ingeolko/turtlebot3-master/install/turtlebot3/share:/home/ingeolko/turtlebot3-master/install/turtlebot3_slam/share:/home/ingeolko/turtlebot3-master/install/turtlebot3_navigation/share:/home/ingeolko/turtlebot3-master/install/turtlebot3_example/share:/opt/ros/melodic/share /usr/bin/cmake --build /home/ingeolko/turtlebot3-master/build/turtlebot3_slam --target tests -- -j4 -l4
[1.308s] Invoking command in '/home/ingeolko/turtlebot3-master/build/turtlebot3_slam': CMAKE_PREFIX_PATH=/home/ingeolko/turtlebot3-master/install/turtlebot3_bringup:/home/ingeolko/turtlebot3-master/install/turtlebot3_teleop:/home/ingeolko/turtlebot3-master/install/turtlebot3_description:/home/ingeolko/turtlebot3-master/install/turtlebot3_slam:/home/ingeolko/turtlebot3-master/install/turtlebot3_navigation:/home/ingeolko/turtlebot3-master/install/turtlebot3_example:/opt/ros/melodic PKG_CONFIG_PATH=/home/ingeolko/turtlebot3-master/install/turtlebot3_bringup/lib/x86_64-linux-gnu/pkgconfig:/home/ingeolko/turtlebot3-master/install/turtlebot3_bringup/lib/pkgconfig:/home/ingeolko/turtlebot3-master/install/turtlebot3_teleop/lib/x86_64-linux-gnu/pkgconfig:/home/ingeolko/turtlebot3-master/install/turtlebot3_teleop/lib/pkgconfig:/home/ingeolko/turtlebot3-master/install/turtlebot3_description/lib/x86_64-linux-gnu/pkgconfig:/home/ingeolko/turtlebot3-master/install/turtlebot3_description/lib/pkgconfig:/home/ingeolko/turtlebot3-master/install/turtlebot3/lib/x86_64-linux-gnu/pkgconfig:/home/ingeolko/turtlebot3-master/install/turtlebot3/lib/pkgconfig:/home/ingeolko/turtlebot3-master/install/turtlebot3_slam/lib/x86_64-linux-gnu/pkgconfig:/home/ingeolko/turtlebot3-master/install/turtlebot3_slam/lib/pkgconfig:/home/ingeolko/turtlebot3-master/install/turtlebot3_navigation/lib/x86_64-linux-gnu/pkgconfig:/home/ingeolko/turtlebot3-master/install/turtlebot3_navigation/lib/pkgconfig:/home/ingeolko/turtlebot3-master/install/turtlebot3_example/lib/x86_64-linux-gnu/pkgconfig:/home/ingeolko/turtlebot3-master/install/turtlebot3_example/lib/pkgconfig:/opt/ros/melodic/lib/pkgconfig PYTHONPATH=/home/ingeolko/turtlebot3-master/install/turtlebot3_teleop/lib/python2.7/dist-packages:/home/ingeolko/turtlebot3-master/install/turtlebot3_example/lib/python2.7/dist-packages:/opt/ros/melodic/lib/python2.7/dist-packages ROS_PACKAGE_PATH=/home/ingeolko/turtlebot3-master/install/turtlebot3_bringup/share:/home/ingeolko/turtlebot3-master/install/turtlebot3_teleop/share:/home/ingeolko/turtlebot3-master/install/turtlebot3_description/share:/home/ingeolko/turtlebot3-master/install/turtlebot3/share:/home/ingeolko/turtlebot3-master/install/turtlebot3_slam/share:/home/ingeolko/turtlebot3-master/install/turtlebot3_navigation/share:/home/ingeolko/turtlebot3-master/install/turtlebot3_example/share:/opt/ros/melodic/share /usr/bin/cmake --build /home/ingeolko/turtlebot3-master/build/turtlebot3_slam --target install -- -j4 -l4
[1.424s] [  0%] Built target rosgraph_msgs_generate_messages_py
[1.424s] [  0%] Built target geometry_msgs_generate_messages_py
[1.425s] [  0%] Built target std_msgs_generate_messages_eus
[1.425s] [  0%] Built target rosgraph_msgs_generate_messages_nodejs
[1.456s] [  0%] Built target rosgraph_msgs_generate_messages_lisp
[1.481s] [  0%] Built target roscpp_generate_messages_py
[1.506s] [  0%] Built target std_msgs_generate_messages_py
[1.507s] [  0%] Built target rosgraph_msgs_generate_messages_cpp
[1.514s] [  0%] Built target rosgraph_msgs_generate_messages_eus
[1.537s] [  0%] Built target geometry_msgs_generate_messages_eus
[1.555s] [  0%] Built target roscpp_generate_messages_nodejs
[1.558s] [  0%] Built target roscpp_generate_messages_lisp
[1.575s] [  0%] Built target roscpp_generate_messages_eus
[1.579s] [  0%] Built target sensor_msgs_generate_messages_py
[1.610s] [  0%] Built target std_msgs_generate_messages_lisp
[1.616s] [  0%] Built target geometry_msgs_generate_messages_nodejs
[1.616s] [  0%] Built target std_msgs_generate_messages_cpp
[1.653s] [  0%] Built target sensor_msgs_generate_messages_cpp
[1.659s] [  0%] Built target sensor_msgs_generate_messages_lisp
[1.668s] [  0%] Built target std_msgs_generate_messages_nodejs
[1.678s] [  0%] Built target sensor_msgs_generate_messages_eus
[1.687s] [  0%] Built target roscpp_generate_messages_cpp
[1.707s] [  0%] Built target sensor_msgs_generate_messages_nodejs
[1.716s] [  0%] Built target geometry_msgs_generate_messages_cpp
[1.727s] [  0%] Built target geometry_msgs_generate_messages_lisp
[1.776s] [100%] Built target flat_world_imu_node
[1.806s] [36mInstall the project...[0m
[1.847s] -- Install configuration: ""
[1.847s] -- Up-to-date: /home/ingeolko/turtlebot3-master/install/turtlebot3_slam/lib/pkgconfig/turtlebot3_slam.pc
[1.848s] -- Up-to-date: /home/ingeolko/turtlebot3-master/install/turtlebot3_slam/share/turtlebot3_slam/cmake/turtlebot3_slamConfig.cmake
[1.848s] -- Up-to-date: /home/ingeolko/turtlebot3-master/install/turtlebot3_slam/share/turtlebot3_slam/cmake/turtlebot3_slamConfig-version.cmake
[1.848s] -- Up-to-date: /home/ingeolko/turtlebot3-master/install/turtlebot3_slam/share/turtlebot3_slam/package.xml
[1.849s] -- Up-to-date: /home/ingeolko/turtlebot3-master/install/turtlebot3_slam/lib/turtlebot3_slam/flat_world_imu_node
[1.850s] -- Up-to-date: /home/ingeolko/turtlebot3-master/install/turtlebot3_slam/include/turtlebot3_slam
[1.851s] -- Up-to-date: /home/ingeolko/turtlebot3-master/install/turtlebot3_slam/include/turtlebot3_slam/flat_world_imu_node.h
[1.851s] -- Up-to-date: /home/ingeolko/turtlebot3-master/install/turtlebot3_slam/share/turtlebot3_slam/bag
[1.851s] -- Up-to-date: /home/ingeolko/turtlebot3-master/install/turtlebot3_slam/share/turtlebot3_slam/bag/bag_files.md
[1.852s] -- Up-to-date: /home/ingeolko/turtlebot3-master/install/turtlebot3_slam/share/turtlebot3_slam/config
[1.852s] -- Up-to-date: /home/ingeolko/turtlebot3-master/install/turtlebot3_slam/share/turtlebot3_slam/config/turtlebot3_lds_2d_gazebo.lua
[1.852s] -- Up-to-date: /home/ingeolko/turtlebot3-master/install/turtlebot3_slam/share/turtlebot3_slam/config/karto_mapper_params.yaml
[1.853s] -- Up-to-date: /home/ingeolko/turtlebot3-master/install/turtlebot3_slam/share/turtlebot3_slam/config/frontier_exploration.yaml
[1.853s] -- Up-to-date: /home/ingeolko/turtlebot3-master/install/turtlebot3_slam/share/turtlebot3_slam/config/turtlebot3_lds_2d.lua
[1.853s] -- Up-to-date: /home/ingeolko/turtlebot3-master/install/turtlebot3_slam/share/turtlebot3_slam/config/gmapping_params.yaml
[1.854s] -- Up-to-date: /home/ingeolko/turtlebot3-master/install/turtlebot3_slam/share/turtlebot3_slam/launch
[1.854s] -- Up-to-date: /home/ingeolko/turtlebot3-master/install/turtlebot3_slam/share/turtlebot3_slam/launch/turtlebot3_frontier_exploration.launch
[1.854s] -- Up-to-date: /home/ingeolko/turtlebot3-master/install/turtlebot3_slam/share/turtlebot3_slam/launch/turtlebot3_hector.launch
[1.854s] -- Up-to-date: /home/ingeolko/turtlebot3-master/install/turtlebot3_slam/share/turtlebot3_slam/launch/turtlebot3_slam.launch
[1.854s] -- Up-to-date: /home/ingeolko/turtlebot3-master/install/turtlebot3_slam/share/turtlebot3_slam/launch/turtlebot3_gmapping.launch
[1.855s] -- Up-to-date: /home/ingeolko/turtlebot3-master/install/turtlebot3_slam/share/turtlebot3_slam/launch/turtlebot3_cartographer.launch
[1.855s] -- Up-to-date: /home/ingeolko/turtlebot3-master/install/turtlebot3_slam/share/turtlebot3_slam/launch/turtlebot3_manipulation_slam.launch
[1.855s] -- Up-to-date: /home/ingeolko/turtlebot3-master/install/turtlebot3_slam/share/turtlebot3_slam/launch/turtlebot3_karto.launch
[1.855s] -- Up-to-date: /home/ingeolko/turtlebot3-master/install/turtlebot3_slam/share/turtlebot3_slam/rviz
[1.856s] -- Up-to-date: /home/ingeolko/turtlebot3-master/install/turtlebot3_slam/share/turtlebot3_slam/rviz/turtlebot3_frontier_exploration.rviz
[1.856s] -- Up-to-date: /home/ingeolko/turtlebot3-master/install/turtlebot3_slam/share/turtlebot3_slam/rviz/turtlebot3_cartographer.rviz
[1.856s] -- Up-to-date: /home/ingeolko/turtlebot3-master/install/turtlebot3_slam/share/turtlebot3_slam/rviz/turtlebot3_hector.rviz
[1.856s] -- Up-to-date: /home/ingeolko/turtlebot3-master/install/turtlebot3_slam/share/turtlebot3_slam/rviz/turtlebot3_karto.rviz
[1.856s] -- Up-to-date: /home/ingeolko/turtlebot3-master/install/turtlebot3_slam/share/turtlebot3_slam/rviz/turtlebot3_gmapping.rviz
[1.867s] Invoked command in '/home/ingeolko/turtlebot3-master/build/turtlebot3_slam' returned '0': CMAKE_PREFIX_PATH=/home/ingeolko/turtlebot3-master/install/turtlebot3_bringup:/home/ingeolko/turtlebot3-master/install/turtlebot3_teleop:/home/ingeolko/turtlebot3-master/install/turtlebot3_description:/home/ingeolko/turtlebot3-master/install/turtlebot3_slam:/home/ingeolko/turtlebot3-master/install/turtlebot3_navigation:/home/ingeolko/turtlebot3-master/install/turtlebot3_example:/opt/ros/melodic PKG_CONFIG_PATH=/home/ingeolko/turtlebot3-master/install/turtlebot3_bringup/lib/x86_64-linux-gnu/pkgconfig:/home/ingeolko/turtlebot3-master/install/turtlebot3_bringup/lib/pkgconfig:/home/ingeolko/turtlebot3-master/install/turtlebot3_teleop/lib/x86_64-linux-gnu/pkgconfig:/home/ingeolko/turtlebot3-master/install/turtlebot3_teleop/lib/pkgconfig:/home/ingeolko/turtlebot3-master/install/turtlebot3_description/lib/x86_64-linux-gnu/pkgconfig:/home/ingeolko/turtlebot3-master/install/turtlebot3_description/lib/pkgconfig:/home/ingeolko/turtlebot3-master/install/turtlebot3/lib/x86_64-linux-gnu/pkgconfig:/home/ingeolko/turtlebot3-master/install/turtlebot3/lib/pkgconfig:/home/ingeolko/turtlebot3-master/install/turtlebot3_slam/lib/x86_64-linux-gnu/pkgconfig:/home/ingeolko/turtlebot3-master/install/turtlebot3_slam/lib/pkgconfig:/home/ingeolko/turtlebot3-master/install/turtlebot3_navigation/lib/x86_64-linux-gnu/pkgconfig:/home/ingeolko/turtlebot3-master/install/turtlebot3_navigation/lib/pkgconfig:/home/ingeolko/turtlebot3-master/install/turtlebot3_example/lib/x86_64-linux-gnu/pkgconfig:/home/ingeolko/turtlebot3-master/install/turtlebot3_example/lib/pkgconfig:/opt/ros/melodic/lib/pkgconfig PYTHONPATH=/home/ingeolko/turtlebot3-master/install/turtlebot3_teleop/lib/python2.7/dist-packages:/home/ingeolko/turtlebot3-master/install/turtlebot3_example/lib/python2.7/dist-packages:/opt/ros/melodic/lib/python2.7/dist-packages ROS_PACKAGE_PATH=/home/ingeolko/turtlebot3-master/install/turtlebot3_bringup/share:/home/ingeolko/turtlebot3-master/install/turtlebot3_teleop/share:/home/ingeolko/turtlebot3-master/install/turtlebot3_description/share:/home/ingeolko/turtlebot3-master/install/turtlebot3/share:/home/ingeolko/turtlebot3-master/install/turtlebot3_slam/share:/home/ingeolko/turtlebot3-master/install/turtlebot3_navigation/share:/home/ingeolko/turtlebot3-master/install/turtlebot3_example/share:/opt/ros/melodic/share /usr/bin/cmake --build /home/ingeolko/turtlebot3-master/build/turtlebot3_slam --target install -- -j4 -l4
