[0.022s] Invoking command in '/home/ingeolko/turtlebot3-master-IngeolKo/turtlebot3-master/build/turtlebot3_bringup': CMAKE_PREFIX_PATH=/home/ingeolko/turtlebot3-master-IngeolKo/turtlebot3-master/install/turtlebot3_teleop:/home/ingeolko/turtlebot3-master-IngeolKo/turtlebot3-master/install/turtlebot3_description:/home/ingeolko/turtlebot3-master-IngeolKo/turtlebot3-master/install/turtlebot3_slam:/home/ingeolko/turtlebot3-master-IngeolKo/turtlebot3-master/install/turtlebot3_navigation:/home/ingeolko/turtlebot3-master-IngeolKo/turtlebot3-master/install/turtlebot3_example:/home/ingeolko/turtlebot3-master-IngeolKo/turtlebot3-master/install/turtlebot3_bringup:/opt/ros/melodic PKG_CONFIG_PATH=/home/ingeolko/turtlebot3-master-IngeolKo/turtlebot3-master/install/turtlebot3_teleop/lib/x86_64-linux-gnu/pkgconfig:/home/ingeolko/turtlebot3-master-IngeolKo/turtlebot3-master/install/turtlebot3_teleop/lib/pkgconfig:/home/ingeolko/turtlebot3-master-IngeolKo/turtlebot3-master/install/turtlebot3_description/lib/x86_64-linux-gnu/pkgconfig:/home/ingeolko/turtlebot3-master-IngeolKo/turtlebot3-master/install/turtlebot3_description/lib/pkgconfig:/home/ingeolko/turtlebot3-master-IngeolKo/turtlebot3-master/install/turtlebot3/lib/x86_64-linux-gnu/pkgconfig:/home/ingeolko/turtlebot3-master-IngeolKo/turtlebot3-master/install/turtlebot3/lib/pkgconfig:/home/ingeolko/turtlebot3-master-IngeolKo/turtlebot3-master/install/turtlebot3_slam/lib/x86_64-linux-gnu/pkgconfig:/home/ingeolko/turtlebot3-master-IngeolKo/turtlebot3-master/install/turtlebot3_slam/lib/pkgconfig:/home/ingeolko/turtlebot3-master-IngeolKo/turtlebot3-master/install/turtlebot3_navigation/lib/x86_64-linux-gnu/pkgconfig:/home/ingeolko/turtlebot3-master-IngeolKo/turtlebot3-master/install/turtlebot3_navigation/lib/pkgconfig:/home/ingeolko/turtlebot3-master-IngeolKo/turtlebot3-master/install/turtlebot3_example/lib/x86_64-linux-gnu/pkgconfig:/home/ingeolko/turtlebot3-master-IngeolKo/turtlebot3-master/install/turtlebot3_example/lib/pkgconfig:/home/ingeolko/turtlebot3-master-IngeolKo/turtlebot3-master/install/turtlebot3_bringup/lib/x86_64-linux-gnu/pkgconfig:/home/ingeolko/turtlebot3-master-IngeolKo/turtlebot3-master/install/turtlebot3_bringup/lib/pkgconfig:/opt/ros/melodic/lib/pkgconfig PYTHONPATH=/home/ingeolko/turtlebot3-master-IngeolKo/turtlebot3-master/install/turtlebot3_teleop/lib/python2.7/dist-packages:/home/ingeolko/turtlebot3-master-IngeolKo/turtlebot3-master/install/turtlebot3_example/lib/python2.7/dist-packages:/opt/ros/melodic/lib/python2.7/dist-packages ROS_PACKAGE_PATH=/home/ingeolko/turtlebot3-master-IngeolKo/turtlebot3-master/install/turtlebot3_teleop/share:/home/ingeolko/turtlebot3-master-IngeolKo/turtlebot3-master/install/turtlebot3_description/share:/home/ingeolko/turtlebot3-master-IngeolKo/turtlebot3-master/install/turtlebot3/share:/home/ingeolko/turtlebot3-master-IngeolKo/turtlebot3-master/install/turtlebot3_slam/share:/home/ingeolko/turtlebot3-master-IngeolKo/turtlebot3-master/install/turtlebot3_navigation/share:/home/ingeolko/turtlebot3-master-IngeolKo/turtlebot3-master/install/turtlebot3_example/share:/home/ingeolko/turtlebot3-master-IngeolKo/turtlebot3-master/install/turtlebot3_bringup/share:/opt/ros/melodic/share /usr/bin/cmake --build /home/ingeolko/turtlebot3-master-IngeolKo/turtlebot3-master/build/turtlebot3_bringup -- -j4 -l4
[0.029s] CMake Error: The current CMakeCache.txt directory /home/ingeolko/turtlebot3-master-IngeolKo/turtlebot3-master/build/turtlebot3_bringup/CMakeCache.txt is different than the directory /home/ingeolko/turtlebot3-master/build/turtlebot3_bringup where CMakeCache.txt was created. This may result in binaries being created in the wrong place. If you are not sure, reedit the CMakeCache.txt
[0.093s] [  0%] Built target turtlebot3_msgs_generate_messages_cpp
[0.134s] [  0%] Built target turtlebot3_msgs_generate_messages_eus
[0.165s] [  0%] Built target rosgraph_msgs_generate_messages_nodejs
[0.187s] [  0%] Built target rosgraph_msgs_generate_messages_py
[0.207s] [  0%] Built target std_msgs_generate_messages_eus
[0.227s] [  0%] Built target rosgraph_msgs_generate_messages_lisp
[0.254s] [  0%] Built target rosgraph_msgs_generate_messages_eus
[0.280s] [  0%] Built target rosgraph_msgs_generate_messages_cpp
[0.305s] [  0%] Built target roscpp_generate_messages_py
[0.345s] [  0%] Built target std_msgs_generate_messages_py
[0.366s] [  0%] Built target geometry_msgs_generate_messages_eus
[0.385s] [  0%] Built target roscpp_generate_messages_nodejs
[0.406s] [  0%] Built target roscpp_generate_messages_eus
[0.436s] [  0%] Built target roscpp_generate_messages_lisp
[0.460s] [  0%] Built target std_msgs_generate_messages_cpp
[0.487s] [  0%] Built target geometry_msgs_generate_messages_nodejs
[0.518s] [  0%] Built target sensor_msgs_generate_messages_py
[0.541s] [  0%] Built target diagnostic_msgs_generate_messages_cpp
[0.560s] [  0%] Built target diagnostic_msgs_generate_messages_eus
[0.584s] [  0%] Built target std_msgs_generate_messages_lisp
[0.609s] [  0%] Built target sensor_msgs_generate_messages_cpp
[0.629s] [  0%] Built target sensor_msgs_generate_messages_eus
[0.649s] [  0%] Built target std_msgs_generate_messages_nodejs
[0.668s] [  0%] Built target sensor_msgs_generate_messages_lisp
[0.700s] [  0%] Built target turtlebot3_msgs_generate_messages_py
[0.727s] [  0%] Built target roscpp_generate_messages_cpp
[0.751s] [  0%] Built target sensor_msgs_generate_messages_nodejs
[0.770s] [  0%] Built target diagnostic_msgs_generate_messages_py
[0.802s] [  0%] Built target geometry_msgs_generate_messages_cpp
[0.822s] [  0%] Built target geometry_msgs_generate_messages_lisp
[0.848s] [  0%] Built target geometry_msgs_generate_messages_py
[0.870s] [  0%] Built target diagnostic_msgs_generate_messages_lisp
[0.897s] [  0%] Built target diagnostic_msgs_generate_messages_nodejs
[0.921s] [  0%] Built target turtlebot3_msgs_generate_messages_lisp
[0.941s] [  0%] Built target turtlebot3_msgs_generate_messages_nodejs
[0.980s] [100%] Built target turtlebot3_diagnostics
[1.004s] Invoked command in '/home/ingeolko/turtlebot3-master-IngeolKo/turtlebot3-master/build/turtlebot3_bringup' returned '0': CMAKE_PREFIX_PATH=/home/ingeolko/turtlebot3-master-IngeolKo/turtlebot3-master/install/turtlebot3_teleop:/home/ingeolko/turtlebot3-master-IngeolKo/turtlebot3-master/install/turtlebot3_description:/home/ingeolko/turtlebot3-master-IngeolKo/turtlebot3-master/install/turtlebot3_slam:/home/ingeolko/turtlebot3-master-IngeolKo/turtlebot3-master/install/turtlebot3_navigation:/home/ingeolko/turtlebot3-master-IngeolKo/turtlebot3-master/install/turtlebot3_example:/home/ingeolko/turtlebot3-master-IngeolKo/turtlebot3-master/install/turtlebot3_bringup:/opt/ros/melodic PKG_CONFIG_PATH=/home/ingeolko/turtlebot3-master-IngeolKo/turtlebot3-master/install/turtlebot3_teleop/lib/x86_64-linux-gnu/pkgconfig:/home/ingeolko/turtlebot3-master-IngeolKo/turtlebot3-master/install/turtlebot3_teleop/lib/pkgconfig:/home/ingeolko/turtlebot3-master-IngeolKo/turtlebot3-master/install/turtlebot3_description/lib/x86_64-linux-gnu/pkgconfig:/home/ingeolko/turtlebot3-master-IngeolKo/turtlebot3-master/install/turtlebot3_description/lib/pkgconfig:/home/ingeolko/turtlebot3-master-IngeolKo/turtlebot3-master/install/turtlebot3/lib/x86_64-linux-gnu/pkgconfig:/home/ingeolko/turtlebot3-master-IngeolKo/turtlebot3-master/install/turtlebot3/lib/pkgconfig:/home/ingeolko/turtlebot3-master-IngeolKo/turtlebot3-master/install/turtlebot3_slam/lib/x86_64-linux-gnu/pkgconfig:/home/ingeolko/turtlebot3-master-IngeolKo/turtlebot3-master/install/turtlebot3_slam/lib/pkgconfig:/home/ingeolko/turtlebot3-master-IngeolKo/turtlebot3-master/install/turtlebot3_navigation/lib/x86_64-linux-gnu/pkgconfig:/home/ingeolko/turtlebot3-master-IngeolKo/turtlebot3-master/install/turtlebot3_navigation/lib/pkgconfig:/home/ingeolko/turtlebot3-master-IngeolKo/turtlebot3-master/install/turtlebot3_example/lib/x86_64-linux-gnu/pkgconfig:/home/ingeolko/turtlebot3-master-IngeolKo/turtlebot3-master/install/turtlebot3_example/lib/pkgconfig:/home/ingeolko/turtlebot3-master-IngeolKo/turtlebot3-master/install/turtlebot3_bringup/lib/x86_64-linux-gnu/pkgconfig:/home/ingeolko/turtlebot3-master-IngeolKo/turtlebot3-master/install/turtlebot3_bringup/lib/pkgconfig:/opt/ros/melodic/lib/pkgconfig PYTHONPATH=/home/ingeolko/turtlebot3-master-IngeolKo/turtlebot3-master/install/turtlebot3_teleop/lib/python2.7/dist-packages:/home/ingeolko/turtlebot3-master-IngeolKo/turtlebot3-master/install/turtlebot3_example/lib/python2.7/dist-packages:/opt/ros/melodic/lib/python2.7/dist-packages ROS_PACKAGE_PATH=/home/ingeolko/turtlebot3-master-IngeolKo/turtlebot3-master/install/turtlebot3_teleop/share:/home/ingeolko/turtlebot3-master-IngeolKo/turtlebot3-master/install/turtlebot3_description/share:/home/ingeolko/turtlebot3-master-IngeolKo/turtlebot3-master/install/turtlebot3/share:/home/ingeolko/turtlebot3-master-IngeolKo/turtlebot3-master/install/turtlebot3_slam/share:/home/ingeolko/turtlebot3-master-IngeolKo/turtlebot3-master/install/turtlebot3_navigation/share:/home/ingeolko/turtlebot3-master-IngeolKo/turtlebot3-master/install/turtlebot3_example/share:/home/ingeolko/turtlebot3-master-IngeolKo/turtlebot3-master/install/turtlebot3_bringup/share:/opt/ros/melodic/share /usr/bin/cmake --build /home/ingeolko/turtlebot3-master-IngeolKo/turtlebot3-master/build/turtlebot3_bringup -- -j4 -l4
[1.067s] Invoking command in '/home/ingeolko/turtlebot3-master-IngeolKo/turtlebot3-master/build/turtlebot3_bringup': CMAKE_PREFIX_PATH=/home/ingeolko/turtlebot3-master-IngeolKo/turtlebot3-master/install/turtlebot3_teleop:/home/ingeolko/turtlebot3-master-IngeolKo/turtlebot3-master/install/turtlebot3_description:/home/ingeolko/turtlebot3-master-IngeolKo/turtlebot3-master/install/turtlebot3_slam:/home/ingeolko/turtlebot3-master-IngeolKo/turtlebot3-master/install/turtlebot3_navigation:/home/ingeolko/turtlebot3-master-IngeolKo/turtlebot3-master/install/turtlebot3_example:/home/ingeolko/turtlebot3-master-IngeolKo/turtlebot3-master/install/turtlebot3_bringup:/opt/ros/melodic PKG_CONFIG_PATH=/home/ingeolko/turtlebot3-master-IngeolKo/turtlebot3-master/install/turtlebot3_teleop/lib/x86_64-linux-gnu/pkgconfig:/home/ingeolko/turtlebot3-master-IngeolKo/turtlebot3-master/install/turtlebot3_teleop/lib/pkgconfig:/home/ingeolko/turtlebot3-master-IngeolKo/turtlebot3-master/install/turtlebot3_description/lib/x86_64-linux-gnu/pkgconfig:/home/ingeolko/turtlebot3-master-IngeolKo/turtlebot3-master/install/turtlebot3_description/lib/pkgconfig:/home/ingeolko/turtlebot3-master-IngeolKo/turtlebot3-master/install/turtlebot3/lib/x86_64-linux-gnu/pkgconfig:/home/ingeolko/turtlebot3-master-IngeolKo/turtlebot3-master/install/turtlebot3/lib/pkgconfig:/home/ingeolko/turtlebot3-master-IngeolKo/turtlebot3-master/install/turtlebot3_slam/lib/x86_64-linux-gnu/pkgconfig:/home/ingeolko/turtlebot3-master-IngeolKo/turtlebot3-master/install/turtlebot3_slam/lib/pkgconfig:/home/ingeolko/turtlebot3-master-IngeolKo/turtlebot3-master/install/turtlebot3_navigation/lib/x86_64-linux-gnu/pkgconfig:/home/ingeolko/turtlebot3-master-IngeolKo/turtlebot3-master/install/turtlebot3_navigation/lib/pkgconfig:/home/ingeolko/turtlebot3-master-IngeolKo/turtlebot3-master/install/turtlebot3_example/lib/x86_64-linux-gnu/pkgconfig:/home/ingeolko/turtlebot3-master-IngeolKo/turtlebot3-master/install/turtlebot3_example/lib/pkgconfig:/home/ingeolko/turtlebot3-master-IngeolKo/turtlebot3-master/install/turtlebot3_bringup/lib/x86_64-linux-gnu/pkgconfig:/home/ingeolko/turtlebot3-master-IngeolKo/turtlebot3-master/install/turtlebot3_bringup/lib/pkgconfig:/opt/ros/melodic/lib/pkgconfig PYTHONPATH=/home/ingeolko/turtlebot3-master-IngeolKo/turtlebot3-master/install/turtlebot3_teleop/lib/python2.7/dist-packages:/home/ingeolko/turtlebot3-master-IngeolKo/turtlebot3-master/install/turtlebot3_example/lib/python2.7/dist-packages:/opt/ros/melodic/lib/python2.7/dist-packages ROS_PACKAGE_PATH=/home/ingeolko/turtlebot3-master-IngeolKo/turtlebot3-master/install/turtlebot3_teleop/share:/home/ingeolko/turtlebot3-master-IngeolKo/turtlebot3-master/install/turtlebot3_description/share:/home/ingeolko/turtlebot3-master-IngeolKo/turtlebot3-master/install/turtlebot3/share:/home/ingeolko/turtlebot3-master-IngeolKo/turtlebot3-master/install/turtlebot3_slam/share:/home/ingeolko/turtlebot3-master-IngeolKo/turtlebot3-master/install/turtlebot3_navigation/share:/home/ingeolko/turtlebot3-master-IngeolKo/turtlebot3-master/install/turtlebot3_example/share:/home/ingeolko/turtlebot3-master-IngeolKo/turtlebot3-master/install/turtlebot3_bringup/share:/opt/ros/melodic/share /usr/bin/cmake --build /home/ingeolko/turtlebot3-master-IngeolKo/turtlebot3-master/build/turtlebot3_bringup --target tests -- -j4 -l4
[1.076s] CMake Error: The current CMakeCache.txt directory /home/ingeolko/turtlebot3-master-IngeolKo/turtlebot3-master/build/turtlebot3_bringup/CMakeCache.txt is different than the directory /home/ingeolko/turtlebot3-master/build/turtlebot3_bringup where CMakeCache.txt was created. This may result in binaries being created in the wrong place. If you are not sure, reedit the CMakeCache.txt
[1.154s] Built target tests
[1.168s] Invoked command in '/home/ingeolko/turtlebot3-master-IngeolKo/turtlebot3-master/build/turtlebot3_bringup' returned '0': CMAKE_PREFIX_PATH=/home/ingeolko/turtlebot3-master-IngeolKo/turtlebot3-master/install/turtlebot3_teleop:/home/ingeolko/turtlebot3-master-IngeolKo/turtlebot3-master/install/turtlebot3_description:/home/ingeolko/turtlebot3-master-IngeolKo/turtlebot3-master/install/turtlebot3_slam:/home/ingeolko/turtlebot3-master-IngeolKo/turtlebot3-master/install/turtlebot3_navigation:/home/ingeolko/turtlebot3-master-IngeolKo/turtlebot3-master/install/turtlebot3_example:/home/ingeolko/turtlebot3-master-IngeolKo/turtlebot3-master/install/turtlebot3_bringup:/opt/ros/melodic PKG_CONFIG_PATH=/home/ingeolko/turtlebot3-master-IngeolKo/turtlebot3-master/install/turtlebot3_teleop/lib/x86_64-linux-gnu/pkgconfig:/home/ingeolko/turtlebot3-master-IngeolKo/turtlebot3-master/install/turtlebot3_teleop/lib/pkgconfig:/home/ingeolko/turtlebot3-master-IngeolKo/turtlebot3-master/install/turtlebot3_description/lib/x86_64-linux-gnu/pkgconfig:/home/ingeolko/turtlebot3-master-IngeolKo/turtlebot3-master/install/turtlebot3_description/lib/pkgconfig:/home/ingeolko/turtlebot3-master-IngeolKo/turtlebot3-master/install/turtlebot3/lib/x86_64-linux-gnu/pkgconfig:/home/ingeolko/turtlebot3-master-IngeolKo/turtlebot3-master/install/turtlebot3/lib/pkgconfig:/home/ingeolko/turtlebot3-master-IngeolKo/turtlebot3-master/install/turtlebot3_slam/lib/x86_64-linux-gnu/pkgconfig:/home/ingeolko/turtlebot3-master-IngeolKo/turtlebot3-master/install/turtlebot3_slam/lib/pkgconfig:/home/ingeolko/turtlebot3-master-IngeolKo/turtlebot3-master/install/turtlebot3_navigation/lib/x86_64-linux-gnu/pkgconfig:/home/ingeolko/turtlebot3-master-IngeolKo/turtlebot3-master/install/turtlebot3_navigation/lib/pkgconfig:/home/ingeolko/turtlebot3-master-IngeolKo/turtlebot3-master/install/turtlebot3_example/lib/x86_64-linux-gnu/pkgconfig:/home/ingeolko/turtlebot3-master-IngeolKo/turtlebot3-master/install/turtlebot3_example/lib/pkgconfig:/home/ingeolko/turtlebot3-master-IngeolKo/turtlebot3-master/install/turtlebot3_bringup/lib/x86_64-linux-gnu/pkgconfig:/home/ingeolko/turtlebot3-master-IngeolKo/turtlebot3-master/install/turtlebot3_bringup/lib/pkgconfig:/opt/ros/melodic/lib/pkgconfig PYTHONPATH=/home/ingeolko/turtlebot3-master-IngeolKo/turtlebot3-master/install/turtlebot3_teleop/lib/python2.7/dist-packages:/home/ingeolko/turtlebot3-master-IngeolKo/turtlebot3-master/install/turtlebot3_example/lib/python2.7/dist-packages:/opt/ros/melodic/lib/python2.7/dist-packages ROS_PACKAGE_PATH=/home/ingeolko/turtlebot3-master-IngeolKo/turtlebot3-master/install/turtlebot3_teleop/share:/home/ingeolko/turtlebot3-master-IngeolKo/turtlebot3-master/install/turtlebot3_description/share:/home/ingeolko/turtlebot3-master-IngeolKo/turtlebot3-master/install/turtlebot3/share:/home/ingeolko/turtlebot3-master-IngeolKo/turtlebot3-master/install/turtlebot3_slam/share:/home/ingeolko/turtlebot3-master-IngeolKo/turtlebot3-master/install/turtlebot3_navigation/share:/home/ingeolko/turtlebot3-master-IngeolKo/turtlebot3-master/install/turtlebot3_example/share:/home/ingeolko/turtlebot3-master-IngeolKo/turtlebot3-master/install/turtlebot3_bringup/share:/opt/ros/melodic/share /usr/bin/cmake --build /home/ingeolko/turtlebot3-master-IngeolKo/turtlebot3-master/build/turtlebot3_bringup --target tests -- -j4 -l4
[1.217s] Invoking command in '/home/ingeolko/turtlebot3-master-IngeolKo/turtlebot3-master/build/turtlebot3_bringup': CMAKE_PREFIX_PATH=/home/ingeolko/turtlebot3-master-IngeolKo/turtlebot3-master/install/turtlebot3_teleop:/home/ingeolko/turtlebot3-master-IngeolKo/turtlebot3-master/install/turtlebot3_description:/home/ingeolko/turtlebot3-master-IngeolKo/turtlebot3-master/install/turtlebot3_slam:/home/ingeolko/turtlebot3-master-IngeolKo/turtlebot3-master/install/turtlebot3_navigation:/home/ingeolko/turtlebot3-master-IngeolKo/turtlebot3-master/install/turtlebot3_example:/home/ingeolko/turtlebot3-master-IngeolKo/turtlebot3-master/install/turtlebot3_bringup:/opt/ros/melodic PKG_CONFIG_PATH=/home/ingeolko/turtlebot3-master-IngeolKo/turtlebot3-master/install/turtlebot3_teleop/lib/x86_64-linux-gnu/pkgconfig:/home/ingeolko/turtlebot3-master-IngeolKo/turtlebot3-master/install/turtlebot3_teleop/lib/pkgconfig:/home/ingeolko/turtlebot3-master-IngeolKo/turtlebot3-master/install/turtlebot3_description/lib/x86_64-linux-gnu/pkgconfig:/home/ingeolko/turtlebot3-master-IngeolKo/turtlebot3-master/install/turtlebot3_description/lib/pkgconfig:/home/ingeolko/turtlebot3-master-IngeolKo/turtlebot3-master/install/turtlebot3/lib/x86_64-linux-gnu/pkgconfig:/home/ingeolko/turtlebot3-master-IngeolKo/turtlebot3-master/install/turtlebot3/lib/pkgconfig:/home/ingeolko/turtlebot3-master-IngeolKo/turtlebot3-master/install/turtlebot3_slam/lib/x86_64-linux-gnu/pkgconfig:/home/ingeolko/turtlebot3-master-IngeolKo/turtlebot3-master/install/turtlebot3_slam/lib/pkgconfig:/home/ingeolko/turtlebot3-master-IngeolKo/turtlebot3-master/install/turtlebot3_navigation/lib/x86_64-linux-gnu/pkgconfig:/home/ingeolko/turtlebot3-master-IngeolKo/turtlebot3-master/install/turtlebot3_navigation/lib/pkgconfig:/home/ingeolko/turtlebot3-master-IngeolKo/turtlebot3-master/install/turtlebot3_example/lib/x86_64-linux-gnu/pkgconfig:/home/ingeolko/turtlebot3-master-IngeolKo/turtlebot3-master/install/turtlebot3_example/lib/pkgconfig:/home/ingeolko/turtlebot3-master-IngeolKo/turtlebot3-master/install/turtlebot3_bringup/lib/x86_64-linux-gnu/pkgconfig:/home/ingeolko/turtlebot3-master-IngeolKo/turtlebot3-master/install/turtlebot3_bringup/lib/pkgconfig:/opt/ros/melodic/lib/pkgconfig PYTHONPATH=/home/ingeolko/turtlebot3-master-IngeolKo/turtlebot3-master/install/turtlebot3_teleop/lib/python2.7/dist-packages:/home/ingeolko/turtlebot3-master-IngeolKo/turtlebot3-master/install/turtlebot3_example/lib/python2.7/dist-packages:/opt/ros/melodic/lib/python2.7/dist-packages ROS_PACKAGE_PATH=/home/ingeolko/turtlebot3-master-IngeolKo/turtlebot3-master/install/turtlebot3_teleop/share:/home/ingeolko/turtlebot3-master-IngeolKo/turtlebot3-master/install/turtlebot3_description/share:/home/ingeolko/turtlebot3-master-IngeolKo/turtlebot3-master/install/turtlebot3/share:/home/ingeolko/turtlebot3-master-IngeolKo/turtlebot3-master/install/turtlebot3_slam/share:/home/ingeolko/turtlebot3-master-IngeolKo/turtlebot3-master/install/turtlebot3_navigation/share:/home/ingeolko/turtlebot3-master-IngeolKo/turtlebot3-master/install/turtlebot3_example/share:/home/ingeolko/turtlebot3-master-IngeolKo/turtlebot3-master/install/turtlebot3_bringup/share:/opt/ros/melodic/share /usr/bin/cmake --build /home/ingeolko/turtlebot3-master-IngeolKo/turtlebot3-master/build/turtlebot3_bringup --target install -- -j4 -l4
[1.228s] CMake Error: The current CMakeCache.txt directory /home/ingeolko/turtlebot3-master-IngeolKo/turtlebot3-master/build/turtlebot3_bringup/CMakeCache.txt is different than the directory /home/ingeolko/turtlebot3-master/build/turtlebot3_bringup where CMakeCache.txt was created. This may result in binaries being created in the wrong place. If you are not sure, reedit the CMakeCache.txt
[1.274s] [  0%] Built target turtlebot3_msgs_generate_messages_cpp
[1.299s] [  0%] Built target turtlebot3_msgs_generate_messages_eus
[1.312s] [  0%] Built target rosgraph_msgs_generate_messages_nodejs
[1.335s] [  0%] Built target rosgraph_msgs_generate_messages_py
[1.362s] [  0%] Built target std_msgs_generate_messages_eus
[1.381s] [  0%] Built target rosgraph_msgs_generate_messages_lisp
[1.415s] [  0%] Built target rosgraph_msgs_generate_messages_eus
[1.437s] [  0%] Built target rosgraph_msgs_generate_messages_cpp
[1.460s] [  0%] Built target roscpp_generate_messages_py
[1.482s] [  0%] Built target std_msgs_generate_messages_py
[1.507s] [  0%] Built target geometry_msgs_generate_messages_eus
[1.547s] [  0%] Built target roscpp_generate_messages_nodejs
[1.573s] [  0%] Built target roscpp_generate_messages_eus
[1.599s] [  0%] Built target roscpp_generate_messages_lisp
[1.628s] [  0%] Built target std_msgs_generate_messages_cpp
[1.648s] [  0%] Built target geometry_msgs_generate_messages_nodejs
[1.675s] [  0%] Built target sensor_msgs_generate_messages_py
[1.713s] [  0%] Built target diagnostic_msgs_generate_messages_cpp
[1.733s] [  0%] Built target diagnostic_msgs_generate_messages_eus
[1.761s] [  0%] Built target std_msgs_generate_messages_lisp
[1.797s] [  0%] Built target sensor_msgs_generate_messages_cpp
[1.814s] [  0%] Built target sensor_msgs_generate_messages_eus
[1.836s] [  0%] Built target std_msgs_generate_messages_nodejs
[1.863s] [  0%] Built target sensor_msgs_generate_messages_lisp
[1.887s] [  0%] Built target turtlebot3_msgs_generate_messages_py
[1.911s] [  0%] Built target roscpp_generate_messages_cpp
[1.930s] [  0%] Built target sensor_msgs_generate_messages_nodejs
[1.961s] [  0%] Built target diagnostic_msgs_generate_messages_py
[1.990s] [  0%] Built target geometry_msgs_generate_messages_cpp
[2.010s] [  0%] Built target geometry_msgs_generate_messages_lisp
[2.030s] [  0%] Built target geometry_msgs_generate_messages_py
[2.060s] [  0%] Built target diagnostic_msgs_generate_messages_lisp
[2.082s] [  0%] Built target diagnostic_msgs_generate_messages_nodejs
[2.102s] [  0%] Built target turtlebot3_msgs_generate_messages_lisp
[2.121s] [  0%] Built target turtlebot3_msgs_generate_messages_nodejs
[2.150s] [100%] Built target turtlebot3_diagnostics
[2.173s] [36mInstall the project...[0m
[2.181s] -- Install configuration: ""
[2.182s] -- Up-to-date: /home/ingeolko/turtlebot3-master/install/turtlebot3_bringup/lib/pkgconfig/turtlebot3_bringup.pc
[2.182s] -- Up-to-date: /home/ingeolko/turtlebot3-master/install/turtlebot3_bringup/share/turtlebot3_bringup/cmake/turtlebot3_bringupConfig.cmake
[2.182s] -- Up-to-date: /home/ingeolko/turtlebot3-master/install/turtlebot3_bringup/share/turtlebot3_bringup/cmake/turtlebot3_bringupConfig-version.cmake
[2.182s] -- Up-to-date: /home/ingeolko/turtlebot3-master/install/turtlebot3_bringup/share/turtlebot3_bringup/package.xml
[2.182s] -- Up-to-date: /home/ingeolko/turtlebot3-master/install/turtlebot3_bringup/lib/turtlebot3_bringup/turtlebot3_diagnostics
[2.182s] -- Up-to-date: /home/ingeolko/turtlebot3-master/install/turtlebot3_bringup/lib/turtlebot3_bringup/create_udev_rules
[2.182s] -- Up-to-date: /home/ingeolko/turtlebot3-master/install/turtlebot3_bringup/share/turtlebot3_bringup/launch
[2.182s] -- Up-to-date: /home/ingeolko/turtlebot3-master/install/turtlebot3_bringup/share/turtlebot3_bringup/launch/turtlebot3_lidar.launch
[2.182s] -- Up-to-date: /home/ingeolko/turtlebot3-master/install/turtlebot3_bringup/share/turtlebot3_bringup/launch/includes
[2.182s] -- Up-to-date: /home/ingeolko/turtlebot3-master/install/turtlebot3_bringup/share/turtlebot3_bringup/launch/includes/description.launch.xml
[2.182s] -- Up-to-date: /home/ingeolko/turtlebot3-master/install/turtlebot3_bringup/share/turtlebot3_bringup/launch/turtlebot3_core.launch
[2.183s] -- Up-to-date: /home/ingeolko/turtlebot3-master/install/turtlebot3_bringup/share/turtlebot3_bringup/launch/turtlebot3_remote.launch
[2.183s] -- Up-to-date: /home/ingeolko/turtlebot3-master/install/turtlebot3_bringup/share/turtlebot3_bringup/launch/turtlebot3_rpicamera.launch
[2.183s] -- Up-to-date: /home/ingeolko/turtlebot3-master/install/turtlebot3_bringup/share/turtlebot3_bringup/launch/turtlebot3_model.launch
[2.183s] -- Up-to-date: /home/ingeolko/turtlebot3-master/install/turtlebot3_bringup/share/turtlebot3_bringup/launch/turtlebot3_realsense.launch
[2.183s] -- Up-to-date: /home/ingeolko/turtlebot3-master/install/turtlebot3_bringup/share/turtlebot3_bringup/launch/turtlebot3_robot.launch
[2.183s] -- Up-to-date: /home/ingeolko/turtlebot3-master/install/turtlebot3_bringup/share/turtlebot3_bringup/99-turtlebot3-cdc.rules
[2.187s] Invoked command in '/home/ingeolko/turtlebot3-master-IngeolKo/turtlebot3-master/build/turtlebot3_bringup' returned '0': CMAKE_PREFIX_PATH=/home/ingeolko/turtlebot3-master-IngeolKo/turtlebot3-master/install/turtlebot3_teleop:/home/ingeolko/turtlebot3-master-IngeolKo/turtlebot3-master/install/turtlebot3_description:/home/ingeolko/turtlebot3-master-IngeolKo/turtlebot3-master/install/turtlebot3_slam:/home/ingeolko/turtlebot3-master-IngeolKo/turtlebot3-master/install/turtlebot3_navigation:/home/ingeolko/turtlebot3-master-IngeolKo/turtlebot3-master/install/turtlebot3_example:/home/ingeolko/turtlebot3-master-IngeolKo/turtlebot3-master/install/turtlebot3_bringup:/opt/ros/melodic PKG_CONFIG_PATH=/home/ingeolko/turtlebot3-master-IngeolKo/turtlebot3-master/install/turtlebot3_teleop/lib/x86_64-linux-gnu/pkgconfig:/home/ingeolko/turtlebot3-master-IngeolKo/turtlebot3-master/install/turtlebot3_teleop/lib/pkgconfig:/home/ingeolko/turtlebot3-master-IngeolKo/turtlebot3-master/install/turtlebot3_description/lib/x86_64-linux-gnu/pkgconfig:/home/ingeolko/turtlebot3-master-IngeolKo/turtlebot3-master/install/turtlebot3_description/lib/pkgconfig:/home/ingeolko/turtlebot3-master-IngeolKo/turtlebot3-master/install/turtlebot3/lib/x86_64-linux-gnu/pkgconfig:/home/ingeolko/turtlebot3-master-IngeolKo/turtlebot3-master/install/turtlebot3/lib/pkgconfig:/home/ingeolko/turtlebot3-master-IngeolKo/turtlebot3-master/install/turtlebot3_slam/lib/x86_64-linux-gnu/pkgconfig:/home/ingeolko/turtlebot3-master-IngeolKo/turtlebot3-master/install/turtlebot3_slam/lib/pkgconfig:/home/ingeolko/turtlebot3-master-IngeolKo/turtlebot3-master/install/turtlebot3_navigation/lib/x86_64-linux-gnu/pkgconfig:/home/ingeolko/turtlebot3-master-IngeolKo/turtlebot3-master/install/turtlebot3_navigation/lib/pkgconfig:/home/ingeolko/turtlebot3-master-IngeolKo/turtlebot3-master/install/turtlebot3_example/lib/x86_64-linux-gnu/pkgconfig:/home/ingeolko/turtlebot3-master-IngeolKo/turtlebot3-master/install/turtlebot3_example/lib/pkgconfig:/home/ingeolko/turtlebot3-master-IngeolKo/turtlebot3-master/install/turtlebot3_bringup/lib/x86_64-linux-gnu/pkgconfig:/home/ingeolko/turtlebot3-master-IngeolKo/turtlebot3-master/install/turtlebot3_bringup/lib/pkgconfig:/opt/ros/melodic/lib/pkgconfig PYTHONPATH=/home/ingeolko/turtlebot3-master-IngeolKo/turtlebot3-master/install/turtlebot3_teleop/lib/python2.7/dist-packages:/home/ingeolko/turtlebot3-master-IngeolKo/turtlebot3-master/install/turtlebot3_example/lib/python2.7/dist-packages:/opt/ros/melodic/lib/python2.7/dist-packages ROS_PACKAGE_PATH=/home/ingeolko/turtlebot3-master-IngeolKo/turtlebot3-master/install/turtlebot3_teleop/share:/home/ingeolko/turtlebot3-master-IngeolKo/turtlebot3-master/install/turtlebot3_description/share:/home/ingeolko/turtlebot3-master-IngeolKo/turtlebot3-master/install/turtlebot3/share:/home/ingeolko/turtlebot3-master-IngeolKo/turtlebot3-master/install/turtlebot3_slam/share:/home/ingeolko/turtlebot3-master-IngeolKo/turtlebot3-master/install/turtlebot3_navigation/share:/home/ingeolko/turtlebot3-master-IngeolKo/turtlebot3-master/install/turtlebot3_example/share:/home/ingeolko/turtlebot3-master-IngeolKo/turtlebot3-master/install/turtlebot3_bringup/share:/opt/ros/melodic/share /usr/bin/cmake --build /home/ingeolko/turtlebot3-master-IngeolKo/turtlebot3-master/build/turtlebot3_bringup --target install -- -j4 -l4
