[0.104s] DEBUG:colcon:Command line arguments: ['/usr/bin/colcon', 'build']
[0.104s] DEBUG:colcon:Parsed command line arguments: Namespace(allow_overriding=[], ament_cmake_args=None, base_paths=['.'], build_base='build', catkin_cmake_args=None, catkin_skip_building_tests=False, cmake_args=None, cmake_clean_cache=False, cmake_clean_first=False, cmake_force_configure=False, cmake_target=None, cmake_target_skip_unavailable=False, continue_on_error=False, event_handlers=None, executor='parallel', ignore_user_meta=False, install_base='install', log_base=None, log_level=None, main=<bound method BuildVerb.main of <colcon_core.verb.build.BuildVerb object at 0x7f7b42b59390>>, merge_install=False, metas=['./colcon.meta'], packages_above=None, packages_above_and_dependencies=None, packages_above_depth=None, packages_end=None, packages_ignore=None, packages_ignore_regex=None, packages_select=None, packages_select_build_failed=False, packages_select_by_dep=None, packages_select_regex=None, packages_select_test_failures=False, packages_skip=None, packages_skip_build_finished=False, packages_skip_by_dep=None, packages_skip_regex=None, packages_skip_test_passed=False, packages_skip_up_to=None, packages_start=None, packages_up_to=None, packages_up_to_regex=None, parallel_workers=4, paths=None, symlink_install=False, test_result_base=None, verb_extension=<colcon_core.verb.build.BuildVerb object at 0x7f7b42b59390>, verb_name='build', verb_parser=<colcon_defaults.argument_parser.defaults.DefaultArgumentsDecorator object at 0x7f7b42b595f8>)
[0.124s] Level 1:colcon.colcon_core.package_discovery:discover_packages(colcon_meta) check parameters
[0.124s] Level 1:colcon.colcon_core.package_discovery:discover_packages(recursive) check parameters
[0.124s] Level 1:colcon.colcon_core.package_discovery:discover_packages(ignore) check parameters
[0.124s] Level 1:colcon.colcon_core.package_discovery:discover_packages(path) check parameters
[0.125s] Level 1:colcon.colcon_core.package_discovery:discover_packages(colcon_meta) discover
[0.125s] Level 1:colcon.colcon_core.package_discovery:discover_packages(recursive) discover
[0.125s] INFO:colcon.colcon_core.package_discovery:Crawling recursively for packages in '/home/ingeolko/turtlebot3-master'
[0.125s] Level 1:colcon.colcon_core.package_identification:_identify(.) by extensions ['ignore', 'ignore_ament_install']
[0.125s] Level 1:colcon.colcon_core.package_identification:_identify(.) by extension 'ignore'
[0.125s] Level 1:colcon.colcon_core.package_identification:_identify(.) by extension 'ignore_ament_install'
[0.125s] Level 1:colcon.colcon_core.package_identification:_identify(.) by extensions ['colcon_pkg']
[0.125s] Level 1:colcon.colcon_core.package_identification:_identify(.) by extension 'colcon_pkg'
[0.125s] Level 1:colcon.colcon_core.package_identification:_identify(.) by extensions ['colcon_meta']
[0.125s] Level 1:colcon.colcon_core.package_identification:_identify(.) by extension 'colcon_meta'
[0.125s] Level 1:colcon.colcon_core.package_identification:_identify(.) by extensions ['ros']
[0.125s] Level 1:colcon.colcon_core.package_identification:_identify(.) by extension 'ros'
[0.136s] Level 1:colcon.colcon_core.package_identification:_identify(.) by extensions ['cmake', 'python']
[0.136s] Level 1:colcon.colcon_core.package_identification:_identify(.) by extension 'cmake'
[0.136s] Level 1:colcon.colcon_core.package_identification:_identify(.) by extension 'python'
[0.136s] Level 1:colcon.colcon_core.package_identification:_identify(.) by extensions ['python_setup_py']
[0.137s] Level 1:colcon.colcon_core.package_identification:_identify(.) by extension 'python_setup_py'
[0.137s] Level 1:colcon.colcon_core.package_identification:_identify(build) by extensions ['ignore', 'ignore_ament_install']
[0.137s] Level 1:colcon.colcon_core.package_identification:_identify(build) by extension 'ignore'
[0.137s] Level 1:colcon.colcon_core.package_identification:_identify(build) ignored
[0.137s] Level 1:colcon.colcon_core.package_identification:_identify(install) by extensions ['ignore', 'ignore_ament_install']
[0.137s] Level 1:colcon.colcon_core.package_identification:_identify(install) by extension 'ignore'
[0.137s] Level 1:colcon.colcon_core.package_identification:_identify(install) ignored
[0.137s] Level 1:colcon.colcon_core.package_identification:_identify(log) by extensions ['ignore', 'ignore_ament_install']
[0.138s] Level 1:colcon.colcon_core.package_identification:_identify(log) by extension 'ignore'
[0.138s] Level 1:colcon.colcon_core.package_identification:_identify(log) ignored
[0.138s] Level 1:colcon.colcon_core.package_identification:_identify(turtlebot3) by extensions ['ignore', 'ignore_ament_install']
[0.138s] Level 1:colcon.colcon_core.package_identification:_identify(turtlebot3) by extension 'ignore'
[0.138s] Level 1:colcon.colcon_core.package_identification:_identify(turtlebot3) by extension 'ignore_ament_install'
[0.138s] Level 1:colcon.colcon_core.package_identification:_identify(turtlebot3) by extensions ['colcon_pkg']
[0.138s] Level 1:colcon.colcon_core.package_identification:_identify(turtlebot3) by extension 'colcon_pkg'
[0.138s] Level 1:colcon.colcon_core.package_identification:_identify(turtlebot3) by extensions ['colcon_meta']
[0.138s] Level 1:colcon.colcon_core.package_identification:_identify(turtlebot3) by extension 'colcon_meta'
[0.138s] Level 1:colcon.colcon_core.package_identification:_identify(turtlebot3) by extensions ['ros']
[0.138s] Level 1:colcon.colcon_core.package_identification:_identify(turtlebot3) by extension 'ros'
[0.142s] DEBUG:colcon.colcon_core.package_identification:Package 'turtlebot3' with type 'ros.catkin' and name 'turtlebot3'
[0.142s] Level 1:colcon.colcon_core.package_identification:_identify(turtlebot3_bringup) by extensions ['ignore', 'ignore_ament_install']
[0.142s] Level 1:colcon.colcon_core.package_identification:_identify(turtlebot3_bringup) by extension 'ignore'
[0.142s] Level 1:colcon.colcon_core.package_identification:_identify(turtlebot3_bringup) by extension 'ignore_ament_install'
[0.142s] Level 1:colcon.colcon_core.package_identification:_identify(turtlebot3_bringup) by extensions ['colcon_pkg']
[0.142s] Level 1:colcon.colcon_core.package_identification:_identify(turtlebot3_bringup) by extension 'colcon_pkg'
[0.142s] Level 1:colcon.colcon_core.package_identification:_identify(turtlebot3_bringup) by extensions ['colcon_meta']
[0.142s] Level 1:colcon.colcon_core.package_identification:_identify(turtlebot3_bringup) by extension 'colcon_meta'
[0.143s] Level 1:colcon.colcon_core.package_identification:_identify(turtlebot3_bringup) by extensions ['ros']
[0.143s] Level 1:colcon.colcon_core.package_identification:_identify(turtlebot3_bringup) by extension 'ros'
[0.144s] DEBUG:colcon.colcon_core.package_identification:Package 'turtlebot3_bringup' with type 'ros.catkin' and name 'turtlebot3_bringup'
[0.144s] Level 1:colcon.colcon_core.package_identification:_identify(turtlebot3_description) by extensions ['ignore', 'ignore_ament_install']
[0.144s] Level 1:colcon.colcon_core.package_identification:_identify(turtlebot3_description) by extension 'ignore'
[0.144s] Level 1:colcon.colcon_core.package_identification:_identify(turtlebot3_description) by extension 'ignore_ament_install'
[0.144s] Level 1:colcon.colcon_core.package_identification:_identify(turtlebot3_description) by extensions ['colcon_pkg']
[0.144s] Level 1:colcon.colcon_core.package_identification:_identify(turtlebot3_description) by extension 'colcon_pkg'
[0.144s] Level 1:colcon.colcon_core.package_identification:_identify(turtlebot3_description) by extensions ['colcon_meta']
[0.144s] Level 1:colcon.colcon_core.package_identification:_identify(turtlebot3_description) by extension 'colcon_meta'
[0.145s] Level 1:colcon.colcon_core.package_identification:_identify(turtlebot3_description) by extensions ['ros']
[0.145s] Level 1:colcon.colcon_core.package_identification:_identify(turtlebot3_description) by extension 'ros'
[0.145s] DEBUG:colcon.colcon_core.package_identification:Package 'turtlebot3_description' with type 'ros.catkin' and name 'turtlebot3_description'
[0.145s] Level 1:colcon.colcon_core.package_identification:_identify(turtlebot3_example) by extensions ['ignore', 'ignore_ament_install']
[0.146s] Level 1:colcon.colcon_core.package_identification:_identify(turtlebot3_example) by extension 'ignore'
[0.146s] Level 1:colcon.colcon_core.package_identification:_identify(turtlebot3_example) by extension 'ignore_ament_install'
[0.146s] Level 1:colcon.colcon_core.package_identification:_identify(turtlebot3_example) by extensions ['colcon_pkg']
[0.146s] Level 1:colcon.colcon_core.package_identification:_identify(turtlebot3_example) by extension 'colcon_pkg'
[0.146s] Level 1:colcon.colcon_core.package_identification:_identify(turtlebot3_example) by extensions ['colcon_meta']
[0.146s] Level 1:colcon.colcon_core.package_identification:_identify(turtlebot3_example) by extension 'colcon_meta'
[0.146s] Level 1:colcon.colcon_core.package_identification:_identify(turtlebot3_example) by extensions ['ros']
[0.146s] Level 1:colcon.colcon_core.package_identification:_identify(turtlebot3_example) by extension 'ros'
[0.148s] DEBUG:colcon.colcon_core.package_identification:Package 'turtlebot3_example' with type 'ros.catkin' and name 'turtlebot3_example'
[0.148s] Level 1:colcon.colcon_core.package_identification:_identify(turtlebot3_navigation) by extensions ['ignore', 'ignore_ament_install']
[0.148s] Level 1:colcon.colcon_core.package_identification:_identify(turtlebot3_navigation) by extension 'ignore'
[0.148s] Level 1:colcon.colcon_core.package_identification:_identify(turtlebot3_navigation) by extension 'ignore_ament_install'
[0.148s] Level 1:colcon.colcon_core.package_identification:_identify(turtlebot3_navigation) by extensions ['colcon_pkg']
[0.148s] Level 1:colcon.colcon_core.package_identification:_identify(turtlebot3_navigation) by extension 'colcon_pkg'
[0.148s] Level 1:colcon.colcon_core.package_identification:_identify(turtlebot3_navigation) by extensions ['colcon_meta']
[0.148s] Level 1:colcon.colcon_core.package_identification:_identify(turtlebot3_navigation) by extension 'colcon_meta'
[0.148s] Level 1:colcon.colcon_core.package_identification:_identify(turtlebot3_navigation) by extensions ['ros']
[0.148s] Level 1:colcon.colcon_core.package_identification:_identify(turtlebot3_navigation) by extension 'ros'
[0.149s] DEBUG:colcon.colcon_core.package_identification:Package 'turtlebot3_navigation' with type 'ros.catkin' and name 'turtlebot3_navigation'
[0.149s] Level 1:colcon.colcon_core.package_identification:_identify(turtlebot3_slam) by extensions ['ignore', 'ignore_ament_install']
[0.149s] Level 1:colcon.colcon_core.package_identification:_identify(turtlebot3_slam) by extension 'ignore'
[0.149s] Level 1:colcon.colcon_core.package_identification:_identify(turtlebot3_slam) by extension 'ignore_ament_install'
[0.150s] Level 1:colcon.colcon_core.package_identification:_identify(turtlebot3_slam) by extensions ['colcon_pkg']
[0.150s] Level 1:colcon.colcon_core.package_identification:_identify(turtlebot3_slam) by extension 'colcon_pkg'
[0.150s] Level 1:colcon.colcon_core.package_identification:_identify(turtlebot3_slam) by extensions ['colcon_meta']
[0.150s] Level 1:colcon.colcon_core.package_identification:_identify(turtlebot3_slam) by extension 'colcon_meta'
[0.150s] Level 1:colcon.colcon_core.package_identification:_identify(turtlebot3_slam) by extensions ['ros']
[0.150s] Level 1:colcon.colcon_core.package_identification:_identify(turtlebot3_slam) by extension 'ros'
[0.151s] DEBUG:colcon.colcon_core.package_identification:Package 'turtlebot3_slam' with type 'ros.catkin' and name 'turtlebot3_slam'
[0.151s] Level 1:colcon.colcon_core.package_identification:_identify(turtlebot3_teleop) by extensions ['ignore', 'ignore_ament_install']
[0.151s] Level 1:colcon.colcon_core.package_identification:_identify(turtlebot3_teleop) by extension 'ignore'
[0.151s] Level 1:colcon.colcon_core.package_identification:_identify(turtlebot3_teleop) by extension 'ignore_ament_install'
[0.151s] Level 1:colcon.colcon_core.package_identification:_identify(turtlebot3_teleop) by extensions ['colcon_pkg']
[0.151s] Level 1:colcon.colcon_core.package_identification:_identify(turtlebot3_teleop) by extension 'colcon_pkg'
[0.151s] Level 1:colcon.colcon_core.package_identification:_identify(turtlebot3_teleop) by extensions ['colcon_meta']
[0.151s] Level 1:colcon.colcon_core.package_identification:_identify(turtlebot3_teleop) by extension 'colcon_meta'
[0.151s] Level 1:colcon.colcon_core.package_identification:_identify(turtlebot3_teleop) by extensions ['ros']
[0.151s] Level 1:colcon.colcon_core.package_identification:_identify(turtlebot3_teleop) by extension 'ros'
[0.152s] DEBUG:colcon.colcon_core.package_identification:Package 'turtlebot3_teleop' with type 'ros.catkin' and name 'turtlebot3_teleop'
[0.152s] Level 1:colcon.colcon_core.package_discovery:discover_packages(recursive) using defaults
[0.152s] Level 1:colcon.colcon_core.package_discovery:discover_packages(ignore) discover
[0.152s] Level 1:colcon.colcon_core.package_discovery:discover_packages(ignore) using defaults
[0.152s] Level 1:colcon.colcon_core.package_discovery:discover_packages(path) discover
[0.152s] Level 1:colcon.colcon_core.package_discovery:discover_packages(path) using defaults
[0.171s] Level 1:colcon.colcon_core.package_discovery:discover_packages(prefix_path) check parameters
[0.171s] Level 1:colcon.colcon_core.package_discovery:discover_packages(prefix_path) discover
[0.173s] DEBUG:colcon.colcon_installed_package_information.package_discovery:Found 1 installed packages in /home/ingeolko/turtlebot3-master/turtlebot3_example/install
[0.173s] DEBUG:colcon.colcon_installed_package_information.package_discovery:Found 3 installed packages in /home/ingeolko/turtlebot3-master/install
[0.174s] Level 1:colcon.colcon_core.package_discovery:discover_packages(prefix_path) using defaults
[0.176s] Level 5:colcon.colcon_core.verb:set package 'turtlebot3_description' build argument 'cmake_args' from command line to 'None'
[0.176s] Level 5:colcon.colcon_core.verb:set package 'turtlebot3_description' build argument 'cmake_target' from command line to 'None'
[0.176s] Level 5:colcon.colcon_core.verb:set package 'turtlebot3_description' build argument 'cmake_target_skip_unavailable' from command line to 'False'
[0.176s] Level 5:colcon.colcon_core.verb:set package 'turtlebot3_description' build argument 'cmake_clean_cache' from command line to 'False'
[0.176s] Level 5:colcon.colcon_core.verb:set package 'turtlebot3_description' build argument 'cmake_clean_first' from command line to 'False'
[0.176s] Level 5:colcon.colcon_core.verb:set package 'turtlebot3_description' build argument 'cmake_force_configure' from command line to 'False'
[0.176s] Level 5:colcon.colcon_core.verb:set package 'turtlebot3_description' build argument 'ament_cmake_args' from command line to 'None'
[0.176s] Level 5:colcon.colcon_core.verb:set package 'turtlebot3_description' build argument 'catkin_cmake_args' from command line to 'None'
[0.176s] Level 5:colcon.colcon_core.verb:set package 'turtlebot3_description' build argument 'catkin_skip_building_tests' from command line to 'False'
[0.176s] DEBUG:colcon.colcon_core.verb:Building package 'turtlebot3_description' with the following arguments: {'ament_cmake_args': None, 'build_base': '/home/ingeolko/turtlebot3-master/build/turtlebot3_description', 'catkin_cmake_args': None, 'catkin_skip_building_tests': False, 'cmake_args': None, 'cmake_clean_cache': False, 'cmake_clean_first': False, 'cmake_force_configure': False, 'cmake_target': None, 'cmake_target_skip_unavailable': False, 'install_base': '/home/ingeolko/turtlebot3-master/install/turtlebot3_description', 'merge_install': False, 'path': '/home/ingeolko/turtlebot3-master/turtlebot3_description', 'symlink_install': False, 'test_result_base': None}
[0.176s] Level 5:colcon.colcon_core.verb:set package 'turtlebot3_teleop' build argument 'cmake_args' from command line to 'None'
[0.176s] Level 5:colcon.colcon_core.verb:set package 'turtlebot3_teleop' build argument 'cmake_target' from command line to 'None'
[0.177s] Level 5:colcon.colcon_core.verb:set package 'turtlebot3_teleop' build argument 'cmake_target_skip_unavailable' from command line to 'False'
[0.177s] Level 5:colcon.colcon_core.verb:set package 'turtlebot3_teleop' build argument 'cmake_clean_cache' from command line to 'False'
[0.177s] Level 5:colcon.colcon_core.verb:set package 'turtlebot3_teleop' build argument 'cmake_clean_first' from command line to 'False'
[0.177s] Level 5:colcon.colcon_core.verb:set package 'turtlebot3_teleop' build argument 'cmake_force_configure' from command line to 'False'
[0.177s] Level 5:colcon.colcon_core.verb:set package 'turtlebot3_teleop' build argument 'ament_cmake_args' from command line to 'None'
[0.177s] Level 5:colcon.colcon_core.verb:set package 'turtlebot3_teleop' build argument 'catkin_cmake_args' from command line to 'None'
[0.177s] Level 5:colcon.colcon_core.verb:set package 'turtlebot3_teleop' build argument 'catkin_skip_building_tests' from command line to 'False'
[0.177s] DEBUG:colcon.colcon_core.verb:Building package 'turtlebot3_teleop' with the following arguments: {'ament_cmake_args': None, 'build_base': '/home/ingeolko/turtlebot3-master/build/turtlebot3_teleop', 'catkin_cmake_args': None, 'catkin_skip_building_tests': False, 'cmake_args': None, 'cmake_clean_cache': False, 'cmake_clean_first': False, 'cmake_force_configure': False, 'cmake_target': None, 'cmake_target_skip_unavailable': False, 'install_base': '/home/ingeolko/turtlebot3-master/install/turtlebot3_teleop', 'merge_install': False, 'path': '/home/ingeolko/turtlebot3-master/turtlebot3_teleop', 'symlink_install': False, 'test_result_base': None}
[0.177s] Level 5:colcon.colcon_core.verb:set package 'turtlebot3_bringup' build argument 'cmake_args' from command line to 'None'
[0.177s] Level 5:colcon.colcon_core.verb:set package 'turtlebot3_bringup' build argument 'cmake_target' from command line to 'None'
[0.177s] Level 5:colcon.colcon_core.verb:set package 'turtlebot3_bringup' build argument 'cmake_target_skip_unavailable' from command line to 'False'
[0.177s] Level 5:colcon.colcon_core.verb:set package 'turtlebot3_bringup' build argument 'cmake_clean_cache' from command line to 'False'
[0.177s] Level 5:colcon.colcon_core.verb:set package 'turtlebot3_bringup' build argument 'cmake_clean_first' from command line to 'False'
[0.177s] Level 5:colcon.colcon_core.verb:set package 'turtlebot3_bringup' build argument 'cmake_force_configure' from command line to 'False'
[0.177s] Level 5:colcon.colcon_core.verb:set package 'turtlebot3_bringup' build argument 'ament_cmake_args' from command line to 'None'
[0.177s] Level 5:colcon.colcon_core.verb:set package 'turtlebot3_bringup' build argument 'catkin_cmake_args' from command line to 'None'
[0.177s] Level 5:colcon.colcon_core.verb:set package 'turtlebot3_bringup' build argument 'catkin_skip_building_tests' from command line to 'False'
[0.178s] DEBUG:colcon.colcon_core.verb:Building package 'turtlebot3_bringup' with the following arguments: {'ament_cmake_args': None, 'build_base': '/home/ingeolko/turtlebot3-master/build/turtlebot3_bringup', 'catkin_cmake_args': None, 'catkin_skip_building_tests': False, 'cmake_args': None, 'cmake_clean_cache': False, 'cmake_clean_first': False, 'cmake_force_configure': False, 'cmake_target': None, 'cmake_target_skip_unavailable': False, 'install_base': '/home/ingeolko/turtlebot3-master/install/turtlebot3_bringup', 'merge_install': False, 'path': '/home/ingeolko/turtlebot3-master/turtlebot3_bringup', 'symlink_install': False, 'test_result_base': None}
[0.178s] Level 5:colcon.colcon_core.verb:set package 'turtlebot3_example' build argument 'cmake_args' from command line to 'None'
[0.178s] Level 5:colcon.colcon_core.verb:set package 'turtlebot3_example' build argument 'cmake_target' from command line to 'None'
[0.178s] Level 5:colcon.colcon_core.verb:set package 'turtlebot3_example' build argument 'cmake_target_skip_unavailable' from command line to 'False'
[0.178s] Level 5:colcon.colcon_core.verb:set package 'turtlebot3_example' build argument 'cmake_clean_cache' from command line to 'False'
[0.178s] Level 5:colcon.colcon_core.verb:set package 'turtlebot3_example' build argument 'cmake_clean_first' from command line to 'False'
[0.178s] Level 5:colcon.colcon_core.verb:set package 'turtlebot3_example' build argument 'cmake_force_configure' from command line to 'False'
[0.178s] Level 5:colcon.colcon_core.verb:set package 'turtlebot3_example' build argument 'ament_cmake_args' from command line to 'None'
[0.178s] Level 5:colcon.colcon_core.verb:set package 'turtlebot3_example' build argument 'catkin_cmake_args' from command line to 'None'
[0.178s] Level 5:colcon.colcon_core.verb:set package 'turtlebot3_example' build argument 'catkin_skip_building_tests' from command line to 'False'
[0.178s] DEBUG:colcon.colcon_core.verb:Building package 'turtlebot3_example' with the following arguments: {'ament_cmake_args': None, 'build_base': '/home/ingeolko/turtlebot3-master/build/turtlebot3_example', 'catkin_cmake_args': None, 'catkin_skip_building_tests': False, 'cmake_args': None, 'cmake_clean_cache': False, 'cmake_clean_first': False, 'cmake_force_configure': False, 'cmake_target': None, 'cmake_target_skip_unavailable': False, 'install_base': '/home/ingeolko/turtlebot3-master/install/turtlebot3_example', 'merge_install': False, 'path': '/home/ingeolko/turtlebot3-master/turtlebot3_example', 'symlink_install': False, 'test_result_base': None}
[0.179s] Level 5:colcon.colcon_core.verb:set package 'turtlebot3_navigation' build argument 'cmake_args' from command line to 'None'
[0.179s] Level 5:colcon.colcon_core.verb:set package 'turtlebot3_navigation' build argument 'cmake_target' from command line to 'None'
[0.179s] Level 5:colcon.colcon_core.verb:set package 'turtlebot3_navigation' build argument 'cmake_target_skip_unavailable' from command line to 'False'
[0.179s] Level 5:colcon.colcon_core.verb:set package 'turtlebot3_navigation' build argument 'cmake_clean_cache' from command line to 'False'
[0.179s] Level 5:colcon.colcon_core.verb:set package 'turtlebot3_navigation' build argument 'cmake_clean_first' from command line to 'False'
[0.179s] Level 5:colcon.colcon_core.verb:set package 'turtlebot3_navigation' build argument 'cmake_force_configure' from command line to 'False'
[0.179s] Level 5:colcon.colcon_core.verb:set package 'turtlebot3_navigation' build argument 'ament_cmake_args' from command line to 'None'
[0.179s] Level 5:colcon.colcon_core.verb:set package 'turtlebot3_navigation' build argument 'catkin_cmake_args' from command line to 'None'
[0.179s] Level 5:colcon.colcon_core.verb:set package 'turtlebot3_navigation' build argument 'catkin_skip_building_tests' from command line to 'False'
[0.179s] DEBUG:colcon.colcon_core.verb:Building package 'turtlebot3_navigation' with the following arguments: {'ament_cmake_args': None, 'build_base': '/home/ingeolko/turtlebot3-master/build/turtlebot3_navigation', 'catkin_cmake_args': None, 'catkin_skip_building_tests': False, 'cmake_args': None, 'cmake_clean_cache': False, 'cmake_clean_first': False, 'cmake_force_configure': False, 'cmake_target': None, 'cmake_target_skip_unavailable': False, 'install_base': '/home/ingeolko/turtlebot3-master/install/turtlebot3_navigation', 'merge_install': False, 'path': '/home/ingeolko/turtlebot3-master/turtlebot3_navigation', 'symlink_install': False, 'test_result_base': None}
[0.180s] Level 5:colcon.colcon_core.verb:set package 'turtlebot3_slam' build argument 'cmake_args' from command line to 'None'
[0.180s] Level 5:colcon.colcon_core.verb:set package 'turtlebot3_slam' build argument 'cmake_target' from command line to 'None'
[0.180s] Level 5:colcon.colcon_core.verb:set package 'turtlebot3_slam' build argument 'cmake_target_skip_unavailable' from command line to 'False'
[0.180s] Level 5:colcon.colcon_core.verb:set package 'turtlebot3_slam' build argument 'cmake_clean_cache' from command line to 'False'
[0.180s] Level 5:colcon.colcon_core.verb:set package 'turtlebot3_slam' build argument 'cmake_clean_first' from command line to 'False'
[0.180s] Level 5:colcon.colcon_core.verb:set package 'turtlebot3_slam' build argument 'cmake_force_configure' from command line to 'False'
[0.180s] Level 5:colcon.colcon_core.verb:set package 'turtlebot3_slam' build argument 'ament_cmake_args' from command line to 'None'
[0.180s] Level 5:colcon.colcon_core.verb:set package 'turtlebot3_slam' build argument 'catkin_cmake_args' from command line to 'None'
[0.180s] Level 5:colcon.colcon_core.verb:set package 'turtlebot3_slam' build argument 'catkin_skip_building_tests' from command line to 'False'
[0.180s] DEBUG:colcon.colcon_core.verb:Building package 'turtlebot3_slam' with the following arguments: {'ament_cmake_args': None, 'build_base': '/home/ingeolko/turtlebot3-master/build/turtlebot3_slam', 'catkin_cmake_args': None, 'catkin_skip_building_tests': False, 'cmake_args': None, 'cmake_clean_cache': False, 'cmake_clean_first': False, 'cmake_force_configure': False, 'cmake_target': None, 'cmake_target_skip_unavailable': False, 'install_base': '/home/ingeolko/turtlebot3-master/install/turtlebot3_slam', 'merge_install': False, 'path': '/home/ingeolko/turtlebot3-master/turtlebot3_slam', 'symlink_install': False, 'test_result_base': None}
[0.180s] Level 5:colcon.colcon_core.verb:set package 'turtlebot3' build argument 'cmake_args' from command line to 'None'
[0.180s] Level 5:colcon.colcon_core.verb:set package 'turtlebot3' build argument 'cmake_target' from command line to 'None'
[0.180s] Level 5:colcon.colcon_core.verb:set package 'turtlebot3' build argument 'cmake_target_skip_unavailable' from command line to 'False'
[0.180s] Level 5:colcon.colcon_core.verb:set package 'turtlebot3' build argument 'cmake_clean_cache' from command line to 'False'
[0.180s] Level 5:colcon.colcon_core.verb:set package 'turtlebot3' build argument 'cmake_clean_first' from command line to 'False'
[0.181s] Level 5:colcon.colcon_core.verb:set package 'turtlebot3' build argument 'cmake_force_configure' from command line to 'False'
[0.181s] Level 5:colcon.colcon_core.verb:set package 'turtlebot3' build argument 'ament_cmake_args' from command line to 'None'
[0.181s] Level 5:colcon.colcon_core.verb:set package 'turtlebot3' build argument 'catkin_cmake_args' from command line to 'None'
[0.181s] Level 5:colcon.colcon_core.verb:set package 'turtlebot3' build argument 'catkin_skip_building_tests' from command line to 'False'
[0.181s] DEBUG:colcon.colcon_core.verb:Building package 'turtlebot3' with the following arguments: {'ament_cmake_args': None, 'build_base': '/home/ingeolko/turtlebot3-master/build/turtlebot3', 'catkin_cmake_args': None, 'catkin_skip_building_tests': False, 'cmake_args': None, 'cmake_clean_cache': False, 'cmake_clean_first': False, 'cmake_force_configure': False, 'cmake_target': None, 'cmake_target_skip_unavailable': False, 'install_base': '/home/ingeolko/turtlebot3-master/install/turtlebot3', 'merge_install': False, 'path': '/home/ingeolko/turtlebot3-master/turtlebot3', 'symlink_install': False, 'test_result_base': None}
[0.181s] INFO:colcon.colcon_core.executor:Executing jobs using 'parallel' executor
[0.182s] DEBUG:colcon.colcon_parallel_executor.executor.parallel:run_until_complete
[0.183s] INFO:colcon.colcon_ros.task.catkin.build:Building ROS package in '/home/ingeolko/turtlebot3-master/turtlebot3_description' with build type 'catkin'
[0.183s] INFO:colcon.colcon_cmake.task.cmake.build:Building CMake package in '/home/ingeolko/turtlebot3-master/turtlebot3_description'
[0.186s] INFO:colcon.colcon_core.plugin_system:Skipping extension 'colcon_core.shell.bat': Not used on non-Windows systems
[0.186s] INFO:colcon.colcon_core.shell:Skip shell extension 'powershell' for command environment: Not usable outside of PowerShell
[0.186s] DEBUG:colcon.colcon_core.shell:Skip shell extension 'dsv' for command environment
[0.187s] DEBUG:colcon.colcon_core.shell:Ignoring prefix path '/opt/ros/melodic'
[0.190s] INFO:colcon.colcon_ros.task.catkin.build:Building ROS package in '/home/ingeolko/turtlebot3-master/turtlebot3_teleop' with build type 'catkin'
[0.190s] INFO:colcon.colcon_cmake.task.cmake.build:Building CMake package in '/home/ingeolko/turtlebot3-master/turtlebot3_teleop'
[0.191s] INFO:colcon.colcon_core.shell:Skip shell extension 'powershell' for command environment: Not usable outside of PowerShell
[0.191s] DEBUG:colcon.colcon_core.shell:Skip shell extension 'dsv' for command environment
[0.193s] DEBUG:colcon.colcon_core.shell:Ignoring prefix path '/opt/ros/melodic'
[0.205s] DEBUG:colcon.colcon_core.event_handler.log_command:Invoking command in '/home/ingeolko/turtlebot3-master/build/turtlebot3_description': /usr/bin/cmake --build /home/ingeolko/turtlebot3-master/build/turtlebot3_description -- -j4 -l4
[0.212s] DEBUG:colcon.colcon_core.event_handler.log_command:Invoking command in '/home/ingeolko/turtlebot3-master/build/turtlebot3_teleop': /usr/bin/cmake --build /home/ingeolko/turtlebot3-master/build/turtlebot3_teleop -- -j4 -l4
[0.261s] DEBUG:colcon.colcon_core.event_handler.log_command:Invoked command in '/home/ingeolko/turtlebot3-master/build/turtlebot3_teleop' returned '0': /usr/bin/cmake --build /home/ingeolko/turtlebot3-master/build/turtlebot3_teleop -- -j4 -l4
[0.274s] DEBUG:colcon.colcon_core.event_handler.log_command:Invoked command in '/home/ingeolko/turtlebot3-master/build/turtlebot3_description' returned '0': /usr/bin/cmake --build /home/ingeolko/turtlebot3-master/build/turtlebot3_description -- -j4 -l4
[0.294s] DEBUG:colcon.colcon_core.event_handler.log_command:Invoking command in '/home/ingeolko/turtlebot3-master/build/turtlebot3_teleop': /usr/bin/cmake --build /home/ingeolko/turtlebot3-master/build/turtlebot3_teleop --target tests -- -j4 -l4
[0.325s] DEBUG:colcon.colcon_core.event_handler.log_command:Invoking command in '/home/ingeolko/turtlebot3-master/build/turtlebot3_description': /usr/bin/cmake --build /home/ingeolko/turtlebot3-master/build/turtlebot3_description --target tests -- -j4 -l4
[0.368s] DEBUG:colcon.colcon_core.event_handler.log_command:Invoked command in '/home/ingeolko/turtlebot3-master/build/turtlebot3_teleop' returned '0': /usr/bin/cmake --build /home/ingeolko/turtlebot3-master/build/turtlebot3_teleop --target tests -- -j4 -l4
[0.398s] DEBUG:colcon.colcon_core.event_handler.log_command:Invoked command in '/home/ingeolko/turtlebot3-master/build/turtlebot3_description' returned '0': /usr/bin/cmake --build /home/ingeolko/turtlebot3-master/build/turtlebot3_description --target tests -- -j4 -l4
[0.416s] DEBUG:colcon.colcon_core.event_handler.log_command:Invoking command in '/home/ingeolko/turtlebot3-master/build/turtlebot3_teleop': /usr/bin/cmake --build /home/ingeolko/turtlebot3-master/build/turtlebot3_teleop --target install -- -j4 -l4
[0.441s] DEBUG:colcon.colcon_core.event_handler.log_command:Invoking command in '/home/ingeolko/turtlebot3-master/build/turtlebot3_description': /usr/bin/cmake --build /home/ingeolko/turtlebot3-master/build/turtlebot3_description --target install -- -j4 -l4
[0.518s] DEBUG:colcon.colcon_core.event_handler.log_command:Invoked command in '/home/ingeolko/turtlebot3-master/build/turtlebot3_teleop' returned '0': /usr/bin/cmake --build /home/ingeolko/turtlebot3-master/build/turtlebot3_teleop --target install -- -j4 -l4
[0.528s] DEBUG:colcon.colcon_core.event_handler.log_command:Invoked command in '/home/ingeolko/turtlebot3-master/build/turtlebot3_description' returned '0': /usr/bin/cmake --build /home/ingeolko/turtlebot3-master/build/turtlebot3_description --target install -- -j4 -l4
[0.546s] Level 1:colcon.colcon_core.shell:create_environment_hook('turtlebot3_teleop', 'ros_package_path')
[0.547s] INFO:colcon.colcon_core.shell:Creating environment hook '/home/ingeolko/turtlebot3-master/install/turtlebot3_teleop/share/turtlebot3_teleop/hook/ros_package_path.ps1'
[0.548s] INFO:colcon.colcon_core.shell:Creating environment descriptor '/home/ingeolko/turtlebot3-master/install/turtlebot3_teleop/share/turtlebot3_teleop/hook/ros_package_path.dsv'
[0.548s] INFO:colcon.colcon_core.shell:Creating environment hook '/home/ingeolko/turtlebot3-master/install/turtlebot3_teleop/share/turtlebot3_teleop/hook/ros_package_path.sh'
[0.549s] Level 1:colcon.colcon_ros.task.catkin:checking '/home/ingeolko/turtlebot3-master/install/turtlebot3_teleop/lib/python2.7/dist-packages'
[0.549s] Level 1:colcon.colcon_core.shell:create_environment_hook('turtlebot3_teleop', 'catkin_pythonpath')
[0.550s] INFO:colcon.colcon_core.shell:Creating environment hook '/home/ingeolko/turtlebot3-master/install/turtlebot3_teleop/share/turtlebot3_teleop/hook/catkin_pythonpath.ps1'
[0.550s] INFO:colcon.colcon_core.shell:Creating environment descriptor '/home/ingeolko/turtlebot3-master/install/turtlebot3_teleop/share/turtlebot3_teleop/hook/catkin_pythonpath.dsv'
[0.551s] INFO:colcon.colcon_core.shell:Creating environment hook '/home/ingeolko/turtlebot3-master/install/turtlebot3_teleop/share/turtlebot3_teleop/hook/catkin_pythonpath.sh'
[0.551s] Level 1:colcon.colcon_core.shell:create_environment_hook('turtlebot3_teleop', 'pkg_config_path')
[0.551s] INFO:colcon.colcon_core.shell:Creating environment hook '/home/ingeolko/turtlebot3-master/install/turtlebot3_teleop/share/turtlebot3_teleop/hook/pkg_config_path.ps1'
[0.552s] INFO:colcon.colcon_core.shell:Creating environment descriptor '/home/ingeolko/turtlebot3-master/install/turtlebot3_teleop/share/turtlebot3_teleop/hook/pkg_config_path.dsv'
[0.552s] INFO:colcon.colcon_core.shell:Creating environment hook '/home/ingeolko/turtlebot3-master/install/turtlebot3_teleop/share/turtlebot3_teleop/hook/pkg_config_path.sh'
[0.555s] Level 1:colcon.colcon_core.shell:create_environment_hook('turtlebot3_teleop', 'pkg_config_path_multiarch')
[0.556s] INFO:colcon.colcon_core.shell:Creating environment hook '/home/ingeolko/turtlebot3-master/install/turtlebot3_teleop/share/turtlebot3_teleop/hook/pkg_config_path_multiarch.ps1'
[0.557s] INFO:colcon.colcon_core.shell:Creating environment descriptor '/home/ingeolko/turtlebot3-master/install/turtlebot3_teleop/share/turtlebot3_teleop/hook/pkg_config_path_multiarch.dsv'
[0.557s] INFO:colcon.colcon_core.shell:Creating environment hook '/home/ingeolko/turtlebot3-master/install/turtlebot3_teleop/share/turtlebot3_teleop/hook/pkg_config_path_multiarch.sh'
[0.558s] Level 1:colcon.colcon_core.environment:create_environment_scripts_only(turtlebot3_teleop)
[0.562s] Level 1:colcon.colcon_core.environment:checking '/home/ingeolko/turtlebot3-master/install/turtlebot3_teleop' for CMake module files
[0.563s] Level 1:colcon.colcon_core.environment:checking '/home/ingeolko/turtlebot3-master/install/turtlebot3_teleop' for CMake config files
[0.563s] Level 1:colcon.colcon_core.shell:create_environment_hook('turtlebot3_teleop', 'cmake_prefix_path')
[0.563s] INFO:colcon.colcon_core.shell:Creating environment hook '/home/ingeolko/turtlebot3-master/install/turtlebot3_teleop/share/turtlebot3_teleop/hook/cmake_prefix_path.ps1'
[0.564s] INFO:colcon.colcon_core.shell:Creating environment descriptor '/home/ingeolko/turtlebot3-master/install/turtlebot3_teleop/share/turtlebot3_teleop/hook/cmake_prefix_path.dsv'
[0.564s] INFO:colcon.colcon_core.shell:Creating environment hook '/home/ingeolko/turtlebot3-master/install/turtlebot3_teleop/share/turtlebot3_teleop/hook/cmake_prefix_path.sh'
[0.565s] Level 1:colcon.colcon_core.environment:checking '/home/ingeolko/turtlebot3-master/install/turtlebot3_teleop/lib'
[0.565s] Level 1:colcon.colcon_core.environment:checking '/home/ingeolko/turtlebot3-master/install/turtlebot3_teleop/bin'
[0.565s] Level 1:colcon.colcon_core.environment:checking '/home/ingeolko/turtlebot3-master/install/turtlebot3_teleop/lib/pkgconfig/turtlebot3_teleop.pc'
[0.565s] Level 1:colcon.colcon_core.shell:create_environment_hook('turtlebot3_teleop', 'pkg_config')
[0.566s] INFO:colcon.colcon_core.shell:Creating environment hook '/home/ingeolko/turtlebot3-master/install/turtlebot3_teleop/share/turtlebot3_teleop/hook/pkg_config.ps1'
[0.566s] INFO:colcon.colcon_core.shell:Creating environment descriptor '/home/ingeolko/turtlebot3-master/install/turtlebot3_teleop/share/turtlebot3_teleop/hook/pkg_config.dsv'
[0.567s] INFO:colcon.colcon_core.shell:Creating environment hook '/home/ingeolko/turtlebot3-master/install/turtlebot3_teleop/share/turtlebot3_teleop/hook/pkg_config.sh'
[0.567s] Level 1:colcon.colcon_core.environment:checking '/home/ingeolko/turtlebot3-master/install/turtlebot3_teleop/lib/python3.6/site-packages'
[0.567s] Level 1:colcon.colcon_core.environment:checking '/home/ingeolko/turtlebot3-master/install/turtlebot3_teleop/bin'
[0.568s] INFO:colcon.colcon_core.shell:Creating package script '/home/ingeolko/turtlebot3-master/install/turtlebot3_teleop/share/turtlebot3_teleop/package.ps1'
[0.569s] INFO:colcon.colcon_core.shell:Creating package descriptor '/home/ingeolko/turtlebot3-master/install/turtlebot3_teleop/share/turtlebot3_teleop/package.dsv'
[0.570s] INFO:colcon.colcon_core.shell:Creating package script '/home/ingeolko/turtlebot3-master/install/turtlebot3_teleop/share/turtlebot3_teleop/package.sh'
[0.571s] INFO:colcon.colcon_core.shell:Creating package script '/home/ingeolko/turtlebot3-master/install/turtlebot3_teleop/share/turtlebot3_teleop/package.bash'
[0.572s] INFO:colcon.colcon_core.shell:Creating package script '/home/ingeolko/turtlebot3-master/install/turtlebot3_teleop/share/turtlebot3_teleop/package.zsh'
[0.572s] Level 1:colcon.colcon_core.environment:create_file_with_runtime_dependencies(/home/ingeolko/turtlebot3-master/install/turtlebot3_teleop/share/colcon-core/packages/turtlebot3_teleop)
[0.574s] Level 1:colcon.colcon_core.shell:create_environment_hook('turtlebot3_description', 'ros_package_path')
[0.574s] INFO:colcon.colcon_core.shell:Creating environment hook '/home/ingeolko/turtlebot3-master/install/turtlebot3_description/share/turtlebot3_description/hook/ros_package_path.ps1'
[0.575s] INFO:colcon.colcon_core.shell:Creating environment descriptor '/home/ingeolko/turtlebot3-master/install/turtlebot3_description/share/turtlebot3_description/hook/ros_package_path.dsv'
[0.575s] INFO:colcon.colcon_core.shell:Creating environment hook '/home/ingeolko/turtlebot3-master/install/turtlebot3_description/share/turtlebot3_description/hook/ros_package_path.sh'
[0.576s] Level 1:colcon.colcon_ros.task.catkin:checking '/home/ingeolko/turtlebot3-master/install/turtlebot3_description/lib/python2.7/dist-packages'
[0.576s] Level 1:colcon.colcon_core.shell:create_environment_hook('turtlebot3_description', 'pkg_config_path')
[0.576s] INFO:colcon.colcon_core.shell:Creating environment hook '/home/ingeolko/turtlebot3-master/install/turtlebot3_description/share/turtlebot3_description/hook/pkg_config_path.ps1'
[0.577s] INFO:colcon.colcon_core.shell:Creating environment descriptor '/home/ingeolko/turtlebot3-master/install/turtlebot3_description/share/turtlebot3_description/hook/pkg_config_path.dsv'
[0.577s] INFO:colcon.colcon_core.shell:Creating environment hook '/home/ingeolko/turtlebot3-master/install/turtlebot3_description/share/turtlebot3_description/hook/pkg_config_path.sh'
[0.577s] Level 1:colcon.colcon_core.shell:create_environment_hook('turtlebot3_description', 'pkg_config_path_multiarch')
[0.578s] INFO:colcon.colcon_core.shell:Creating environment hook '/home/ingeolko/turtlebot3-master/install/turtlebot3_description/share/turtlebot3_description/hook/pkg_config_path_multiarch.ps1'
[0.578s] INFO:colcon.colcon_core.shell:Creating environment descriptor '/home/ingeolko/turtlebot3-master/install/turtlebot3_description/share/turtlebot3_description/hook/pkg_config_path_multiarch.dsv'
[0.578s] INFO:colcon.colcon_core.shell:Creating environment hook '/home/ingeolko/turtlebot3-master/install/turtlebot3_description/share/turtlebot3_description/hook/pkg_config_path_multiarch.sh'
[0.579s] Level 1:colcon.colcon_core.environment:create_environment_scripts_only(turtlebot3_description)
[0.579s] Level 1:colcon.colcon_core.environment:checking '/home/ingeolko/turtlebot3-master/install/turtlebot3_description' for CMake module files
[0.580s] Level 1:colcon.colcon_core.environment:checking '/home/ingeolko/turtlebot3-master/install/turtlebot3_description' for CMake config files
[0.580s] Level 1:colcon.colcon_core.shell:create_environment_hook('turtlebot3_description', 'cmake_prefix_path')
[0.580s] INFO:colcon.colcon_core.shell:Creating environment hook '/home/ingeolko/turtlebot3-master/install/turtlebot3_description/share/turtlebot3_description/hook/cmake_prefix_path.ps1'
[0.581s] INFO:colcon.colcon_core.shell:Creating environment descriptor '/home/ingeolko/turtlebot3-master/install/turtlebot3_description/share/turtlebot3_description/hook/cmake_prefix_path.dsv'
[0.581s] INFO:colcon.colcon_core.shell:Creating environment hook '/home/ingeolko/turtlebot3-master/install/turtlebot3_description/share/turtlebot3_description/hook/cmake_prefix_path.sh'
[0.582s] Level 1:colcon.colcon_core.environment:checking '/home/ingeolko/turtlebot3-master/install/turtlebot3_description/lib'
[0.582s] Level 1:colcon.colcon_core.environment:checking '/home/ingeolko/turtlebot3-master/install/turtlebot3_description/bin'
[0.582s] Level 1:colcon.colcon_core.environment:checking '/home/ingeolko/turtlebot3-master/install/turtlebot3_description/lib/pkgconfig/turtlebot3_description.pc'
[0.582s] Level 1:colcon.colcon_core.shell:create_environment_hook('turtlebot3_description', 'pkg_config')
[0.582s] INFO:colcon.colcon_core.shell:Creating environment hook '/home/ingeolko/turtlebot3-master/install/turtlebot3_description/share/turtlebot3_description/hook/pkg_config.ps1'
[0.583s] INFO:colcon.colcon_core.shell:Creating environment descriptor '/home/ingeolko/turtlebot3-master/install/turtlebot3_description/share/turtlebot3_description/hook/pkg_config.dsv'
[0.583s] INFO:colcon.colcon_core.shell:Creating environment hook '/home/ingeolko/turtlebot3-master/install/turtlebot3_description/share/turtlebot3_description/hook/pkg_config.sh'
[0.598s] Level 1:colcon.colcon_core.environment:checking '/home/ingeolko/turtlebot3-master/install/turtlebot3_description/lib/python3.6/site-packages'
[0.598s] Level 1:colcon.colcon_core.environment:checking '/home/ingeolko/turtlebot3-master/install/turtlebot3_description/bin'
[0.599s] INFO:colcon.colcon_core.shell:Creating package script '/home/ingeolko/turtlebot3-master/install/turtlebot3_description/share/turtlebot3_description/package.ps1'
[0.600s] INFO:colcon.colcon_core.shell:Creating package descriptor '/home/ingeolko/turtlebot3-master/install/turtlebot3_description/share/turtlebot3_description/package.dsv'
[0.600s] INFO:colcon.colcon_core.shell:Creating package script '/home/ingeolko/turtlebot3-master/install/turtlebot3_description/share/turtlebot3_description/package.sh'
[0.601s] INFO:colcon.colcon_core.shell:Creating package script '/home/ingeolko/turtlebot3-master/install/turtlebot3_description/share/turtlebot3_description/package.bash'
[0.601s] INFO:colcon.colcon_core.shell:Creating package script '/home/ingeolko/turtlebot3-master/install/turtlebot3_description/share/turtlebot3_description/package.zsh'
[0.601s] Level 1:colcon.colcon_core.environment:create_file_with_runtime_dependencies(/home/ingeolko/turtlebot3-master/install/turtlebot3_description/share/colcon-core/packages/turtlebot3_description)
[0.602s] INFO:colcon.colcon_ros.task.catkin.build:Building ROS package in '/home/ingeolko/turtlebot3-master/turtlebot3_bringup' with build type 'catkin'
[0.602s] INFO:colcon.colcon_cmake.task.cmake.build:Building CMake package in '/home/ingeolko/turtlebot3-master/turtlebot3_bringup'
[0.603s] INFO:colcon.colcon_core.shell:Skip shell extension 'powershell' for command environment: Not usable outside of PowerShell
[0.603s] DEBUG:colcon.colcon_core.shell:Skip shell extension 'dsv' for command environment
[0.606s] DEBUG:colcon.colcon_core.shell:Ignoring prefix path '/opt/ros/melodic'
[0.623s] DEBUG:colcon.colcon_core.event_handler.log_command:Invoking command in '/home/ingeolko/turtlebot3-master/build/turtlebot3_bringup': /usr/bin/cmake /home/ingeolko/turtlebot3-master/turtlebot3_bringup -DCATKIN_INSTALL_INTO_PREFIX_ROOT=0 -DCMAKE_INSTALL_PREFIX=/home/ingeolko/turtlebot3-master/install/turtlebot3_bringup
[1.012s] DEBUG:colcon.colcon_core.event_handler.log_command:Invoked command in '/home/ingeolko/turtlebot3-master/build/turtlebot3_bringup' returned '1': /usr/bin/cmake /home/ingeolko/turtlebot3-master/turtlebot3_bringup -DCATKIN_INSTALL_INTO_PREFIX_ROOT=0 -DCMAKE_INSTALL_PREFIX=/home/ingeolko/turtlebot3-master/install/turtlebot3_bringup
[1.026s] Level 1:colcon.colcon_core.environment:create_environment_scripts_only(turtlebot3_bringup)
[1.027s] Level 1:colcon.colcon_core.environment:checking '/home/ingeolko/turtlebot3-master/install/turtlebot3_bringup' for CMake module files
[1.027s] Level 1:colcon.colcon_core.environment:checking '/home/ingeolko/turtlebot3-master/install/turtlebot3_bringup' for CMake config files
[1.028s] Level 1:colcon.colcon_core.environment:checking '/home/ingeolko/turtlebot3-master/install/turtlebot3_bringup/bin'
[1.028s] Level 1:colcon.colcon_core.environment:checking '/home/ingeolko/turtlebot3-master/install/turtlebot3_bringup/lib/pkgconfig/turtlebot3_bringup.pc'
[1.028s] Level 1:colcon.colcon_core.environment:checking '/home/ingeolko/turtlebot3-master/install/turtlebot3_bringup/lib/python3.6/site-packages'
[1.029s] Level 1:colcon.colcon_core.environment:checking '/home/ingeolko/turtlebot3-master/install/turtlebot3_bringup/bin'
[1.029s] INFO:colcon.colcon_core.shell:Creating package script '/home/ingeolko/turtlebot3-master/install/turtlebot3_bringup/share/turtlebot3_bringup/package.ps1'
[1.030s] INFO:colcon.colcon_core.shell:Creating package descriptor '/home/ingeolko/turtlebot3-master/install/turtlebot3_bringup/share/turtlebot3_bringup/package.dsv'
[1.030s] INFO:colcon.colcon_core.shell:Creating package script '/home/ingeolko/turtlebot3-master/install/turtlebot3_bringup/share/turtlebot3_bringup/package.sh'
[1.031s] INFO:colcon.colcon_core.shell:Creating package script '/home/ingeolko/turtlebot3-master/install/turtlebot3_bringup/share/turtlebot3_bringup/package.bash'
[1.031s] INFO:colcon.colcon_core.shell:Creating package script '/home/ingeolko/turtlebot3-master/install/turtlebot3_bringup/share/turtlebot3_bringup/package.zsh'
[1.032s] Level 1:colcon.colcon_core.environment:create_file_with_runtime_dependencies(/home/ingeolko/turtlebot3-master/install/turtlebot3_bringup/share/colcon-core/packages/turtlebot3_bringup)
[1.045s] DEBUG:colcon.colcon_parallel_executor.executor.parallel:closing loop
[1.045s] DEBUG:colcon.colcon_parallel_executor.executor.parallel:loop closed
[1.045s] DEBUG:colcon.colcon_parallel_executor.executor.parallel:run_until_complete finished with '1'
[1.045s] DEBUG:colcon.colcon_core.event_reactor:joining thread
[1.053s] INFO:colcon.colcon_core.plugin_system:Skipping extension 'colcon_notification.desktop_notification.terminal_notifier': Not used on non-Darwin systems
[1.053s] INFO:colcon.colcon_core.plugin_system:Skipping extension 'colcon_notification.desktop_notification.win32': Not used on non-Windows systems
[1.053s] INFO:colcon.colcon_notification.desktop_notification:Sending desktop notification using 'notify2'
[1.056s] DEBUG:colcon.colcon_core.event_reactor:joined thread
[1.057s] INFO:colcon.colcon_core.shell:Creating prefix script '/home/ingeolko/turtlebot3-master/install/local_setup.ps1'
[1.058s] INFO:colcon.colcon_core.shell:Creating prefix util module '/home/ingeolko/turtlebot3-master/install/_local_setup_util_ps1.py'
[1.060s] INFO:colcon.colcon_core.shell:Creating prefix chain script '/home/ingeolko/turtlebot3-master/install/setup.ps1'
[1.062s] INFO:colcon.colcon_core.shell:Creating prefix script '/home/ingeolko/turtlebot3-master/install/local_setup.sh'
[1.063s] INFO:colcon.colcon_core.shell:Creating prefix util module '/home/ingeolko/turtlebot3-master/install/_local_setup_util_sh.py'
[1.064s] INFO:colcon.colcon_core.shell:Creating prefix chain script '/home/ingeolko/turtlebot3-master/install/setup.sh'
[1.065s] INFO:colcon.colcon_core.shell:Creating prefix script '/home/ingeolko/turtlebot3-master/install/local_setup.bash'
[1.066s] INFO:colcon.colcon_core.shell:Creating prefix chain script '/home/ingeolko/turtlebot3-master/install/setup.bash'
[1.067s] INFO:colcon.colcon_core.shell:Creating prefix script '/home/ingeolko/turtlebot3-master/install/local_setup.zsh'
[1.068s] INFO:colcon.colcon_core.shell:Creating prefix chain script '/home/ingeolko/turtlebot3-master/install/setup.zsh'
