-- Using CATKIN_DEVEL_PREFIX: /home/ingeolko/turtlebot3-master/build/turtlebot3_bringup/devel
-- Using CMAKE_PREFIX_PATH: /home/ingeolko/turtlebot3-master/install/turtlebot3_teleop;/home/ingeolko/turtlebot3-master/install/turtlebot3_description;/opt/ros/melodic
-- This workspace overlays: /home/ingeolko/turtlebot3-master/install/turtlebot3_teleop;/home/ingeolko/turtlebot3-master/install/turtlebot3_description;/opt/ros/melodic
-- Found PythonInterp: /usr/bin/python2 (found suitable version "2.7.17", minimum required is "2") 
-- Using PYTHON_EXECUTABLE: /usr/bin/python2
-- Using Debian Python package layout
-- Using empy: /usr/bin/empy
-- Using CATKIN_ENABLE_TESTING: ON
-- Call enable_testing()
-- Using CATKIN_TEST_RESULTS_DIR: /home/ingeolko/turtlebot3-master/build/turtlebot3_bringup/test_results
-- Found gtest sources under '/usr/src/googletest': gtests will be built
-- Found gmock sources under '/usr/src/googletest': gmock will be built
-- Found PythonInterp: /usr/bin/python2 (found version "2.7.17") 
-- Using Python nosetests: /usr/bin/nosetests-2.7
-- catkin 0.7.29
-- BUILD_SHARED_LIBS is on
-- Could NOT find turtlebot3_msgs (missing: turtlebot3_msgs_DIR)
-- Could not find the required component 'turtlebot3_msgs'. The following CMake error indicates that you either need to install the package with the same name or change your environment so that it can be found.
CMake Error at /opt/ros/melodic/share/catkin/cmake/catkinConfig.cmake:83 (find_package):
  Could not find a package configuration file provided by "turtlebot3_msgs"
  with any of the following names:

    turtlebot3_msgsConfig.cmake
    turtlebot3_msgs-config.cmake

  Add the installation prefix of "turtlebot3_msgs" to CMAKE_PREFIX_PATH or
  set "turtlebot3_msgs_DIR" to a directory containing one of the above files.
  If "turtlebot3_msgs" provides a separate development package or SDK, be
  sure it has been installed.
Call Stack (most recent call first):
  CMakeLists.txt:13 (find_package)


-- Configuring incomplete, errors occurred!
See also "/home/ingeolko/turtlebot3-master/build/turtlebot3_bringup/CMakeFiles/CMakeOutput.log".
See also "/home/ingeolko/turtlebot3-master/build/turtlebot3_bringup/CMakeFiles/CMakeError.log".
