[0.020s] Invoking command in '/home/ingeolko/turtlebot3-master-IngeolKo/turtlebot3-master/build/turtlebot3_description': /usr/bin/cmake --build /home/ingeolko/turtlebot3-master-IngeolKo/turtlebot3-master/build/turtlebot3_description -- -j4 -l4
[0.032s] CMake Error: The current CMakeCache.txt directory /home/ingeolko/turtlebot3-master-IngeolKo/turtlebot3-master/build/turtlebot3_description/CMakeCache.txt is different than the directory /home/ingeolko/turtlebot3-master/build/turtlebot3_description where CMakeCache.txt was created. This may result in binaries being created in the wrong place. If you are not sure, reedit the CMakeCache.txt
[0.075s] Built target turtlebot3_description_xacro_generated_to_devel_space_
[0.088s] Invoked command in '/home/ingeolko/turtlebot3-master-IngeolKo/turtlebot3-master/build/turtlebot3_description' returned '0': /usr/bin/cmake --build /home/ingeolko/turtlebot3-master-IngeolKo/turtlebot3-master/build/turtlebot3_description -- -j4 -l4
[0.146s] Invoking command in '/home/ingeolko/turtlebot3-master-IngeolKo/turtlebot3-master/build/turtlebot3_description': /usr/bin/cmake --build /home/ingeolko/turtlebot3-master-IngeolKo/turtlebot3-master/build/turtlebot3_description --target tests -- -j4 -l4
[0.155s] CMake Error: The current CMakeCache.txt directory /home/ingeolko/turtlebot3-master-IngeolKo/turtlebot3-master/build/turtlebot3_description/CMakeCache.txt is different than the directory /home/ingeolko/turtlebot3-master/build/turtlebot3_description where CMakeCache.txt was created. This may result in binaries being created in the wrong place. If you are not sure, reedit the CMakeCache.txt
[0.207s] Built target tests
[0.220s] Invoked command in '/home/ingeolko/turtlebot3-master-IngeolKo/turtlebot3-master/build/turtlebot3_description' returned '0': /usr/bin/cmake --build /home/ingeolko/turtlebot3-master-IngeolKo/turtlebot3-master/build/turtlebot3_description --target tests -- -j4 -l4
[0.263s] Invoking command in '/home/ingeolko/turtlebot3-master-IngeolKo/turtlebot3-master/build/turtlebot3_description': /usr/bin/cmake --build /home/ingeolko/turtlebot3-master-IngeolKo/turtlebot3-master/build/turtlebot3_description --target install -- -j4 -l4
[0.275s] CMake Error: The current CMakeCache.txt directory /home/ingeolko/turtlebot3-master-IngeolKo/turtlebot3-master/build/turtlebot3_description/CMakeCache.txt is different than the directory /home/ingeolko/turtlebot3-master/build/turtlebot3_description where CMakeCache.txt was created. This may result in binaries being created in the wrong place. If you are not sure, reedit the CMakeCache.txt
[0.315s] Built target turtlebot3_description_xacro_generated_to_devel_space_
[0.332s] [36mInstall the project...[0m
[0.340s] -- Install configuration: ""
[0.340s] -- Up-to-date: /home/ingeolko/turtlebot3-master/install/turtlebot3_description/lib/pkgconfig/turtlebot3_description.pc
[0.340s] -- Up-to-date: /home/ingeolko/turtlebot3-master/install/turtlebot3_description/share/turtlebot3_description/cmake/turtlebot3_descriptionConfig.cmake
[0.340s] -- Up-to-date: /home/ingeolko/turtlebot3-master/install/turtlebot3_description/share/turtlebot3_description/cmake/turtlebot3_descriptionConfig-version.cmake
[0.340s] -- Up-to-date: /home/ingeolko/turtlebot3-master/install/turtlebot3_description/share/turtlebot3_description/package.xml
[0.340s] -- Up-to-date: /home/ingeolko/turtlebot3-master/install/turtlebot3_description/share/turtlebot3_description/meshes
[0.341s] -- Up-to-date: /home/ingeolko/turtlebot3-master/install/turtlebot3_description/share/turtlebot3_description/meshes/wheels
[0.341s] -- Up-to-date: /home/ingeolko/turtlebot3-master/install/turtlebot3_description/share/turtlebot3_description/meshes/wheels/left_tire.stl
[0.341s] -- Up-to-date: /home/ingeolko/turtlebot3-master/install/turtlebot3_description/share/turtlebot3_description/meshes/wheels/right_tire.stl
[0.341s] -- Up-to-date: /home/ingeolko/turtlebot3-master/install/turtlebot3_description/share/turtlebot3_description/meshes/bases
[0.341s] -- Up-to-date: /home/ingeolko/turtlebot3-master/install/turtlebot3_description/share/turtlebot3_description/meshes/bases/waffle_pi_base_for_open_manipulator.stl
[0.341s] -- Up-to-date: /home/ingeolko/turtlebot3-master/install/turtlebot3_description/share/turtlebot3_description/meshes/bases/waffle_pi_base.stl
[0.341s] -- Up-to-date: /home/ingeolko/turtlebot3-master/install/turtlebot3_description/share/turtlebot3_description/meshes/bases/burger_base.stl
[0.341s] -- Up-to-date: /home/ingeolko/turtlebot3-master/install/turtlebot3_description/share/turtlebot3_description/meshes/bases/waffle_base.stl
[0.341s] -- Up-to-date: /home/ingeolko/turtlebot3-master/install/turtlebot3_description/share/turtlebot3_description/meshes/bases/waffle_base_for_open_manipulator.stl
[0.341s] -- Up-to-date: /home/ingeolko/turtlebot3-master/install/turtlebot3_description/share/turtlebot3_description/meshes/sensors
[0.341s] -- Up-to-date: /home/ingeolko/turtlebot3-master/install/turtlebot3_description/share/turtlebot3_description/meshes/sensors/r200.dae
[0.341s] -- Up-to-date: /home/ingeolko/turtlebot3-master/install/turtlebot3_description/share/turtlebot3_description/meshes/sensors/r200.jpg
[0.341s] -- Up-to-date: /home/ingeolko/turtlebot3-master/install/turtlebot3_description/share/turtlebot3_description/meshes/sensors/lds.stl
[0.341s] -- Up-to-date: /home/ingeolko/turtlebot3-master/install/turtlebot3_description/share/turtlebot3_description/meshes/sensors/astra.jpg
[0.342s] -- Up-to-date: /home/ingeolko/turtlebot3-master/install/turtlebot3_description/share/turtlebot3_description/meshes/sensors/astra.dae
[0.342s] -- Up-to-date: /home/ingeolko/turtlebot3-master/install/turtlebot3_description/share/turtlebot3_description/rviz
[0.342s] -- Up-to-date: /home/ingeolko/turtlebot3-master/install/turtlebot3_description/share/turtlebot3_description/rviz/burger.rviz
[0.342s] -- Up-to-date: /home/ingeolko/turtlebot3-master/install/turtlebot3_description/share/turtlebot3_description/rviz/waffle_pi.rviz
[0.342s] -- Up-to-date: /home/ingeolko/turtlebot3-master/install/turtlebot3_description/share/turtlebot3_description/urdf
[0.342s] -- Up-to-date: /home/ingeolko/turtlebot3-master/install/turtlebot3_description/share/turtlebot3_description/urdf/turtlebot3_burger.urdf.xacro
[0.342s] -- Up-to-date: /home/ingeolko/turtlebot3-master/install/turtlebot3_description/share/turtlebot3_description/urdf/common_properties.xacro
[0.342s] -- Up-to-date: /home/ingeolko/turtlebot3-master/install/turtlebot3_description/share/turtlebot3_description/urdf/turtlebot3_waffle.gazebo.xacro
[0.342s] -- Up-to-date: /home/ingeolko/turtlebot3-master/install/turtlebot3_description/share/turtlebot3_description/urdf/turtlebot3_burger_for_autorace_2020.urdf.xacro
[0.342s] -- Up-to-date: /home/ingeolko/turtlebot3-master/install/turtlebot3_description/share/turtlebot3_description/urdf/turtlebot3_burger_for_autorace.urdf.xacro
[0.342s] -- Up-to-date: /home/ingeolko/turtlebot3-master/install/turtlebot3_description/share/turtlebot3_description/urdf/turtlebot3_waffle.urdf.xacro
[0.342s] -- Up-to-date: /home/ingeolko/turtlebot3-master/install/turtlebot3_description/share/turtlebot3_description/urdf/turtlebot3_burger_for_autorace.gazebo.xacro
[0.342s] -- Up-to-date: /home/ingeolko/turtlebot3-master/install/turtlebot3_description/share/turtlebot3_description/urdf/turtlebot3_burger.gazebo.xacro
[0.343s] -- Up-to-date: /home/ingeolko/turtlebot3-master/install/turtlebot3_description/share/turtlebot3_description/urdf/turtlebot3_burger_for_autorace_2020.gazebo.xacro
[0.343s] -- Up-to-date: /home/ingeolko/turtlebot3-master/install/turtlebot3_description/share/turtlebot3_description/urdf/turtlebot3_waffle_pi.gazebo.xacro
[0.343s] -- Up-to-date: /home/ingeolko/turtlebot3-master/install/turtlebot3_description/share/turtlebot3_description/urdf/turtlebot3_waffle_pi_for_open_manipulator.gazebo.xacro
[0.344s] -- Up-to-date: /home/ingeolko/turtlebot3-master/install/turtlebot3_description/share/turtlebot3_description/urdf/turtlebot3_waffle_for_open_manipulator.urdf.xacro
[0.344s] -- Up-to-date: /home/ingeolko/turtlebot3-master/install/turtlebot3_description/share/turtlebot3_description/urdf/turtlebot3_waffle_pi_for_open_manipulator.urdf.xacro
[0.344s] -- Up-to-date: /home/ingeolko/turtlebot3-master/install/turtlebot3_description/share/turtlebot3_description/urdf/turtlebot3_waffle_pi.urdf.xacro
[0.344s] Invoked command in '/home/ingeolko/turtlebot3-master-IngeolKo/turtlebot3-master/build/turtlebot3_description' returned '0': /usr/bin/cmake --build /home/ingeolko/turtlebot3-master-IngeolKo/turtlebot3-master/build/turtlebot3_description --target install -- -j4 -l4
