[0.020s] Invoking command in '/home/ingeolko/turtlebot3-master/build/turtlebot3_slam': CMAKE_PREFIX_PATH=/home/ingeolko/turtlebot3-master/install/turtlebot3_bringup:/home/ingeolko/turtlebot3-master/install/turtlebot3_teleop:/home/ingeolko/turtlebot3-master/install/turtlebot3_description:/home/ingeolko/turtlebot3-master/install/turtlebot3_slam:/home/ingeolko/turtlebot3-master/install/turtlebot3_navigation:/home/ingeolko/turtlebot3-master/install/turtlebot3_example:/opt/ros/melodic PKG_CONFIG_PATH=/home/ingeolko/turtlebot3-master/install/turtlebot3_bringup/lib/x86_64-linux-gnu/pkgconfig:/home/ingeolko/turtlebot3-master/install/turtlebot3_bringup/lib/pkgconfig:/home/ingeolko/turtlebot3-master/install/turtlebot3_teleop/lib/x86_64-linux-gnu/pkgconfig:/home/ingeolko/turtlebot3-master/install/turtlebot3_teleop/lib/pkgconfig:/home/ingeolko/turtlebot3-master/install/turtlebot3_description/lib/x86_64-linux-gnu/pkgconfig:/home/ingeolko/turtlebot3-master/install/turtlebot3_description/lib/pkgconfig:/home/ingeolko/turtlebot3-master/install/turtlebot3/lib/x86_64-linux-gnu/pkgconfig:/home/ingeolko/turtlebot3-master/install/turtlebot3/lib/pkgconfig:/home/ingeolko/turtlebot3-master/install/turtlebot3_slam/lib/x86_64-linux-gnu/pkgconfig:/home/ingeolko/turtlebot3-master/install/turtlebot3_slam/lib/pkgconfig:/home/ingeolko/turtlebot3-master/install/turtlebot3_navigation/lib/x86_64-linux-gnu/pkgconfig:/home/ingeolko/turtlebot3-master/install/turtlebot3_navigation/lib/pkgconfig:/home/ingeolko/turtlebot3-master/install/turtlebot3_example/lib/x86_64-linux-gnu/pkgconfig:/home/ingeolko/turtlebot3-master/install/turtlebot3_example/lib/pkgconfig:/opt/ros/melodic/lib/pkgconfig PYTHONPATH=/home/ingeolko/turtlebot3-master/install/turtlebot3_teleop/lib/python2.7/dist-packages:/home/ingeolko/turtlebot3-master/install/turtlebot3_example/lib/python2.7/dist-packages:/opt/ros/melodic/lib/python2.7/dist-packages ROS_PACKAGE_PATH=/home/ingeolko/turtlebot3-master/install/turtlebot3_bringup/share:/home/ingeolko/turtlebot3-master/install/turtlebot3_teleop/share:/home/ingeolko/turtlebot3-master/install/turtlebot3_description/share:/home/ingeolko/turtlebot3-master/install/turtlebot3/share:/home/ingeolko/turtlebot3-master/install/turtlebot3_slam/share:/home/ingeolko/turtlebot3-master/install/turtlebot3_navigation/share:/home/ingeolko/turtlebot3-master/install/turtlebot3_example/share:/opt/ros/melodic/share /usr/bin/cmake --build /home/ingeolko/turtlebot3-master/build/turtlebot3_slam -- -j4 -l4
[0.109s] [  0%] Built target std_msgs_generate_messages_eus
[0.112s] [  0%] Built target rosgraph_msgs_generate_messages_py
[0.122s] [  0%] Built target rosgraph_msgs_generate_messages_nodejs
[0.135s] [  0%] Built target geometry_msgs_generate_messages_py
[0.154s] [  0%] Built target rosgraph_msgs_generate_messages_cpp
[0.160s] [  0%] Built target rosgraph_msgs_generate_messages_eus
[0.175s] [  0%] Built target roscpp_generate_messages_py
[0.190s] [  0%] Built target rosgraph_msgs_generate_messages_lisp
[0.197s] [  0%] Built target std_msgs_generate_messages_py
[0.223s] [  0%] Built target geometry_msgs_generate_messages_eus
[0.247s] [  0%] Built target roscpp_generate_messages_lisp
[0.251s] [  0%] Built target roscpp_generate_messages_nodejs
[0.277s] [  0%] Built target roscpp_generate_messages_eus
[0.282s] [  0%] Built target std_msgs_generate_messages_cpp
[0.292s] [  0%] Built target geometry_msgs_generate_messages_nodejs
[0.305s] [  0%] Built target sensor_msgs_generate_messages_py
[0.335s] [  0%] Built target std_msgs_generate_messages_lisp
[0.339s] [  0%] Built target sensor_msgs_generate_messages_eus
[0.344s] [  0%] Built target std_msgs_generate_messages_nodejs
[0.354s] [  0%] Built target sensor_msgs_generate_messages_cpp
[0.364s] [  0%] Built target sensor_msgs_generate_messages_lisp
[0.382s] [  0%] Built target sensor_msgs_generate_messages_nodejs
[0.390s] [  0%] Built target roscpp_generate_messages_cpp
[0.398s] [  0%] Built target geometry_msgs_generate_messages_lisp
[0.404s] [  0%] Built target geometry_msgs_generate_messages_cpp
[0.439s] [100%] Built target flat_world_imu_node
[0.460s] Invoked command in '/home/ingeolko/turtlebot3-master/build/turtlebot3_slam' returned '0': CMAKE_PREFIX_PATH=/home/ingeolko/turtlebot3-master/install/turtlebot3_bringup:/home/ingeolko/turtlebot3-master/install/turtlebot3_teleop:/home/ingeolko/turtlebot3-master/install/turtlebot3_description:/home/ingeolko/turtlebot3-master/install/turtlebot3_slam:/home/ingeolko/turtlebot3-master/install/turtlebot3_navigation:/home/ingeolko/turtlebot3-master/install/turtlebot3_example:/opt/ros/melodic PKG_CONFIG_PATH=/home/ingeolko/turtlebot3-master/install/turtlebot3_bringup/lib/x86_64-linux-gnu/pkgconfig:/home/ingeolko/turtlebot3-master/install/turtlebot3_bringup/lib/pkgconfig:/home/ingeolko/turtlebot3-master/install/turtlebot3_teleop/lib/x86_64-linux-gnu/pkgconfig:/home/ingeolko/turtlebot3-master/install/turtlebot3_teleop/lib/pkgconfig:/home/ingeolko/turtlebot3-master/install/turtlebot3_description/lib/x86_64-linux-gnu/pkgconfig:/home/ingeolko/turtlebot3-master/install/turtlebot3_description/lib/pkgconfig:/home/ingeolko/turtlebot3-master/install/turtlebot3/lib/x86_64-linux-gnu/pkgconfig:/home/ingeolko/turtlebot3-master/install/turtlebot3/lib/pkgconfig:/home/ingeolko/turtlebot3-master/install/turtlebot3_slam/lib/x86_64-linux-gnu/pkgconfig:/home/ingeolko/turtlebot3-master/install/turtlebot3_slam/lib/pkgconfig:/home/ingeolko/turtlebot3-master/install/turtlebot3_navigation/lib/x86_64-linux-gnu/pkgconfig:/home/ingeolko/turtlebot3-master/install/turtlebot3_navigation/lib/pkgconfig:/home/ingeolko/turtlebot3-master/install/turtlebot3_example/lib/x86_64-linux-gnu/pkgconfig:/home/ingeolko/turtlebot3-master/install/turtlebot3_example/lib/pkgconfig:/opt/ros/melodic/lib/pkgconfig PYTHONPATH=/home/ingeolko/turtlebot3-master/install/turtlebot3_teleop/lib/python2.7/dist-packages:/home/ingeolko/turtlebot3-master/install/turtlebot3_example/lib/python2.7/dist-packages:/opt/ros/melodic/lib/python2.7/dist-packages ROS_PACKAGE_PATH=/home/ingeolko/turtlebot3-master/install/turtlebot3_bringup/share:/home/ingeolko/turtlebot3-master/install/turtlebot3_teleop/share:/home/ingeolko/turtlebot3-master/install/turtlebot3_description/share:/home/ingeolko/turtlebot3-master/install/turtlebot3/share:/home/ingeolko/turtlebot3-master/install/turtlebot3_slam/share:/home/ingeolko/turtlebot3-master/install/turtlebot3_navigation/share:/home/ingeolko/turtlebot3-master/install/turtlebot3_example/share:/opt/ros/melodic/share /usr/bin/cmake --build /home/ingeolko/turtlebot3-master/build/turtlebot3_slam -- -j4 -l4
[0.499s] Invoking command in '/home/ingeolko/turtlebot3-master/build/turtlebot3_slam': CMAKE_PREFIX_PATH=/home/ingeolko/turtlebot3-master/install/turtlebot3_bringup:/home/ingeolko/turtlebot3-master/install/turtlebot3_teleop:/home/ingeolko/turtlebot3-master/install/turtlebot3_description:/home/ingeolko/turtlebot3-master/install/turtlebot3_slam:/home/ingeolko/turtlebot3-master/install/turtlebot3_navigation:/home/ingeolko/turtlebot3-master/install/turtlebot3_example:/opt/ros/melodic PKG_CONFIG_PATH=/home/ingeolko/turtlebot3-master/install/turtlebot3_bringup/lib/x86_64-linux-gnu/pkgconfig:/home/ingeolko/turtlebot3-master/install/turtlebot3_bringup/lib/pkgconfig:/home/ingeolko/turtlebot3-master/install/turtlebot3_teleop/lib/x86_64-linux-gnu/pkgconfig:/home/ingeolko/turtlebot3-master/install/turtlebot3_teleop/lib/pkgconfig:/home/ingeolko/turtlebot3-master/install/turtlebot3_description/lib/x86_64-linux-gnu/pkgconfig:/home/ingeolko/turtlebot3-master/install/turtlebot3_description/lib/pkgconfig:/home/ingeolko/turtlebot3-master/install/turtlebot3/lib/x86_64-linux-gnu/pkgconfig:/home/ingeolko/turtlebot3-master/install/turtlebot3/lib/pkgconfig:/home/ingeolko/turtlebot3-master/install/turtlebot3_slam/lib/x86_64-linux-gnu/pkgconfig:/home/ingeolko/turtlebot3-master/install/turtlebot3_slam/lib/pkgconfig:/home/ingeolko/turtlebot3-master/install/turtlebot3_navigation/lib/x86_64-linux-gnu/pkgconfig:/home/ingeolko/turtlebot3-master/install/turtlebot3_navigation/lib/pkgconfig:/home/ingeolko/turtlebot3-master/install/turtlebot3_example/lib/x86_64-linux-gnu/pkgconfig:/home/ingeolko/turtlebot3-master/install/turtlebot3_example/lib/pkgconfig:/opt/ros/melodic/lib/pkgconfig PYTHONPATH=/home/ingeolko/turtlebot3-master/install/turtlebot3_teleop/lib/python2.7/dist-packages:/home/ingeolko/turtlebot3-master/install/turtlebot3_example/lib/python2.7/dist-packages:/opt/ros/melodic/lib/python2.7/dist-packages ROS_PACKAGE_PATH=/home/ingeolko/turtlebot3-master/install/turtlebot3_bringup/share:/home/ingeolko/turtlebot3-master/install/turtlebot3_teleop/share:/home/ingeolko/turtlebot3-master/install/turtlebot3_description/share:/home/ingeolko/turtlebot3-master/install/turtlebot3/share:/home/ingeolko/turtlebot3-master/install/turtlebot3_slam/share:/home/ingeolko/turtlebot3-master/install/turtlebot3_navigation/share:/home/ingeolko/turtlebot3-master/install/turtlebot3_example/share:/opt/ros/melodic/share /usr/bin/cmake --build /home/ingeolko/turtlebot3-master/build/turtlebot3_slam --target tests -- -j4 -l4
[0.559s] Built target tests
[0.571s] Invoked command in '/home/ingeolko/turtlebot3-master/build/turtlebot3_slam' returned '0': CMAKE_PREFIX_PATH=/home/ingeolko/turtlebot3-master/install/turtlebot3_bringup:/home/ingeolko/turtlebot3-master/install/turtlebot3_teleop:/home/ingeolko/turtlebot3-master/install/turtlebot3_description:/home/ingeolko/turtlebot3-master/install/turtlebot3_slam:/home/ingeolko/turtlebot3-master/install/turtlebot3_navigation:/home/ingeolko/turtlebot3-master/install/turtlebot3_example:/opt/ros/melodic PKG_CONFIG_PATH=/home/ingeolko/turtlebot3-master/install/turtlebot3_bringup/lib/x86_64-linux-gnu/pkgconfig:/home/ingeolko/turtlebot3-master/install/turtlebot3_bringup/lib/pkgconfig:/home/ingeolko/turtlebot3-master/install/turtlebot3_teleop/lib/x86_64-linux-gnu/pkgconfig:/home/ingeolko/turtlebot3-master/install/turtlebot3_teleop/lib/pkgconfig:/home/ingeolko/turtlebot3-master/install/turtlebot3_description/lib/x86_64-linux-gnu/pkgconfig:/home/ingeolko/turtlebot3-master/install/turtlebot3_description/lib/pkgconfig:/home/ingeolko/turtlebot3-master/install/turtlebot3/lib/x86_64-linux-gnu/pkgconfig:/home/ingeolko/turtlebot3-master/install/turtlebot3/lib/pkgconfig:/home/ingeolko/turtlebot3-master/install/turtlebot3_slam/lib/x86_64-linux-gnu/pkgconfig:/home/ingeolko/turtlebot3-master/install/turtlebot3_slam/lib/pkgconfig:/home/ingeolko/turtlebot3-master/install/turtlebot3_navigation/lib/x86_64-linux-gnu/pkgconfig:/home/ingeolko/turtlebot3-master/install/turtlebot3_navigation/lib/pkgconfig:/home/ingeolko/turtlebot3-master/install/turtlebot3_example/lib/x86_64-linux-gnu/pkgconfig:/home/ingeolko/turtlebot3-master/install/turtlebot3_example/lib/pkgconfig:/opt/ros/melodic/lib/pkgconfig PYTHONPATH=/home/ingeolko/turtlebot3-master/install/turtlebot3_teleop/lib/python2.7/dist-packages:/home/ingeolko/turtlebot3-master/install/turtlebot3_example/lib/python2.7/dist-packages:/opt/ros/melodic/lib/python2.7/dist-packages ROS_PACKAGE_PATH=/home/ingeolko/turtlebot3-master/install/turtlebot3_bringup/share:/home/ingeolko/turtlebot3-master/install/turtlebot3_teleop/share:/home/ingeolko/turtlebot3-master/install/turtlebot3_description/share:/home/ingeolko/turtlebot3-master/install/turtlebot3/share:/home/ingeolko/turtlebot3-master/install/turtlebot3_slam/share:/home/ingeolko/turtlebot3-master/install/turtlebot3_navigation/share:/home/ingeolko/turtlebot3-master/install/turtlebot3_example/share:/opt/ros/melodic/share /usr/bin/cmake --build /home/ingeolko/turtlebot3-master/build/turtlebot3_slam --target tests -- -j4 -l4
[0.608s] Invoking command in '/home/ingeolko/turtlebot3-master/build/turtlebot3_slam': CMAKE_PREFIX_PATH=/home/ingeolko/turtlebot3-master/install/turtlebot3_bringup:/home/ingeolko/turtlebot3-master/install/turtlebot3_teleop:/home/ingeolko/turtlebot3-master/install/turtlebot3_description:/home/ingeolko/turtlebot3-master/install/turtlebot3_slam:/home/ingeolko/turtlebot3-master/install/turtlebot3_navigation:/home/ingeolko/turtlebot3-master/install/turtlebot3_example:/opt/ros/melodic PKG_CONFIG_PATH=/home/ingeolko/turtlebot3-master/install/turtlebot3_bringup/lib/x86_64-linux-gnu/pkgconfig:/home/ingeolko/turtlebot3-master/install/turtlebot3_bringup/lib/pkgconfig:/home/ingeolko/turtlebot3-master/install/turtlebot3_teleop/lib/x86_64-linux-gnu/pkgconfig:/home/ingeolko/turtlebot3-master/install/turtlebot3_teleop/lib/pkgconfig:/home/ingeolko/turtlebot3-master/install/turtlebot3_description/lib/x86_64-linux-gnu/pkgconfig:/home/ingeolko/turtlebot3-master/install/turtlebot3_description/lib/pkgconfig:/home/ingeolko/turtlebot3-master/install/turtlebot3/lib/x86_64-linux-gnu/pkgconfig:/home/ingeolko/turtlebot3-master/install/turtlebot3/lib/pkgconfig:/home/ingeolko/turtlebot3-master/install/turtlebot3_slam/lib/x86_64-linux-gnu/pkgconfig:/home/ingeolko/turtlebot3-master/install/turtlebot3_slam/lib/pkgconfig:/home/ingeolko/turtlebot3-master/install/turtlebot3_navigation/lib/x86_64-linux-gnu/pkgconfig:/home/ingeolko/turtlebot3-master/install/turtlebot3_navigation/lib/pkgconfig:/home/ingeolko/turtlebot3-master/install/turtlebot3_example/lib/x86_64-linux-gnu/pkgconfig:/home/ingeolko/turtlebot3-master/install/turtlebot3_example/lib/pkgconfig:/opt/ros/melodic/lib/pkgconfig PYTHONPATH=/home/ingeolko/turtlebot3-master/install/turtlebot3_teleop/lib/python2.7/dist-packages:/home/ingeolko/turtlebot3-master/install/turtlebot3_example/lib/python2.7/dist-packages:/opt/ros/melodic/lib/python2.7/dist-packages ROS_PACKAGE_PATH=/home/ingeolko/turtlebot3-master/install/turtlebot3_bringup/share:/home/ingeolko/turtlebot3-master/install/turtlebot3_teleop/share:/home/ingeolko/turtlebot3-master/install/turtlebot3_description/share:/home/ingeolko/turtlebot3-master/install/turtlebot3/share:/home/ingeolko/turtlebot3-master/install/turtlebot3_slam/share:/home/ingeolko/turtlebot3-master/install/turtlebot3_navigation/share:/home/ingeolko/turtlebot3-master/install/turtlebot3_example/share:/opt/ros/melodic/share /usr/bin/cmake --build /home/ingeolko/turtlebot3-master/build/turtlebot3_slam --target install -- -j4 -l4
[0.656s] [  0%] Built target rosgraph_msgs_generate_messages_nodejs
[0.656s] [  0%] Built target rosgraph_msgs_generate_messages_py
[0.661s] [  0%] Built target std_msgs_generate_messages_eus
[0.665s] [  0%] Built target geometry_msgs_generate_messages_py
[0.683s] [  0%] Built target rosgraph_msgs_generate_messages_eus
[0.684s] [  0%] Built target rosgraph_msgs_generate_messages_lisp
[0.689s] [  0%] Built target roscpp_generate_messages_py
[0.703s] [  0%] Built target std_msgs_generate_messages_py
[0.703s] [  0%] Built target rosgraph_msgs_generate_messages_cpp
[0.711s] [  0%] Built target geometry_msgs_generate_messages_eus
[0.716s] [  0%] Built target roscpp_generate_messages_nodejs
[0.725s] [  0%] Built target roscpp_generate_messages_eus
[0.731s] [  0%] Built target roscpp_generate_messages_lisp
[0.731s] [  0%] Built target std_msgs_generate_messages_cpp
[0.740s] [  0%] Built target geometry_msgs_generate_messages_nodejs
[0.750s] [  0%] Built target sensor_msgs_generate_messages_py
[0.750s] [  0%] Built target std_msgs_generate_messages_lisp
[0.759s] [  0%] Built target sensor_msgs_generate_messages_eus
[0.760s] [  0%] Built target sensor_msgs_generate_messages_cpp
[0.770s] [  0%] Built target std_msgs_generate_messages_nodejs
[0.774s] [  0%] Built target sensor_msgs_generate_messages_lisp
[0.780s] [  0%] Built target roscpp_generate_messages_cpp
[0.782s] [  0%] Built target sensor_msgs_generate_messages_nodejs
[0.790s] [  0%] Built target geometry_msgs_generate_messages_cpp
[0.797s] [  0%] Built target geometry_msgs_generate_messages_lisp
[0.819s] [100%] Built target flat_world_imu_node
[0.840s] [36mInstall the project...[0m
[0.848s] -- Install configuration: ""
[0.848s] -- Up-to-date: /home/ingeolko/turtlebot3-master/install/turtlebot3_slam/lib/pkgconfig/turtlebot3_slam.pc
[0.849s] -- Up-to-date: /home/ingeolko/turtlebot3-master/install/turtlebot3_slam/share/turtlebot3_slam/cmake/turtlebot3_slamConfig.cmake
[0.849s] -- Up-to-date: /home/ingeolko/turtlebot3-master/install/turtlebot3_slam/share/turtlebot3_slam/cmake/turtlebot3_slamConfig-version.cmake
[0.849s] -- Up-to-date: /home/ingeolko/turtlebot3-master/install/turtlebot3_slam/share/turtlebot3_slam/package.xml
[0.849s] -- Up-to-date: /home/ingeolko/turtlebot3-master/install/turtlebot3_slam/lib/turtlebot3_slam/flat_world_imu_node
[0.850s] -- Up-to-date: /home/ingeolko/turtlebot3-master/install/turtlebot3_slam/include/turtlebot3_slam
[0.850s] -- Up-to-date: /home/ingeolko/turtlebot3-master/install/turtlebot3_slam/include/turtlebot3_slam/flat_world_imu_node.h
[0.850s] -- Up-to-date: /home/ingeolko/turtlebot3-master/install/turtlebot3_slam/share/turtlebot3_slam/bag
[0.850s] -- Up-to-date: /home/ingeolko/turtlebot3-master/install/turtlebot3_slam/share/turtlebot3_slam/bag/bag_files.md
[0.850s] -- Up-to-date: /home/ingeolko/turtlebot3-master/install/turtlebot3_slam/share/turtlebot3_slam/config
[0.850s] -- Up-to-date: /home/ingeolko/turtlebot3-master/install/turtlebot3_slam/share/turtlebot3_slam/config/turtlebot3_lds_2d_gazebo.lua
[0.850s] -- Up-to-date: /home/ingeolko/turtlebot3-master/install/turtlebot3_slam/share/turtlebot3_slam/config/karto_mapper_params.yaml
[0.850s] -- Up-to-date: /home/ingeolko/turtlebot3-master/install/turtlebot3_slam/share/turtlebot3_slam/config/frontier_exploration.yaml
[0.850s] -- Up-to-date: /home/ingeolko/turtlebot3-master/install/turtlebot3_slam/share/turtlebot3_slam/config/turtlebot3_lds_2d.lua
[0.850s] -- Up-to-date: /home/ingeolko/turtlebot3-master/install/turtlebot3_slam/share/turtlebot3_slam/config/gmapping_params.yaml
[0.850s] -- Up-to-date: /home/ingeolko/turtlebot3-master/install/turtlebot3_slam/share/turtlebot3_slam/launch
[0.850s] -- Up-to-date: /home/ingeolko/turtlebot3-master/install/turtlebot3_slam/share/turtlebot3_slam/launch/turtlebot3_frontier_exploration.launch
[0.851s] -- Up-to-date: /home/ingeolko/turtlebot3-master/install/turtlebot3_slam/share/turtlebot3_slam/launch/turtlebot3_hector.launch
[0.851s] -- Up-to-date: /home/ingeolko/turtlebot3-master/install/turtlebot3_slam/share/turtlebot3_slam/launch/turtlebot3_slam.launch
[0.851s] -- Up-to-date: /home/ingeolko/turtlebot3-master/install/turtlebot3_slam/share/turtlebot3_slam/launch/turtlebot3_gmapping.launch
[0.851s] -- Up-to-date: /home/ingeolko/turtlebot3-master/install/turtlebot3_slam/share/turtlebot3_slam/launch/turtlebot3_cartographer.launch
[0.851s] -- Up-to-date: /home/ingeolko/turtlebot3-master/install/turtlebot3_slam/share/turtlebot3_slam/launch/turtlebot3_manipulation_slam.launch
[0.851s] -- Up-to-date: /home/ingeolko/turtlebot3-master/install/turtlebot3_slam/share/turtlebot3_slam/launch/turtlebot3_karto.launch
[0.851s] -- Up-to-date: /home/ingeolko/turtlebot3-master/install/turtlebot3_slam/share/turtlebot3_slam/rviz
[0.851s] -- Up-to-date: /home/ingeolko/turtlebot3-master/install/turtlebot3_slam/share/turtlebot3_slam/rviz/turtlebot3_frontier_exploration.rviz
[0.851s] -- Up-to-date: /home/ingeolko/turtlebot3-master/install/turtlebot3_slam/share/turtlebot3_slam/rviz/turtlebot3_cartographer.rviz
[0.852s] -- Up-to-date: /home/ingeolko/turtlebot3-master/install/turtlebot3_slam/share/turtlebot3_slam/rviz/turtlebot3_hector.rviz
[0.852s] -- Up-to-date: /home/ingeolko/turtlebot3-master/install/turtlebot3_slam/share/turtlebot3_slam/rviz/turtlebot3_karto.rviz
[0.852s] -- Up-to-date: /home/ingeolko/turtlebot3-master/install/turtlebot3_slam/share/turtlebot3_slam/rviz/turtlebot3_gmapping.rviz
[0.854s] Invoked command in '/home/ingeolko/turtlebot3-master/build/turtlebot3_slam' returned '0': CMAKE_PREFIX_PATH=/home/ingeolko/turtlebot3-master/install/turtlebot3_bringup:/home/ingeolko/turtlebot3-master/install/turtlebot3_teleop:/home/ingeolko/turtlebot3-master/install/turtlebot3_description:/home/ingeolko/turtlebot3-master/install/turtlebot3_slam:/home/ingeolko/turtlebot3-master/install/turtlebot3_navigation:/home/ingeolko/turtlebot3-master/install/turtlebot3_example:/opt/ros/melodic PKG_CONFIG_PATH=/home/ingeolko/turtlebot3-master/install/turtlebot3_bringup/lib/x86_64-linux-gnu/pkgconfig:/home/ingeolko/turtlebot3-master/install/turtlebot3_bringup/lib/pkgconfig:/home/ingeolko/turtlebot3-master/install/turtlebot3_teleop/lib/x86_64-linux-gnu/pkgconfig:/home/ingeolko/turtlebot3-master/install/turtlebot3_teleop/lib/pkgconfig:/home/ingeolko/turtlebot3-master/install/turtlebot3_description/lib/x86_64-linux-gnu/pkgconfig:/home/ingeolko/turtlebot3-master/install/turtlebot3_description/lib/pkgconfig:/home/ingeolko/turtlebot3-master/install/turtlebot3/lib/x86_64-linux-gnu/pkgconfig:/home/ingeolko/turtlebot3-master/install/turtlebot3/lib/pkgconfig:/home/ingeolko/turtlebot3-master/install/turtlebot3_slam/lib/x86_64-linux-gnu/pkgconfig:/home/ingeolko/turtlebot3-master/install/turtlebot3_slam/lib/pkgconfig:/home/ingeolko/turtlebot3-master/install/turtlebot3_navigation/lib/x86_64-linux-gnu/pkgconfig:/home/ingeolko/turtlebot3-master/install/turtlebot3_navigation/lib/pkgconfig:/home/ingeolko/turtlebot3-master/install/turtlebot3_example/lib/x86_64-linux-gnu/pkgconfig:/home/ingeolko/turtlebot3-master/install/turtlebot3_example/lib/pkgconfig:/opt/ros/melodic/lib/pkgconfig PYTHONPATH=/home/ingeolko/turtlebot3-master/install/turtlebot3_teleop/lib/python2.7/dist-packages:/home/ingeolko/turtlebot3-master/install/turtlebot3_example/lib/python2.7/dist-packages:/opt/ros/melodic/lib/python2.7/dist-packages ROS_PACKAGE_PATH=/home/ingeolko/turtlebot3-master/install/turtlebot3_bringup/share:/home/ingeolko/turtlebot3-master/install/turtlebot3_teleop/share:/home/ingeolko/turtlebot3-master/install/turtlebot3_description/share:/home/ingeolko/turtlebot3-master/install/turtlebot3/share:/home/ingeolko/turtlebot3-master/install/turtlebot3_slam/share:/home/ingeolko/turtlebot3-master/install/turtlebot3_navigation/share:/home/ingeolko/turtlebot3-master/install/turtlebot3_example/share:/opt/ros/melodic/share /usr/bin/cmake --build /home/ingeolko/turtlebot3-master/build/turtlebot3_slam --target install -- -j4 -l4
