[0.014s] Invoking command in '/home/ingeolko/turtlebot3-master/build/turtlebot3_bringup': /usr/bin/cmake /home/ingeolko/turtlebot3-master/turtlebot3_bringup -DCATKIN_INSTALL_INTO_PREFIX_ROOT=0 -DCMAKE_INSTALL_PREFIX=/home/ingeolko/turtlebot3-master/install/turtlebot3_bringup
[0.041s] -- Using CATKIN_DEVEL_PREFIX: /home/ingeolko/turtlebot3-master/build/turtlebot3_bringup/devel
[0.041s] -- Using CMAKE_PREFIX_PATH: /home/ingeolko/turtlebot3-master/install/turtlebot3_teleop;/home/ingeolko/turtlebot3-master/install/turtlebot3_description;/opt/ros/melodic
[0.041s] -- This workspace overlays: /home/ingeolko/turtlebot3-master/install/turtlebot3_teleop;/home/ingeolko/turtlebot3-master/install/turtlebot3_description;/opt/ros/melodic
[0.054s] -- Found PythonInterp: /usr/bin/python2 (found suitable version "2.7.17", minimum required is "2") 
[0.054s] -- Using PYTHON_EXECUTABLE: /usr/bin/python2
[0.055s] -- Using Debian Python package layout
[0.055s] -- Using empy: /usr/bin/empy
[0.207s] -- Using CATKIN_ENABLE_TESTING: ON
[0.207s] -- Call enable_testing()
[0.207s] -- Using CATKIN_TEST_RESULTS_DIR: /home/ingeolko/turtlebot3-master/build/turtlebot3_bringup/test_results
[0.226s] -- Found gtest sources under '/usr/src/googletest': gtests will be built
[0.226s] -- Found gmock sources under '/usr/src/googletest': gmock will be built
[0.239s] -- Found PythonInterp: /usr/bin/python2 (found version "2.7.17") 
[0.246s] -- Using Python nosetests: /usr/bin/nosetests-2.7
[0.288s] -- catkin 0.7.29
[0.289s] -- BUILD_SHARED_LIBS is on
[0.444s] -- Could NOT find turtlebot3_msgs (missing: turtlebot3_msgs_DIR)
[0.444s] -- Could not find the required component 'turtlebot3_msgs'. The following CMake error indicates that you either need to install the package with the same name or change your environment so that it can be found.
[0.444s] CMake Error at /opt/ros/melodic/share/catkin/cmake/catkinConfig.cmake:83 (find_package):
[0.444s]   Could not find a package configuration file provided by "turtlebot3_msgs"
[0.444s]   with any of the following names:
[0.444s] 
[0.444s]     turtlebot3_msgsConfig.cmake
[0.444s]     turtlebot3_msgs-config.cmake
[0.444s] 
[0.445s]   Add the installation prefix of "turtlebot3_msgs" to CMAKE_PREFIX_PATH or
[0.445s]   set "turtlebot3_msgs_DIR" to a directory containing one of the above files.
[0.445s]   If "turtlebot3_msgs" provides a separate development package or SDK, be
[0.445s]   sure it has been installed.
[0.445s] Call Stack (most recent call first):
[0.446s]   CMakeLists.txt:13 (find_package)
[0.446s] 
[0.446s] 
[0.446s] -- Configuring incomplete, errors occurred!
[0.446s] See also "/home/ingeolko/turtlebot3-master/build/turtlebot3_bringup/CMakeFiles/CMakeOutput.log".
[0.446s] See also "/home/ingeolko/turtlebot3-master/build/turtlebot3_bringup/CMakeFiles/CMakeError.log".
[0.450s] Invoked command in '/home/ingeolko/turtlebot3-master/build/turtlebot3_bringup' returned '1': /usr/bin/cmake /home/ingeolko/turtlebot3-master/turtlebot3_bringup -DCATKIN_INSTALL_INTO_PREFIX_ROOT=0 -DCMAKE_INSTALL_PREFIX=/home/ingeolko/turtlebot3-master/install/turtlebot3_bringup
