[0.022s] Invoking command in '/home/ingeolko/turtlebot3-master/build/turtlebot3_navigation': CMAKE_PREFIX_PATH=/home/ingeolko/turtlebot3-master/install/turtlebot3_bringup:${CMAKE_PREFIX_PATH} PKG_CONFIG_PATH=/home/ingeolko/turtlebot3-master/install/turtlebot3_bringup/lib/x86_64-linux-gnu/pkgconfig:/home/ingeolko/turtlebot3-master/install/turtlebot3_bringup/lib/pkgconfig:${PKG_CONFIG_PATH} ROS_PACKAGE_PATH=/home/ingeolko/turtlebot3-master/install/turtlebot3_bringup/share:${ROS_PACKAGE_PATH} /usr/bin/cmake /home/ingeolko/turtlebot3-master/turtlebot3_navigation -DCATKIN_INSTALL_INTO_PREFIX_ROOT=0 -DCMAKE_INSTALL_PREFIX=/home/ingeolko/turtlebot3-master/install/turtlebot3_navigation
[0.267s] -- The C compiler identification is GNU 7.5.0
[0.330s] -- The CXX compiler identification is GNU 7.5.0
[0.336s] -- Check for working C compiler: /usr/bin/cc
[0.412s] -- Check for working C compiler: /usr/bin/cc -- works
[0.412s] -- Detecting C compiler ABI info
[0.506s] -- Detecting C compiler ABI info - done
[0.509s] -- Detecting C compile features
[0.705s] -- Detecting C compile features - done
[0.708s] -- Check for working CXX compiler: /usr/bin/c++
[0.791s] -- Check for working CXX compiler: /usr/bin/c++ -- works
[0.792s] -- Detecting CXX compiler ABI info
[0.870s] -- Detecting CXX compiler ABI info - done
[0.878s] -- Detecting CXX compile features
[1.214s] -- Detecting CXX compile features - done
[1.216s] -- Using CATKIN_DEVEL_PREFIX: /home/ingeolko/turtlebot3-master/build/turtlebot3_navigation/devel
[1.216s] -- Using CMAKE_PREFIX_PATH: /home/ingeolko/turtlebot3-master/install/turtlebot3_bringup;/home/ingeolko/turtlebot3-master/install/turtlebot3_teleop;/home/ingeolko/turtlebot3-master/install/turtlebot3_description;/opt/ros/melodic
[1.216s] -- This workspace overlays: /home/ingeolko/turtlebot3-master/install/turtlebot3_bringup;/home/ingeolko/turtlebot3-master/install/turtlebot3_teleop;/home/ingeolko/turtlebot3-master/install/turtlebot3_description;/opt/ros/melodic
[1.230s] -- Found PythonInterp: /usr/bin/python2 (found suitable version "2.7.17", minimum required is "2") 
[1.230s] -- Using PYTHON_EXECUTABLE: /usr/bin/python2
[1.231s] -- Using Debian Python package layout
[1.231s] -- Using empy: /usr/bin/empy
[1.373s] -- Using CATKIN_ENABLE_TESTING: ON
[1.373s] -- Call enable_testing()
[1.375s] -- Using CATKIN_TEST_RESULTS_DIR: /home/ingeolko/turtlebot3-master/build/turtlebot3_navigation/test_results
[1.392s] -- Found gtest sources under '/usr/src/googletest': gtests will be built
[1.392s] -- Found gmock sources under '/usr/src/googletest': gmock will be built
[1.405s] -- Found PythonInterp: /usr/bin/python2 (found version "2.7.17") 
[1.406s] -- Looking for pthread.h
[1.482s] -- Looking for pthread.h - found
[1.483s] -- Looking for pthread_create
[1.552s] -- Looking for pthread_create - not found
[1.552s] -- Looking for pthread_create in pthreads
[1.608s] -- Looking for pthread_create in pthreads - not found
[1.610s] -- Looking for pthread_create in pthread
[1.669s] -- Looking for pthread_create in pthread - found
[1.670s] -- Found Threads: TRUE  
[1.674s] -- Using Python nosetests: /usr/bin/nosetests-2.7
[1.717s] -- catkin 0.7.29
[1.717s] -- BUILD_SHARED_LIBS is on
[1.916s] -- Configuring done
[1.939s] -- Generating done
[1.940s] -- Build files have been written to: /home/ingeolko/turtlebot3-master/build/turtlebot3_navigation
[1.943s] Invoked command in '/home/ingeolko/turtlebot3-master/build/turtlebot3_navigation' returned '0': CMAKE_PREFIX_PATH=/home/ingeolko/turtlebot3-master/install/turtlebot3_bringup:${CMAKE_PREFIX_PATH} PKG_CONFIG_PATH=/home/ingeolko/turtlebot3-master/install/turtlebot3_bringup/lib/x86_64-linux-gnu/pkgconfig:/home/ingeolko/turtlebot3-master/install/turtlebot3_bringup/lib/pkgconfig:${PKG_CONFIG_PATH} ROS_PACKAGE_PATH=/home/ingeolko/turtlebot3-master/install/turtlebot3_bringup/share:${ROS_PACKAGE_PATH} /usr/bin/cmake /home/ingeolko/turtlebot3-master/turtlebot3_navigation -DCATKIN_INSTALL_INTO_PREFIX_ROOT=0 -DCMAKE_INSTALL_PREFIX=/home/ingeolko/turtlebot3-master/install/turtlebot3_navigation
[1.946s] Invoking command in '/home/ingeolko/turtlebot3-master/build/turtlebot3_navigation': CMAKE_PREFIX_PATH=/home/ingeolko/turtlebot3-master/install/turtlebot3_bringup:${CMAKE_PREFIX_PATH} PKG_CONFIG_PATH=/home/ingeolko/turtlebot3-master/install/turtlebot3_bringup/lib/x86_64-linux-gnu/pkgconfig:/home/ingeolko/turtlebot3-master/install/turtlebot3_bringup/lib/pkgconfig:${PKG_CONFIG_PATH} ROS_PACKAGE_PATH=/home/ingeolko/turtlebot3-master/install/turtlebot3_bringup/share:${ROS_PACKAGE_PATH} /usr/bin/cmake --build /home/ingeolko/turtlebot3-master/build/turtlebot3_navigation -- -j4 -l4
[2.012s] Invoked command in '/home/ingeolko/turtlebot3-master/build/turtlebot3_navigation' returned '0': CMAKE_PREFIX_PATH=/home/ingeolko/turtlebot3-master/install/turtlebot3_bringup:${CMAKE_PREFIX_PATH} PKG_CONFIG_PATH=/home/ingeolko/turtlebot3-master/install/turtlebot3_bringup/lib/x86_64-linux-gnu/pkgconfig:/home/ingeolko/turtlebot3-master/install/turtlebot3_bringup/lib/pkgconfig:${PKG_CONFIG_PATH} ROS_PACKAGE_PATH=/home/ingeolko/turtlebot3-master/install/turtlebot3_bringup/share:${ROS_PACKAGE_PATH} /usr/bin/cmake --build /home/ingeolko/turtlebot3-master/build/turtlebot3_navigation -- -j4 -l4
[2.056s] Invoking command in '/home/ingeolko/turtlebot3-master/build/turtlebot3_navigation': CMAKE_PREFIX_PATH=/home/ingeolko/turtlebot3-master/install/turtlebot3_bringup:${CMAKE_PREFIX_PATH} PKG_CONFIG_PATH=/home/ingeolko/turtlebot3-master/install/turtlebot3_bringup/lib/x86_64-linux-gnu/pkgconfig:/home/ingeolko/turtlebot3-master/install/turtlebot3_bringup/lib/pkgconfig:${PKG_CONFIG_PATH} ROS_PACKAGE_PATH=/home/ingeolko/turtlebot3-master/install/turtlebot3_bringup/share:${ROS_PACKAGE_PATH} /usr/bin/cmake --build /home/ingeolko/turtlebot3-master/build/turtlebot3_navigation --target tests -- -j4 -l4
[2.136s] [35m[1mScanning dependencies of target tests[0m
[2.154s] Built target tests
[2.175s] Invoked command in '/home/ingeolko/turtlebot3-master/build/turtlebot3_navigation' returned '0': CMAKE_PREFIX_PATH=/home/ingeolko/turtlebot3-master/install/turtlebot3_bringup:${CMAKE_PREFIX_PATH} PKG_CONFIG_PATH=/home/ingeolko/turtlebot3-master/install/turtlebot3_bringup/lib/x86_64-linux-gnu/pkgconfig:/home/ingeolko/turtlebot3-master/install/turtlebot3_bringup/lib/pkgconfig:${PKG_CONFIG_PATH} ROS_PACKAGE_PATH=/home/ingeolko/turtlebot3-master/install/turtlebot3_bringup/share:${ROS_PACKAGE_PATH} /usr/bin/cmake --build /home/ingeolko/turtlebot3-master/build/turtlebot3_navigation --target tests -- -j4 -l4
[2.263s] Invoking command in '/home/ingeolko/turtlebot3-master/build/turtlebot3_navigation': CMAKE_PREFIX_PATH=/home/ingeolko/turtlebot3-master/install/turtlebot3_bringup:${CMAKE_PREFIX_PATH} PKG_CONFIG_PATH=/home/ingeolko/turtlebot3-master/install/turtlebot3_bringup/lib/x86_64-linux-gnu/pkgconfig:/home/ingeolko/turtlebot3-master/install/turtlebot3_bringup/lib/pkgconfig:${PKG_CONFIG_PATH} ROS_PACKAGE_PATH=/home/ingeolko/turtlebot3-master/install/turtlebot3_bringup/share:${ROS_PACKAGE_PATH} /usr/bin/cmake --build /home/ingeolko/turtlebot3-master/build/turtlebot3_navigation --target install -- -j4 -l4
[2.321s] [36mInstall the project...[0m
[2.330s] -- Install configuration: ""
[2.331s] -- Installing: /home/ingeolko/turtlebot3-master/install/turtlebot3_navigation/lib/pkgconfig/turtlebot3_navigation.pc
[2.331s] -- Installing: /home/ingeolko/turtlebot3-master/install/turtlebot3_navigation/share/turtlebot3_navigation/cmake/turtlebot3_navigationConfig.cmake
[2.331s] -- Installing: /home/ingeolko/turtlebot3-master/install/turtlebot3_navigation/share/turtlebot3_navigation/cmake/turtlebot3_navigationConfig-version.cmake
[2.331s] -- Installing: /home/ingeolko/turtlebot3-master/install/turtlebot3_navigation/share/turtlebot3_navigation/package.xml
[2.331s] -- Installing: /home/ingeolko/turtlebot3-master/install/turtlebot3_navigation/share/turtlebot3_navigation/launch
[2.335s] -- Installing: /home/ingeolko/turtlebot3-master/install/turtlebot3_navigation/share/turtlebot3_navigation/launch/amcl.launch
[2.336s] -- Installing: /home/ingeolko/turtlebot3-master/install/turtlebot3_navigation/share/turtlebot3_navigation/launch/turtlebot3_navigation.launch
[2.336s] -- Installing: /home/ingeolko/turtlebot3-master/install/turtlebot3_navigation/share/turtlebot3_navigation/launch/move_base.launch
[2.336s] -- Installing: /home/ingeolko/turtlebot3-master/install/turtlebot3_navigation/share/turtlebot3_navigation/maps
[2.336s] -- Installing: /home/ingeolko/turtlebot3-master/install/turtlebot3_navigation/share/turtlebot3_navigation/maps/map.pgm
[2.336s] -- Installing: /home/ingeolko/turtlebot3-master/install/turtlebot3_navigation/share/turtlebot3_navigation/maps/map.yaml
[2.337s] -- Installing: /home/ingeolko/turtlebot3-master/install/turtlebot3_navigation/share/turtlebot3_navigation/param
[2.337s] -- Installing: /home/ingeolko/turtlebot3-master/install/turtlebot3_navigation/share/turtlebot3_navigation/param/costmap_common_params_waffle_pi.yaml
[2.338s] -- Installing: /home/ingeolko/turtlebot3-master/install/turtlebot3_navigation/share/turtlebot3_navigation/param/local_costmap_params.yaml
[2.338s] -- Installing: /home/ingeolko/turtlebot3-master/install/turtlebot3_navigation/share/turtlebot3_navigation/param/costmap_common_params_burger.yaml
[2.339s] -- Installing: /home/ingeolko/turtlebot3-master/install/turtlebot3_navigation/share/turtlebot3_navigation/param/dwa_local_planner_params_burger.yaml
[2.340s] -- Installing: /home/ingeolko/turtlebot3-master/install/turtlebot3_navigation/share/turtlebot3_navigation/param/dwa_local_planner_params_waffle_pi.yaml
[2.340s] -- Installing: /home/ingeolko/turtlebot3-master/install/turtlebot3_navigation/share/turtlebot3_navigation/param/base_local_planner_params.yaml
[2.341s] -- Installing: /home/ingeolko/turtlebot3-master/install/turtlebot3_navigation/share/turtlebot3_navigation/param/move_base_params.yaml
[2.341s] -- Installing: /home/ingeolko/turtlebot3-master/install/turtlebot3_navigation/share/turtlebot3_navigation/param/costmap_common_params_waffle.yaml
[2.342s] -- Installing: /home/ingeolko/turtlebot3-master/install/turtlebot3_navigation/share/turtlebot3_navigation/param/global_costmap_params.yaml
[2.342s] -- Installing: /home/ingeolko/turtlebot3-master/install/turtlebot3_navigation/share/turtlebot3_navigation/param/dwa_local_planner_params_waffle.yaml
[2.342s] -- Installing: /home/ingeolko/turtlebot3-master/install/turtlebot3_navigation/share/turtlebot3_navigation/rviz
[2.342s] -- Installing: /home/ingeolko/turtlebot3-master/install/turtlebot3_navigation/share/turtlebot3_navigation/rviz/turtlebot3_navigation.rviz
[2.346s] Invoked command in '/home/ingeolko/turtlebot3-master/build/turtlebot3_navigation' returned '0': CMAKE_PREFIX_PATH=/home/ingeolko/turtlebot3-master/install/turtlebot3_bringup:${CMAKE_PREFIX_PATH} PKG_CONFIG_PATH=/home/ingeolko/turtlebot3-master/install/turtlebot3_bringup/lib/x86_64-linux-gnu/pkgconfig:/home/ingeolko/turtlebot3-master/install/turtlebot3_bringup/lib/pkgconfig:${PKG_CONFIG_PATH} ROS_PACKAGE_PATH=/home/ingeolko/turtlebot3-master/install/turtlebot3_bringup/share:${ROS_PACKAGE_PATH} /usr/bin/cmake --build /home/ingeolko/turtlebot3-master/build/turtlebot3_navigation --target install -- -j4 -l4
