[0.027s] Invoking command in '/home/ingeolko/turtlebot3-master-IngeolKo/turtlebot3-master/build/turtlebot3_bringup': CMAKE_PREFIX_PATH=/home/ingeolko/turtlebot3-master-IngeolKo/turtlebot3-master/install/turtlebot3_teleop:/home/ingeolko/turtlebot3-master-IngeolKo/turtlebot3-master/install/turtlebot3_description:/home/ingeolko/turtlebot3-master-IngeolKo/turtlebot3-master/install/turtlebot3_slam:/home/ingeolko/turtlebot3-master-IngeolKo/turtlebot3-master/install/turtlebot3_navigation:/home/ingeolko/turtlebot3-master-IngeolKo/turtlebot3-master/install/turtlebot3_example:/home/ingeolko/turtlebot3-master-IngeolKo/turtlebot3-master/install/turtlebot3_bringup:/opt/ros/melodic PKG_CONFIG_PATH=/home/ingeolko/turtlebot3-master-IngeolKo/turtlebot3-master/install/turtlebot3_teleop/lib/x86_64-linux-gnu/pkgconfig:/home/ingeolko/turtlebot3-master-IngeolKo/turtlebot3-master/install/turtlebot3_teleop/lib/pkgconfig:/home/ingeolko/turtlebot3-master-IngeolKo/turtlebot3-master/install/turtlebot3_description/lib/x86_64-linux-gnu/pkgconfig:/home/ingeolko/turtlebot3-master-IngeolKo/turtlebot3-master/install/turtlebot3_description/lib/pkgconfig:/home/ingeolko/turtlebot3-master-IngeolKo/turtlebot3-master/install/turtlebot3/lib/x86_64-linux-gnu/pkgconfig:/home/ingeolko/turtlebot3-master-IngeolKo/turtlebot3-master/install/turtlebot3/lib/pkgconfig:/home/ingeolko/turtlebot3-master-IngeolKo/turtlebot3-master/install/turtlebot3_slam/lib/x86_64-linux-gnu/pkgconfig:/home/ingeolko/turtlebot3-master-IngeolKo/turtlebot3-master/install/turtlebot3_slam/lib/pkgconfig:/home/ingeolko/turtlebot3-master-IngeolKo/turtlebot3-master/install/turtlebot3_navigation/lib/x86_64-linux-gnu/pkgconfig:/home/ingeolko/turtlebot3-master-IngeolKo/turtlebot3-master/install/turtlebot3_navigation/lib/pkgconfig:/home/ingeolko/turtlebot3-master-IngeolKo/turtlebot3-master/install/turtlebot3_example/lib/x86_64-linux-gnu/pkgconfig:/home/ingeolko/turtlebot3-master-IngeolKo/turtlebot3-master/install/turtlebot3_example/lib/pkgconfig:/home/ingeolko/turtlebot3-master-IngeolKo/turtlebot3-master/install/turtlebot3_bringup/lib/x86_64-linux-gnu/pkgconfig:/home/ingeolko/turtlebot3-master-IngeolKo/turtlebot3-master/install/turtlebot3_bringup/lib/pkgconfig:/opt/ros/melodic/lib/pkgconfig PYTHONPATH=/home/ingeolko/turtlebot3-master-IngeolKo/turtlebot3-master/install/turtlebot3_teleop/lib/python2.7/dist-packages:/home/ingeolko/turtlebot3-master-IngeolKo/turtlebot3-master/install/turtlebot3_example/lib/python2.7/dist-packages:/opt/ros/melodic/lib/python2.7/dist-packages ROS_PACKAGE_PATH=/home/ingeolko/turtlebot3-master-IngeolKo/turtlebot3-master/install/turtlebot3_teleop/share:/home/ingeolko/turtlebot3-master-IngeolKo/turtlebot3-master/install/turtlebot3_description/share:/home/ingeolko/turtlebot3-master-IngeolKo/turtlebot3-master/install/turtlebot3/share:/home/ingeolko/turtlebot3-master-IngeolKo/turtlebot3-master/install/turtlebot3_slam/share:/home/ingeolko/turtlebot3-master-IngeolKo/turtlebot3-master/install/turtlebot3_navigation/share:/home/ingeolko/turtlebot3-master-IngeolKo/turtlebot3-master/install/turtlebot3_example/share:/home/ingeolko/turtlebot3-master-IngeolKo/turtlebot3-master/install/turtlebot3_bringup/share:/opt/ros/melodic/share /usr/bin/cmake --build /home/ingeolko/turtlebot3-master-IngeolKo/turtlebot3-master/build/turtlebot3_bringup -- -j4 -l4
[0.034s] CMake Error: The current CMakeCache.txt directory /home/ingeolko/turtlebot3-master-IngeolKo/turtlebot3-master/build/turtlebot3_bringup/CMakeCache.txt is different than the directory /home/ingeolko/turtlebot3-master/build/turtlebot3_bringup where CMakeCache.txt was created. This may result in binaries being created in the wrong place. If you are not sure, reedit the CMakeCache.txt
[0.082s] [  0%] Built target turtlebot3_msgs_generate_messages_cpp
[0.100s] [  0%] Built target turtlebot3_msgs_generate_messages_eus
[0.120s] [  0%] Built target rosgraph_msgs_generate_messages_nodejs
[0.145s] [  0%] Built target rosgraph_msgs_generate_messages_py
[0.163s] [  0%] Built target std_msgs_generate_messages_eus
[0.188s] [  0%] Built target rosgraph_msgs_generate_messages_lisp
[0.206s] [  0%] Built target rosgraph_msgs_generate_messages_eus
[0.225s] [  0%] Built target rosgraph_msgs_generate_messages_cpp
[0.247s] [  0%] Built target roscpp_generate_messages_py
[0.261s] [  0%] Built target std_msgs_generate_messages_py
[0.284s] [  0%] Built target geometry_msgs_generate_messages_eus
[0.304s] [  0%] Built target roscpp_generate_messages_nodejs
[0.322s] [  0%] Built target roscpp_generate_messages_eus
[0.340s] [  0%] Built target roscpp_generate_messages_lisp
[0.359s] [  0%] Built target std_msgs_generate_messages_cpp
[0.377s] [  0%] Built target geometry_msgs_generate_messages_nodejs
[0.396s] [  0%] Built target sensor_msgs_generate_messages_py
[0.414s] [  0%] Built target diagnostic_msgs_generate_messages_cpp
[0.431s] [  0%] Built target diagnostic_msgs_generate_messages_eus
[0.451s] [  0%] Built target std_msgs_generate_messages_lisp
[0.470s] [  0%] Built target sensor_msgs_generate_messages_cpp
[0.488s] [  0%] Built target sensor_msgs_generate_messages_eus
[0.507s] [  0%] Built target std_msgs_generate_messages_nodejs
[0.525s] [  0%] Built target sensor_msgs_generate_messages_lisp
[0.544s] [  0%] Built target turtlebot3_msgs_generate_messages_py
[0.562s] [  0%] Built target roscpp_generate_messages_cpp
[0.587s] [  0%] Built target sensor_msgs_generate_messages_nodejs
[0.606s] [  0%] Built target diagnostic_msgs_generate_messages_py
[0.624s] [  0%] Built target geometry_msgs_generate_messages_cpp
[0.644s] [  0%] Built target geometry_msgs_generate_messages_lisp
[0.661s] [  0%] Built target geometry_msgs_generate_messages_py
[0.684s] [  0%] Built target diagnostic_msgs_generate_messages_lisp
[0.701s] [  0%] Built target diagnostic_msgs_generate_messages_nodejs
[0.723s] [  0%] Built target turtlebot3_msgs_generate_messages_lisp
[0.742s] [  0%] Built target turtlebot3_msgs_generate_messages_nodejs
[0.764s] [100%] Built target turtlebot3_diagnostics
[0.775s] Invoked command in '/home/ingeolko/turtlebot3-master-IngeolKo/turtlebot3-master/build/turtlebot3_bringup' returned '0': CMAKE_PREFIX_PATH=/home/ingeolko/turtlebot3-master-IngeolKo/turtlebot3-master/install/turtlebot3_teleop:/home/ingeolko/turtlebot3-master-IngeolKo/turtlebot3-master/install/turtlebot3_description:/home/ingeolko/turtlebot3-master-IngeolKo/turtlebot3-master/install/turtlebot3_slam:/home/ingeolko/turtlebot3-master-IngeolKo/turtlebot3-master/install/turtlebot3_navigation:/home/ingeolko/turtlebot3-master-IngeolKo/turtlebot3-master/install/turtlebot3_example:/home/ingeolko/turtlebot3-master-IngeolKo/turtlebot3-master/install/turtlebot3_bringup:/opt/ros/melodic PKG_CONFIG_PATH=/home/ingeolko/turtlebot3-master-IngeolKo/turtlebot3-master/install/turtlebot3_teleop/lib/x86_64-linux-gnu/pkgconfig:/home/ingeolko/turtlebot3-master-IngeolKo/turtlebot3-master/install/turtlebot3_teleop/lib/pkgconfig:/home/ingeolko/turtlebot3-master-IngeolKo/turtlebot3-master/install/turtlebot3_description/lib/x86_64-linux-gnu/pkgconfig:/home/ingeolko/turtlebot3-master-IngeolKo/turtlebot3-master/install/turtlebot3_description/lib/pkgconfig:/home/ingeolko/turtlebot3-master-IngeolKo/turtlebot3-master/install/turtlebot3/lib/x86_64-linux-gnu/pkgconfig:/home/ingeolko/turtlebot3-master-IngeolKo/turtlebot3-master/install/turtlebot3/lib/pkgconfig:/home/ingeolko/turtlebot3-master-IngeolKo/turtlebot3-master/install/turtlebot3_slam/lib/x86_64-linux-gnu/pkgconfig:/home/ingeolko/turtlebot3-master-IngeolKo/turtlebot3-master/install/turtlebot3_slam/lib/pkgconfig:/home/ingeolko/turtlebot3-master-IngeolKo/turtlebot3-master/install/turtlebot3_navigation/lib/x86_64-linux-gnu/pkgconfig:/home/ingeolko/turtlebot3-master-IngeolKo/turtlebot3-master/install/turtlebot3_navigation/lib/pkgconfig:/home/ingeolko/turtlebot3-master-IngeolKo/turtlebot3-master/install/turtlebot3_example/lib/x86_64-linux-gnu/pkgconfig:/home/ingeolko/turtlebot3-master-IngeolKo/turtlebot3-master/install/turtlebot3_example/lib/pkgconfig:/home/ingeolko/turtlebot3-master-IngeolKo/turtlebot3-master/install/turtlebot3_bringup/lib/x86_64-linux-gnu/pkgconfig:/home/ingeolko/turtlebot3-master-IngeolKo/turtlebot3-master/install/turtlebot3_bringup/lib/pkgconfig:/opt/ros/melodic/lib/pkgconfig PYTHONPATH=/home/ingeolko/turtlebot3-master-IngeolKo/turtlebot3-master/install/turtlebot3_teleop/lib/python2.7/dist-packages:/home/ingeolko/turtlebot3-master-IngeolKo/turtlebot3-master/install/turtlebot3_example/lib/python2.7/dist-packages:/opt/ros/melodic/lib/python2.7/dist-packages ROS_PACKAGE_PATH=/home/ingeolko/turtlebot3-master-IngeolKo/turtlebot3-master/install/turtlebot3_teleop/share:/home/ingeolko/turtlebot3-master-IngeolKo/turtlebot3-master/install/turtlebot3_description/share:/home/ingeolko/turtlebot3-master-IngeolKo/turtlebot3-master/install/turtlebot3/share:/home/ingeolko/turtlebot3-master-IngeolKo/turtlebot3-master/install/turtlebot3_slam/share:/home/ingeolko/turtlebot3-master-IngeolKo/turtlebot3-master/install/turtlebot3_navigation/share:/home/ingeolko/turtlebot3-master-IngeolKo/turtlebot3-master/install/turtlebot3_example/share:/home/ingeolko/turtlebot3-master-IngeolKo/turtlebot3-master/install/turtlebot3_bringup/share:/opt/ros/melodic/share /usr/bin/cmake --build /home/ingeolko/turtlebot3-master-IngeolKo/turtlebot3-master/build/turtlebot3_bringup -- -j4 -l4
[0.821s] Invoking command in '/home/ingeolko/turtlebot3-master-IngeolKo/turtlebot3-master/build/turtlebot3_bringup': CMAKE_PREFIX_PATH=/home/ingeolko/turtlebot3-master-IngeolKo/turtlebot3-master/install/turtlebot3_teleop:/home/ingeolko/turtlebot3-master-IngeolKo/turtlebot3-master/install/turtlebot3_description:/home/ingeolko/turtlebot3-master-IngeolKo/turtlebot3-master/install/turtlebot3_slam:/home/ingeolko/turtlebot3-master-IngeolKo/turtlebot3-master/install/turtlebot3_navigation:/home/ingeolko/turtlebot3-master-IngeolKo/turtlebot3-master/install/turtlebot3_example:/home/ingeolko/turtlebot3-master-IngeolKo/turtlebot3-master/install/turtlebot3_bringup:/opt/ros/melodic PKG_CONFIG_PATH=/home/ingeolko/turtlebot3-master-IngeolKo/turtlebot3-master/install/turtlebot3_teleop/lib/x86_64-linux-gnu/pkgconfig:/home/ingeolko/turtlebot3-master-IngeolKo/turtlebot3-master/install/turtlebot3_teleop/lib/pkgconfig:/home/ingeolko/turtlebot3-master-IngeolKo/turtlebot3-master/install/turtlebot3_description/lib/x86_64-linux-gnu/pkgconfig:/home/ingeolko/turtlebot3-master-IngeolKo/turtlebot3-master/install/turtlebot3_description/lib/pkgconfig:/home/ingeolko/turtlebot3-master-IngeolKo/turtlebot3-master/install/turtlebot3/lib/x86_64-linux-gnu/pkgconfig:/home/ingeolko/turtlebot3-master-IngeolKo/turtlebot3-master/install/turtlebot3/lib/pkgconfig:/home/ingeolko/turtlebot3-master-IngeolKo/turtlebot3-master/install/turtlebot3_slam/lib/x86_64-linux-gnu/pkgconfig:/home/ingeolko/turtlebot3-master-IngeolKo/turtlebot3-master/install/turtlebot3_slam/lib/pkgconfig:/home/ingeolko/turtlebot3-master-IngeolKo/turtlebot3-master/install/turtlebot3_navigation/lib/x86_64-linux-gnu/pkgconfig:/home/ingeolko/turtlebot3-master-IngeolKo/turtlebot3-master/install/turtlebot3_navigation/lib/pkgconfig:/home/ingeolko/turtlebot3-master-IngeolKo/turtlebot3-master/install/turtlebot3_example/lib/x86_64-linux-gnu/pkgconfig:/home/ingeolko/turtlebot3-master-IngeolKo/turtlebot3-master/install/turtlebot3_example/lib/pkgconfig:/home/ingeolko/turtlebot3-master-IngeolKo/turtlebot3-master/install/turtlebot3_bringup/lib/x86_64-linux-gnu/pkgconfig:/home/ingeolko/turtlebot3-master-IngeolKo/turtlebot3-master/install/turtlebot3_bringup/lib/pkgconfig:/opt/ros/melodic/lib/pkgconfig PYTHONPATH=/home/ingeolko/turtlebot3-master-IngeolKo/turtlebot3-master/install/turtlebot3_teleop/lib/python2.7/dist-packages:/home/ingeolko/turtlebot3-master-IngeolKo/turtlebot3-master/install/turtlebot3_example/lib/python2.7/dist-packages:/opt/ros/melodic/lib/python2.7/dist-packages ROS_PACKAGE_PATH=/home/ingeolko/turtlebot3-master-IngeolKo/turtlebot3-master/install/turtlebot3_teleop/share:/home/ingeolko/turtlebot3-master-IngeolKo/turtlebot3-master/install/turtlebot3_description/share:/home/ingeolko/turtlebot3-master-IngeolKo/turtlebot3-master/install/turtlebot3/share:/home/ingeolko/turtlebot3-master-IngeolKo/turtlebot3-master/install/turtlebot3_slam/share:/home/ingeolko/turtlebot3-master-IngeolKo/turtlebot3-master/install/turtlebot3_navigation/share:/home/ingeolko/turtlebot3-master-IngeolKo/turtlebot3-master/install/turtlebot3_example/share:/home/ingeolko/turtlebot3-master-IngeolKo/turtlebot3-master/install/turtlebot3_bringup/share:/opt/ros/melodic/share /usr/bin/cmake --build /home/ingeolko/turtlebot3-master-IngeolKo/turtlebot3-master/build/turtlebot3_bringup --target tests -- -j4 -l4
[0.828s] CMake Error: The current CMakeCache.txt directory /home/ingeolko/turtlebot3-master-IngeolKo/turtlebot3-master/build/turtlebot3_bringup/CMakeCache.txt is different than the directory /home/ingeolko/turtlebot3-master/build/turtlebot3_bringup where CMakeCache.txt was created. This may result in binaries being created in the wrong place. If you are not sure, reedit the CMakeCache.txt
[0.878s] Built target tests
[0.889s] Invoked command in '/home/ingeolko/turtlebot3-master-IngeolKo/turtlebot3-master/build/turtlebot3_bringup' returned '0': CMAKE_PREFIX_PATH=/home/ingeolko/turtlebot3-master-IngeolKo/turtlebot3-master/install/turtlebot3_teleop:/home/ingeolko/turtlebot3-master-IngeolKo/turtlebot3-master/install/turtlebot3_description:/home/ingeolko/turtlebot3-master-IngeolKo/turtlebot3-master/install/turtlebot3_slam:/home/ingeolko/turtlebot3-master-IngeolKo/turtlebot3-master/install/turtlebot3_navigation:/home/ingeolko/turtlebot3-master-IngeolKo/turtlebot3-master/install/turtlebot3_example:/home/ingeolko/turtlebot3-master-IngeolKo/turtlebot3-master/install/turtlebot3_bringup:/opt/ros/melodic PKG_CONFIG_PATH=/home/ingeolko/turtlebot3-master-IngeolKo/turtlebot3-master/install/turtlebot3_teleop/lib/x86_64-linux-gnu/pkgconfig:/home/ingeolko/turtlebot3-master-IngeolKo/turtlebot3-master/install/turtlebot3_teleop/lib/pkgconfig:/home/ingeolko/turtlebot3-master-IngeolKo/turtlebot3-master/install/turtlebot3_description/lib/x86_64-linux-gnu/pkgconfig:/home/ingeolko/turtlebot3-master-IngeolKo/turtlebot3-master/install/turtlebot3_description/lib/pkgconfig:/home/ingeolko/turtlebot3-master-IngeolKo/turtlebot3-master/install/turtlebot3/lib/x86_64-linux-gnu/pkgconfig:/home/ingeolko/turtlebot3-master-IngeolKo/turtlebot3-master/install/turtlebot3/lib/pkgconfig:/home/ingeolko/turtlebot3-master-IngeolKo/turtlebot3-master/install/turtlebot3_slam/lib/x86_64-linux-gnu/pkgconfig:/home/ingeolko/turtlebot3-master-IngeolKo/turtlebot3-master/install/turtlebot3_slam/lib/pkgconfig:/home/ingeolko/turtlebot3-master-IngeolKo/turtlebot3-master/install/turtlebot3_navigation/lib/x86_64-linux-gnu/pkgconfig:/home/ingeolko/turtlebot3-master-IngeolKo/turtlebot3-master/install/turtlebot3_navigation/lib/pkgconfig:/home/ingeolko/turtlebot3-master-IngeolKo/turtlebot3-master/install/turtlebot3_example/lib/x86_64-linux-gnu/pkgconfig:/home/ingeolko/turtlebot3-master-IngeolKo/turtlebot3-master/install/turtlebot3_example/lib/pkgconfig:/home/ingeolko/turtlebot3-master-IngeolKo/turtlebot3-master/install/turtlebot3_bringup/lib/x86_64-linux-gnu/pkgconfig:/home/ingeolko/turtlebot3-master-IngeolKo/turtlebot3-master/install/turtlebot3_bringup/lib/pkgconfig:/opt/ros/melodic/lib/pkgconfig PYTHONPATH=/home/ingeolko/turtlebot3-master-IngeolKo/turtlebot3-master/install/turtlebot3_teleop/lib/python2.7/dist-packages:/home/ingeolko/turtlebot3-master-IngeolKo/turtlebot3-master/install/turtlebot3_example/lib/python2.7/dist-packages:/opt/ros/melodic/lib/python2.7/dist-packages ROS_PACKAGE_PATH=/home/ingeolko/turtlebot3-master-IngeolKo/turtlebot3-master/install/turtlebot3_teleop/share:/home/ingeolko/turtlebot3-master-IngeolKo/turtlebot3-master/install/turtlebot3_description/share:/home/ingeolko/turtlebot3-master-IngeolKo/turtlebot3-master/install/turtlebot3/share:/home/ingeolko/turtlebot3-master-IngeolKo/turtlebot3-master/install/turtlebot3_slam/share:/home/ingeolko/turtlebot3-master-IngeolKo/turtlebot3-master/install/turtlebot3_navigation/share:/home/ingeolko/turtlebot3-master-IngeolKo/turtlebot3-master/install/turtlebot3_example/share:/home/ingeolko/turtlebot3-master-IngeolKo/turtlebot3-master/install/turtlebot3_bringup/share:/opt/ros/melodic/share /usr/bin/cmake --build /home/ingeolko/turtlebot3-master-IngeolKo/turtlebot3-master/build/turtlebot3_bringup --target tests -- -j4 -l4
[0.928s] Invoking command in '/home/ingeolko/turtlebot3-master-IngeolKo/turtlebot3-master/build/turtlebot3_bringup': CMAKE_PREFIX_PATH=/home/ingeolko/turtlebot3-master-IngeolKo/turtlebot3-master/install/turtlebot3_teleop:/home/ingeolko/turtlebot3-master-IngeolKo/turtlebot3-master/install/turtlebot3_description:/home/ingeolko/turtlebot3-master-IngeolKo/turtlebot3-master/install/turtlebot3_slam:/home/ingeolko/turtlebot3-master-IngeolKo/turtlebot3-master/install/turtlebot3_navigation:/home/ingeolko/turtlebot3-master-IngeolKo/turtlebot3-master/install/turtlebot3_example:/home/ingeolko/turtlebot3-master-IngeolKo/turtlebot3-master/install/turtlebot3_bringup:/opt/ros/melodic PKG_CONFIG_PATH=/home/ingeolko/turtlebot3-master-IngeolKo/turtlebot3-master/install/turtlebot3_teleop/lib/x86_64-linux-gnu/pkgconfig:/home/ingeolko/turtlebot3-master-IngeolKo/turtlebot3-master/install/turtlebot3_teleop/lib/pkgconfig:/home/ingeolko/turtlebot3-master-IngeolKo/turtlebot3-master/install/turtlebot3_description/lib/x86_64-linux-gnu/pkgconfig:/home/ingeolko/turtlebot3-master-IngeolKo/turtlebot3-master/install/turtlebot3_description/lib/pkgconfig:/home/ingeolko/turtlebot3-master-IngeolKo/turtlebot3-master/install/turtlebot3/lib/x86_64-linux-gnu/pkgconfig:/home/ingeolko/turtlebot3-master-IngeolKo/turtlebot3-master/install/turtlebot3/lib/pkgconfig:/home/ingeolko/turtlebot3-master-IngeolKo/turtlebot3-master/install/turtlebot3_slam/lib/x86_64-linux-gnu/pkgconfig:/home/ingeolko/turtlebot3-master-IngeolKo/turtlebot3-master/install/turtlebot3_slam/lib/pkgconfig:/home/ingeolko/turtlebot3-master-IngeolKo/turtlebot3-master/install/turtlebot3_navigation/lib/x86_64-linux-gnu/pkgconfig:/home/ingeolko/turtlebot3-master-IngeolKo/turtlebot3-master/install/turtlebot3_navigation/lib/pkgconfig:/home/ingeolko/turtlebot3-master-IngeolKo/turtlebot3-master/install/turtlebot3_example/lib/x86_64-linux-gnu/pkgconfig:/home/ingeolko/turtlebot3-master-IngeolKo/turtlebot3-master/install/turtlebot3_example/lib/pkgconfig:/home/ingeolko/turtlebot3-master-IngeolKo/turtlebot3-master/install/turtlebot3_bringup/lib/x86_64-linux-gnu/pkgconfig:/home/ingeolko/turtlebot3-master-IngeolKo/turtlebot3-master/install/turtlebot3_bringup/lib/pkgconfig:/opt/ros/melodic/lib/pkgconfig PYTHONPATH=/home/ingeolko/turtlebot3-master-IngeolKo/turtlebot3-master/install/turtlebot3_teleop/lib/python2.7/dist-packages:/home/ingeolko/turtlebot3-master-IngeolKo/turtlebot3-master/install/turtlebot3_example/lib/python2.7/dist-packages:/opt/ros/melodic/lib/python2.7/dist-packages ROS_PACKAGE_PATH=/home/ingeolko/turtlebot3-master-IngeolKo/turtlebot3-master/install/turtlebot3_teleop/share:/home/ingeolko/turtlebot3-master-IngeolKo/turtlebot3-master/install/turtlebot3_description/share:/home/ingeolko/turtlebot3-master-IngeolKo/turtlebot3-master/install/turtlebot3/share:/home/ingeolko/turtlebot3-master-IngeolKo/turtlebot3-master/install/turtlebot3_slam/share:/home/ingeolko/turtlebot3-master-IngeolKo/turtlebot3-master/install/turtlebot3_navigation/share:/home/ingeolko/turtlebot3-master-IngeolKo/turtlebot3-master/install/turtlebot3_example/share:/home/ingeolko/turtlebot3-master-IngeolKo/turtlebot3-master/install/turtlebot3_bringup/share:/opt/ros/melodic/share /usr/bin/cmake --build /home/ingeolko/turtlebot3-master-IngeolKo/turtlebot3-master/build/turtlebot3_bringup --target install -- -j4 -l4
[0.935s] CMake Error: The current CMakeCache.txt directory /home/ingeolko/turtlebot3-master-IngeolKo/turtlebot3-master/build/turtlebot3_bringup/CMakeCache.txt is different than the directory /home/ingeolko/turtlebot3-master/build/turtlebot3_bringup where CMakeCache.txt was created. This may result in binaries being created in the wrong place. If you are not sure, reedit the CMakeCache.txt
[0.975s] [  0%] Built target turtlebot3_msgs_generate_messages_cpp
[0.993s] [  0%] Built target turtlebot3_msgs_generate_messages_eus
[1.011s] [  0%] Built target rosgraph_msgs_generate_messages_nodejs
[1.028s] [  0%] Built target rosgraph_msgs_generate_messages_py
[1.047s] [  0%] Built target std_msgs_generate_messages_eus
[1.066s] [  0%] Built target rosgraph_msgs_generate_messages_lisp
[1.084s] [  0%] Built target rosgraph_msgs_generate_messages_eus
[1.102s] [  0%] Built target rosgraph_msgs_generate_messages_cpp
[1.121s] [  0%] Built target roscpp_generate_messages_py
[1.139s] [  0%] Built target std_msgs_generate_messages_py
[1.157s] [  0%] Built target geometry_msgs_generate_messages_eus
[1.176s] [  0%] Built target roscpp_generate_messages_nodejs
[1.197s] [  0%] Built target roscpp_generate_messages_eus
[1.217s] [  0%] Built target roscpp_generate_messages_lisp
[1.235s] [  0%] Built target std_msgs_generate_messages_cpp
[1.254s] [  0%] Built target geometry_msgs_generate_messages_nodejs
[1.271s] [  0%] Built target sensor_msgs_generate_messages_py
[1.290s] [  0%] Built target diagnostic_msgs_generate_messages_cpp
[1.307s] [  0%] Built target diagnostic_msgs_generate_messages_eus
[1.326s] [  0%] Built target std_msgs_generate_messages_lisp
[1.349s] [  0%] Built target sensor_msgs_generate_messages_cpp
[1.367s] [  0%] Built target sensor_msgs_generate_messages_eus
[1.386s] [  0%] Built target std_msgs_generate_messages_nodejs
[1.403s] [  0%] Built target sensor_msgs_generate_messages_lisp
[1.422s] [  0%] Built target turtlebot3_msgs_generate_messages_py
[1.440s] [  0%] Built target roscpp_generate_messages_cpp
[1.461s] [  0%] Built target sensor_msgs_generate_messages_nodejs
[1.482s] [  0%] Built target diagnostic_msgs_generate_messages_py
[1.499s] [  0%] Built target geometry_msgs_generate_messages_cpp
[1.519s] [  0%] Built target geometry_msgs_generate_messages_lisp
[1.537s] [  0%] Built target geometry_msgs_generate_messages_py
[1.556s] [  0%] Built target diagnostic_msgs_generate_messages_lisp
[1.574s] [  0%] Built target diagnostic_msgs_generate_messages_nodejs
[1.592s] [  0%] Built target turtlebot3_msgs_generate_messages_lisp
[1.614s] [  0%] Built target turtlebot3_msgs_generate_messages_nodejs
[1.638s] [100%] Built target turtlebot3_diagnostics
[1.656s] [36mInstall the project...[0m
[1.664s] -- Install configuration: ""
[1.664s] -- Up-to-date: /home/ingeolko/turtlebot3-master/install/turtlebot3_bringup/lib/pkgconfig/turtlebot3_bringup.pc
[1.664s] -- Up-to-date: /home/ingeolko/turtlebot3-master/install/turtlebot3_bringup/share/turtlebot3_bringup/cmake/turtlebot3_bringupConfig.cmake
[1.665s] -- Up-to-date: /home/ingeolko/turtlebot3-master/install/turtlebot3_bringup/share/turtlebot3_bringup/cmake/turtlebot3_bringupConfig-version.cmake
[1.665s] -- Up-to-date: /home/ingeolko/turtlebot3-master/install/turtlebot3_bringup/share/turtlebot3_bringup/package.xml
[1.665s] -- Up-to-date: /home/ingeolko/turtlebot3-master/install/turtlebot3_bringup/lib/turtlebot3_bringup/turtlebot3_diagnostics
[1.665s] -- Up-to-date: /home/ingeolko/turtlebot3-master/install/turtlebot3_bringup/lib/turtlebot3_bringup/create_udev_rules
[1.665s] -- Up-to-date: /home/ingeolko/turtlebot3-master/install/turtlebot3_bringup/share/turtlebot3_bringup/launch
[1.665s] -- Up-to-date: /home/ingeolko/turtlebot3-master/install/turtlebot3_bringup/share/turtlebot3_bringup/launch/turtlebot3_lidar.launch
[1.665s] -- Up-to-date: /home/ingeolko/turtlebot3-master/install/turtlebot3_bringup/share/turtlebot3_bringup/launch/includes
[1.665s] -- Up-to-date: /home/ingeolko/turtlebot3-master/install/turtlebot3_bringup/share/turtlebot3_bringup/launch/includes/description.launch.xml
[1.665s] -- Up-to-date: /home/ingeolko/turtlebot3-master/install/turtlebot3_bringup/share/turtlebot3_bringup/launch/turtlebot3_core.launch
[1.666s] -- Up-to-date: /home/ingeolko/turtlebot3-master/install/turtlebot3_bringup/share/turtlebot3_bringup/launch/turtlebot3_remote.launch
[1.666s] -- Up-to-date: /home/ingeolko/turtlebot3-master/install/turtlebot3_bringup/share/turtlebot3_bringup/launch/turtlebot3_rpicamera.launch
[1.666s] -- Up-to-date: /home/ingeolko/turtlebot3-master/install/turtlebot3_bringup/share/turtlebot3_bringup/launch/turtlebot3_model.launch
[1.666s] -- Up-to-date: /home/ingeolko/turtlebot3-master/install/turtlebot3_bringup/share/turtlebot3_bringup/launch/turtlebot3_realsense.launch
[1.666s] -- Up-to-date: /home/ingeolko/turtlebot3-master/install/turtlebot3_bringup/share/turtlebot3_bringup/launch/turtlebot3_robot.launch
[1.666s] -- Up-to-date: /home/ingeolko/turtlebot3-master/install/turtlebot3_bringup/share/turtlebot3_bringup/99-turtlebot3-cdc.rules
[1.668s] Invoked command in '/home/ingeolko/turtlebot3-master-IngeolKo/turtlebot3-master/build/turtlebot3_bringup' returned '0': CMAKE_PREFIX_PATH=/home/ingeolko/turtlebot3-master-IngeolKo/turtlebot3-master/install/turtlebot3_teleop:/home/ingeolko/turtlebot3-master-IngeolKo/turtlebot3-master/install/turtlebot3_description:/home/ingeolko/turtlebot3-master-IngeolKo/turtlebot3-master/install/turtlebot3_slam:/home/ingeolko/turtlebot3-master-IngeolKo/turtlebot3-master/install/turtlebot3_navigation:/home/ingeolko/turtlebot3-master-IngeolKo/turtlebot3-master/install/turtlebot3_example:/home/ingeolko/turtlebot3-master-IngeolKo/turtlebot3-master/install/turtlebot3_bringup:/opt/ros/melodic PKG_CONFIG_PATH=/home/ingeolko/turtlebot3-master-IngeolKo/turtlebot3-master/install/turtlebot3_teleop/lib/x86_64-linux-gnu/pkgconfig:/home/ingeolko/turtlebot3-master-IngeolKo/turtlebot3-master/install/turtlebot3_teleop/lib/pkgconfig:/home/ingeolko/turtlebot3-master-IngeolKo/turtlebot3-master/install/turtlebot3_description/lib/x86_64-linux-gnu/pkgconfig:/home/ingeolko/turtlebot3-master-IngeolKo/turtlebot3-master/install/turtlebot3_description/lib/pkgconfig:/home/ingeolko/turtlebot3-master-IngeolKo/turtlebot3-master/install/turtlebot3/lib/x86_64-linux-gnu/pkgconfig:/home/ingeolko/turtlebot3-master-IngeolKo/turtlebot3-master/install/turtlebot3/lib/pkgconfig:/home/ingeolko/turtlebot3-master-IngeolKo/turtlebot3-master/install/turtlebot3_slam/lib/x86_64-linux-gnu/pkgconfig:/home/ingeolko/turtlebot3-master-IngeolKo/turtlebot3-master/install/turtlebot3_slam/lib/pkgconfig:/home/ingeolko/turtlebot3-master-IngeolKo/turtlebot3-master/install/turtlebot3_navigation/lib/x86_64-linux-gnu/pkgconfig:/home/ingeolko/turtlebot3-master-IngeolKo/turtlebot3-master/install/turtlebot3_navigation/lib/pkgconfig:/home/ingeolko/turtlebot3-master-IngeolKo/turtlebot3-master/install/turtlebot3_example/lib/x86_64-linux-gnu/pkgconfig:/home/ingeolko/turtlebot3-master-IngeolKo/turtlebot3-master/install/turtlebot3_example/lib/pkgconfig:/home/ingeolko/turtlebot3-master-IngeolKo/turtlebot3-master/install/turtlebot3_bringup/lib/x86_64-linux-gnu/pkgconfig:/home/ingeolko/turtlebot3-master-IngeolKo/turtlebot3-master/install/turtlebot3_bringup/lib/pkgconfig:/opt/ros/melodic/lib/pkgconfig PYTHONPATH=/home/ingeolko/turtlebot3-master-IngeolKo/turtlebot3-master/install/turtlebot3_teleop/lib/python2.7/dist-packages:/home/ingeolko/turtlebot3-master-IngeolKo/turtlebot3-master/install/turtlebot3_example/lib/python2.7/dist-packages:/opt/ros/melodic/lib/python2.7/dist-packages ROS_PACKAGE_PATH=/home/ingeolko/turtlebot3-master-IngeolKo/turtlebot3-master/install/turtlebot3_teleop/share:/home/ingeolko/turtlebot3-master-IngeolKo/turtlebot3-master/install/turtlebot3_description/share:/home/ingeolko/turtlebot3-master-IngeolKo/turtlebot3-master/install/turtlebot3/share:/home/ingeolko/turtlebot3-master-IngeolKo/turtlebot3-master/install/turtlebot3_slam/share:/home/ingeolko/turtlebot3-master-IngeolKo/turtlebot3-master/install/turtlebot3_navigation/share:/home/ingeolko/turtlebot3-master-IngeolKo/turtlebot3-master/install/turtlebot3_example/share:/home/ingeolko/turtlebot3-master-IngeolKo/turtlebot3-master/install/turtlebot3_bringup/share:/opt/ros/melodic/share /usr/bin/cmake --build /home/ingeolko/turtlebot3-master-IngeolKo/turtlebot3-master/build/turtlebot3_bringup --target install -- -j4 -l4
