-- Using CATKIN_DEVEL_PREFIX: /home/ingeolko/turtlebot3-master/turtlebot3_example/build/turtlebot3_example/devel
-- Using CMAKE_PREFIX_PATH: /home/ingeolko/turtlebot3-master/install/turtlebot3_teleop;/home/ingeolko/turtlebot3-master/install/turtlebot3_description;/opt/ros/melodic
-- This workspace overlays: /home/ingeolko/turtlebot3-master/install/turtlebot3_teleop;/home/ingeolko/turtlebot3-master/install/turtlebot3_description;/opt/ros/melodic
-- Found PythonInterp: /usr/bin/python2 (found suitable version "2.7.17", minimum required is "2") 
-- Using PYTHON_EXECUTABLE: /usr/bin/python2
-- Using Debian Python package layout
-- Using empy: /usr/bin/empy
-- Using CATKIN_ENABLE_TESTING: ON
-- Call enable_testing()
-- Using CATKIN_TEST_RESULTS_DIR: /home/ingeolko/turtlebot3-master/turtlebot3_example/build/turtlebot3_example/test_results
-- Found gtest sources under '/usr/src/googletest': gtests will be built
-- Found gmock sources under '/usr/src/googletest': gmock will be built
-- Found PythonInterp: /usr/bin/python2 (found version "2.7.17") 
-- Using Python nosetests: /usr/bin/nosetests-2.7
-- catkin 0.7.29
-- BUILD_SHARED_LIBS is on
-- Using these message generators: gencpp;geneus;genlisp;gennodejs;genpy
-- Could NOT find turtlebot3_msgs (missing: turtlebot3_msgs_DIR)
-- Could not find the required component 'turtlebot3_msgs'. The following CMake error indicates that you either need to install the package with the same name or change your environment so that it can be found.
-- Configuring incomplete, errors occurred!
See also "/home/ingeolko/turtlebot3-master/turtlebot3_example/build/turtlebot3_example/CMakeFiles/CMakeOutput.log".
See also "/home/ingeolko/turtlebot3-master/turtlebot3_example/build/turtlebot3_example/CMakeFiles/CMakeError.log".
